0	10:32:54.653	Custom indicator Otyame001_Ichimoku_Shift EURUSD,M5: loaded successfully
0	10:32:54.655	Custom indicator chikou_span_attacker EURUSD,M5: loaded successfully
0	10:32:54.657	Custom indicator Otyame017_Chiko_Span_Attaker EURUSD,M5: loaded successfully
0	10:32:54.659	Custom indicator Otyame101_Span_model_signal EURUSD,M5: loaded successfully
0	10:32:54.660	Custom indicator Otyame119_MTF_Chiko_Span_Attaker_Bar EURUSD,M5: loaded successfully
0	10:32:54.662	Expert Otyame201_AutoT_EA EURUSD,M5: loaded successfully
0	10:32:54.663	Otyame201_AutoT_EA EURUSD,M5 inputs: Test_flag=true; test_time=1447133700; BUY_SELL=2; sALL_Setting=0：すべての設定に影響する; spread_set=false; MAGIC=1234; EmailON=true; AlertON=false; NO_Change_Pips=3.0; Betwwen_Change_Pips=7.0; Close_flag=false; Server_Time=7; sLostPoss=1:損切り位置設定; sMA_Use=1-1：移動平均線使用; MA_Use=false; MA_Period=5; MA_Method=0; MA_TimeFrame=0; MA_Pips=3.0; MA_MAX_Candle=60; sSwingHL_Use=1-2：直近高値安値使用; SwingHL_Use=true; SwingHL_TimeFrame=0; SwingHL_Candle=3; SwingHL_Pips=3.0; SwingHL_MAX_Candle=60; sSpan_Use=1-3：スパンモデル使用; Span_Use=true; Span_A_Use=true; Span_B_Use=false; Span_TimeFrame=0; Span_InpTenkan=9; Span_InpKijun=25; Span_InpSenkou=52; Span_Bar_Shift=0; Span_MAX_Candle=60; Span_Pips=3.0; sFixed_Value_Use=1-4：固定値; Fixed_Value=20.0; sBreakEven=2:ブレークイーブン設定; BreakEven_Use=true; BE_Pips=12.0; BE_Margin=2.0; sTrailling_Method=3:トレーリング手法; sTrailling_SwingHL=3-1直近高値安値使用; Trail_SwingHL_Use=true; Trail_SwingHL_TimeFrame=0; Trail_SwingHL_Candle=3; Trail_SwingHL_Pips=3.0; 
0	10:32:54.668	Otyame001_Ichimoku_Shift EURUSD,M5: initialized
0	10:32:54.671	chikou_span_attacker EURUSD,M5: initialized
0	10:32:54.673	Otyame017_Chiko_Span_Attaker EURUSD,M5: initialized
0	10:32:54.677	Otyame101_Span_model_signal EURUSD,M5: initialized
0	10:32:54.679	Otyame119_MTF_Chiko_Span_Attaker_Bar EURUSD,M5: initialized
0	10:32:55.199	Custom indicator Otyame008_Swing_HL USDCHF,H4: loaded successfully
0	10:32:55.204	Otyame008_Swing_HL USDCHF,H4: initialized
0	10:32:55.226	Custom indicator Pivot Custom USDJPY,M5: loaded successfully
0	10:32:55.228	Custom indicator Span_model USDJPY,M5: loaded successfully
0	10:32:55.235	Pivot Custom USDJPY,M5: initialized
0	10:32:55.237	Span_model USDJPY,M5: initialized
0	10:32:55.266	Custom indicator Heiken Ashi GBPJPY,M5: loaded successfully
0	10:32:55.267	Custom indicator DragonBand GBPJPY,M5: loaded successfully
0	10:32:55.269	Custom indicator DragonMeter GBPJPY,M5: loaded successfully
0	10:32:55.271	Custom indicator DragonArrows GBPJPY,M5: loaded successfully
0	10:32:55.272	Heiken Ashi GBPJPY,M5: initialized
0	10:32:55.272	DragonBand GBPJPY,M5: initialized
0	10:32:55.278	DragonMeter GBPJPY,M5: initialized
0	10:32:55.280	DragonArrows GBPJPY,M5: initialized
0	10:32:55.310	Custom indicator TrendManager USDJPY,M5: loaded successfully
0	10:32:55.312	Custom indicator Otyame001_Ichimoku_Shift USDJPY,M5: loaded successfully
0	10:32:55.314	Custom indicator Otyame007_MTF_Spanmodel USDJPY,M5: loaded successfully
0	10:32:55.314	TrendManager USDJPY,M5: initialized
0	10:32:55.316	Otyame001_Ichimoku_Shift USDJPY,M5: initialized
0	10:32:55.317	Otyame007_MTF_Spanmodel USDJPY,M5: initialized
0	10:32:55.372	Custom indicator Otyame101_Span_model_signal EURUSD,H1: loaded successfully
0	10:32:55.373	Custom indicator Otyame001_Ichimoku_Shift EURUSD,H1: loaded successfully
0	10:32:55.378	Otyame101_Span_model_signal EURUSD,H1: initialized
0	10:32:55.379	Otyame001_Ichimoku_Shift EURUSD,H1: initialized
0	10:32:55.579	Custom indicator Otyame101_Span_model_signal EURUSD,M5: loaded successfully
0	10:32:55.584	Otyame101_Span_model_signal EURUSD,M5: initialized
0	10:32:59.426	Otyame001_Ichimoku_Shift EURUSD,M5: uninit reason 9
0	10:32:59.426	chikou_span_attacker EURUSD,M5: uninit reason 9
0	10:32:59.426	Otyame017_Chiko_Span_Attaker EURUSD,M5: uninit reason 9
0	10:32:59.426	Otyame101_Span_model_signal EURUSD,M5: uninit reason 9
0	10:32:59.429	Otyame119_MTF_Chiko_Span_Attaker_Bar EURUSD,M5: uninit reason 9
0	10:32:59.429	Otyame008_Swing_HL USDCHF,H4: uninit reason 9
0	10:32:59.429	Pivot Custom USDJPY,M5: uninit reason 9
0	10:32:59.429	Span_model USDJPY,M5: uninit reason 9
0	10:32:59.429	Heiken Ashi GBPJPY,M5: uninit reason 9
0	10:32:59.429	DragonBand GBPJPY,M5: uninit reason 9
0	10:32:59.429	DragonMeter GBPJPY,M5: uninit reason 9
0	10:32:59.429	DragonArrows GBPJPY,M5: uninit reason 9
0	10:32:59.429	TrendManager USDJPY,M5: uninit reason 9
0	10:32:59.429	Otyame001_Ichimoku_Shift USDJPY,M5: uninit reason 9
0	10:32:59.429	Otyame007_MTF_Spanmodel USDJPY,M5: uninit reason 9
0	10:32:59.430	Otyame101_Span_model_signal EURUSD,H1: uninit reason 9
0	10:32:59.432	Otyame001_Ichimoku_Shift EURUSD,H1: uninit reason 9
0	10:32:59.432	Otyame101_Span_model_signal EURUSD,M5: uninit reason 9
0	10:32:59.465	Expert Otyame201_AutoT_EA EURUSD,M5: removed
0	10:32:59.465	Custom indicator Otyame001_Ichimoku_Shift EURUSD,M5: removed
0	10:32:59.465	Custom indicator chikou_span_attacker EURUSD,M5: removed
0	10:32:59.465	Custom indicator Otyame017_Chiko_Span_Attaker EURUSD,M5: removed
0	10:32:59.465	Custom indicator Otyame101_Span_model_signal EURUSD,M5: removed
0	10:32:59.465	Custom indicator Otyame119_MTF_Chiko_Span_Attaker_Bar EURUSD,M5: removed
0	10:32:59.466	Custom indicator Otyame008_Swing_HL USDCHF,H4: removed
0	10:32:59.468	Custom indicator Pivot Custom USDJPY,M5: removed
0	10:32:59.468	Custom indicator Span_model USDJPY,M5: removed
0	10:32:59.468	Custom indicator Heiken Ashi GBPJPY,M5: removed
0	10:32:59.468	Custom indicator DragonBand GBPJPY,M5: removed
0	10:32:59.469	Custom indicator DragonMeter GBPJPY,M5: removed
0	10:32:59.469	Custom indicator DragonArrows GBPJPY,M5: removed
0	10:32:59.470	Custom indicator TrendManager USDJPY,M5: removed
0	10:32:59.470	Custom indicator Otyame001_Ichimoku_Shift USDJPY,M5: removed
0	10:32:59.470	Custom indicator Otyame007_MTF_Spanmodel USDJPY,M5: removed
0	10:32:59.471	Custom indicator Otyame101_Span_model_signal EURUSD,H1: removed
0	10:32:59.471	Custom indicator Otyame001_Ichimoku_Shift EURUSD,H1: removed
0	10:32:59.473	Custom indicator Otyame101_Span_model_signal EURUSD,M5: removed
0	10:33:03.753	Compiling 'MACD Sample'
0	10:33:03.753	Compiling 'Moving Average'
0	10:33:04.932	Compiling 'Accelerator'
0	10:33:04.932	Compiling 'Accumulation'
0	10:33:04.932	Compiling 'Alligator'
0	10:33:04.932	Compiling 'ATR'
0	10:33:04.932	Compiling 'Awesome'
0	10:33:04.932	Compiling 'Bands'
0	10:33:04.932	Compiling 'Bears'
0	10:33:04.932	Compiling 'Bulls'
0	10:33:04.932	Compiling 'CCI'
0	10:33:04.932	Compiling 'Custom Moving Averages'
0	10:33:04.932	Compiling 'Heiken Ashi'
0	10:33:04.932	Compiling 'Ichimoku'
0	10:33:04.932	Compiling 'iExposure'
0	10:33:04.933	Compiling 'MACD'
0	10:33:04.933	Compiling 'Momentum'
0	10:33:04.933	Compiling 'OsMA'
0	10:33:04.933	Compiling 'Parabolic'
0	10:33:04.933	Compiling 'RSI'
0	10:33:04.933	Compiling 'Stochastic'
0	10:33:04.933	Compiling 'ZigZag'
0	10:33:04.933	Compiling 'SimplePanel'
0	10:33:08.549	Compiling 'PeriodConverter'
0	10:33:08.549	Compiling 'DLLSampleTester'
0	10:33:08.549	Compiling 'PipeClient'
0	10:33:08.549	Compiling 'PipeClientPure'
0	10:33:09.852	Compiling 'stdlib'
0	10:33:10.978	Custom indicator Otyame001_Ichimoku_Shift EURUSD,M5: loaded successfully
0	10:33:10.980	Custom indicator chikou_span_attacker EURUSD,M5: loaded successfully
0	10:33:10.983	Custom indicator Otyame017_Chiko_Span_Attaker EURUSD,M5: loaded successfully
0	10:33:10.985	Custom indicator Otyame101_Span_model_signal EURUSD,M5: loaded successfully
0	10:33:10.987	Custom indicator Otyame119_MTF_Chiko_Span_Attaker_Bar EURUSD,M5: loaded successfully
0	10:33:10.990	Expert Otyame201_AutoT_EA EURUSD,M5: loaded successfully
0	10:33:10.990	Otyame201_AutoT_EA EURUSD,M5 inputs: Test_flag=true; test_time=1447133700; BUY_SELL=2; sALL_Setting=0：すべての設定に影響する; spread_set=false; MAGIC=1234; EmailON=true; AlertON=false; NO_Change_Pips=3.0; Betwwen_Change_Pips=7.0; Close_flag=false; Server_Time=7; sLostPoss=1:損切り位置設定; sMA_Use=1-1：移動平均線使用; MA_Use=false; MA_Period=5; MA_Method=0; MA_TimeFrame=0; MA_Pips=3.0; MA_MAX_Candle=60; sSwingHL_Use=1-2：直近高値安値使用; SwingHL_Use=true; SwingHL_TimeFrame=0; SwingHL_Candle=3; SwingHL_Pips=3.0; SwingHL_MAX_Candle=60; sSpan_Use=1-3：スパンモデル使用; Span_Use=true; Span_A_Use=true; Span_B_Use=false; Span_TimeFrame=0; Span_InpTenkan=9; Span_InpKijun=25; Span_InpSenkou=52; Span_Bar_Shift=0; Span_MAX_Candle=60; Span_Pips=3.0; sFixed_Value_Use=1-4：固定値; Fixed_Value=20.0; sBreakEven=2:ブレークイーブン設定; BreakEven_Use=true; BE_Pips=12.0; BE_Margin=2.0; sTrailling_Method=3:トレーリング手法; sTrailling_SwingHL=3-1直近高値安値使用; Trail_SwingHL_Use=true; Trail_SwingHL_TimeFrame=0; Trail_SwingHL_Candle=3; Trail_SwingHL_Pips=3.0; 
0	10:33:10.993	Otyame001_Ichimoku_Shift EURUSD,M5: initialized
0	10:33:10.997	chikou_span_attacker EURUSD,M5: initialized
0	10:33:11.001	Otyame017_Chiko_Span_Attaker EURUSD,M5: initialized
0	10:33:11.007	Otyame101_Span_model_signal EURUSD,M5: USDJPYは存在しません。 ERR NO = 4106
0	10:33:11.007	Otyame101_Span_model_signal EURUSD,M5: EURJPYは存在しません。 ERR NO = 4106
0	10:33:11.007	Otyame101_Span_model_signal EURUSD,M5: EURUSDは存在しません。 ERR NO = 4106
0	10:33:11.007	Otyame101_Span_model_signal EURUSD,M5: GBPJPYは存在しません。 ERR NO = 4106
0	10:33:11.007	Otyame101_Span_model_signal EURUSD,M5: GBPUSDは存在しません。 ERR NO = 4106
0	10:33:11.008	Otyame101_Span_model_signal EURUSD,M5: AUDJPYは存在しません。 ERR NO = 4106
0	10:33:11.008	Otyame101_Span_model_signal EURUSD,M5: AUDUSDは存在しません。 ERR NO = 4106
0	10:33:11.008	Otyame101_Span_model_signal EURUSD,M5: CADJPYは存在しません。 ERR NO = 4106
0	10:33:11.008	Otyame101_Span_model_signal EURUSD,M5: EURGBPは存在しません。 ERR NO = 4106
0	10:33:11.008	Otyame101_Span_model_signal EURUSD,M5: NZDJPYは存在しません。 ERR NO = 4106
0	10:33:11.008	Otyame101_Span_model_signal EURUSD,M5: initialized
0	10:33:11.010	Otyame119_MTF_Chiko_Span_Attaker_Bar EURUSD,M5: initialized
0	10:33:11.049	Custom indicator Otyame008_Swing_HL USDCHF,H4: loaded successfully
0	10:33:11.051	Otyame008_Swing_HL USDCHF,H4: initialized
0	10:33:11.067	Custom indicator Pivot Custom USDJPY,M5: loaded successfully
0	10:33:11.069	Custom indicator Span_model USDJPY,M5: loaded successfully
0	10:33:11.093	Pivot Custom USDJPY,M5: initialized
0	10:33:11.095	Span_model USDJPY,M5: initialized
0	10:33:11.232	Custom indicator Heiken Ashi GBPJPY,M5: loaded successfully
0	10:33:11.234	Custom indicator DragonBand GBPJPY,M5: loaded successfully
0	10:33:11.236	Custom indicator DragonMeter GBPJPY,M5: loaded successfully
0	10:33:11.238	Custom indicator DragonArrows GBPJPY,M5: loaded successfully
0	10:33:11.241	Heiken Ashi GBPJPY,M5: initialized
0	10:33:11.241	DragonBand GBPJPY,M5: initialized
0	10:33:11.251	DragonMeter GBPJPY,M5: initialized
0	10:33:11.253	DragonArrows GBPJPY,M5: initialized
0	10:33:11.281	Custom indicator TrendManager USDJPY,M5: loaded successfully
0	10:33:11.284	Custom indicator Otyame001_Ichimoku_Shift USDJPY,M5: loaded successfully
0	10:33:11.286	Custom indicator Otyame007_MTF_Spanmodel USDJPY,M5: loaded successfully
0	10:33:11.286	TrendManager USDJPY,M5: initialized
0	10:33:11.288	Otyame001_Ichimoku_Shift USDJPY,M5: initialized
0	10:33:11.291	Otyame007_MTF_Spanmodel USDJPY,M5: initialized
0	10:33:11.343	Custom indicator Otyame101_Span_model_signal EURUSD,H1: loaded successfully
0	10:33:11.345	Custom indicator Otyame001_Ichimoku_Shift EURUSD,H1: loaded successfully
0	10:33:11.352	Otyame101_Span_model_signal EURUSD,H1: USDJPYは存在しません。 ERR NO = 4106
0	10:33:11.352	Otyame101_Span_model_signal EURUSD,H1: EURJPYは存在しません。 ERR NO = 4106
0	10:33:11.352	Otyame101_Span_model_signal EURUSD,H1: EURUSDは存在しません。 ERR NO = 4106
0	10:33:11.352	Otyame101_Span_model_signal EURUSD,H1: GBPJPYは存在しません。 ERR NO = 4106
0	10:33:11.352	Otyame101_Span_model_signal EURUSD,H1: GBPUSDは存在しません。 ERR NO = 4106
0	10:33:11.352	Otyame101_Span_model_signal EURUSD,H1: AUDJPYは存在しません。 ERR NO = 4106
0	10:33:11.352	Otyame101_Span_model_signal EURUSD,H1: AUDUSDは存在しません。 ERR NO = 4106
0	10:33:11.352	Otyame101_Span_model_signal EURUSD,H1: CADJPYは存在しません。 ERR NO = 4106
0	10:33:11.352	Otyame101_Span_model_signal EURUSD,H1: EURGBPは存在しません。 ERR NO = 4106
0	10:33:11.352	Otyame101_Span_model_signal EURUSD,H1: NZDJPYは存在しません。 ERR NO = 4106
0	10:33:11.352	Otyame101_Span_model_signal EURUSD,H1: initialized
0	10:33:11.354	Otyame001_Ichimoku_Shift EURUSD,H1: initialized
0	10:33:11.367	Custom indicator Otyame101_Span_model_signal EURUSD,M5: loaded successfully
0	10:33:11.374	Otyame101_Span_model_signal EURUSD,M5: USDJPYは存在しません。 ERR NO = 4106
0	10:33:11.374	Otyame101_Span_model_signal EURUSD,M5: EURJPYは存在しません。 ERR NO = 4106
0	10:33:11.374	Otyame101_Span_model_signal EURUSD,M5: EURUSDは存在しません。 ERR NO = 4106
0	10:33:11.374	Otyame101_Span_model_signal EURUSD,M5: GBPJPYは存在しません。 ERR NO = 4106
0	10:33:11.374	Otyame101_Span_model_signal EURUSD,M5: GBPUSDは存在しません。 ERR NO = 4106
0	10:33:11.374	Otyame101_Span_model_signal EURUSD,M5: AUDJPYは存在しません。 ERR NO = 4106
0	10:33:11.374	Otyame101_Span_model_signal EURUSD,M5: AUDUSDは存在しません。 ERR NO = 4106
0	10:33:11.374	Otyame101_Span_model_signal EURUSD,M5: CADJPYは存在しません。 ERR NO = 4106
0	10:33:11.374	Otyame101_Span_model_signal EURUSD,M5: EURGBPは存在しません。 ERR NO = 4106
0	10:33:11.374	Otyame101_Span_model_signal EURUSD,M5: NZDJPYは存在しません。 ERR NO = 4106
0	10:33:11.374	Otyame101_Span_model_signal EURUSD,M5: initialized
0	10:33:17.402	Otyame201_AutoT_EA EURUSD,M5: initialized
0	10:37:15.957	Otyame017_Chiko_Span_Attaker EURUSD,M5: uninit reason 2
0	10:37:15.958	Custom indicator Otyame017_Chiko_Span_Attaker EURUSD,M5: removed
0	10:37:16.105	Custom indicator Otyame017_Chiko_Span_Attaker EURUSD,M5: loaded successfully
0	10:37:16.109	Otyame017_Chiko_Span_Attaker EURUSD,M5: initialized
0	14:54:41.108	Compiling 'Otyame122_MTF_Chiko_Span_Attaker'
0	14:54:42.571	Custom indicator Otyame001_Ichimoku_Shift EURUSD,M5: loaded successfully
0	14:54:42.574	Custom indicator chikou_span_attacker EURUSD,M5: loaded successfully
0	14:54:42.705	Custom indicator Otyame017_Chiko_Span_Attaker EURUSD,M5: loaded successfully
0	14:54:42.707	Custom indicator Otyame101_Span_model_signal EURUSD,M5: loaded successfully
0	14:54:42.710	Custom indicator Otyame119_MTF_Chiko_Span_Attaker_Bar EURUSD,M5: loaded successfully
0	14:54:42.712	Expert Otyame201_AutoT_EA EURUSD,M5: loaded successfully
0	14:54:42.712	Otyame201_AutoT_EA EURUSD,M5 inputs: Test_flag=true; test_time=1447133700; BUY_SELL=2; sALL_Setting=0：すべての設定に影響する; spread_set=false; MAGIC=1234; EmailON=true; AlertON=false; NO_Change_Pips=3.0; Betwwen_Change_Pips=7.0; Close_flag=false; Server_Time=7; sLostPoss=1:損切り位置設定; sMA_Use=1-1：移動平均線使用; MA_Use=false; MA_Period=5; MA_Method=0; MA_TimeFrame=0; MA_Pips=3.0; MA_MAX_Candle=60; sSwingHL_Use=1-2：直近高値安値使用; SwingHL_Use=true; SwingHL_TimeFrame=0; SwingHL_Candle=3; SwingHL_Pips=3.0; SwingHL_MAX_Candle=60; sSpan_Use=1-3：スパンモデル使用; Span_Use=true; Span_A_Use=true; Span_B_Use=false; Span_TimeFrame=0; Span_InpTenkan=9; Span_InpKijun=25; Span_InpSenkou=52; Span_Bar_Shift=0; Span_MAX_Candle=60; Span_Pips=3.0; sFixed_Value_Use=1-4：固定値; Fixed_Value=20.0; sBreakEven=2:ブレークイーブン設定; BreakEven_Use=true; BE_Pips=12.0; BE_Margin=2.0; sTrailling_Method=3:トレーリング手法; sTrailling_SwingHL=3-1直近高値安値使用; Trail_SwingHL_Use=true; Trail_SwingHL_TimeFrame=0; Trail_SwingHL_Candle=3; Trail_SwingHL_Pips=3.0; 
0	14:54:42.720	Otyame001_Ichimoku_Shift EURUSD,M5: initialized
0	14:54:42.726	chikou_span_attacker EURUSD,M5: initialized
0	14:54:42.731	Otyame017_Chiko_Span_Attaker EURUSD,M5: initialized
0	14:54:42.738	Otyame101_Span_model_signal EURUSD,M5: initialized
0	14:54:42.740	Otyame119_MTF_Chiko_Span_Attaker_Bar EURUSD,M5: initialized
0	14:54:42.804	Custom indicator Otyame008_Swing_HL USDCHF,H4: loaded successfully
0	14:54:42.808	Otyame008_Swing_HL USDCHF,H4: initialized
0	14:54:42.830	Custom indicator Pivot Custom USDJPY,M5: loaded successfully
0	14:54:42.832	Custom indicator Span_model USDJPY,M5: loaded successfully
0	14:54:42.856	Pivot Custom USDJPY,M5: initialized
0	14:54:42.858	Span_model USDJPY,M5: initialized
0	14:54:43.008	Custom indicator Heiken Ashi GBPJPY,M5: loaded successfully
0	14:54:43.009	Custom indicator DragonBand GBPJPY,M5: loaded successfully
0	14:54:43.012	Custom indicator DragonMeter GBPJPY,M5: loaded successfully
0	14:54:43.014	Custom indicator DragonArrows GBPJPY,M5: loaded successfully
0	14:54:43.016	Heiken Ashi GBPJPY,M5: initialized
0	14:54:43.016	DragonBand GBPJPY,M5: initialized
0	14:54:43.028	DragonMeter GBPJPY,M5: initialized
0	14:54:43.030	DragonArrows GBPJPY,M5: initialized
0	14:54:43.077	Custom indicator TrendManager USDJPY,M5: loaded successfully
0	14:54:43.080	Custom indicator Otyame001_Ichimoku_Shift USDJPY,M5: loaded successfully
0	14:54:43.082	Custom indicator Otyame007_MTF_Spanmodel USDJPY,M5: loaded successfully
0	14:54:43.082	TrendManager USDJPY,M5: initialized
0	14:54:43.084	Otyame001_Ichimoku_Shift USDJPY,M5: initialized
0	14:54:43.086	Otyame007_MTF_Spanmodel USDJPY,M5: initialized
0	14:54:43.158	Custom indicator Otyame101_Span_model_signal EURUSD,H1: loaded successfully
0	14:54:43.161	Custom indicator Otyame001_Ichimoku_Shift EURUSD,H1: loaded successfully
0	14:54:43.169	Otyame101_Span_model_signal EURUSD,H1: initialized
0	14:54:43.171	Otyame001_Ichimoku_Shift EURUSD,H1: initialized
0	14:54:43.383	Custom indicator Otyame101_Span_model_signal EURUSD,M5: loaded successfully
0	14:54:43.391	Otyame101_Span_model_signal EURUSD,M5: initialized
0	14:54:48.844	Otyame201_AutoT_EA EURUSD,M5: initialized
0	14:56:50.334	Compiling 'Otyame121_MTF_Chiko_Span_Attaker'
0	14:56:51.588	Otyame017_Chiko_Span_Attaker EURUSD,M5: uninit reason 2
0	14:56:51.588	Custom indicator Otyame017_Chiko_Span_Attaker EURUSD,M5: removed
0	14:56:51.748	Custom indicator Otyame017_Chiko_Span_Attaker EURUSD,M5: loaded successfully
0	14:56:51.752	Otyame017_Chiko_Span_Attaker EURUSD,M5: initialized
0	14:57:42.352	Otyame017_Chiko_Span_Attaker EURUSD,M5: uninit reason 2
0	14:57:42.353	Custom indicator Otyame017_Chiko_Span_Attaker EURUSD,M5: removed
0	14:57:42.506	Custom indicator Otyame017_Chiko_Span_Attaker EURUSD,M5: loaded successfully
0	14:57:42.511	Otyame017_Chiko_Span_Attaker EURUSD,M5: initialized
