0	06:46:51.766	GemFX MT4 build 971 started (GemTrade Co., Ltd.)
0	06:46:51.766	Windows 10 Home (x64 based PC), IE 14.06, UAC, 8 x Intel Core i7-3770  @ 3.40GHz, RAM: 13908 / 16327 Mb, HDD: 137498 / 228383 Mb, GMT+09:00
0	06:46:51.766	Data Folder: C:\Users\koichi\AppData\Roaming\MetaQuotes\Terminal\250ECE632D67BAE8424D7871E3ED5548
2	06:46:53.723	Custom indicator Otyame005_Super_Bollinger USDJPY,H1: loaded successfully
2	06:46:53.754	Custom indicator 23Signal_Price-v1 USDJPY,H1: loaded successfully
2	06:46:53.754	Custom indicator chikou_span_attacker USDJPY,H1: loaded successfully
2	06:46:53.769	Custom indicator PZ_Harmonic USDJPY,H1: loaded successfully
2	06:46:53.926	Custom indicator 23Signal_Price-v1 USDJPY,M5: loaded successfully
2	06:46:53.926	Custom indicator Max_Pivot USDJPY,M5: loaded successfully
2	06:46:53.942	Custom indicator Max_Line USDJPY,M5: loaded successfully
2	06:46:53.942	Custom indicator Otyame001_Ichimoku_Shift USDJPY,M5: loaded successfully
2	06:46:53.942	Custom indicator Otyame021_Price_Line USDJPY,M5: loaded successfully
2	06:46:53.958	Custom indicator Otyame005_Super_Bollinger USDJPY,M5: loaded successfully
2	06:46:54.179	Custom indicator Otyame005_Super_Bollinger EURUSD,H1: loaded successfully
2	06:46:54.210	Custom indicator 23Signal_Price-v1 EURUSD,H1: loaded successfully
2	06:46:54.226	Custom indicator chikou_span_attacker EURUSD,H1: loaded successfully
2	06:46:54.226	Custom indicator PZ_Harmonic EURUSD,H1: loaded successfully
2	06:46:54.403	Custom indicator 23Signal_Price-v1 EURUSD,M5: loaded successfully
2	06:46:54.405	Custom indicator Max_Pivot EURUSD,M5: loaded successfully
2	06:46:54.411	Custom indicator Max_Line EURUSD,M5: loaded successfully
2	06:46:54.416	Custom indicator Otyame001_Ichimoku_Shift EURUSD,M5: loaded successfully
2	06:46:54.420	Custom indicator Otyame021_Price_Line EURUSD,M5: loaded successfully
2	06:46:54.420	Custom indicator Otyame005_Super_Bollinger EURUSD,M5: loaded successfully
2	06:46:54.649	Custom indicator Otyame005_Super_Bollinger EURJPY,H1: loaded successfully
2	06:46:54.692	Custom indicator 23Signal_Price-v1 EURJPY,H1: loaded successfully
2	06:46:54.699	Custom indicator chikou_span_attacker EURJPY,H1: loaded successfully
2	06:46:54.706	Custom indicator PZ_Harmonic EURJPY,H1: loaded successfully
2	06:46:54.862	Custom indicator 23Signal_Price-v1 EURJPY,M15: loaded successfully
2	06:46:54.862	Custom indicator Max_Pivot EURJPY,M15: loaded successfully
2	06:46:54.862	Custom indicator Max_Line EURJPY,M15: loaded successfully
2	06:46:54.877	Custom indicator Otyame001_Ichimoku_Shift EURJPY,M15: loaded successfully
2	06:46:54.877	Custom indicator Otyame021_Price_Line EURJPY,M15: loaded successfully
2	06:46:54.893	Custom indicator Otyame005_Super_Bollinger EURJPY,M15: loaded successfully
2	06:46:55.033	Custom indicator Otyame005_Super_Bollinger GBPUSD,H1: loaded successfully
2	06:46:55.064	Custom indicator 23Signal_Price-v1 GBPUSD,H1: loaded successfully
2	06:46:55.064	Custom indicator chikou_span_attacker GBPUSD,H1: loaded successfully
2	06:46:55.080	Custom indicator PZ_Harmonic GBPUSD,H1: loaded successfully
2	06:46:55.237	Custom indicator 23Signal_Price-v1 GBPUSD,M5: loaded successfully
2	06:46:55.237	Custom indicator Max_Pivot GBPUSD,M5: loaded successfully
2	06:46:55.252	Custom indicator Max_Line GBPUSD,M5: loaded successfully
2	06:46:55.252	Custom indicator Otyame001_Ichimoku_Shift GBPUSD,M5: loaded successfully
2	06:46:55.252	Custom indicator Otyame021_Price_Line GBPUSD,M5: loaded successfully
2	06:46:55.268	Custom indicator Otyame005_Super_Bollinger GBPUSD,M5: loaded successfully
2	06:46:55.478	Custom indicator Otyame005_Super_Bollinger GBPJPY,H1: loaded successfully
2	06:46:55.525	Custom indicator 23Signal_Price-v1 GBPJPY,H1: loaded successfully
2	06:46:55.531	Custom indicator chikou_span_attacker GBPJPY,H1: loaded successfully
2	06:46:55.538	Custom indicator PZ_Harmonic GBPJPY,H1: loaded successfully
2	06:46:55.714	Custom indicator 23Signal_Price-v1 GBPJPY,M5: loaded successfully
2	06:46:55.714	Custom indicator Max_Pivot GBPJPY,M5: loaded successfully
2	06:46:55.729	Custom indicator Max_Line GBPJPY,M5: loaded successfully
2	06:46:55.729	Custom indicator Otyame001_Ichimoku_Shift GBPJPY,M5: loaded successfully
2	06:46:55.745	Custom indicator Otyame021_Price_Line GBPJPY,M5: loaded successfully
2	06:46:55.745	Custom indicator Otyame005_Super_Bollinger GBPJPY,M5: loaded successfully
2	06:46:55.967	Custom indicator Otyame005_Super_Bollinger AUDUSD,H1: loaded successfully
2	06:46:55.999	Custom indicator 23Signal_Price-v1 AUDUSD,H1: loaded successfully
2	06:46:55.999	Custom indicator chikou_span_attacker AUDUSD,H1: loaded successfully
2	06:46:56.014	Custom indicator PZ_Harmonic AUDUSD,H1: loaded successfully
2	06:46:56.173	Custom indicator 23Signal_Price-v1 AUDUSD,M5: loaded successfully
2	06:46:56.174	Custom indicator Max_Pivot AUDUSD,M5: loaded successfully
2	06:46:56.181	Custom indicator Max_Line AUDUSD,M5: loaded successfully
2	06:46:56.187	Custom indicator Otyame001_Ichimoku_Shift AUDUSD,M5: loaded successfully
2	06:46:56.195	Custom indicator Otyame021_Price_Line AUDUSD,M5: loaded successfully
2	06:46:56.199	Custom indicator Otyame005_Super_Bollinger AUDUSD,M5: loaded successfully
2	06:46:56.413	Custom indicator Otyame005_Super_Bollinger GBPAUD,H1: loaded successfully
2	06:46:56.451	Custom indicator 23Signal_Price-v1 GBPAUD,H1: loaded successfully
2	06:46:56.458	Custom indicator chikou_span_attacker GBPAUD,H1: loaded successfully
2	06:46:56.464	Custom indicator PZ_Harmonic GBPAUD,H1: loaded successfully
2	06:46:56.600	Custom indicator 23Signal_Price-v1 GBPAUD,M5: loaded successfully
2	06:46:56.615	Custom indicator Max_Pivot GBPAUD,M5: loaded successfully
2	06:46:56.615	Custom indicator Max_Line GBPAUD,M5: loaded successfully
2	06:46:56.615	Custom indicator Otyame001_Ichimoku_Shift GBPAUD,M5: loaded successfully
2	06:46:56.631	Custom indicator Otyame021_Price_Line GBPAUD,M5: loaded successfully
2	06:46:56.631	Custom indicator Otyame005_Super_Bollinger GBPAUD,M5: loaded successfully
2	06:46:56.755	Custom indicator Economic_indicator USDCHF,H1: loaded successfully
0	06:46:59.228	'16040': login on GemForex-Live through DC1 (ping: 73.99 ms)
0	06:47:00.228	'16040': login datacenter on GemForex-Live through DC1 (ping: 73.99 ms)
0	06:47:00.501	'16040': previous successful authorization performed from 119.242.37.68
0	06:47:32.249	'16040': ping to current access point DC1 is 73.41 ms
0	07:11:37.225	System to be shutdown, request for close GemFX MT4
0	07:11:37.918	GemFX MT4 build 971 stopped because system shutdown
0	20:46:49.781	GemFX MT4 build 971 started (GemTrade Co., Ltd.)
0	20:46:49.781	Windows 10 Home (x64 based PC), IE 15.20, UAC, 8 x Intel Core i7-3770  @ 3.40GHz, RAM: 14293 / 16327 Mb, HDD: 137000 / 228383 Mb, GMT+09:00
0	20:46:49.781	Data Folder: C:\Users\koichi\AppData\Roaming\MetaQuotes\Terminal\250ECE632D67BAE8424D7871E3ED5548
2	20:46:51.697	Custom indicator Otyame005_Super_Bollinger USDJPY,H1: loaded successfully
2	20:46:51.735	Custom indicator 23Signal_Price-v1 USDJPY,H1: loaded successfully
2	20:46:51.741	Custom indicator chikou_span_attacker USDJPY,H1: loaded successfully
2	20:46:51.748	Custom indicator PZ_Harmonic USDJPY,H1: loaded successfully
2	20:46:51.905	Custom indicator 23Signal_Price-v1 USDJPY,M5: loaded successfully
2	20:46:51.906	Custom indicator Max_Pivot USDJPY,M5: loaded successfully
2	20:46:51.912	Custom indicator Max_Line USDJPY,M5: loaded successfully
2	20:46:51.919	Custom indicator Otyame001_Ichimoku_Shift USDJPY,M5: loaded successfully
2	20:46:51.926	Custom indicator Otyame021_Price_Line USDJPY,M5: loaded successfully
2	20:46:51.933	Custom indicator Otyame005_Super_Bollinger USDJPY,M5: loaded successfully
2	20:46:52.148	Custom indicator Otyame005_Super_Bollinger EURUSD,H1: loaded successfully
2	20:46:52.189	Custom indicator 23Signal_Price-v1 EURUSD,H1: loaded successfully
2	20:46:52.197	Custom indicator chikou_span_attacker EURUSD,H1: loaded successfully
2	20:46:52.206	Custom indicator PZ_Harmonic EURUSD,H1: loaded successfully
2	20:46:52.388	Custom indicator 23Signal_Price-v1 EURUSD,M5: loaded successfully
2	20:46:52.390	Custom indicator Max_Pivot EURUSD,M5: loaded successfully
2	20:46:52.396	Custom indicator Max_Line EURUSD,M5: loaded successfully
2	20:46:52.403	Custom indicator Otyame001_Ichimoku_Shift EURUSD,M5: loaded successfully
2	20:46:52.418	Custom indicator Otyame021_Price_Line EURUSD,M5: loaded successfully
2	20:46:52.428	Custom indicator Otyame005_Super_Bollinger EURUSD,M5: loaded successfully
2	20:46:52.755	Custom indicator Otyame005_Super_Bollinger EURJPY,H1: loaded successfully
2	20:46:52.824	Custom indicator 23Signal_Price-v1 EURJPY,H1: loaded successfully
2	20:46:52.824	Custom indicator chikou_span_attacker EURJPY,H1: loaded successfully
2	20:46:52.840	Custom indicator PZ_Harmonic EURJPY,H1: loaded successfully
2	20:46:53.065	Custom indicator 23Signal_Price-v1 EURJPY,M15: loaded successfully
2	20:46:53.065	Custom indicator Max_Pivot EURJPY,M15: loaded successfully
2	20:46:53.065	Custom indicator Max_Line EURJPY,M15: loaded successfully
2	20:46:53.065	Custom indicator Otyame001_Ichimoku_Shift EURJPY,M15: loaded successfully
2	20:46:53.081	Custom indicator Otyame021_Price_Line EURJPY,M15: loaded successfully
2	20:46:53.097	Custom indicator Otyame005_Super_Bollinger EURJPY,M15: loaded successfully
2	20:46:53.269	Custom indicator Otyame005_Super_Bollinger GBPUSD,H1: loaded successfully
2	20:46:53.315	Custom indicator 23Signal_Price-v1 GBPUSD,H1: loaded successfully
2	20:46:53.331	Custom indicator chikou_span_attacker GBPUSD,H1: loaded successfully
2	20:46:53.331	Custom indicator PZ_Harmonic GBPUSD,H1: loaded successfully
2	20:46:53.534	Custom indicator 23Signal_Price-v1 GBPUSD,M5: loaded successfully
2	20:46:53.534	Custom indicator Max_Pivot GBPUSD,M5: loaded successfully
2	20:46:53.534	Custom indicator Max_Line GBPUSD,M5: loaded successfully
2	20:46:53.550	Custom indicator Otyame001_Ichimoku_Shift GBPUSD,M5: loaded successfully
2	20:46:53.550	Custom indicator Otyame021_Price_Line GBPUSD,M5: loaded successfully
2	20:46:53.565	Custom indicator Otyame005_Super_Bollinger GBPUSD,M5: loaded successfully
2	20:46:53.831	Custom indicator Otyame005_Super_Bollinger GBPJPY,H1: loaded successfully
2	20:46:53.878	Custom indicator 23Signal_Price-v1 GBPJPY,H1: loaded successfully
2	20:46:53.894	Custom indicator chikou_span_attacker GBPJPY,H1: loaded successfully
2	20:46:53.909	Custom indicator PZ_Harmonic GBPJPY,H1: loaded successfully
2	20:46:54.144	Custom indicator 23Signal_Price-v1 GBPJPY,M5: loaded successfully
2	20:46:54.159	Custom indicator Max_Pivot GBPJPY,M5: loaded successfully
2	20:46:54.175	Custom indicator Max_Line GBPJPY,M5: loaded successfully
2	20:46:54.175	Custom indicator Otyame001_Ichimoku_Shift GBPJPY,M5: loaded successfully
2	20:46:54.190	Custom indicator Otyame021_Price_Line GBPJPY,M5: loaded successfully
2	20:46:54.206	Custom indicator Otyame005_Super_Bollinger GBPJPY,M5: loaded successfully
2	20:46:54.472	Custom indicator Otyame005_Super_Bollinger AUDUSD,H1: loaded successfully
2	20:46:54.534	Custom indicator 23Signal_Price-v1 AUDUSD,H1: loaded successfully
2	20:46:54.534	Custom indicator chikou_span_attacker AUDUSD,H1: loaded successfully
2	20:46:54.550	Custom indicator PZ_Harmonic AUDUSD,H1: loaded successfully
2	20:46:54.746	Custom indicator 23Signal_Price-v1 AUDUSD,M5: loaded successfully
2	20:46:54.746	Custom indicator Max_Pivot AUDUSD,M5: loaded successfully
2	20:46:54.754	Custom indicator Max_Line AUDUSD,M5: loaded successfully
2	20:46:54.762	Custom indicator Otyame001_Ichimoku_Shift AUDUSD,M5: loaded successfully
2	20:46:54.770	Custom indicator Otyame021_Price_Line AUDUSD,M5: loaded successfully
2	20:46:54.774	Custom indicator Otyame005_Super_Bollinger AUDUSD,M5: loaded successfully
2	20:46:55.030	Custom indicator Otyame005_Super_Bollinger GBPAUD,H1: loaded successfully
2	20:46:55.082	Custom indicator 23Signal_Price-v1 GBPAUD,H1: loaded successfully
2	20:46:55.090	Custom indicator chikou_span_attacker GBPAUD,H1: loaded successfully
2	20:46:55.098	Custom indicator PZ_Harmonic GBPAUD,H1: loaded successfully
2	20:46:55.246	Custom indicator 23Signal_Price-v1 GBPAUD,M5: loaded successfully
2	20:46:55.246	Custom indicator Max_Pivot GBPAUD,M5: loaded successfully
2	20:46:55.254	Custom indicator Max_Line GBPAUD,M5: loaded successfully
2	20:46:55.266	Custom indicator Otyame001_Ichimoku_Shift GBPAUD,M5: loaded successfully
2	20:46:55.278	Custom indicator Otyame021_Price_Line GBPAUD,M5: loaded successfully
2	20:46:55.286	Custom indicator Otyame005_Super_Bollinger GBPAUD,M5: loaded successfully
2	20:46:55.410	Custom indicator Economic_indicator USDCHF,H1: loaded successfully
0	20:46:57.734	'16040': login on GemForex-Live through DC1 (ping: 73.41 ms)
0	20:46:58.826	'16040': login datacenter on GemForex-Live through DC1 (ping: 73.41 ms)
0	20:46:59.095	'16040': previous successful authorization performed from 1.75.215.225
0	20:47:31.634	'16040': ping to current access point DC1 is 75.99 ms
0	22:36:34.077	'16040': instant order sell 0.20 GBPUSD at 1.40976 sl: 0.00000 tp: 0.00000
0	22:36:34.312	'16040': order was opened : #2653052 sell 0.20 GBPUSD at 1.40976 sl: 0.00000 tp: 0.00000
0	22:36:40.582	'16040': modify order #2653052 sell 0.20 GBPUSD at 1.40976 sl: 1.41276 tp: 1.39976 -> sl: 1.41154 tp: 1.39976
0	22:36:40.801	'16040': order #2653052 sell 0.20 GBPUSD at 1.40976 was modified -> sl: 1.41154 tp: 1.39976
0	22:36:47.720	'16040': modify order #2653052 sell 0.20 GBPUSD at 1.40976 sl: 1.41154 tp: 1.39976 -> sl: 1.41154 tp: 1.40792
0	22:36:48.407	'16040': order #2653052 sell 0.20 GBPUSD at 1.40976 was modified -> sl: 1.41154 tp: 1.40792
0	22:44:27.997	'16040': order #2653052 sell 0.20 GBPUSD at 1.40976 closed due take-profit at price 1.40792
0	23:32:18.858	'16040': instant order sell 1.00 GBPJPY at 145.612 sl: 0.000 tp: 0.000
0	23:32:19.076	'16040': order was opened : #2656654 sell 1.00 GBPJPY at 145.612 sl: 0.000 tp: 0.000
0	23:34:11.530	'16040': instant order sell 0.50 GBPJPY at 145.667 sl: 0.000 tp: 0.000
0	23:34:11.780	'16040': order was opened : #2656738 sell 0.50 GBPJPY at 145.667 sl: 0.000 tp: 0.000
0	23:38:46.085	'16040': instant order sell 0.20 USDJPY at 103.768 sl: 0.000 tp: 0.000
0	23:38:46.303	'16040': order was opened : #2656947 sell 0.20 USDJPY at 103.768 sl: 0.000 tp: 0.000
0	23:39:45.231	'16040': modify order #2656947 sell 0.20 USDJPY at 103.768 sl: 104.068 tp: 102.768 -> sl: 104.009 tp: 102.768
0	23:39:45.403	'16040': order #2656947 sell 0.20 USDJPY at 103.768 was modified -> sl: 104.009 tp: 102.768
0	23:39:49.375	'16040': modify order #2656947 sell 0.20 USDJPY at 103.768 sl: 104.009 tp: 102.768 -> sl: 104.036 tp: 102.768
0	23:39:49.594	'16040': order #2656947 sell 0.20 USDJPY at 103.768 was modified -> sl: 104.036 tp: 102.768
0	23:39:56.160	'16040': modify order #2656947 sell 0.20 USDJPY at 103.768 sl: 104.036 tp: 102.768 -> sl: 104.036 tp: 103.584
0	23:39:56.363	'16040': order #2656947 sell 0.20 USDJPY at 103.768 was modified -> sl: 104.036 tp: 103.584
0	23:42:22.715	'16040': instant order sell 0.20 USDJPY at 103.834 sl: 0.000 tp: 0.000
0	23:42:22.887	'16040': order was opened : #2657128 sell 0.20 USDJPY at 103.834 sl: 0.000 tp: 0.000
0	23:51:04.625	'16040': instant order sell 1.00 USDJPY at 103.821 sl: 0.000 tp: 0.000
0	23:51:04.813	'16040': order was opened : #2657621 sell 1.00 USDJPY at 103.821 sl: 0.000 tp: 0.000
0	23:53:24.819	'16040': instant order sell 1.00 USDJPY at 103.907 sl: 0.000 tp: 0.000
0	23:53:25.022	'16040': order was opened : #2657753 sell 1.00 USDJPY at 103.907 sl: 0.000 tp: 0.000
0	23:55:47.546	'16040': instant order sell 0.50 USDJPY at 103.946 sl: 0.000 tp: 0.000
0	23:55:47.733	'16040': order was opened : #2657920 sell 0.50 USDJPY at 103.946 sl: 0.000 tp: 0.000
