0	00:20:57.814	System to be shutdown, request for close GemFX MT4
0	00:20:58.579	GemFX MT4 build 950 stopped because system shutdown
0	07:08:06.897	GemFX MT4 build 950 started (GemTrade Co., Ltd.)
0	07:08:06.897	Windows 10 Home (x64 based PC), IE 12.62, UAC, 8 x Intel Core i7-3770  @ 3.40GHz, RAM: 13226 / 16327 Mb, HDD: 147886 / 228383 Mb, GMT+09:00
0	07:08:06.897	Data Folder: C:\Users\koichi\AppData\Roaming\MetaQuotes\Terminal\250ECE632D67BAE8424D7871E3ED5548
2	07:08:08.460	Custom indicator Otyame005_Super_Bollinger USDJPY,H1: loaded successfully
2	07:08:08.461	Custom indicator 23Signal_Price-v1 USDJPY,H1: loaded successfully
2	07:08:08.465	Custom indicator chikou_span_attacker USDJPY,H1: loaded successfully
2	07:08:08.530	Custom indicator Span_model USDJPY,M5: loaded successfully
2	07:08:08.531	Custom indicator ___MAÅôAngle_45_TAKE USDJPY,M5: loaded successfully
2	07:08:08.532	Custom indicator 23Signal_Price-v1 USDJPY,M5: loaded successfully
2	07:08:08.533	Custom indicator Max_Pivot USDJPY,M5: loaded successfully
2	07:08:08.537	Custom indicator Max_Line USDJPY,M5: loaded successfully
2	07:08:08.543	Custom indicator Elliott_Wave_Oscillator-Arrows2 USDJPY,M5: loaded successfully
2	07:08:08.545	Custom indicator EWPro USDJPY,M5: loaded successfully
2	07:08:08.550	Custom indicator Elliott_Wave_Oscillator USDJPY,M5: loaded successfully
2	07:08:08.652	Custom indicator Otyame005_Super_Bollinger EURUSD,H1: loaded successfully
2	07:08:08.654	Custom indicator 23Signal_Price-v1 EURUSD,H1: loaded successfully
2	07:08:08.658	Custom indicator chikou_span_attacker EURUSD,H1: loaded successfully
2	07:08:08.723	Custom indicator Span_model EURUSD,M5: loaded successfully
2	07:08:08.725	Custom indicator 23Signal_Price-v1 EURUSD,M5: loaded successfully
2	07:08:08.726	Custom indicator ___MAÅôAngle_45_TAKE EURUSD,M5: loaded successfully
2	07:08:08.727	Custom indicator Max_Pivot EURUSD,M5: loaded successfully
2	07:08:08.731	Custom indicator Max_Line EURUSD,M5: loaded successfully
2	07:08:08.736	Custom indicator Elliott_Wave_Oscillator-Arrows2 EURUSD,M5: loaded successfully
2	07:08:08.738	Custom indicator EWPro EURUSD,M5: loaded successfully
2	07:08:08.743	Custom indicator Elliott_Wave_Oscillator EURUSD,M5: loaded successfully
2	07:08:08.852	Custom indicator Otyame005_Super_Bollinger EURJPY,H1: loaded successfully
2	07:08:08.853	Custom indicator 23Signal_Price-v1 EURJPY,H1: loaded successfully
2	07:08:08.857	Custom indicator chikou_span_attacker EURJPY,H1: loaded successfully
2	07:08:08.921	Custom indicator Span_model EURJPY,M5: loaded successfully
2	07:08:08.923	Custom indicator 23Signal_Price-v1 EURJPY,M5: loaded successfully
2	07:08:08.924	Custom indicator ___MAÅôAngle_45_TAKE EURJPY,M5: loaded successfully
2	07:08:08.925	Custom indicator Max_Pivot EURJPY,M5: loaded successfully
2	07:08:08.930	Custom indicator Max_Line EURJPY,M5: loaded successfully
2	07:08:08.932	Custom indicator EWPro EURJPY,M5: loaded successfully
2	07:08:08.937	Custom indicator Elliott_Wave_Oscillator-Arrows2 EURJPY,M5: loaded successfully
2	07:08:08.942	Custom indicator Elliott_Wave_Oscillator EURJPY,M5: loaded successfully
2	07:08:09.043	Custom indicator Otyame005_Super_Bollinger GBPUSD,H1: loaded successfully
2	07:08:09.045	Custom indicator 23Signal_Price-v1 GBPUSD,H1: loaded successfully
2	07:08:09.049	Custom indicator chikou_span_attacker GBPUSD,H1: loaded successfully
2	07:08:09.137	Custom indicator Span_model GBPUSD,M5: loaded successfully
2	07:08:09.138	Custom indicator 23Signal_Price-v1 GBPUSD,M5: loaded successfully
2	07:08:09.140	Custom indicator ___MAÅôAngle_45_TAKE GBPUSD,M5: loaded successfully
2	07:08:09.141	Custom indicator Max_Pivot GBPUSD,M5: loaded successfully
2	07:08:09.145	Custom indicator Max_Line GBPUSD,M5: loaded successfully
2	07:08:09.147	Custom indicator EWPro GBPUSD,M5: loaded successfully
2	07:08:09.152	Custom indicator Elliott_Wave_Oscillator-Arrows2 GBPUSD,M5: loaded successfully
2	07:08:09.157	Custom indicator Elliott_Wave_Oscillator GBPUSD,M5: loaded successfully
2	07:08:09.259	Custom indicator Otyame005_Super_Bollinger GBPJPY,H1: loaded successfully
2	07:08:09.260	Custom indicator 23Signal_Price-v1 GBPJPY,H1: loaded successfully
2	07:08:09.264	Custom indicator chikou_span_attacker GBPJPY,H1: loaded successfully
2	07:08:09.351	Custom indicator Span_model GBPJPY,M5: loaded successfully
2	07:08:09.353	Custom indicator 23Signal_Price-v1 GBPJPY,M5: loaded successfully
2	07:08:09.354	Custom indicator ___MAÅôAngle_45_TAKE GBPJPY,M5: loaded successfully
2	07:08:09.355	Custom indicator Max_Sign GBPJPY,M5: loaded successfully
2	07:08:09.357	Custom indicator Max_Pivot GBPJPY,M5: loaded successfully
2	07:08:09.360	Custom indicator Max_Line GBPJPY,M5: loaded successfully
2	07:08:09.363	Custom indicator EWPro GBPJPY,M5: loaded successfully
2	07:08:09.368	Custom indicator Elliott_Wave_Oscillator-Arrows2 GBPJPY,M5: loaded successfully
2	07:08:09.373	Custom indicator Elliott_Wave_Oscillator GBPJPY,M5: loaded successfully
2	07:08:09.480	Custom indicator Otyame005_Super_Bollinger AUDUSD,H1: loaded successfully
2	07:08:09.481	Custom indicator 23Signal_Price-v1 AUDUSD,H1: loaded successfully
2	07:08:09.485	Custom indicator chikou_span_attacker AUDUSD,H1: loaded successfully
2	07:08:09.548	Custom indicator Span_model AUDUSD,M15: loaded successfully
2	07:08:09.549	Custom indicator 23Signal_Price-v1 AUDUSD,M15: loaded successfully
2	07:08:09.550	Custom indicator ___MAÅôAngle_45_TAKE AUDUSD,M15: loaded successfully
2	07:08:09.551	Custom indicator Max_Pivot AUDUSD,M15: loaded successfully
2	07:08:09.555	Custom indicator Max_Line AUDUSD,M15: loaded successfully
2	07:08:09.558	Custom indicator EWPro AUDUSD,M15: loaded successfully
2	07:08:09.563	Custom indicator Elliott_Wave_Oscillator-Arrows2 AUDUSD,M15: loaded successfully
2	07:08:09.568	Custom indicator Elliott_Wave_Oscillator AUDUSD,M15: loaded successfully
2	07:08:09.652	Custom indicator Economic_indicator EURUSD,H1: loaded successfully
0	19:38:44.109	GemFX MT4 build 950 started (GemTrade Co., Ltd.)
0	19:38:44.109	Windows 10 Home (x64 based PC), IE 12.62, UAC, 8 x Intel Core i7-3770  @ 3.40GHz, RAM: 13511 / 16327 Mb, HDD: 147882 / 228383 Mb, GMT+09:00
0	19:38:44.109	Data Folder: C:\Users\koichi\AppData\Roaming\MetaQuotes\Terminal\250ECE632D67BAE8424D7871E3ED5548
2	19:38:45.671	Custom indicator Otyame005_Super_Bollinger USDJPY,H1: loaded successfully
2	19:38:45.671	Custom indicator 23Signal_Price-v1 USDJPY,H1: loaded successfully
2	19:38:45.671	Custom indicator chikou_span_attacker USDJPY,H1: loaded successfully
2	19:38:45.749	Custom indicator Span_model USDJPY,M5: loaded successfully
2	19:38:45.749	Custom indicator ___MAÅôAngle_45_TAKE USDJPY,M5: loaded successfully
2	19:38:45.749	Custom indicator 23Signal_Price-v1 USDJPY,M5: loaded successfully
2	19:38:45.749	Custom indicator Max_Pivot USDJPY,M5: loaded successfully
2	19:38:45.749	Custom indicator Max_Line USDJPY,M5: loaded successfully
2	19:38:45.765	Custom indicator Elliott_Wave_Oscillator-Arrows2 USDJPY,M5: loaded successfully
2	19:38:45.765	Custom indicator EWPro USDJPY,M5: loaded successfully
2	19:38:45.765	Custom indicator Elliott_Wave_Oscillator USDJPY,M5: loaded successfully
2	19:38:45.874	Custom indicator Otyame005_Super_Bollinger EURUSD,H1: loaded successfully
2	19:38:45.874	Custom indicator 23Signal_Price-v1 EURUSD,H1: loaded successfully
2	19:38:45.874	Custom indicator chikou_span_attacker EURUSD,H1: loaded successfully
2	19:38:45.953	Custom indicator Span_model EURUSD,M5: loaded successfully
2	19:38:45.953	Custom indicator 23Signal_Price-v1 EURUSD,M5: loaded successfully
2	19:38:45.953	Custom indicator ___MAÅôAngle_45_TAKE EURUSD,M5: loaded successfully
2	19:38:45.953	Custom indicator Max_Pivot EURUSD,M5: loaded successfully
2	19:38:45.968	Custom indicator Max_Line EURUSD,M5: loaded successfully
2	19:38:45.968	Custom indicator Elliott_Wave_Oscillator-Arrows2 EURUSD,M5: loaded successfully
2	19:38:45.968	Custom indicator EWPro EURUSD,M5: loaded successfully
2	19:38:45.968	Custom indicator Elliott_Wave_Oscillator EURUSD,M5: loaded successfully
2	19:38:46.078	Custom indicator Otyame005_Super_Bollinger EURJPY,H1: loaded successfully
2	19:38:46.078	Custom indicator 23Signal_Price-v1 EURJPY,H1: loaded successfully
2	19:38:46.093	Custom indicator chikou_span_attacker EURJPY,H1: loaded successfully
2	19:38:46.156	Custom indicator Span_model EURJPY,M5: loaded successfully
2	19:38:46.156	Custom indicator 23Signal_Price-v1 EURJPY,M5: loaded successfully
2	19:38:46.156	Custom indicator ___MAÅôAngle_45_TAKE EURJPY,M5: loaded successfully
2	19:38:46.156	Custom indicator Max_Pivot EURJPY,M5: loaded successfully
2	19:38:46.171	Custom indicator Max_Line EURJPY,M5: loaded successfully
2	19:38:46.171	Custom indicator EWPro EURJPY,M5: loaded successfully
2	19:38:46.171	Custom indicator Elliott_Wave_Oscillator-Arrows2 EURJPY,M5: loaded successfully
2	19:38:46.171	Custom indicator Elliott_Wave_Oscillator EURJPY,M5: loaded successfully
2	19:38:46.281	Custom indicator Otyame005_Super_Bollinger GBPUSD,H1: loaded successfully
2	19:38:46.281	Custom indicator 23Signal_Price-v1 GBPUSD,H1: loaded successfully
2	19:38:46.281	Custom indicator chikou_span_attacker GBPUSD,H1: loaded successfully
2	19:38:46.374	Custom indicator Span_model GBPUSD,M5: loaded successfully
2	19:38:46.374	Custom indicator 23Signal_Price-v1 GBPUSD,M5: loaded successfully
2	19:38:46.374	Custom indicator ___MAÅôAngle_45_TAKE GBPUSD,M5: loaded successfully
2	19:38:46.374	Custom indicator Max_Pivot GBPUSD,M5: loaded successfully
2	19:38:46.374	Custom indicator Max_Line GBPUSD,M5: loaded successfully
2	19:38:46.374	Custom indicator EWPro GBPUSD,M5: loaded successfully
2	19:38:46.390	Custom indicator Elliott_Wave_Oscillator-Arrows2 GBPUSD,M5: loaded successfully
2	19:38:46.390	Custom indicator Elliott_Wave_Oscillator GBPUSD,M5: loaded successfully
2	19:38:46.484	Custom indicator Otyame005_Super_Bollinger GBPJPY,H1: loaded successfully
2	19:38:46.499	Custom indicator 23Signal_Price-v1 GBPJPY,H1: loaded successfully
2	19:38:46.499	Custom indicator chikou_span_attacker GBPJPY,H1: loaded successfully
2	19:38:46.595	Custom indicator Span_model GBPJPY,M5: loaded successfully
2	19:38:46.595	Custom indicator 23Signal_Price-v1 GBPJPY,M5: loaded successfully
2	19:38:46.595	Custom indicator ___MAÅôAngle_45_TAKE GBPJPY,M5: loaded successfully
2	19:38:46.595	Custom indicator Max_Sign GBPJPY,M5: loaded successfully
2	19:38:46.595	Custom indicator Max_Pivot GBPJPY,M5: loaded successfully
2	19:38:46.595	Custom indicator Max_Line GBPJPY,M5: loaded successfully
2	19:38:46.611	Custom indicator EWPro GBPJPY,M5: loaded successfully
2	19:38:46.611	Custom indicator Elliott_Wave_Oscillator-Arrows2 GBPJPY,M5: loaded successfully
2	19:38:46.611	Custom indicator Elliott_Wave_Oscillator GBPJPY,M5: loaded successfully
2	19:38:46.720	Custom indicator Otyame005_Super_Bollinger AUDUSD,H1: loaded successfully
2	19:38:46.720	Custom indicator 23Signal_Price-v1 AUDUSD,H1: loaded successfully
2	19:38:46.736	Custom indicator chikou_span_attacker AUDUSD,H1: loaded successfully
2	19:38:46.798	Custom indicator Span_model AUDUSD,M15: loaded successfully
2	19:38:46.798	Custom indicator 23Signal_Price-v1 AUDUSD,M15: loaded successfully
2	19:38:46.798	Custom indicator ___MAÅôAngle_45_TAKE AUDUSD,M15: loaded successfully
2	19:38:46.798	Custom indicator Max_Pivot AUDUSD,M15: loaded successfully
2	19:38:46.814	Custom indicator Max_Line AUDUSD,M15: loaded successfully
2	19:38:46.814	Custom indicator EWPro AUDUSD,M15: loaded successfully
2	19:38:46.814	Custom indicator Elliott_Wave_Oscillator-Arrows2 AUDUSD,M15: loaded successfully
2	19:38:46.814	Custom indicator Elliott_Wave_Oscillator AUDUSD,M15: loaded successfully
2	19:38:46.908	Custom indicator Economic_indicator EURUSD,H1: loaded successfully
0	19:39:20.107	GemFX MT4 build 950 started (GemTrade Co., Ltd.)
0	19:39:20.107	Windows 10 Home (x64 based PC), IE 12.62, UAC, 8 x Intel Core i7-3770  @ 3.40GHz, RAM: 12600 / 16327 Mb, HDD: 147881 / 228383 Mb, GMT+09:00
0	19:39:20.107	Data Folder: C:\Users\koichi\AppData\Roaming\MetaQuotes\Terminal\250ECE632D67BAE8424D7871E3ED5548
2	19:39:20.466	Custom indicator Otyame005_Super_Bollinger USDJPY,H1: loaded successfully
2	19:39:20.466	Custom indicator 23Signal_Price-v1 USDJPY,H1: loaded successfully
2	19:39:20.482	Custom indicator chikou_span_attacker USDJPY,H1: loaded successfully
2	19:39:20.513	Custom indicator Span_model USDJPY,M5: loaded successfully
2	19:39:20.513	Custom indicator ___MAÅôAngle_45_TAKE USDJPY,M5: loaded successfully
2	19:39:20.513	Custom indicator 23Signal_Price-v1 USDJPY,M5: loaded successfully
2	19:39:20.513	Custom indicator Max_Pivot USDJPY,M5: loaded successfully
2	19:39:20.513	Custom indicator Max_Line USDJPY,M5: loaded successfully
2	19:39:20.529	Custom indicator Elliott_Wave_Oscillator-Arrows2 USDJPY,M5: loaded successfully
2	19:39:20.529	Custom indicator EWPro USDJPY,M5: loaded successfully
2	19:39:20.529	Custom indicator Elliott_Wave_Oscillator USDJPY,M5: loaded successfully
2	19:39:20.622	Custom indicator Otyame005_Super_Bollinger EURUSD,H1: loaded successfully
2	19:39:20.622	Custom indicator 23Signal_Price-v1 EURUSD,H1: loaded successfully
2	19:39:20.638	Custom indicator chikou_span_attacker EURUSD,H1: loaded successfully
2	19:39:20.669	Custom indicator Span_model EURUSD,M5: loaded successfully
2	19:39:20.669	Custom indicator 23Signal_Price-v1 EURUSD,M5: loaded successfully
2	19:39:20.669	Custom indicator ___MAÅôAngle_45_TAKE EURUSD,M5: loaded successfully
2	19:39:20.669	Custom indicator Max_Pivot EURUSD,M5: loaded successfully
2	19:39:20.669	Custom indicator Max_Line EURUSD,M5: loaded successfully
2	19:39:20.685	Custom indicator Elliott_Wave_Oscillator-Arrows2 EURUSD,M5: loaded successfully
2	19:39:20.685	Custom indicator EWPro EURUSD,M5: loaded successfully
2	19:39:20.685	Custom indicator Elliott_Wave_Oscillator EURUSD,M5: loaded successfully
2	19:39:20.794	Custom indicator Otyame005_Super_Bollinger EURJPY,H1: loaded successfully
2	19:39:20.794	Custom indicator 23Signal_Price-v1 EURJPY,H1: loaded successfully
2	19:39:20.794	Custom indicator chikou_span_attacker EURJPY,H1: loaded successfully
2	19:39:20.826	Custom indicator Span_model EURJPY,M5: loaded successfully
2	19:39:20.826	Custom indicator 23Signal_Price-v1 EURJPY,M5: loaded successfully
2	19:39:20.826	Custom indicator ___MAÅôAngle_45_TAKE EURJPY,M5: loaded successfully
2	19:39:20.826	Custom indicator Max_Pivot EURJPY,M5: loaded successfully
2	19:39:20.841	Custom indicator Max_Line EURJPY,M5: loaded successfully
2	19:39:20.841	Custom indicator EWPro EURJPY,M5: loaded successfully
2	19:39:20.841	Custom indicator Elliott_Wave_Oscillator-Arrows2 EURJPY,M5: loaded successfully
2	19:39:20.857	Custom indicator Elliott_Wave_Oscillator EURJPY,M5: loaded successfully
2	19:39:20.951	Custom indicator Otyame005_Super_Bollinger GBPUSD,H1: loaded successfully
2	19:39:20.951	Custom indicator 23Signal_Price-v1 GBPUSD,H1: loaded successfully
2	19:39:20.966	Custom indicator chikou_span_attacker GBPUSD,H1: loaded successfully
2	19:39:20.997	Custom indicator Span_model GBPUSD,M5: loaded successfully
2	19:39:20.997	Custom indicator 23Signal_Price-v1 GBPUSD,M5: loaded successfully
2	19:39:20.997	Custom indicator ___MAÅôAngle_45_TAKE GBPUSD,M5: loaded successfully
2	19:39:20.997	Custom indicator Max_Pivot GBPUSD,M5: loaded successfully
2	19:39:20.997	Custom indicator Max_Line GBPUSD,M5: loaded successfully
2	19:39:21.013	Custom indicator EWPro GBPUSD,M5: loaded successfully
2	19:39:21.013	Custom indicator Elliott_Wave_Oscillator-Arrows2 GBPUSD,M5: loaded successfully
2	19:39:21.013	Custom indicator Elliott_Wave_Oscillator GBPUSD,M5: loaded successfully
2	19:39:21.122	Custom indicator Otyame005_Super_Bollinger GBPJPY,H1: loaded successfully
2	19:39:21.122	Custom indicator 23Signal_Price-v1 GBPJPY,H1: loaded successfully
2	19:39:21.122	Custom indicator chikou_span_attacker GBPJPY,H1: loaded successfully
2	19:39:21.154	Custom indicator Span_model GBPJPY,M5: loaded successfully
2	19:39:21.154	Custom indicator 23Signal_Price-v1 GBPJPY,M5: loaded successfully
2	19:39:21.154	Custom indicator ___MAÅôAngle_45_TAKE GBPJPY,M5: loaded successfully
2	19:39:21.154	Custom indicator Max_Sign GBPJPY,M5: loaded successfully
2	19:39:21.154	Custom indicator Max_Pivot GBPJPY,M5: loaded successfully
2	19:39:21.169	Custom indicator Max_Line GBPJPY,M5: loaded successfully
2	19:39:21.169	Custom indicator EWPro GBPJPY,M5: loaded successfully
2	19:39:21.169	Custom indicator Elliott_Wave_Oscillator-Arrows2 GBPJPY,M5: loaded successfully
2	19:39:21.169	Custom indicator Elliott_Wave_Oscillator GBPJPY,M5: loaded successfully
2	19:39:21.310	Custom indicator Otyame005_Super_Bollinger AUDUSD,H1: loaded successfully
2	19:39:21.310	Custom indicator 23Signal_Price-v1 AUDUSD,H1: loaded successfully
2	19:39:21.310	Custom indicator chikou_span_attacker AUDUSD,H1: loaded successfully
2	19:39:21.341	Custom indicator Span_model AUDUSD,M15: loaded successfully
2	19:39:21.341	Custom indicator 23Signal_Price-v1 AUDUSD,M15: loaded successfully
2	19:39:21.341	Custom indicator ___MAÅôAngle_45_TAKE AUDUSD,M15: loaded successfully
2	19:39:21.357	Custom indicator Max_Pivot AUDUSD,M15: loaded successfully
2	19:39:21.357	Custom indicator Max_Line AUDUSD,M15: loaded successfully
2	19:39:21.357	Custom indicator EWPro AUDUSD,M15: loaded successfully
2	19:39:21.357	Custom indicator Elliott_Wave_Oscillator-Arrows2 AUDUSD,M15: loaded successfully
2	19:39:21.372	Custom indicator Elliott_Wave_Oscillator AUDUSD,M15: loaded successfully
2	19:39:21.451	Custom indicator Economic_indicator EURUSD,H1: loaded successfully
0	19:39:50.192	GemFX MT4 build 950 started (GemTrade Co., Ltd.)
0	19:39:50.192	Windows 10 Home (x64 based PC), IE 12.62, UAC, 8 x Intel Core i7-3770  @ 3.40GHz, RAM: 12415 / 16327 Mb, HDD: 147881 / 228383 Mb, GMT+09:00
0	19:39:50.192	Data Folder: C:\Users\koichi\AppData\Roaming\MetaQuotes\Terminal\250ECE632D67BAE8424D7871E3ED5548
2	19:39:50.556	Custom indicator Otyame005_Super_Bollinger USDJPY,H1: loaded successfully
2	19:39:50.557	Custom indicator 23Signal_Price-v1 USDJPY,H1: loaded successfully
2	19:39:50.561	Custom indicator chikou_span_attacker USDJPY,H1: loaded successfully
2	19:39:50.594	Custom indicator Span_model USDJPY,M5: loaded successfully
2	19:39:50.595	Custom indicator ___MAÅôAngle_45_TAKE USDJPY,M5: loaded successfully
2	19:39:50.597	Custom indicator 23Signal_Price-v1 USDJPY,M5: loaded successfully
2	19:39:50.598	Custom indicator Max_Pivot USDJPY,M5: loaded successfully
2	19:39:50.602	Custom indicator Max_Line USDJPY,M5: loaded successfully
2	19:39:50.607	Custom indicator Elliott_Wave_Oscillator-Arrows2 USDJPY,M5: loaded successfully
2	19:39:50.609	Custom indicator EWPro USDJPY,M5: loaded successfully
2	19:39:50.614	Custom indicator Elliott_Wave_Oscillator USDJPY,M5: loaded successfully
2	19:39:50.721	Custom indicator Otyame005_Super_Bollinger EURUSD,H1: loaded successfully
2	19:39:50.722	Custom indicator 23Signal_Price-v1 EURUSD,H1: loaded successfully
2	19:39:50.726	Custom indicator chikou_span_attacker EURUSD,H1: loaded successfully
2	19:39:50.758	Custom indicator Span_model EURUSD,M5: loaded successfully
2	19:39:50.759	Custom indicator 23Signal_Price-v1 EURUSD,M5: loaded successfully
2	19:39:50.761	Custom indicator ___MAÅôAngle_45_TAKE EURUSD,M5: loaded successfully
2	19:39:50.762	Custom indicator Max_Pivot EURUSD,M5: loaded successfully
2	19:39:50.766	Custom indicator Max_Line EURUSD,M5: loaded successfully
2	19:39:50.771	Custom indicator Elliott_Wave_Oscillator-Arrows2 EURUSD,M5: loaded successfully
2	19:39:50.773	Custom indicator EWPro EURUSD,M5: loaded successfully
2	19:39:50.778	Custom indicator Elliott_Wave_Oscillator EURUSD,M5: loaded successfully
2	19:39:50.879	Custom indicator Otyame005_Super_Bollinger EURJPY,H1: loaded successfully
2	19:39:50.881	Custom indicator 23Signal_Price-v1 EURJPY,H1: loaded successfully
2	19:39:50.885	Custom indicator chikou_span_attacker EURJPY,H1: loaded successfully
2	19:39:50.920	Custom indicator Span_model EURJPY,M5: loaded successfully
2	19:39:50.921	Custom indicator 23Signal_Price-v1 EURJPY,M5: loaded successfully
2	19:39:50.922	Custom indicator ___MAÅôAngle_45_TAKE EURJPY,M5: loaded successfully
2	19:39:50.924	Custom indicator Max_Pivot EURJPY,M5: loaded successfully
2	19:39:50.928	Custom indicator Max_Line EURJPY,M5: loaded successfully
2	19:39:50.930	Custom indicator EWPro EURJPY,M5: loaded successfully
2	19:39:50.935	Custom indicator Elliott_Wave_Oscillator-Arrows2 EURJPY,M5: loaded successfully
2	19:39:50.940	Custom indicator Elliott_Wave_Oscillator EURJPY,M5: loaded successfully
2	19:39:51.038	Custom indicator Otyame005_Super_Bollinger GBPUSD,H1: loaded successfully
2	19:39:51.039	Custom indicator 23Signal_Price-v1 GBPUSD,H1: loaded successfully
2	19:39:51.043	Custom indicator chikou_span_attacker GBPUSD,H1: loaded successfully
2	19:39:51.076	Custom indicator Span_model GBPUSD,M5: loaded successfully
2	19:39:51.077	Custom indicator 23Signal_Price-v1 GBPUSD,M5: loaded successfully
2	19:39:51.079	Custom indicator ___MAÅôAngle_45_TAKE GBPUSD,M5: loaded successfully
2	19:39:51.080	Custom indicator Max_Pivot GBPUSD,M5: loaded successfully
2	19:39:51.084	Custom indicator Max_Line GBPUSD,M5: loaded successfully
2	19:39:51.086	Custom indicator EWPro GBPUSD,M5: loaded successfully
2	19:39:51.092	Custom indicator Elliott_Wave_Oscillator-Arrows2 GBPUSD,M5: loaded successfully
2	19:39:51.096	Custom indicator Elliott_Wave_Oscillator GBPUSD,M5: loaded successfully
2	19:39:51.196	Custom indicator Otyame005_Super_Bollinger GBPJPY,H1: loaded successfully
2	19:39:51.198	Custom indicator 23Signal_Price-v1 GBPJPY,H1: loaded successfully
2	19:39:51.202	Custom indicator chikou_span_attacker GBPJPY,H1: loaded successfully
2	19:39:51.233	Custom indicator Span_model GBPJPY,M5: loaded successfully
2	19:39:51.234	Custom indicator 23Signal_Price-v1 GBPJPY,M5: loaded successfully
2	19:39:51.236	Custom indicator ___MAÅôAngle_45_TAKE GBPJPY,M5: loaded successfully
2	19:39:51.237	Custom indicator Max_Sign GBPJPY,M5: loaded successfully
2	19:39:51.238	Custom indicator Max_Pivot GBPJPY,M5: loaded successfully
2	19:39:51.242	Custom indicator Max_Line GBPJPY,M5: loaded successfully
2	19:39:51.245	Custom indicator EWPro GBPJPY,M5: loaded successfully
2	19:39:51.250	Custom indicator Elliott_Wave_Oscillator-Arrows2 GBPJPY,M5: loaded successfully
2	19:39:51.255	Custom indicator Elliott_Wave_Oscillator GBPJPY,M5: loaded successfully
2	19:39:51.360	Custom indicator Otyame005_Super_Bollinger AUDUSD,H1: loaded successfully
2	19:39:51.362	Custom indicator 23Signal_Price-v1 AUDUSD,H1: loaded successfully
2	19:39:51.366	Custom indicator chikou_span_attacker AUDUSD,H1: loaded successfully
2	19:39:51.402	Custom indicator Span_model AUDUSD,M15: loaded successfully
2	19:39:51.403	Custom indicator 23Signal_Price-v1 AUDUSD,M15: loaded successfully
2	19:39:51.405	Custom indicator ___MAÅôAngle_45_TAKE AUDUSD,M15: loaded successfully
2	19:39:51.406	Custom indicator Max_Pivot AUDUSD,M15: loaded successfully
2	19:39:51.410	Custom indicator Max_Line AUDUSD,M15: loaded successfully
2	19:39:51.412	Custom indicator EWPro AUDUSD,M15: loaded successfully
2	19:39:51.417	Custom indicator Elliott_Wave_Oscillator-Arrows2 AUDUSD,M15: loaded successfully
2	19:39:51.422	Custom indicator Elliott_Wave_Oscillator AUDUSD,M15: loaded successfully
2	19:39:51.505	Custom indicator Economic_indicator EURUSD,H1: loaded successfully
0	19:40:36.878	GemFX MT4 build 950 started (GemTrade Co., Ltd.)
0	19:40:36.878	Windows 10 Home (x64 based PC), IE 12.62, UAC, 8 x Intel Core i7-3770  @ 3.40GHz, RAM: 12371 / 16327 Mb, HDD: 147881 / 228383 Mb, GMT+09:00
0	19:40:36.878	Data Folder: C:\Users\koichi\AppData\Roaming\MetaQuotes\Terminal\250ECE632D67BAE8424D7871E3ED5548
2	19:40:37.253	Custom indicator Otyame005_Super_Bollinger USDJPY,H1: loaded successfully
2	19:40:37.253	Custom indicator 23Signal_Price-v1 USDJPY,H1: loaded successfully
2	19:40:37.253	Custom indicator chikou_span_attacker USDJPY,H1: loaded successfully
2	19:40:37.285	Custom indicator Span_model USDJPY,M5: loaded successfully
2	19:40:37.285	Custom indicator ___MAÅôAngle_45_TAKE USDJPY,M5: loaded successfully
2	19:40:37.285	Custom indicator 23Signal_Price-v1 USDJPY,M5: loaded successfully
2	19:40:37.285	Custom indicator Max_Pivot USDJPY,M5: loaded successfully
2	19:40:37.300	Custom indicator Max_Line USDJPY,M5: loaded successfully
2	19:40:37.300	Custom indicator Elliott_Wave_Oscillator-Arrows2 USDJPY,M5: loaded successfully
2	19:40:37.300	Custom indicator EWPro USDJPY,M5: loaded successfully
2	19:40:37.300	Custom indicator Elliott_Wave_Oscillator USDJPY,M5: loaded successfully
2	19:40:37.410	Custom indicator Otyame005_Super_Bollinger EURUSD,H1: loaded successfully
2	19:40:37.410	Custom indicator 23Signal_Price-v1 EURUSD,H1: loaded successfully
2	19:40:37.410	Custom indicator chikou_span_attacker EURUSD,H1: loaded successfully
2	19:40:37.441	Custom indicator Span_model EURUSD,M5: loaded successfully
2	19:40:37.441	Custom indicator 23Signal_Price-v1 EURUSD,M5: loaded successfully
2	19:40:37.441	Custom indicator ___MAÅôAngle_45_TAKE EURUSD,M5: loaded successfully
2	19:40:37.441	Custom indicator Max_Pivot EURUSD,M5: loaded successfully
2	19:40:37.456	Custom indicator Max_Line EURUSD,M5: loaded successfully
2	19:40:37.456	Custom indicator Elliott_Wave_Oscillator-Arrows2 EURUSD,M5: loaded successfully
2	19:40:37.456	Custom indicator EWPro EURUSD,M5: loaded successfully
2	19:40:37.456	Custom indicator Elliott_Wave_Oscillator EURUSD,M5: loaded successfully
2	19:40:37.566	Custom indicator Otyame005_Super_Bollinger EURJPY,H1: loaded successfully
2	19:40:37.566	Custom indicator 23Signal_Price-v1 EURJPY,H1: loaded successfully
2	19:40:37.566	Custom indicator chikou_span_attacker EURJPY,H1: loaded successfully
2	19:40:37.597	Custom indicator Span_model EURJPY,M5: loaded successfully
2	19:40:37.597	Custom indicator 23Signal_Price-v1 EURJPY,M5: loaded successfully
2	19:40:37.597	Custom indicator ___MAÅôAngle_45_TAKE EURJPY,M5: loaded successfully
2	19:40:37.597	Custom indicator Max_Pivot EURJPY,M5: loaded successfully
2	19:40:37.613	Custom indicator Max_Line EURJPY,M5: loaded successfully
2	19:40:37.613	Custom indicator EWPro EURJPY,M5: loaded successfully
2	19:40:37.613	Custom indicator Elliott_Wave_Oscillator-Arrows2 EURJPY,M5: loaded successfully
2	19:40:37.613	Custom indicator Elliott_Wave_Oscillator EURJPY,M5: loaded successfully
2	19:40:37.722	Custom indicator Otyame005_Super_Bollinger GBPUSD,H1: loaded successfully
2	19:40:37.722	Custom indicator 23Signal_Price-v1 GBPUSD,H1: loaded successfully
2	19:40:37.722	Custom indicator chikou_span_attacker GBPUSD,H1: loaded successfully
2	19:40:37.753	Custom indicator Span_model GBPUSD,M5: loaded successfully
2	19:40:37.753	Custom indicator 23Signal_Price-v1 GBPUSD,M5: loaded successfully
2	19:40:37.753	Custom indicator ___MAÅôAngle_45_TAKE GBPUSD,M5: loaded successfully
2	19:40:37.753	Custom indicator Max_Pivot GBPUSD,M5: loaded successfully
2	19:40:37.769	Custom indicator Max_Line GBPUSD,M5: loaded successfully
2	19:40:37.769	Custom indicator EWPro GBPUSD,M5: loaded successfully
2	19:40:37.769	Custom indicator Elliott_Wave_Oscillator-Arrows2 GBPUSD,M5: loaded successfully
2	19:40:37.769	Custom indicator Elliott_Wave_Oscillator GBPUSD,M5: loaded successfully
2	19:40:37.878	Custom indicator Otyame005_Super_Bollinger GBPJPY,H1: loaded successfully
2	19:40:37.878	Custom indicator 23Signal_Price-v1 GBPJPY,H1: loaded successfully
2	19:40:37.878	Custom indicator chikou_span_attacker GBPJPY,H1: loaded successfully
2	19:40:37.910	Custom indicator Span_model GBPJPY,M5: loaded successfully
2	19:40:37.910	Custom indicator 23Signal_Price-v1 GBPJPY,M5: loaded successfully
2	19:40:37.910	Custom indicator ___MAÅôAngle_45_TAKE GBPJPY,M5: loaded successfully
2	19:40:37.910	Custom indicator Max_Sign GBPJPY,M5: loaded successfully
2	19:40:37.925	Custom indicator Max_Pivot GBPJPY,M5: loaded successfully
2	19:40:37.925	Custom indicator Max_Line GBPJPY,M5: loaded successfully
2	19:40:37.925	Custom indicator EWPro GBPJPY,M5: loaded successfully
2	19:40:37.925	Custom indicator Elliott_Wave_Oscillator-Arrows2 GBPJPY,M5: loaded successfully
2	19:40:37.941	Custom indicator Elliott_Wave_Oscillator GBPJPY,M5: loaded successfully
2	19:40:38.035	Custom indicator Otyame005_Super_Bollinger AUDUSD,H1: loaded successfully
2	19:40:38.035	Custom indicator 23Signal_Price-v1 AUDUSD,H1: loaded successfully
2	19:40:38.050	Custom indicator chikou_span_attacker AUDUSD,H1: loaded successfully
2	19:40:38.082	Custom indicator Span_model AUDUSD,M15: loaded successfully
2	19:40:38.082	Custom indicator 23Signal_Price-v1 AUDUSD,M15: loaded successfully
2	19:40:38.082	Custom indicator ___MAÅôAngle_45_TAKE AUDUSD,M15: loaded successfully
2	19:40:38.082	Custom indicator Max_Pivot AUDUSD,M15: loaded successfully
2	19:40:38.082	Custom indicator Max_Line AUDUSD,M15: loaded successfully
2	19:40:38.097	Custom indicator EWPro AUDUSD,M15: loaded successfully
2	19:40:38.097	Custom indicator Elliott_Wave_Oscillator-Arrows2 AUDUSD,M15: loaded successfully
2	19:40:38.097	Custom indicator Elliott_Wave_Oscillator AUDUSD,M15: loaded successfully
2	19:40:38.191	Custom indicator Economic_indicator EURUSD,H1: loaded successfully
0	19:41:56.579	GemFX MT4 build 950 started (GemTrade Co., Ltd.)
0	19:41:56.579	Windows 10 Home (x64 based PC), IE 12.62, UAC, 8 x Intel Core i7-3770  @ 3.40GHz, RAM: 12443 / 16327 Mb, HDD: 147866 / 228383 Mb, GMT+09:00
0	19:41:56.579	Data Folder: C:\Users\koichi\AppData\Roaming\MetaQuotes\Terminal\250ECE632D67BAE8424D7871E3ED5548
2	19:41:57.017	Custom indicator Otyame005_Super_Bollinger USDJPY,H1: loaded successfully
2	19:41:57.017	Custom indicator 23Signal_Price-v1 USDJPY,H1: loaded successfully
2	19:41:57.033	Custom indicator chikou_span_attacker USDJPY,H1: loaded successfully
2	19:41:57.064	Custom indicator Span_model USDJPY,M5: loaded successfully
2	19:41:57.064	Custom indicator ___MAÅôAngle_45_TAKE USDJPY,M5: loaded successfully
2	19:41:57.064	Custom indicator 23Signal_Price-v1 USDJPY,M5: loaded successfully
2	19:41:57.064	Custom indicator Max_Pivot USDJPY,M5: loaded successfully
2	19:41:57.079	Custom indicator Max_Line USDJPY,M5: loaded successfully
2	19:41:57.079	Custom indicator Elliott_Wave_Oscillator-Arrows2 USDJPY,M5: loaded successfully
2	19:41:57.079	Custom indicator EWPro USDJPY,M5: loaded successfully
2	19:41:57.079	Custom indicator Elliott_Wave_Oscillator USDJPY,M5: loaded successfully
2	19:41:57.189	Custom indicator Otyame005_Super_Bollinger EURUSD,H1: loaded successfully
2	19:41:57.189	Custom indicator 23Signal_Price-v1 EURUSD,H1: loaded successfully
2	19:41:57.189	Custom indicator chikou_span_attacker EURUSD,H1: loaded successfully
2	19:41:57.236	Custom indicator Span_model EURUSD,M5: loaded successfully
2	19:41:57.236	Custom indicator 23Signal_Price-v1 EURUSD,M5: loaded successfully
2	19:41:57.236	Custom indicator ___MAÅôAngle_45_TAKE EURUSD,M5: loaded successfully
2	19:41:57.236	Custom indicator Max_Pivot EURUSD,M5: loaded successfully
2	19:41:57.236	Custom indicator Max_Line EURUSD,M5: loaded successfully
2	19:41:57.251	Custom indicator Elliott_Wave_Oscillator-Arrows2 EURUSD,M5: loaded successfully
2	19:41:57.251	Custom indicator EWPro EURUSD,M5: loaded successfully
2	19:41:57.251	Custom indicator Elliott_Wave_Oscillator EURUSD,M5: loaded successfully
2	19:41:57.376	Custom indicator Otyame005_Super_Bollinger EURJPY,H1: loaded successfully
2	19:41:57.376	Custom indicator 23Signal_Price-v1 EURJPY,H1: loaded successfully
2	19:41:57.376	Custom indicator chikou_span_attacker EURJPY,H1: loaded successfully
2	19:41:57.408	Custom indicator Span_model EURJPY,M5: loaded successfully
2	19:41:57.408	Custom indicator 23Signal_Price-v1 EURJPY,M5: loaded successfully
2	19:41:57.408	Custom indicator ___MAÅôAngle_45_TAKE EURJPY,M5: loaded successfully
2	19:41:57.408	Custom indicator Max_Pivot EURJPY,M5: loaded successfully
2	19:41:57.423	Custom indicator Max_Line EURJPY,M5: loaded successfully
2	19:41:57.423	Custom indicator EWPro EURJPY,M5: loaded successfully
2	19:41:57.423	Custom indicator Elliott_Wave_Oscillator-Arrows2 EURJPY,M5: loaded successfully
2	19:41:57.439	Custom indicator Elliott_Wave_Oscillator EURJPY,M5: loaded successfully
2	19:41:57.533	Custom indicator Otyame005_Super_Bollinger GBPUSD,H1: loaded successfully
2	19:41:57.533	Custom indicator 23Signal_Price-v1 GBPUSD,H1: loaded successfully
2	19:41:57.533	Custom indicator chikou_span_attacker GBPUSD,H1: loaded successfully
2	19:41:57.564	Custom indicator Span_model GBPUSD,M5: loaded successfully
2	19:41:57.564	Custom indicator 23Signal_Price-v1 GBPUSD,M5: loaded successfully
2	19:41:57.564	Custom indicator ___MAÅôAngle_45_TAKE GBPUSD,M5: loaded successfully
2	19:41:57.579	Custom indicator Max_Pivot GBPUSD,M5: loaded successfully
2	19:41:57.579	Custom indicator Max_Line GBPUSD,M5: loaded successfully
2	19:41:57.579	Custom indicator EWPro GBPUSD,M5: loaded successfully
2	19:41:57.579	Custom indicator Elliott_Wave_Oscillator-Arrows2 GBPUSD,M5: loaded successfully
2	19:41:57.595	Custom indicator Elliott_Wave_Oscillator GBPUSD,M5: loaded successfully
2	19:41:57.689	Custom indicator Otyame005_Super_Bollinger GBPJPY,H1: loaded successfully
2	19:41:57.689	Custom indicator 23Signal_Price-v1 GBPJPY,H1: loaded successfully
2	19:41:57.689	Custom indicator chikou_span_attacker GBPJPY,H1: loaded successfully
2	19:41:57.720	Custom indicator Span_model GBPJPY,M5: loaded successfully
2	19:41:57.736	Custom indicator 23Signal_Price-v1 GBPJPY,M5: loaded successfully
2	19:41:57.736	Custom indicator ___MAÅôAngle_45_TAKE GBPJPY,M5: loaded successfully
2	19:41:57.736	Custom indicator Max_Sign GBPJPY,M5: loaded successfully
2	19:41:57.736	Custom indicator Max_Pivot GBPJPY,M5: loaded successfully
2	19:41:57.736	Custom indicator Max_Line GBPJPY,M5: loaded successfully
2	19:41:57.736	Custom indicator EWPro GBPJPY,M5: loaded successfully
2	19:41:57.751	Custom indicator Elliott_Wave_Oscillator-Arrows2 GBPJPY,M5: loaded successfully
2	19:41:57.751	Custom indicator Elliott_Wave_Oscillator GBPJPY,M5: loaded successfully
2	19:41:57.861	Custom indicator Otyame005_Super_Bollinger AUDUSD,H1: loaded successfully
2	19:41:57.861	Custom indicator 23Signal_Price-v1 AUDUSD,H1: loaded successfully
2	19:41:57.861	Custom indicator chikou_span_attacker AUDUSD,H1: loaded successfully
2	19:41:57.892	Custom indicator Span_model AUDUSD,M15: loaded successfully
2	19:41:57.908	Custom indicator 23Signal_Price-v1 AUDUSD,M15: loaded successfully
2	19:41:57.908	Custom indicator ___MAÅôAngle_45_TAKE AUDUSD,M15: loaded successfully
2	19:41:57.908	Custom indicator Max_Pivot AUDUSD,M15: loaded successfully
2	19:41:57.908	Custom indicator Max_Line AUDUSD,M15: loaded successfully
2	19:41:57.908	Custom indicator EWPro AUDUSD,M15: loaded successfully
2	19:41:57.908	Custom indicator Elliott_Wave_Oscillator-Arrows2 AUDUSD,M15: loaded successfully
2	19:41:57.923	Custom indicator Elliott_Wave_Oscillator AUDUSD,M15: loaded successfully
2	19:41:58.001	Custom indicator Economic_indicator EURUSD,H1: loaded successfully
0	19:43:45.972	GemFX MT4 build 950 started (GemTrade Co., Ltd.)
0	19:43:45.972	Windows 10 Home (x64 based PC), IE 12.62, UAC, 8 x Intel Core i7-3770  @ 3.40GHz, RAM: 12227 / 16327 Mb, HDD: 147859 / 228383 Mb, GMT+09:00
0	19:43:45.972	Data Folder: C:\Users\koichi\AppData\Roaming\MetaQuotes\Terminal\250ECE632D67BAE8424D7871E3ED5548
2	19:43:46.362	Custom indicator Otyame005_Super_Bollinger USDJPY,H1: loaded successfully
2	19:43:46.362	Custom indicator 23Signal_Price-v1 USDJPY,H1: loaded successfully
2	19:43:46.362	Custom indicator chikou_span_attacker USDJPY,H1: loaded successfully
2	19:43:46.393	Custom indicator Span_model USDJPY,M5: loaded successfully
2	19:43:46.393	Custom indicator ___MAÅôAngle_45_TAKE USDJPY,M5: loaded successfully
2	19:43:46.393	Custom indicator 23Signal_Price-v1 USDJPY,M5: loaded successfully
2	19:43:46.393	Custom indicator Max_Pivot USDJPY,M5: loaded successfully
2	19:43:46.409	Custom indicator Max_Line USDJPY,M5: loaded successfully
2	19:43:46.409	Custom indicator Elliott_Wave_Oscillator-Arrows2 USDJPY,M5: loaded successfully
2	19:43:46.409	Custom indicator EWPro USDJPY,M5: loaded successfully
2	19:43:46.409	Custom indicator Elliott_Wave_Oscillator USDJPY,M5: loaded successfully
2	19:43:46.518	Custom indicator Otyame005_Super_Bollinger EURUSD,H1: loaded successfully
2	19:43:46.518	Custom indicator 23Signal_Price-v1 EURUSD,H1: loaded successfully
2	19:43:46.518	Custom indicator chikou_span_attacker EURUSD,H1: loaded successfully
2	19:43:46.550	Custom indicator Span_model EURUSD,M5: loaded successfully
2	19:43:46.550	Custom indicator 23Signal_Price-v1 EURUSD,M5: loaded successfully
2	19:43:46.550	Custom indicator ___MAÅôAngle_45_TAKE EURUSD,M5: loaded successfully
2	19:43:46.550	Custom indicator Max_Pivot EURUSD,M5: loaded successfully
2	19:43:46.565	Custom indicator Max_Line EURUSD,M5: loaded successfully
2	19:43:46.565	Custom indicator Elliott_Wave_Oscillator-Arrows2 EURUSD,M5: loaded successfully
2	19:43:46.565	Custom indicator EWPro EURUSD,M5: loaded successfully
2	19:43:46.565	Custom indicator Elliott_Wave_Oscillator EURUSD,M5: loaded successfully
2	19:43:46.675	Custom indicator Otyame005_Super_Bollinger EURJPY,H1: loaded successfully
2	19:43:46.675	Custom indicator 23Signal_Price-v1 EURJPY,H1: loaded successfully
2	19:43:46.675	Custom indicator chikou_span_attacker EURJPY,H1: loaded successfully
2	19:43:46.706	Custom indicator Span_model EURJPY,M5: loaded successfully
2	19:43:46.706	Custom indicator 23Signal_Price-v1 EURJPY,M5: loaded successfully
2	19:43:46.706	Custom indicator ___MAÅôAngle_45_TAKE EURJPY,M5: loaded successfully
2	19:43:46.706	Custom indicator Max_Pivot EURJPY,M5: loaded successfully
2	19:43:46.722	Custom indicator Max_Line EURJPY,M5: loaded successfully
2	19:43:46.722	Custom indicator EWPro EURJPY,M5: loaded successfully
2	19:43:46.722	Custom indicator Elliott_Wave_Oscillator-Arrows2 EURJPY,M5: loaded successfully
2	19:43:46.722	Custom indicator Elliott_Wave_Oscillator EURJPY,M5: loaded successfully
2	19:43:46.831	Custom indicator Otyame005_Super_Bollinger GBPUSD,H1: loaded successfully
2	19:43:46.831	Custom indicator 23Signal_Price-v1 GBPUSD,H1: loaded successfully
2	19:43:46.831	Custom indicator chikou_span_attacker GBPUSD,H1: loaded successfully
2	19:43:46.862	Custom indicator Span_model GBPUSD,M5: loaded successfully
2	19:43:46.862	Custom indicator 23Signal_Price-v1 GBPUSD,M5: loaded successfully
2	19:43:46.862	Custom indicator ___MAÅôAngle_45_TAKE GBPUSD,M5: loaded successfully
2	19:43:46.862	Custom indicator Max_Pivot GBPUSD,M5: loaded successfully
2	19:43:46.878	Custom indicator Max_Line GBPUSD,M5: loaded successfully
2	19:43:46.878	Custom indicator EWPro GBPUSD,M5: loaded successfully
2	19:43:46.878	Custom indicator Elliott_Wave_Oscillator-Arrows2 GBPUSD,M5: loaded successfully
2	19:43:46.878	Custom indicator Elliott_Wave_Oscillator GBPUSD,M5: loaded successfully
2	19:43:46.987	Custom indicator Otyame005_Super_Bollinger GBPJPY,H1: loaded successfully
2	19:43:46.987	Custom indicator 23Signal_Price-v1 GBPJPY,H1: loaded successfully
2	19:43:46.987	Custom indicator chikou_span_attacker GBPJPY,H1: loaded successfully
2	19:43:47.019	Custom indicator Span_model GBPJPY,M5: loaded successfully
2	19:43:47.019	Custom indicator 23Signal_Price-v1 GBPJPY,M5: loaded successfully
2	19:43:47.019	Custom indicator ___MAÅôAngle_45_TAKE GBPJPY,M5: loaded successfully
2	19:43:47.019	Custom indicator Max_Sign GBPJPY,M5: loaded successfully
2	19:43:47.019	Custom indicator Max_Pivot GBPJPY,M5: loaded successfully
2	19:43:47.034	Custom indicator Max_Line GBPJPY,M5: loaded successfully
2	19:43:47.034	Custom indicator EWPro GBPJPY,M5: loaded successfully
2	19:43:47.034	Custom indicator Elliott_Wave_Oscillator-Arrows2 GBPJPY,M5: loaded successfully
2	19:43:47.034	Custom indicator Elliott_Wave_Oscillator GBPJPY,M5: loaded successfully
2	19:43:47.144	Custom indicator Otyame005_Super_Bollinger AUDUSD,H1: loaded successfully
2	19:43:47.144	Custom indicator 23Signal_Price-v1 AUDUSD,H1: loaded successfully
2	19:43:47.144	Custom indicator chikou_span_attacker AUDUSD,H1: loaded successfully
2	19:43:47.190	Custom indicator Span_model AUDUSD,M15: loaded successfully
2	19:43:47.190	Custom indicator 23Signal_Price-v1 AUDUSD,M15: loaded successfully
2	19:43:47.190	Custom indicator ___MAÅôAngle_45_TAKE AUDUSD,M15: loaded successfully
2	19:43:47.190	Custom indicator Max_Pivot AUDUSD,M15: loaded successfully
2	19:43:47.190	Custom indicator Max_Line AUDUSD,M15: loaded successfully
2	19:43:47.190	Custom indicator EWPro AUDUSD,M15: loaded successfully
2	19:43:47.206	Custom indicator Elliott_Wave_Oscillator-Arrows2 AUDUSD,M15: loaded successfully
2	19:43:47.206	Custom indicator Elliott_Wave_Oscillator AUDUSD,M15: loaded successfully
2	19:43:47.284	Custom indicator Economic_indicator EURUSD,H1: loaded successfully
0	19:44:15.645	GemFX MT4 build 950 started (GemTrade Co., Ltd.)
0	19:44:15.645	Windows 10 Home (x64 based PC), IE 12.62, UAC, 8 x Intel Core i7-3770  @ 3.40GHz, RAM: 12501 / 16327 Mb, HDD: 147859 / 228383 Mb, GMT+09:00
0	19:44:15.645	Data Folder: C:\Users\koichi\AppData\Roaming\MetaQuotes\Terminal\250ECE632D67BAE8424D7871E3ED5548
2	19:44:16.004	Custom indicator Otyame005_Super_Bollinger USDJPY,H1: loaded successfully
2	19:44:16.004	Custom indicator 23Signal_Price-v1 USDJPY,H1: loaded successfully
2	19:44:16.004	Custom indicator chikou_span_attacker USDJPY,H1: loaded successfully
2	19:44:16.035	Custom indicator Span_model USDJPY,M5: loaded successfully
2	19:44:16.035	Custom indicator ___MAÅôAngle_45_TAKE USDJPY,M5: loaded successfully
2	19:44:16.051	Custom indicator 23Signal_Price-v1 USDJPY,M5: loaded successfully
2	19:44:16.051	Custom indicator Max_Pivot USDJPY,M5: loaded successfully
2	19:44:16.051	Custom indicator Max_Line USDJPY,M5: loaded successfully
2	19:44:16.051	Custom indicator Elliott_Wave_Oscillator-Arrows2 USDJPY,M5: loaded successfully
2	19:44:16.051	Custom indicator EWPro USDJPY,M5: loaded successfully
2	19:44:16.066	Custom indicator Elliott_Wave_Oscillator USDJPY,M5: loaded successfully
2	19:44:16.160	Custom indicator Otyame005_Super_Bollinger EURUSD,H1: loaded successfully
2	19:44:16.160	Custom indicator 23Signal_Price-v1 EURUSD,H1: loaded successfully
2	19:44:16.176	Custom indicator chikou_span_attacker EURUSD,H1: loaded successfully
2	19:44:16.207	Custom indicator Span_model EURUSD,M5: loaded successfully
2	19:44:16.207	Custom indicator 23Signal_Price-v1 EURUSD,M5: loaded successfully
2	19:44:16.207	Custom indicator ___MAÅôAngle_45_TAKE EURUSD,M5: loaded successfully
2	19:44:16.207	Custom indicator Max_Pivot EURUSD,M5: loaded successfully
2	19:44:16.207	Custom indicator Max_Line EURUSD,M5: loaded successfully
2	19:44:16.223	Custom indicator Elliott_Wave_Oscillator-Arrows2 EURUSD,M5: loaded successfully
2	19:44:16.223	Custom indicator EWPro EURUSD,M5: loaded successfully
2	19:44:16.223	Custom indicator Elliott_Wave_Oscillator EURUSD,M5: loaded successfully
2	19:44:16.316	Custom indicator Otyame005_Super_Bollinger EURJPY,H1: loaded successfully
2	19:44:16.332	Custom indicator 23Signal_Price-v1 EURJPY,H1: loaded successfully
2	19:44:16.332	Custom indicator chikou_span_attacker EURJPY,H1: loaded successfully
2	19:44:16.363	Custom indicator Span_model EURJPY,M5: loaded successfully
2	19:44:16.363	Custom indicator 23Signal_Price-v1 EURJPY,M5: loaded successfully
2	19:44:16.363	Custom indicator ___MAÅôAngle_45_TAKE EURJPY,M5: loaded successfully
2	19:44:16.363	Custom indicator Max_Pivot EURJPY,M5: loaded successfully
2	19:44:16.363	Custom indicator Max_Line EURJPY,M5: loaded successfully
2	19:44:16.363	Custom indicator EWPro EURJPY,M5: loaded successfully
2	19:44:16.379	Custom indicator Elliott_Wave_Oscillator-Arrows2 EURJPY,M5: loaded successfully
2	19:44:16.379	Custom indicator Elliott_Wave_Oscillator EURJPY,M5: loaded successfully
2	19:44:16.473	Custom indicator Otyame005_Super_Bollinger GBPUSD,H1: loaded successfully
2	19:44:16.473	Custom indicator 23Signal_Price-v1 GBPUSD,H1: loaded successfully
2	19:44:16.488	Custom indicator chikou_span_attacker GBPUSD,H1: loaded successfully
2	19:44:16.520	Custom indicator Span_model GBPUSD,M5: loaded successfully
2	19:44:16.520	Custom indicator 23Signal_Price-v1 GBPUSD,M5: loaded successfully
2	19:44:16.520	Custom indicator ___MAÅôAngle_45_TAKE GBPUSD,M5: loaded successfully
2	19:44:16.520	Custom indicator Max_Pivot GBPUSD,M5: loaded successfully
2	19:44:16.535	Custom indicator Max_Line GBPUSD,M5: loaded successfully
2	19:44:16.535	Custom indicator EWPro GBPUSD,M5: loaded successfully
2	19:44:16.535	Custom indicator Elliott_Wave_Oscillator-Arrows2 GBPUSD,M5: loaded successfully
2	19:44:16.535	Custom indicator Elliott_Wave_Oscillator GBPUSD,M5: loaded successfully
2	19:44:16.645	Custom indicator Otyame005_Super_Bollinger GBPJPY,H1: loaded successfully
2	19:44:16.645	Custom indicator 23Signal_Price-v1 GBPJPY,H1: loaded successfully
2	19:44:16.645	Custom indicator chikou_span_attacker GBPJPY,H1: loaded successfully
2	19:44:16.691	Custom indicator Span_model GBPJPY,M5: loaded successfully
2	19:44:16.691	Custom indicator 23Signal_Price-v1 GBPJPY,M5: loaded successfully
2	19:44:16.691	Custom indicator ___MAÅôAngle_45_TAKE GBPJPY,M5: loaded successfully
2	19:44:16.691	Custom indicator Max_Sign GBPJPY,M5: loaded successfully
2	19:44:16.691	Custom indicator Max_Pivot GBPJPY,M5: loaded successfully
2	19:44:16.691	Custom indicator Max_Line GBPJPY,M5: loaded successfully
2	19:44:16.691	Custom indicator EWPro GBPJPY,M5: loaded successfully
2	19:44:16.707	Custom indicator Elliott_Wave_Oscillator-Arrows2 GBPJPY,M5: loaded successfully
2	19:44:16.707	Custom indicator Elliott_Wave_Oscillator GBPJPY,M5: loaded successfully
2	19:44:16.832	Custom indicator Otyame005_Super_Bollinger AUDUSD,H1: loaded successfully
2	19:44:16.832	Custom indicator 23Signal_Price-v1 AUDUSD,H1: loaded successfully
2	19:44:16.832	Custom indicator chikou_span_attacker AUDUSD,H1: loaded successfully
2	19:44:16.879	Custom indicator Span_model AUDUSD,M15: loaded successfully
2	19:44:16.879	Custom indicator 23Signal_Price-v1 AUDUSD,M15: loaded successfully
2	19:44:16.879	Custom indicator ___MAÅôAngle_45_TAKE AUDUSD,M15: loaded successfully
2	19:44:16.879	Custom indicator Max_Pivot AUDUSD,M15: loaded successfully
2	19:44:16.879	Custom indicator Max_Line AUDUSD,M15: loaded successfully
2	19:44:16.879	Custom indicator EWPro AUDUSD,M15: loaded successfully
2	19:44:16.895	Custom indicator Elliott_Wave_Oscillator-Arrows2 AUDUSD,M15: loaded successfully
2	19:44:16.895	Custom indicator Elliott_Wave_Oscillator AUDUSD,M15: loaded successfully
2	19:44:16.973	Custom indicator Economic_indicator EURUSD,H1: loaded successfully
0	19:46:15.019	GemFX MT4 build 950 started (GemTrade Co., Ltd.)
0	19:46:15.019	Windows 10 Home (x64 based PC), IE 12.62, UAC, 8 x Intel Core i7-3770  @ 3.40GHz, RAM: 14067 / 16327 Mb, HDD: 147896 / 228383 Mb, GMT+09:00
0	19:46:15.019	Data Folder: C:\Users\koichi\AppData\Roaming\MetaQuotes\Terminal\250ECE632D67BAE8424D7871E3ED5548
2	19:46:16.660	Custom indicator Otyame005_Super_Bollinger USDJPY,H1: loaded successfully
2	19:46:16.660	Custom indicator 23Signal_Price-v1 USDJPY,H1: loaded successfully
2	19:46:16.660	Custom indicator chikou_span_attacker USDJPY,H1: loaded successfully
2	19:46:16.738	Custom indicator Span_model USDJPY,M5: loaded successfully
2	19:46:16.738	Custom indicator ___MAÅôAngle_45_TAKE USDJPY,M5: loaded successfully
2	19:46:16.738	Custom indicator 23Signal_Price-v1 USDJPY,M5: loaded successfully
2	19:46:16.738	Custom indicator Max_Pivot USDJPY,M5: loaded successfully
2	19:46:16.738	Custom indicator Max_Line USDJPY,M5: loaded successfully
2	19:46:16.754	Custom indicator Elliott_Wave_Oscillator-Arrows2 USDJPY,M5: loaded successfully
2	19:46:16.754	Custom indicator EWPro USDJPY,M5: loaded successfully
2	19:46:16.754	Custom indicator Elliott_Wave_Oscillator USDJPY,M5: loaded successfully
2	19:46:16.863	Custom indicator Otyame005_Super_Bollinger EURUSD,H1: loaded successfully
2	19:46:16.863	Custom indicator 23Signal_Price-v1 EURUSD,H1: loaded successfully
2	19:46:16.863	Custom indicator chikou_span_attacker EURUSD,H1: loaded successfully
2	19:46:16.941	Custom indicator Span_model EURUSD,M5: loaded successfully
2	19:46:16.941	Custom indicator 23Signal_Price-v1 EURUSD,M5: loaded successfully
2	19:46:16.941	Custom indicator ___MAÅôAngle_45_TAKE EURUSD,M5: loaded successfully
2	19:46:16.941	Custom indicator Max_Pivot EURUSD,M5: loaded successfully
2	19:46:16.941	Custom indicator Max_Line EURUSD,M5: loaded successfully
2	19:46:16.941	Custom indicator Elliott_Wave_Oscillator-Arrows2 EURUSD,M5: loaded successfully
2	19:46:16.957	Custom indicator EWPro EURUSD,M5: loaded successfully
2	19:46:16.957	Custom indicator Elliott_Wave_Oscillator EURUSD,M5: loaded successfully
2	19:46:17.066	Custom indicator Otyame005_Super_Bollinger EURJPY,H1: loaded successfully
2	19:46:17.066	Custom indicator 23Signal_Price-v1 EURJPY,H1: loaded successfully
2	19:46:17.066	Custom indicator chikou_span_attacker EURJPY,H1: loaded successfully
2	19:46:17.129	Custom indicator Span_model EURJPY,M5: loaded successfully
2	19:46:17.129	Custom indicator 23Signal_Price-v1 EURJPY,M5: loaded successfully
2	19:46:17.129	Custom indicator ___MAÅôAngle_45_TAKE EURJPY,M5: loaded successfully
2	19:46:17.144	Custom indicator Max_Pivot EURJPY,M5: loaded successfully
2	19:46:17.144	Custom indicator Max_Line EURJPY,M5: loaded successfully
2	19:46:17.144	Custom indicator EWPro EURJPY,M5: loaded successfully
2	19:46:17.144	Custom indicator Elliott_Wave_Oscillator-Arrows2 EURJPY,M5: loaded successfully
2	19:46:17.160	Custom indicator Elliott_Wave_Oscillator EURJPY,M5: loaded successfully
2	19:46:17.254	Custom indicator Otyame005_Super_Bollinger GBPUSD,H1: loaded successfully
2	19:46:17.254	Custom indicator 23Signal_Price-v1 GBPUSD,H1: loaded successfully
2	19:46:17.254	Custom indicator chikou_span_attacker GBPUSD,H1: loaded successfully
2	19:46:17.332	Custom indicator Span_model GBPUSD,M5: loaded successfully
2	19:46:17.332	Custom indicator 23Signal_Price-v1 GBPUSD,M5: loaded successfully
2	19:46:17.332	Custom indicator ___MAÅôAngle_45_TAKE GBPUSD,M5: loaded successfully
2	19:46:17.332	Custom indicator Max_Pivot GBPUSD,M5: loaded successfully
2	19:46:17.347	Custom indicator Max_Line GBPUSD,M5: loaded successfully
2	19:46:17.347	Custom indicator EWPro GBPUSD,M5: loaded successfully
2	19:46:17.347	Custom indicator Elliott_Wave_Oscillator-Arrows2 GBPUSD,M5: loaded successfully
2	19:46:17.347	Custom indicator Elliott_Wave_Oscillator GBPUSD,M5: loaded successfully
2	19:46:17.457	Custom indicator Otyame005_Super_Bollinger GBPJPY,H1: loaded successfully
2	19:46:17.457	Custom indicator 23Signal_Price-v1 GBPJPY,H1: loaded successfully
2	19:46:17.457	Custom indicator chikou_span_attacker GBPJPY,H1: loaded successfully
2	19:46:17.551	Custom indicator Span_model GBPJPY,M5: loaded successfully
2	19:46:17.551	Custom indicator 23Signal_Price-v1 GBPJPY,M5: loaded successfully
2	19:46:17.551	Custom indicator ___MAÅôAngle_45_TAKE GBPJPY,M5: loaded successfully
2	19:46:17.551	Custom indicator Max_Sign GBPJPY,M5: loaded successfully
2	19:46:17.566	Custom indicator Max_Pivot GBPJPY,M5: loaded successfully
2	19:46:17.566	Custom indicator Max_Line GBPJPY,M5: loaded successfully
2	19:46:17.566	Custom indicator EWPro GBPJPY,M5: loaded successfully
2	19:46:17.566	Custom indicator Elliott_Wave_Oscillator-Arrows2 GBPJPY,M5: loaded successfully
2	19:46:17.582	Custom indicator Elliott_Wave_Oscillator GBPJPY,M5: loaded successfully
2	19:46:17.691	Custom indicator Otyame005_Super_Bollinger AUDUSD,H1: loaded successfully
2	19:46:17.691	Custom indicator 23Signal_Price-v1 AUDUSD,H1: loaded successfully
2	19:46:17.691	Custom indicator chikou_span_attacker AUDUSD,H1: loaded successfully
2	19:46:17.754	Custom indicator Span_model AUDUSD,M15: loaded successfully
2	19:46:17.754	Custom indicator 23Signal_Price-v1 AUDUSD,M15: loaded successfully
2	19:46:17.754	Custom indicator ___MAÅôAngle_45_TAKE AUDUSD,M15: loaded successfully
2	19:46:17.769	Custom indicator Max_Pivot AUDUSD,M15: loaded successfully
2	19:46:17.769	Custom indicator Max_Line AUDUSD,M15: loaded successfully
2	19:46:17.769	Custom indicator EWPro AUDUSD,M15: loaded successfully
2	19:46:17.769	Custom indicator Elliott_Wave_Oscillator-Arrows2 AUDUSD,M15: loaded successfully
2	19:46:17.785	Custom indicator Elliott_Wave_Oscillator AUDUSD,M15: loaded successfully
2	19:46:17.863	Custom indicator Economic_indicator EURUSD,H1: loaded successfully
0	19:46:19.815	'16040': login on GemForex-Live through DC1 (ping: 73.75 ms)
0	19:46:20.799	'16040': login datacenter on GemForex-Live through DC1 (ping: 73.75 ms)
0	19:46:20.992	'16040': previous successful authorization performed from 49.97.57.22
0	19:46:43.595	'16040': ping to current access point DC1 is 73.98 ms
0	19:47:00.690	'16040': instant order buy 1.00 GBPUSD at 1.43564 sl: 0.00000 tp: 0.00000
0	19:47:00.846	'16040': order was opened : #1397525 buy 1.00 GBPUSD at 1.43564 sl: 0.00000 tp: 0.00000
0	19:47:11.298	'16040': modify order #1397525 buy 1.00 GBPUSD at 1.43564 sl: 0.00000 tp: 0.00000 -> sl: 1.43414 tp: 0.00000
0	19:47:11.470	'16040': order #1397525 buy 1.00 GBPUSD at 1.43564 was modified -> sl: 1.43414 tp: 0.00000
0	19:47:15.173	'16040': modify order #1397525 buy 1.00 GBPUSD at 1.43564 sl: 1.43414 tp: 0.00000 -> sl: 1.43367 tp: 0.00000
0	19:47:15.345	'16040': order #1397525 buy 1.00 GBPUSD at 1.43564 was modified -> sl: 1.43367 tp: 0.00000
0	19:47:22.596	'16040': modify order #1397525 buy 1.00 GBPUSD at 1.43564 sl: 1.43367 tp: 0.00000 -> sl: 1.43342 tp: 0.00000
0	19:47:22.784	'16040': order #1397525 buy 1.00 GBPUSD at 1.43564 was modified -> sl: 1.43342 tp: 0.00000
0	19:48:27.236	'16040': modify order #1397525 buy 1.00 GBPUSD at 1.43564 sl: 1.43342 tp: 0.00000 -> sl: 1.43342 tp: 1.43957
0	19:48:27.392	'16040': order #1397525 buy 1.00 GBPUSD at 1.43564 was modified -> sl: 1.43342 tp: 1.43957
0	19:48:37.565	'16040': modify order #1397525 buy 1.00 GBPUSD at 1.43564 sl: 1.43342 tp: 1.43957 -> sl: 1.43329 tp: 1.43957
0	19:48:37.737	'16040': order #1397525 buy 1.00 GBPUSD at 1.43564 was modified -> sl: 1.43329 tp: 1.43957
0	19:48:39.634	'16040': modify order #1397525 buy 1.00 GBPUSD at 1.43564 sl: 1.43329 tp: 1.43957 -> sl: 1.43325 tp: 1.43957
0	19:48:39.806	'16040': order #1397525 buy 1.00 GBPUSD at 1.43564 was modified -> sl: 1.43325 tp: 1.43957
0	20:04:27.533	'16040': instant order buy 1.00 GBPUSD at 1.43427 sl: 0.00000 tp: 0.00000
0	20:04:27.689	'16040': order was opened : #1397715 buy 1.00 GBPUSD at 1.43427 sl: 0.00000 tp: 0.00000
0	20:18:52.968	'16040': close order #1397715 buy 1.00 GBPUSD at 1.43427 sl: 0.00000 tp: 0.00000 at price 1.43463
0	20:18:53.202	'16040': order #1397715 buy 1.00 GBPUSD at 1.43427 sl: 0.00000 tp: 0.00000 closed at price 1.43463
0	20:19:30.069	'16040': close order #1397525 buy 1.00 GBPUSD at 1.43564 sl: 1.43325 tp: 1.43957 at price 1.43447
0	20:19:30.241	'16040': order #1397525 buy 1.00 GBPUSD at 1.43564 sl: 1.43325 tp: 1.43957 closed at price 1.43447
0	22:28:49.754	'16040': instant order buy 1.00 EURUSD at 1.13213 sl: 0.00000 tp: 0.00000
0	22:28:49.876	'16040': order was opened : #1400689 buy 1.00 EURUSD at 1.13213 sl: 0.00000 tp: 0.00000
0	22:29:37.003	'16040': modify order #1400689 buy 1.00 EURUSD at 1.13213 sl: 0.00000 tp: 0.00000 -> sl: 1.13036 tp: 0.00000
0	22:29:37.176	'16040': order #1400689 buy 1.00 EURUSD at 1.13213 was modified -> sl: 1.13036 tp: 0.00000
0	22:34:37.689	'16040': instant order buy 0.50 EURUSD at 1.13111 sl: 0.00000 tp: 0.00000
0	22:34:38.304	'16040': order was opened : #1400718 buy 0.50 EURUSD at 1.13111 sl: 0.00000 tp: 0.00000
0	22:36:29.098	'16040': modify order #1400718 buy 0.50 EURUSD at 1.13111 sl: 0.00000 tp: 0.00000 -> sl: 1.13028 tp: 0.00000
0	22:36:29.270	'16040': order #1400718 buy 0.50 EURUSD at 1.13111 was modified -> sl: 1.13028 tp: 0.00000
2	23:00:28.063	Script 3_Close_All EURUSD,M5: loaded successfully
0	23:00:28.064	'16040': close order #1400718 buy 0.50 EURUSD at 1.13111 sl: 1.13028 tp: 0.00000 at price 1.13276
0	23:00:28.219	'16040': order #1400718 buy 0.50 EURUSD at 1.13111 sl: 1.13028 tp: 0.00000 closed at price 1.13276
0	23:00:28.219	'16040': close order #1400689 buy 1.00 EURUSD at 1.13213 sl: 1.13036 tp: 0.00000 at price 1.13277
0	23:00:28.379	'16040': order #1400689 buy 1.00 EURUSD at 1.13213 sl: 1.13036 tp: 0.00000 closed at price 1.13277
2	23:00:28.379	Script 3_Close_All EURUSD,M5: removed
0	23:16:09.035	'16040': instant order sell 1.00 USDJPY at 111.286 sl: 0.000 tp: 0.000
0	23:16:09.187	'16040': order was opened : #1401158 sell 1.00 USDJPY at 111.286 sl: 0.000 tp: 0.000
0	23:16:13.710	'16040': modify order #1401158 sell 1.00 USDJPY at 111.286 sl: 0.000 tp: 0.000 -> sl: 111.463 tp: 0.000
0	23:16:13.868	'16040': order #1401158 sell 1.00 USDJPY at 111.286 was modified -> sl: 111.463 tp: 0.000
0	23:16:21.852	'16040': modify order #1401158 sell 1.00 USDJPY at 111.286 sl: 111.463 tp: 0.000 -> sl: 111.463 tp: 111.021
0	23:16:22.015	'16040': order #1401158 sell 1.00 USDJPY at 111.286 was modified -> sl: 111.463 tp: 111.021
0	23:21:43.017	'16040': instant order sell 1.00 USDJPY at 111.343 sl: 0.000 tp: 0.000
0	23:21:43.152	'16040': requote 111.337 / 111.357 for open sell 1.00 USDJPY at 111.343 sl: 0.000 tp: 0.000
0	23:21:45.570	'16040': instant order sell 1.00 USDJPY at 111.337 sl: 0.000 tp: 0.000
0	23:21:45.694	'16040': requote 111.346 / 111.366 for open sell 1.00 USDJPY at 111.337 sl: 0.000 tp: 0.000
0	23:21:47.957	'16040': instant order sell 1.00 USDJPY at 111.346 sl: 0.000 tp: 0.000
0	23:21:48.099	'16040': requote 111.341 / 111.361 for open sell 1.00 USDJPY at 111.346 sl: 0.000 tp: 0.000
0	23:21:49.465	'16040': instant order sell 1.00 USDJPY at 111.341 sl: 0.000 tp: 0.000
0	23:21:49.611	'16040': order was opened : #1401263 sell 1.00 USDJPY at 111.341 sl: 0.000 tp: 0.000
0	23:28:53.718	'16040': modify order #1401158 sell 1.00 USDJPY at 111.286 sl: 111.463 tp: 111.021 -> sl: 111.563 tp: 111.021
0	23:28:53.879	'16040': order #1401158 sell 1.00 USDJPY at 111.286 was modified -> sl: 111.563 tp: 111.021
0	23:38:03.370	'16040': order #1401158 sell 1.00 USDJPY at 111.286 closed due stop-loss at price 111.563
2	23:38:11.835	Script 3_Close_All USDJPY,M5: loaded successfully
0	23:38:11.836	'16040': close order #1401263 sell 1.00 USDJPY at 111.341 sl: 0.000 tp: 0.000 at price 111.564
0	23:38:11.996	'16040': order #1401263 sell 1.00 USDJPY at 111.341 sl: 0.000 tp: 0.000 closed at price 111.564
2	23:38:11.996	Script 3_Close_All USDJPY,M5: removed
0	23:38:23.845	'16040': instant order buy 1.00 USDJPY at 111.571 sl: 0.000 tp: 0.000
0	23:38:24.038	'16040': requote 111.554 / 111.574 for open buy 1.00 USDJPY at 111.571 sl: 0.000 tp: 0.000
0	23:38:26.493	'16040': instant order buy 1.00 USDJPY at 111.574 sl: 0.000 tp: 0.000
0	23:38:26.681	'16040': order was opened : #1401392 buy 1.00 USDJPY at 111.574 sl: 0.000 tp: 0.000
0	23:38:33.685	'16040': modify order #1401392 buy 1.00 USDJPY at 111.574 sl: 0.000 tp: 0.000 -> sl: 111.472 tp: 0.000
0	23:38:33.842	'16040': order #1401392 buy 1.00 USDJPY at 111.574 was modified -> sl: 111.472 tp: 0.000
0	23:44:32.017	'16040': order #1401392 buy 1.00 USDJPY at 111.574 closed due stop-loss at price 111.472
0	23:45:25.770	'16040': instant order buy 1.00 GBPUSD at 1.44690 sl: 0.00000 tp: 0.00000
0	23:45:25.933	'16040': order was opened : #1401448 buy 1.00 GBPUSD at 1.44690 sl: 0.00000 tp: 0.00000
0	23:45:31.289	'16040': modify order #1401448 buy 1.00 GBPUSD at 1.44690 sl: 0.00000 tp: 0.00000 -> sl: 1.44495 tp: 0.00000
0	23:45:31.497	'16040': order #1401448 buy 1.00 GBPUSD at 1.44690 was modified -> sl: 1.44495 tp: 0.00000
0	23:45:46.409	'16040': instant order buy 1.00 GBPUSD at 1.44684 sl: 0.00000 tp: 0.00000
0	23:45:46.568	'16040': order was opened : #1401453 buy 1.00 GBPUSD at 1.44684 sl: 0.00000 tp: 0.00000
0	23:46:13.722	'16040': instant order buy 1.00 GBPUSD at 1.44689 sl: 0.00000 tp: 0.00000
0	23:46:13.900	'16040': order was opened : #1401456 buy 1.00 GBPUSD at 1.44689 sl: 0.00000 tp: 0.00000
0	23:56:59.050	'16040': instant order buy 1.00 GBPUSD at 1.44621 sl: 0.00000 tp: 0.00000
0	23:56:59.247	'16040': order was opened : #1401501 buy 1.00 GBPUSD at 1.44621 sl: 0.00000 tp: 0.00000
0	23:57:06.712	'16040': modify order #1401448 buy 1.00 GBPUSD at 1.44690 sl: 1.44495 tp: 0.00000 -> sl: 1.44434 tp: 0.00000
0	23:57:06.862	'16040': order #1401448 buy 1.00 GBPUSD at 1.44690 was modified -> sl: 1.44434 tp: 0.00000
