0	00:10:29.077	'16040': instant order buy 1.00 GBPUSD at 1.44577 sl: 0.00000 tp: 0.00000
0	00:10:29.259	'16040': order was opened : #1401553 buy 1.00 GBPUSD at 1.44577 sl: 0.00000 tp: 0.00000
0	00:10:32.276	'16040': modify order #1401448 buy 1.00 GBPUSD at 1.44690 sl: 1.44434 tp: 0.00000 -> sl: 1.44264 tp: 0.00000
0	00:10:32.402	'16040': order #1401448 buy 1.00 GBPUSD at 1.44690 was modified -> sl: 1.44264 tp: 0.00000
2	00:49:04.900	Script 3_Close_All GBPUSD,M5: loaded successfully
0	00:49:04.901	'16040': close order #1401553 buy 1.00 GBPUSD at 1.44577 sl: 0.00000 tp: 0.00000 at price 1.44752
0	00:49:05.075	'16040': order #1401553 buy 1.00 GBPUSD at 1.44577 sl: 0.00000 tp: 0.00000 closed at price 1.44752
0	00:49:05.075	'16040': close order #1401501 buy 1.00 GBPUSD at 1.44621 sl: 0.00000 tp: 0.00000 at price 1.44752
0	00:49:05.247	'16040': order #1401501 buy 1.00 GBPUSD at 1.44621 sl: 0.00000 tp: 0.00000 closed at price 1.44752
0	00:49:05.247	'16040': close order #1401456 buy 1.00 GBPUSD at 1.44689 sl: 0.00000 tp: 0.00000 at price 1.44753
0	00:49:05.403	'16040': order #1401456 buy 1.00 GBPUSD at 1.44689 sl: 0.00000 tp: 0.00000 closed at price 1.44753
0	00:49:05.403	'16040': close order #1401453 buy 1.00 GBPUSD at 1.44684 sl: 0.00000 tp: 0.00000 at price 1.44753
0	00:49:05.560	'16040': order #1401453 buy 1.00 GBPUSD at 1.44684 sl: 0.00000 tp: 0.00000 closed at price 1.44753
0	00:49:05.561	'16040': close order #1401448 buy 1.00 GBPUSD at 1.44690 sl: 1.44264 tp: 0.00000 at price 1.44753
0	00:49:05.714	'16040': order #1401448 buy 1.00 GBPUSD at 1.44690 sl: 1.44264 tp: 0.00000 closed at price 1.44753
2	00:49:05.715	Script 3_Close_All GBPUSD,M5: removed
2	00:49:15.340	Custom indicator Otyame005_Super_Bollinger USDJPY,H1: removed
2	00:49:15.340	Custom indicator 23Signal_Price-v1 USDJPY,H1: removed
2	00:49:15.340	Custom indicator chikou_span_attacker USDJPY,H1: removed
2	00:49:15.343	Custom indicator Span_model USDJPY,M5: removed
2	00:49:15.343	Custom indicator ___MAÅôAngle_45_TAKE USDJPY,M5: removed
2	00:49:15.343	Custom indicator 23Signal_Price-v1 USDJPY,M5: removed
2	00:49:15.343	Custom indicator Max_Pivot USDJPY,M5: removed
2	00:49:15.344	Custom indicator Max_Line USDJPY,M5: removed
2	00:49:15.344	Custom indicator Elliott_Wave_Oscillator-Arrows2 USDJPY,M5: removed
2	00:49:15.344	Custom indicator EWPro USDJPY,M5: removed
2	00:49:15.345	Custom indicator Elliott_Wave_Oscillator USDJPY,M5: removed
2	00:49:15.349	Custom indicator Otyame005_Super_Bollinger EURUSD,H1: removed
2	00:49:15.349	Custom indicator 23Signal_Price-v1 EURUSD,H1: removed
2	00:49:15.349	Custom indicator chikou_span_attacker EURUSD,H1: removed
2	00:49:15.350	Custom indicator Span_model EURUSD,M5: removed
2	00:49:15.351	Custom indicator 23Signal_Price-v1 EURUSD,M5: removed
2	00:49:15.351	Custom indicator ___MAÅôAngle_45_TAKE EURUSD,M5: removed
2	00:49:15.351	Custom indicator Max_Pivot EURUSD,M5: removed
2	00:49:15.351	Custom indicator Max_Line EURUSD,M5: removed
2	00:49:15.352	Custom indicator Elliott_Wave_Oscillator-Arrows2 EURUSD,M5: removed
2	00:49:15.352	Custom indicator EWPro EURUSD,M5: removed
2	00:49:15.352	Custom indicator Elliott_Wave_Oscillator EURUSD,M5: removed
2	00:49:15.354	Custom indicator Otyame005_Super_Bollinger EURJPY,H1: removed
2	00:49:15.354	Custom indicator 23Signal_Price-v1 EURJPY,H1: removed
2	00:49:15.354	Custom indicator chikou_span_attacker EURJPY,H1: removed
2	00:49:15.355	Custom indicator Span_model EURJPY,M5: removed
2	00:49:15.355	Custom indicator 23Signal_Price-v1 EURJPY,M5: removed
2	00:49:15.355	Custom indicator ___MAÅôAngle_45_TAKE EURJPY,M5: removed
2	00:49:15.355	Custom indicator Max_Pivot EURJPY,M5: removed
2	00:49:15.356	Custom indicator Max_Line EURJPY,M5: removed
2	00:49:15.356	Custom indicator EWPro EURJPY,M5: removed
2	00:49:15.356	Custom indicator Elliott_Wave_Oscillator-Arrows2 EURJPY,M5: removed
2	00:49:15.357	Custom indicator Elliott_Wave_Oscillator EURJPY,M5: removed
2	00:49:15.358	Custom indicator Otyame005_Super_Bollinger GBPUSD,H1: removed
2	00:49:15.358	Custom indicator 23Signal_Price-v1 GBPUSD,H1: removed
2	00:49:15.359	Custom indicator chikou_span_attacker GBPUSD,H1: removed
2	00:49:15.366	Custom indicator Span_model GBPUSD,M5: removed
2	00:49:15.366	Custom indicator 23Signal_Price-v1 GBPUSD,M5: removed
2	00:49:15.366	Custom indicator ___MAÅôAngle_45_TAKE GBPUSD,M5: removed
2	00:49:15.367	Custom indicator Max_Pivot GBPUSD,M5: removed
2	00:49:15.367	Custom indicator Max_Line GBPUSD,M5: removed
2	00:49:15.367	Custom indicator EWPro GBPUSD,M5: removed
2	00:49:15.368	Custom indicator Elliott_Wave_Oscillator-Arrows2 GBPUSD,M5: removed
2	00:49:15.368	Custom indicator Elliott_Wave_Oscillator GBPUSD,M5: removed
2	00:49:15.369	Custom indicator Otyame005_Super_Bollinger GBPJPY,H1: removed
2	00:49:15.370	Custom indicator 23Signal_Price-v1 GBPJPY,H1: removed
2	00:49:15.370	Custom indicator chikou_span_attacker GBPJPY,H1: removed
2	00:49:15.371	Custom indicator Span_model GBPJPY,M5: removed
2	00:49:15.371	Custom indicator 23Signal_Price-v1 GBPJPY,M5: removed
2	00:49:15.371	Custom indicator ___MAÅôAngle_45_TAKE GBPJPY,M5: removed
2	00:49:15.371	Custom indicator Max_Sign GBPJPY,M5: removed
2	00:49:15.371	Custom indicator Max_Pivot GBPJPY,M5: removed
2	00:49:15.371	Custom indicator Max_Line GBPJPY,M5: removed
2	00:49:15.371	Custom indicator EWPro GBPJPY,M5: removed
2	00:49:15.372	Custom indicator Elliott_Wave_Oscillator-Arrows2 GBPJPY,M5: removed
2	00:49:15.373	Custom indicator Elliott_Wave_Oscillator GBPJPY,M5: removed
2	00:49:15.374	Custom indicator Otyame005_Super_Bollinger AUDUSD,H1: removed
2	00:49:15.374	Custom indicator 23Signal_Price-v1 AUDUSD,H1: removed
2	00:49:15.374	Custom indicator chikou_span_attacker AUDUSD,H1: removed
2	00:49:15.379	Custom indicator Span_model AUDUSD,M5: removed
2	00:49:15.379	Custom indicator 23Signal_Price-v1 AUDUSD,M5: removed
2	00:49:15.379	Custom indicator ___MAÅôAngle_45_TAKE AUDUSD,M5: removed
2	00:49:15.379	Custom indicator Max_Pivot AUDUSD,M5: removed
2	00:49:15.380	Custom indicator Max_Line AUDUSD,M5: removed
2	00:49:15.380	Custom indicator EWPro AUDUSD,M5: removed
2	00:49:15.380	Custom indicator Elliott_Wave_Oscillator-Arrows2 AUDUSD,M5: removed
2	00:49:15.381	Custom indicator Elliott_Wave_Oscillator AUDUSD,M5: removed
2	00:49:15.384	Custom indicator Economic_indicator EURUSD,H1: removed
0	00:49:15.539	GemFX MT4 build 950 stopped
0	00:51:58.663	GemFX MT4 build 950 started (GemTrade Co., Ltd.)
0	00:51:58.664	Windows 10 Home (x64 based PC), IE 12.62, UAC, 8 x Intel Core i7-3770  @ 3.40GHz, RAM: 11188 / 16327 Mb, HDD: 147539 / 228383 Mb, GMT+09:00
0	00:51:58.664	Data Folder: C:\Users\koichi\AppData\Roaming\MetaQuotes\Terminal\250ECE632D67BAE8424D7871E3ED5548
2	00:51:59.233	Custom indicator Otyame005_Super_Bollinger USDJPY,H1: loaded successfully
2	00:51:59.235	Custom indicator 23Signal_Price-v1 USDJPY,H1: loaded successfully
2	00:51:59.239	Custom indicator chikou_span_attacker USDJPY,H1: loaded successfully
2	00:51:59.270	Custom indicator Span_model USDJPY,M5: loaded successfully
2	00:51:59.272	Custom indicator ___MAÅôAngle_45_TAKE USDJPY,M5: loaded successfully
2	00:51:59.273	Custom indicator 23Signal_Price-v1 USDJPY,M5: loaded successfully
2	00:51:59.274	Custom indicator Max_Pivot USDJPY,M5: loaded successfully
2	00:51:59.278	Custom indicator Max_Line USDJPY,M5: loaded successfully
2	00:51:59.284	Custom indicator Elliott_Wave_Oscillator-Arrows2 USDJPY,M5: loaded successfully
2	00:51:59.286	Custom indicator EWPro USDJPY,M5: loaded successfully
2	00:51:59.291	Custom indicator Elliott_Wave_Oscillator USDJPY,M5: loaded successfully
2	00:51:59.400	Custom indicator Otyame005_Super_Bollinger EURUSD,H1: loaded successfully
2	00:51:59.401	Custom indicator 23Signal_Price-v1 EURUSD,H1: loaded successfully
2	00:51:59.406	Custom indicator chikou_span_attacker EURUSD,H1: loaded successfully
2	00:51:59.439	Custom indicator Span_model EURUSD,M5: loaded successfully
2	00:51:59.441	Custom indicator 23Signal_Price-v1 EURUSD,M5: loaded successfully
2	00:51:59.442	Custom indicator ___MAÅôAngle_45_TAKE EURUSD,M5: loaded successfully
2	00:51:59.443	Custom indicator Max_Pivot EURUSD,M5: loaded successfully
2	00:51:59.447	Custom indicator Max_Line EURUSD,M5: loaded successfully
2	00:51:59.453	Custom indicator Elliott_Wave_Oscillator-Arrows2 EURUSD,M5: loaded successfully
2	00:51:59.455	Custom indicator EWPro EURUSD,M5: loaded successfully
2	00:51:59.461	Custom indicator Elliott_Wave_Oscillator EURUSD,M5: loaded successfully
2	00:51:59.572	Custom indicator Otyame005_Super_Bollinger EURJPY,H1: loaded successfully
2	00:51:59.573	Custom indicator 23Signal_Price-v1 EURJPY,H1: loaded successfully
2	00:51:59.577	Custom indicator chikou_span_attacker EURJPY,H1: loaded successfully
2	00:51:59.611	Custom indicator Span_model EURJPY,M5: loaded successfully
2	00:51:59.613	Custom indicator 23Signal_Price-v1 EURJPY,M5: loaded successfully
2	00:51:59.614	Custom indicator ___MAÅôAngle_45_TAKE EURJPY,M5: loaded successfully
2	00:51:59.615	Custom indicator Max_Pivot EURJPY,M5: loaded successfully
2	00:51:59.620	Custom indicator Max_Line EURJPY,M5: loaded successfully
2	00:51:59.622	Custom indicator EWPro EURJPY,M5: loaded successfully
2	00:51:59.627	Custom indicator Elliott_Wave_Oscillator-Arrows2 EURJPY,M5: loaded successfully
2	00:51:59.632	Custom indicator Elliott_Wave_Oscillator EURJPY,M5: loaded successfully
2	00:51:59.741	Custom indicator Otyame005_Super_Bollinger GBPUSD,H1: loaded successfully
2	00:51:59.742	Custom indicator 23Signal_Price-v1 GBPUSD,H1: loaded successfully
2	00:51:59.746	Custom indicator chikou_span_attacker GBPUSD,H1: loaded successfully
2	00:51:59.780	Custom indicator Span_model GBPUSD,M5: loaded successfully
2	00:51:59.781	Custom indicator 23Signal_Price-v1 GBPUSD,M5: loaded successfully
2	00:51:59.783	Custom indicator ___MAÅôAngle_45_TAKE GBPUSD,M5: loaded successfully
2	00:51:59.784	Custom indicator Max_Pivot GBPUSD,M5: loaded successfully
2	00:51:59.788	Custom indicator Max_Line GBPUSD,M5: loaded successfully
2	00:51:59.790	Custom indicator EWPro GBPUSD,M5: loaded successfully
2	00:51:59.796	Custom indicator Elliott_Wave_Oscillator-Arrows2 GBPUSD,M5: loaded successfully
2	00:51:59.801	Custom indicator Elliott_Wave_Oscillator GBPUSD,M5: loaded successfully
2	00:51:59.914	Custom indicator Otyame005_Super_Bollinger GBPJPY,H1: loaded successfully
2	00:51:59.915	Custom indicator 23Signal_Price-v1 GBPJPY,H1: loaded successfully
2	00:51:59.920	Custom indicator chikou_span_attacker GBPJPY,H1: loaded successfully
2	00:51:59.958	Custom indicator Span_model GBPJPY,M5: loaded successfully
2	00:51:59.959	Custom indicator 23Signal_Price-v1 GBPJPY,M5: loaded successfully
2	00:51:59.960	Custom indicator ___MAÅôAngle_45_TAKE GBPJPY,M5: loaded successfully
2	00:51:59.962	Custom indicator Max_Sign GBPJPY,M5: loaded successfully
2	00:51:59.963	Custom indicator Max_Pivot GBPJPY,M5: loaded successfully
2	00:51:59.967	Custom indicator Max_Line GBPJPY,M5: loaded successfully
2	00:51:59.969	Custom indicator EWPro GBPJPY,M5: loaded successfully
2	00:51:59.974	Custom indicator Elliott_Wave_Oscillator-Arrows2 GBPJPY,M5: loaded successfully
2	00:51:59.979	Custom indicator Elliott_Wave_Oscillator GBPJPY,M5: loaded successfully
2	00:52:00.096	Custom indicator Otyame005_Super_Bollinger AUDUSD,H1: loaded successfully
2	00:52:00.097	Custom indicator 23Signal_Price-v1 AUDUSD,H1: loaded successfully
2	00:52:00.102	Custom indicator chikou_span_attacker AUDUSD,H1: loaded successfully
2	00:52:00.140	Custom indicator Span_model AUDUSD,M5: loaded successfully
2	00:52:00.141	Custom indicator 23Signal_Price-v1 AUDUSD,M5: loaded successfully
2	00:52:00.143	Custom indicator ___MAÅôAngle_45_TAKE AUDUSD,M5: loaded successfully
2	00:52:00.144	Custom indicator Max_Pivot AUDUSD,M5: loaded successfully
2	00:52:00.148	Custom indicator Max_Line AUDUSD,M5: loaded successfully
2	00:52:00.150	Custom indicator EWPro AUDUSD,M5: loaded successfully
2	00:52:00.156	Custom indicator Elliott_Wave_Oscillator-Arrows2 AUDUSD,M5: loaded successfully
2	00:52:00.161	Custom indicator Elliott_Wave_Oscillator AUDUSD,M5: loaded successfully
2	00:52:00.277	Custom indicator Economic_indicator EURUSD,H1: loaded successfully
0	00:52:01.954	'16040': login on GemForex-Live through DC1 (ping: 73.98 ms)
0	00:52:02.879	'16040': login datacenter on GemForex-Live through DC1 (ping: 73.98 ms)
0	00:52:03.086	'16040': previous successful authorization performed from 119.242.14.176
0	00:52:25.190	'16040': ping to current access point DC1 is 73.19 ms
2	01:01:11.432	Custom indicator Otyame005_Super_Bollinger USDJPY,H1: removed
2	01:01:11.432	Custom indicator 23Signal_Price-v1 USDJPY,H1: removed
2	01:01:11.433	Custom indicator chikou_span_attacker USDJPY,H1: removed
2	01:01:11.434	Custom indicator Span_model USDJPY,M5: removed
2	01:01:11.434	Custom indicator ___MAÅôAngle_45_TAKE USDJPY,M5: removed
2	01:01:11.434	Custom indicator 23Signal_Price-v1 USDJPY,M5: removed
2	01:01:11.434	Custom indicator Max_Pivot USDJPY,M5: removed
2	01:01:11.435	Custom indicator Max_Line USDJPY,M5: removed
2	01:01:11.435	Custom indicator Elliott_Wave_Oscillator-Arrows2 USDJPY,M5: removed
2	01:01:11.435	Custom indicator EWPro USDJPY,M5: removed
2	01:01:11.436	Custom indicator Elliott_Wave_Oscillator USDJPY,M5: removed
2	01:01:11.437	Custom indicator Otyame005_Super_Bollinger EURUSD,H1: removed
2	01:01:11.437	Custom indicator 23Signal_Price-v1 EURUSD,H1: removed
2	01:01:11.437	Custom indicator chikou_span_attacker EURUSD,H1: removed
2	01:01:11.439	Custom indicator Span_model EURUSD,M5: removed
2	01:01:11.439	Custom indicator 23Signal_Price-v1 EURUSD,M5: removed
2	01:01:11.439	Custom indicator ___MAÅôAngle_45_TAKE EURUSD,M5: removed
2	01:01:11.439	Custom indicator Max_Pivot EURUSD,M5: removed
2	01:01:11.439	Custom indicator Max_Line EURUSD,M5: removed
2	01:01:11.440	Custom indicator Elliott_Wave_Oscillator-Arrows2 EURUSD,M5: removed
2	01:01:11.440	Custom indicator EWPro EURUSD,M5: removed
2	01:01:11.440	Custom indicator Elliott_Wave_Oscillator EURUSD,M5: removed
2	01:01:11.442	Custom indicator Otyame005_Super_Bollinger EURJPY,H1: removed
2	01:01:11.442	Custom indicator 23Signal_Price-v1 EURJPY,H1: removed
2	01:01:11.442	Custom indicator chikou_span_attacker EURJPY,H1: removed
2	01:01:11.444	Custom indicator Span_model EURJPY,M5: removed
2	01:01:11.444	Custom indicator 23Signal_Price-v1 EURJPY,M5: removed
2	01:01:11.444	Custom indicator ___MAÅôAngle_45_TAKE EURJPY,M5: removed
2	01:01:11.444	Custom indicator Max_Pivot EURJPY,M5: removed
2	01:01:11.445	Custom indicator Max_Line EURJPY,M5: removed
2	01:01:11.445	Custom indicator EWPro EURJPY,M5: removed
2	01:01:11.445	Custom indicator Elliott_Wave_Oscillator-Arrows2 EURJPY,M5: removed
2	01:01:11.446	Custom indicator Elliott_Wave_Oscillator EURJPY,M5: removed
2	01:01:11.447	Custom indicator Otyame005_Super_Bollinger GBPUSD,H1: removed
2	01:01:11.447	Custom indicator 23Signal_Price-v1 GBPUSD,H1: removed
2	01:01:11.448	Custom indicator chikou_span_attacker GBPUSD,H1: removed
2	01:01:11.453	Custom indicator Span_model GBPUSD,M5: removed
2	01:01:11.453	Custom indicator 23Signal_Price-v1 GBPUSD,M5: removed
2	01:01:11.453	Custom indicator ___MAÅôAngle_45_TAKE GBPUSD,M5: removed
2	01:01:11.453	Custom indicator Max_Pivot GBPUSD,M5: removed
2	01:01:11.454	Custom indicator Max_Line GBPUSD,M5: removed
2	01:01:11.454	Custom indicator EWPro GBPUSD,M5: removed
2	01:01:11.454	Custom indicator Elliott_Wave_Oscillator-Arrows2 GBPUSD,M5: removed
2	01:01:11.455	Custom indicator Elliott_Wave_Oscillator GBPUSD,M5: removed
2	01:01:11.456	Custom indicator Otyame005_Super_Bollinger GBPJPY,H1: removed
2	01:01:11.456	Custom indicator 23Signal_Price-v1 GBPJPY,H1: removed
2	01:01:11.457	Custom indicator chikou_span_attacker GBPJPY,H1: removed
2	01:01:11.458	Custom indicator Span_model GBPJPY,M5: removed
2	01:01:11.458	Custom indicator 23Signal_Price-v1 GBPJPY,M5: removed
2	01:01:11.458	Custom indicator ___MAÅôAngle_45_TAKE GBPJPY,M5: removed
2	01:01:11.458	Custom indicator Max_Sign GBPJPY,M5: removed
2	01:01:11.458	Custom indicator Max_Pivot GBPJPY,M5: removed
2	01:01:11.458	Custom indicator Max_Line GBPJPY,M5: removed
2	01:01:11.458	Custom indicator EWPro GBPJPY,M5: removed
2	01:01:11.459	Custom indicator Elliott_Wave_Oscillator-Arrows2 GBPJPY,M5: removed
2	01:01:11.459	Custom indicator Elliott_Wave_Oscillator GBPJPY,M5: removed
2	01:01:11.461	Custom indicator Otyame005_Super_Bollinger AUDUSD,H1: removed
2	01:01:11.461	Custom indicator 23Signal_Price-v1 AUDUSD,H1: removed
2	01:01:11.461	Custom indicator chikou_span_attacker AUDUSD,H1: removed
2	01:01:11.462	Custom indicator Span_model AUDUSD,M5: removed
2	01:01:11.462	Custom indicator 23Signal_Price-v1 AUDUSD,M5: removed
2	01:01:11.462	Custom indicator ___MAÅôAngle_45_TAKE AUDUSD,M5: removed
2	01:01:11.462	Custom indicator Max_Pivot AUDUSD,M5: removed
2	01:01:11.463	Custom indicator Max_Line AUDUSD,M5: removed
2	01:01:11.463	Custom indicator EWPro AUDUSD,M5: removed
2	01:01:11.463	Custom indicator Elliott_Wave_Oscillator-Arrows2 AUDUSD,M5: removed
2	01:01:11.464	Custom indicator Elliott_Wave_Oscillator AUDUSD,M5: removed
2	01:01:11.467	Custom indicator Economic_indicator EURUSD,H1: removed
0	01:01:11.605	GemFX MT4 build 950 stopped
0	07:00:11.965	GemFX MT4 build 950 started (GemTrade Co., Ltd.)
0	07:00:11.965	Windows 10 Home (x64 based PC), IE 12.62, UAC, 8 x Intel Core i7-3770  @ 3.40GHz, RAM: 14201 / 16327 Mb, HDD: 147544 / 228383 Mb, GMT+09:00
0	07:00:11.965	Data Folder: C:\Users\koichi\AppData\Roaming\MetaQuotes\Terminal\250ECE632D67BAE8424D7871E3ED5548
2	07:00:12.715	Custom indicator Otyame005_Super_Bollinger USDJPY,H1: loaded successfully
2	07:00:12.715	Custom indicator 23Signal_Price-v1 USDJPY,H1: loaded successfully
2	07:00:12.715	Custom indicator chikou_span_attacker USDJPY,H1: loaded successfully
2	07:00:12.778	Custom indicator Span_model USDJPY,M5: loaded successfully
2	07:00:12.778	Custom indicator ___MAÅôAngle_45_TAKE USDJPY,M5: loaded successfully
2	07:00:12.778	Custom indicator 23Signal_Price-v1 USDJPY,M5: loaded successfully
2	07:00:12.778	Custom indicator Max_Pivot USDJPY,M5: loaded successfully
2	07:00:12.778	Custom indicator Max_Line USDJPY,M5: loaded successfully
2	07:00:12.793	Custom indicator Elliott_Wave_Oscillator-Arrows2 USDJPY,M5: loaded successfully
2	07:00:12.793	Custom indicator EWPro USDJPY,M5: loaded successfully
2	07:00:12.793	Custom indicator Elliott_Wave_Oscillator USDJPY,M5: loaded successfully
2	07:00:12.903	Custom indicator Otyame005_Super_Bollinger EURUSD,H1: loaded successfully
2	07:00:12.903	Custom indicator 23Signal_Price-v1 EURUSD,H1: loaded successfully
2	07:00:12.903	Custom indicator chikou_span_attacker EURUSD,H1: loaded successfully
2	07:00:12.949	Custom indicator Span_model EURUSD,M5: loaded successfully
2	07:00:12.949	Custom indicator 23Signal_Price-v1 EURUSD,M5: loaded successfully
2	07:00:12.949	Custom indicator ___MAÅôAngle_45_TAKE EURUSD,M5: loaded successfully
2	07:00:12.949	Custom indicator Max_Pivot EURUSD,M5: loaded successfully
2	07:00:12.965	Custom indicator Max_Line EURUSD,M5: loaded successfully
2	07:00:12.965	Custom indicator Elliott_Wave_Oscillator-Arrows2 EURUSD,M5: loaded successfully
2	07:00:12.965	Custom indicator EWPro EURUSD,M5: loaded successfully
2	07:00:12.965	Custom indicator Elliott_Wave_Oscillator EURUSD,M5: loaded successfully
2	07:00:13.074	Custom indicator Otyame005_Super_Bollinger EURJPY,H1: loaded successfully
2	07:00:13.074	Custom indicator 23Signal_Price-v1 EURJPY,H1: loaded successfully
2	07:00:13.074	Custom indicator chikou_span_attacker EURJPY,H1: loaded successfully
2	07:00:13.121	Custom indicator Span_model EURJPY,M5: loaded successfully
2	07:00:13.137	Custom indicator 23Signal_Price-v1 EURJPY,M5: loaded successfully
2	07:00:13.137	Custom indicator ___MAÅôAngle_45_TAKE EURJPY,M5: loaded successfully
2	07:00:13.137	Custom indicator Max_Pivot EURJPY,M5: loaded successfully
2	07:00:13.137	Custom indicator Max_Line EURJPY,M5: loaded successfully
2	07:00:13.137	Custom indicator EWPro EURJPY,M5: loaded successfully
2	07:00:13.137	Custom indicator Elliott_Wave_Oscillator-Arrows2 EURJPY,M5: loaded successfully
2	07:00:13.153	Custom indicator Elliott_Wave_Oscillator EURJPY,M5: loaded successfully
2	07:00:13.246	Custom indicator Otyame005_Super_Bollinger GBPUSD,H1: loaded successfully
2	07:00:13.246	Custom indicator 23Signal_Price-v1 GBPUSD,H1: loaded successfully
2	07:00:13.262	Custom indicator chikou_span_attacker GBPUSD,H1: loaded successfully
2	07:00:13.309	Custom indicator Span_model GBPUSD,M5: loaded successfully
2	07:00:13.309	Custom indicator 23Signal_Price-v1 GBPUSD,M5: loaded successfully
2	07:00:13.309	Custom indicator ___MAÅôAngle_45_TAKE GBPUSD,M5: loaded successfully
2	07:00:13.309	Custom indicator Max_Pivot GBPUSD,M5: loaded successfully
2	07:00:13.309	Custom indicator Max_Line GBPUSD,M5: loaded successfully
2	07:00:13.309	Custom indicator EWPro GBPUSD,M5: loaded successfully
2	07:00:13.324	Custom indicator Elliott_Wave_Oscillator-Arrows2 GBPUSD,M5: loaded successfully
2	07:00:13.324	Custom indicator Elliott_Wave_Oscillator GBPUSD,M5: loaded successfully
2	07:00:13.434	Custom indicator Otyame005_Super_Bollinger GBPJPY,H1: loaded successfully
2	07:00:13.434	Custom indicator 23Signal_Price-v1 GBPJPY,H1: loaded successfully
2	07:00:13.434	Custom indicator chikou_span_attacker GBPJPY,H1: loaded successfully
2	07:00:13.496	Custom indicator Span_model GBPJPY,M5: loaded successfully
2	07:00:13.496	Custom indicator 23Signal_Price-v1 GBPJPY,M5: loaded successfully
2	07:00:13.496	Custom indicator ___MAÅôAngle_45_TAKE GBPJPY,M5: loaded successfully
2	07:00:13.496	Custom indicator Max_Sign GBPJPY,M5: loaded successfully
2	07:00:13.496	Custom indicator Max_Pivot GBPJPY,M5: loaded successfully
2	07:00:13.496	Custom indicator Max_Line GBPJPY,M5: loaded successfully
2	07:00:13.496	Custom indicator EWPro GBPJPY,M5: loaded successfully
2	07:00:13.512	Custom indicator Elliott_Wave_Oscillator-Arrows2 GBPJPY,M5: loaded successfully
2	07:00:13.512	Custom indicator Elliott_Wave_Oscillator GBPJPY,M5: loaded successfully
2	07:00:13.621	Custom indicator Otyame005_Super_Bollinger AUDUSD,H1: loaded successfully
2	07:00:13.621	Custom indicator 23Signal_Price-v1 AUDUSD,H1: loaded successfully
2	07:00:13.621	Custom indicator chikou_span_attacker AUDUSD,H1: loaded successfully
2	07:00:13.684	Custom indicator Span_model AUDUSD,M5: loaded successfully
2	07:00:13.684	Custom indicator 23Signal_Price-v1 AUDUSD,M5: loaded successfully
2	07:00:13.684	Custom indicator ___MAÅôAngle_45_TAKE AUDUSD,M5: loaded successfully
2	07:00:13.684	Custom indicator Max_Pivot AUDUSD,M5: loaded successfully
2	07:00:13.684	Custom indicator Max_Line AUDUSD,M5: loaded successfully
2	07:00:13.684	Custom indicator EWPro AUDUSD,M5: loaded successfully
2	07:00:13.684	Custom indicator Elliott_Wave_Oscillator-Arrows2 AUDUSD,M5: loaded successfully
2	07:00:13.699	Custom indicator Elliott_Wave_Oscillator AUDUSD,M5: loaded successfully
2	07:00:13.809	Custom indicator Economic_indicator EURUSD,H1: loaded successfully
0	07:00:17.193	'16040': login on GemForex-Live through DC1 (ping: 73.19 ms)
0	07:00:18.209	'16040': login datacenter on GemForex-Live through DC1 (ping: 73.19 ms)
0	07:00:18.431	'16040': previous successful authorization performed from 119.242.14.176
0	07:00:40.708	'16040': ping to current access point DC1 is 73.49 ms
2	07:10:33.606	Custom indicator Otyame005_Super_Bollinger USDJPY,H1: removed
2	07:10:33.606	Custom indicator 23Signal_Price-v1 USDJPY,H1: removed
2	07:10:33.607	Custom indicator chikou_span_attacker USDJPY,H1: removed
2	07:10:33.607	Custom indicator Span_model USDJPY,M5: removed
2	07:10:33.607	Custom indicator ___MAÅôAngle_45_TAKE USDJPY,M5: removed
2	07:10:33.607	Custom indicator 23Signal_Price-v1 USDJPY,M5: removed
2	07:10:33.607	Custom indicator Max_Pivot USDJPY,M5: removed
2	07:10:33.608	Custom indicator Max_Line USDJPY,M5: removed
2	07:10:33.609	Custom indicator Elliott_Wave_Oscillator-Arrows2 USDJPY,M5: removed
2	07:10:33.609	Custom indicator EWPro USDJPY,M5: removed
2	07:10:33.609	Custom indicator Elliott_Wave_Oscillator USDJPY,M5: removed
2	07:10:33.610	Custom indicator Otyame005_Super_Bollinger EURUSD,H1: removed
2	07:10:33.610	Custom indicator 23Signal_Price-v1 EURUSD,H1: removed
2	07:10:33.611	Custom indicator chikou_span_attacker EURUSD,H1: removed
2	07:10:33.612	Custom indicator Span_model EURUSD,H4: removed
2	07:10:33.612	Custom indicator 23Signal_Price-v1 EURUSD,H4: removed
2	07:10:33.612	Custom indicator ___MAÅôAngle_45_TAKE EURUSD,H4: removed
2	07:10:33.612	Custom indicator Max_Pivot EURUSD,H4: removed
2	07:10:33.612	Custom indicator Max_Line EURUSD,H4: removed
2	07:10:33.613	Custom indicator Elliott_Wave_Oscillator-Arrows2 EURUSD,H4: removed
2	07:10:33.613	Custom indicator EWPro EURUSD,H4: removed
2	07:10:33.613	Custom indicator Elliott_Wave_Oscillator EURUSD,H4: removed
2	07:10:33.615	Custom indicator Otyame005_Super_Bollinger EURJPY,H1: removed
2	07:10:33.615	Custom indicator 23Signal_Price-v1 EURJPY,H1: removed
2	07:10:33.615	Custom indicator chikou_span_attacker EURJPY,H1: removed
2	07:10:33.616	Custom indicator Span_model EURJPY,M5: removed
2	07:10:33.616	Custom indicator 23Signal_Price-v1 EURJPY,M5: removed
2	07:10:33.616	Custom indicator ___MAÅôAngle_45_TAKE EURJPY,M5: removed
2	07:10:33.616	Custom indicator Max_Pivot EURJPY,M5: removed
2	07:10:33.617	Custom indicator Max_Line EURJPY,M5: removed
2	07:10:33.617	Custom indicator EWPro EURJPY,M5: removed
2	07:10:33.617	Custom indicator Elliott_Wave_Oscillator-Arrows2 EURJPY,M5: removed
2	07:10:33.618	Custom indicator Elliott_Wave_Oscillator EURJPY,M5: removed
2	07:10:33.619	Custom indicator Otyame005_Super_Bollinger GBPUSD,H1: removed
2	07:10:33.619	Custom indicator 23Signal_Price-v1 GBPUSD,H1: removed
2	07:10:33.620	Custom indicator chikou_span_attacker GBPUSD,H1: removed
2	07:10:33.621	Custom indicator Span_model GBPUSD,M5: removed
2	07:10:33.621	Custom indicator 23Signal_Price-v1 GBPUSD,M5: removed
2	07:10:33.621	Custom indicator ___MAÅôAngle_45_TAKE GBPUSD,M5: removed
2	07:10:33.621	Custom indicator Max_Pivot GBPUSD,M5: removed
2	07:10:33.621	Custom indicator Max_Line GBPUSD,M5: removed
2	07:10:33.621	Custom indicator EWPro GBPUSD,M5: removed
2	07:10:33.622	Custom indicator Elliott_Wave_Oscillator-Arrows2 GBPUSD,M5: removed
2	07:10:33.622	Custom indicator Elliott_Wave_Oscillator GBPUSD,M5: removed
2	07:10:33.624	Custom indicator Otyame005_Super_Bollinger GBPJPY,H1: removed
2	07:10:33.624	Custom indicator 23Signal_Price-v1 GBPJPY,H1: removed
2	07:10:33.624	Custom indicator chikou_span_attacker GBPJPY,H1: removed
2	07:10:33.625	Custom indicator Span_model GBPJPY,M5: removed
2	07:10:33.625	Custom indicator 23Signal_Price-v1 GBPJPY,M5: removed
2	07:10:33.625	Custom indicator ___MAÅôAngle_45_TAKE GBPJPY,M5: removed
2	07:10:33.625	Custom indicator Max_Sign GBPJPY,M5: removed
2	07:10:33.625	Custom indicator Max_Pivot GBPJPY,M5: removed
2	07:10:33.626	Custom indicator Max_Line GBPJPY,M5: removed
2	07:10:33.626	Custom indicator EWPro GBPJPY,M5: removed
2	07:10:33.626	Custom indicator Elliott_Wave_Oscillator-Arrows2 GBPJPY,M5: removed
2	07:10:33.627	Custom indicator Elliott_Wave_Oscillator GBPJPY,M5: removed
2	07:10:33.628	Custom indicator Otyame005_Super_Bollinger AUDUSD,H1: removed
2	07:10:33.628	Custom indicator 23Signal_Price-v1 AUDUSD,H1: removed
2	07:10:33.629	Custom indicator chikou_span_attacker AUDUSD,H1: removed
2	07:10:33.630	Custom indicator Span_model AUDUSD,M5: removed
2	07:10:33.630	Custom indicator 23Signal_Price-v1 AUDUSD,M5: removed
2	07:10:33.630	Custom indicator ___MAÅôAngle_45_TAKE AUDUSD,M5: removed
2	07:10:33.630	Custom indicator Max_Pivot AUDUSD,M5: removed
2	07:10:33.630	Custom indicator Max_Line AUDUSD,M5: removed
2	07:10:33.630	Custom indicator EWPro AUDUSD,M5: removed
2	07:10:33.631	Custom indicator Elliott_Wave_Oscillator-Arrows2 AUDUSD,M5: removed
2	07:10:33.631	Custom indicator Elliott_Wave_Oscillator AUDUSD,M5: removed
2	07:10:33.634	Custom indicator Economic_indicator EURUSD,H1: removed
0	07:10:33.760	GemFX MT4 build 950 stopped
0	19:13:10.921	GemFX MT4 build 950 started (GemTrade Co., Ltd.)
0	19:13:10.921	Windows 10 Home (x64 based PC), IE 12.62, UAC, 8 x Intel Core i7-3770  @ 3.40GHz, RAM: 14573 / 16327 Mb, HDD: 147588 / 228383 Mb, GMT+09:00
0	19:13:10.921	Data Folder: C:\Users\koichi\AppData\Roaming\MetaQuotes\Terminal\250ECE632D67BAE8424D7871E3ED5548
2	19:13:12.108	Custom indicator Otyame005_Super_Bollinger USDJPY,H1: loaded successfully
2	19:13:12.108	Custom indicator 23Signal_Price-v1 USDJPY,H1: loaded successfully
2	19:13:12.124	Custom indicator chikou_span_attacker USDJPY,H1: loaded successfully
2	19:13:12.171	Custom indicator Span_model USDJPY,M5: loaded successfully
2	19:13:12.171	Custom indicator ___MAÅôAngle_45_TAKE USDJPY,M5: loaded successfully
2	19:13:12.171	Custom indicator 23Signal_Price-v1 USDJPY,M5: loaded successfully
2	19:13:12.171	Custom indicator Max_Pivot USDJPY,M5: loaded successfully
2	19:13:12.186	Custom indicator Max_Line USDJPY,M5: loaded successfully
2	19:13:12.186	Custom indicator Elliott_Wave_Oscillator-Arrows2 USDJPY,M5: loaded successfully
2	19:13:12.186	Custom indicator EWPro USDJPY,M5: loaded successfully
2	19:13:12.186	Custom indicator Elliott_Wave_Oscillator USDJPY,M5: loaded successfully
2	19:13:12.296	Custom indicator Otyame005_Super_Bollinger EURUSD,H1: loaded successfully
2	19:13:12.296	Custom indicator 23Signal_Price-v1 EURUSD,H1: loaded successfully
2	19:13:12.296	Custom indicator chikou_span_attacker EURUSD,H1: loaded successfully
2	19:13:12.358	Custom indicator Span_model EURUSD,H4: loaded successfully
2	19:13:12.358	Custom indicator 23Signal_Price-v1 EURUSD,H4: loaded successfully
2	19:13:12.358	Custom indicator ___MAÅôAngle_45_TAKE EURUSD,H4: loaded successfully
2	19:13:12.358	Custom indicator Max_Pivot EURUSD,H4: loaded successfully
2	19:13:12.358	Custom indicator Max_Line EURUSD,H4: loaded successfully
2	19:13:12.358	Custom indicator Elliott_Wave_Oscillator-Arrows2 EURUSD,H4: loaded successfully
2	19:13:12.374	Custom indicator EWPro EURUSD,H4: loaded successfully
2	19:13:12.374	Custom indicator Elliott_Wave_Oscillator EURUSD,H4: loaded successfully
2	19:13:12.561	Custom indicator Otyame005_Super_Bollinger EURJPY,H1: loaded successfully
2	19:13:12.561	Custom indicator 23Signal_Price-v1 EURJPY,H1: loaded successfully
2	19:13:12.561	Custom indicator chikou_span_attacker EURJPY,H1: loaded successfully
2	19:13:12.608	Custom indicator Span_model EURJPY,M5: loaded successfully
2	19:13:12.608	Custom indicator 23Signal_Price-v1 EURJPY,M5: loaded successfully
2	19:13:12.608	Custom indicator ___MAÅôAngle_45_TAKE EURJPY,M5: loaded successfully
2	19:13:12.624	Custom indicator Max_Pivot EURJPY,M5: loaded successfully
2	19:13:12.624	Custom indicator Max_Line EURJPY,M5: loaded successfully
2	19:13:12.624	Custom indicator EWPro EURJPY,M5: loaded successfully
2	19:13:12.624	Custom indicator Elliott_Wave_Oscillator-Arrows2 EURJPY,M5: loaded successfully
2	19:13:12.639	Custom indicator Elliott_Wave_Oscillator EURJPY,M5: loaded successfully
2	19:13:12.733	Custom indicator Otyame005_Super_Bollinger GBPUSD,H1: loaded successfully
2	19:13:12.733	Custom indicator 23Signal_Price-v1 GBPUSD,H1: loaded successfully
2	19:13:12.749	Custom indicator chikou_span_attacker GBPUSD,H1: loaded successfully
2	19:13:12.796	Custom indicator Span_model GBPUSD,M5: loaded successfully
2	19:13:12.796	Custom indicator 23Signal_Price-v1 GBPUSD,M5: loaded successfully
2	19:13:12.796	Custom indicator ___MAÅôAngle_45_TAKE GBPUSD,M5: loaded successfully
2	19:13:12.796	Custom indicator Max_Pivot GBPUSD,M5: loaded successfully
2	19:13:12.811	Custom indicator Max_Line GBPUSD,M5: loaded successfully
2	19:13:12.811	Custom indicator EWPro GBPUSD,M5: loaded successfully
2	19:13:12.811	Custom indicator Elliott_Wave_Oscillator-Arrows2 GBPUSD,M5: loaded successfully
2	19:13:12.811	Custom indicator Elliott_Wave_Oscillator GBPUSD,M5: loaded successfully
2	19:13:12.921	Custom indicator Otyame005_Super_Bollinger GBPJPY,H1: loaded successfully
2	19:13:12.921	Custom indicator 23Signal_Price-v1 GBPJPY,H1: loaded successfully
2	19:13:12.936	Custom indicator chikou_span_attacker GBPJPY,H1: loaded successfully
2	19:13:12.983	Custom indicator Span_model GBPJPY,M5: loaded successfully
2	19:13:12.983	Custom indicator 23Signal_Price-v1 GBPJPY,M5: loaded successfully
2	19:13:12.983	Custom indicator ___MAÅôAngle_45_TAKE GBPJPY,M5: loaded successfully
2	19:13:12.983	Custom indicator Max_Sign GBPJPY,M5: loaded successfully
2	19:13:12.983	Custom indicator Max_Pivot GBPJPY,M5: loaded successfully
2	19:13:12.983	Custom indicator Max_Line GBPJPY,M5: loaded successfully
2	19:13:12.983	Custom indicator EWPro GBPJPY,M5: loaded successfully
2	19:13:12.999	Custom indicator Elliott_Wave_Oscillator-Arrows2 GBPJPY,M5: loaded successfully
2	19:13:12.999	Custom indicator Elliott_Wave_Oscillator GBPJPY,M5: loaded successfully
2	19:13:13.108	Custom indicator Otyame005_Super_Bollinger AUDUSD,H1: loaded successfully
2	19:13:13.108	Custom indicator 23Signal_Price-v1 AUDUSD,H1: loaded successfully
2	19:13:13.108	Custom indicator chikou_span_attacker AUDUSD,H1: loaded successfully
2	19:13:13.155	Custom indicator Span_model AUDUSD,M5: loaded successfully
2	19:13:13.155	Custom indicator 23Signal_Price-v1 AUDUSD,M5: loaded successfully
2	19:13:13.171	Custom indicator ___MAÅôAngle_45_TAKE AUDUSD,M5: loaded successfully
2	19:13:13.171	Custom indicator Max_Pivot AUDUSD,M5: loaded successfully
2	19:13:13.171	Custom indicator Max_Line AUDUSD,M5: loaded successfully
2	19:13:13.171	Custom indicator EWPro AUDUSD,M5: loaded successfully
2	19:13:13.171	Custom indicator Elliott_Wave_Oscillator-Arrows2 AUDUSD,M5: loaded successfully
2	19:13:13.186	Custom indicator Elliott_Wave_Oscillator AUDUSD,M5: loaded successfully
2	19:13:13.296	Custom indicator Economic_indicator EURUSD,H1: loaded successfully
0	19:13:16.607	'16040': login on GemForex-Live through DC1 (ping: 73.49 ms)
0	19:13:17.559	'16040': login datacenter on GemForex-Live through DC1 (ping: 73.49 ms)
0	19:13:17.769	'16040': previous successful authorization performed from 49.96.244.252
0	19:13:40.063	'16040': ping to current access point DC1 is 73.38 ms
0	20:30:06.810	'16040': instant order buy 0.50 USDJPY at 111.463 sl: 0.000 tp: 0.000
0	20:30:06.958	'16040': order was opened : #1408468 buy 0.50 USDJPY at 111.463 sl: 0.000 tp: 0.000
0	20:31:17.059	'16040': modify order #1408468 buy 0.50 USDJPY at 111.463 sl: 0.000 tp: 0.000 -> sl: 111.383 tp: 0.000
0	20:31:17.188	'16040': order #1408468 buy 0.50 USDJPY at 111.463 was modified -> sl: 111.383 tp: 0.000
0	20:31:35.123	'16040': modify order #1408468 buy 0.50 USDJPY at 111.463 sl: 111.383 tp: 0.000 -> sl: 111.383 tp: 111.620
0	20:31:35.252	'16040': order #1408468 buy 0.50 USDJPY at 111.463 was modified -> sl: 111.383 tp: 111.620
0	20:34:04.052	'16040': modify order #1408468 buy 0.50 USDJPY at 111.463 sl: 111.383 tp: 111.620 -> sl: 111.388 tp: 111.620
0	20:34:04.204	'16040': order #1408468 buy 0.50 USDJPY at 111.463 was modified -> sl: 111.388 tp: 111.620
0	20:37:50.236	'16040': modify order #1408468 buy 0.50 USDJPY at 111.463 sl: 111.388 tp: 111.620 -> sl: 111.374 tp: 111.620
0	20:37:50.419	'16040': order #1408468 buy 0.50 USDJPY at 111.463 was modified -> sl: 111.374 tp: 111.620
2	20:40:55.965	Custom indicator Otyame005_Super_Bollinger USDJPY,H1: removed
2	20:40:55.966	Custom indicator 23Signal_Price-v1 USDJPY,H1: removed
2	20:40:55.966	Custom indicator chikou_span_attacker USDJPY,H1: removed
2	20:40:55.980	Custom indicator Span_model USDJPY,M5: removed
2	20:40:55.980	Custom indicator ___MAÅôAngle_45_TAKE USDJPY,M5: removed
2	20:40:55.980	Custom indicator 23Signal_Price-v1 USDJPY,M5: removed
2	20:40:55.980	Custom indicator Max_Pivot USDJPY,M5: removed
2	20:40:55.981	Custom indicator Max_Line USDJPY,M5: removed
2	20:40:55.981	Custom indicator Elliott_Wave_Oscillator-Arrows2 USDJPY,M5: removed
2	20:40:55.981	Custom indicator EWPro USDJPY,M5: removed
2	20:40:55.982	Custom indicator Elliott_Wave_Oscillator USDJPY,M5: removed
2	20:40:55.984	Custom indicator Otyame005_Super_Bollinger EURUSD,H1: removed
2	20:40:55.984	Custom indicator 23Signal_Price-v1 EURUSD,H1: removed
2	20:40:55.984	Custom indicator chikou_span_attacker EURUSD,H1: removed
2	20:40:55.985	Custom indicator Span_model EURUSD,M5: removed
2	20:40:55.985	Custom indicator 23Signal_Price-v1 EURUSD,M5: removed
2	20:40:55.985	Custom indicator ___MAÅôAngle_45_TAKE EURUSD,M5: removed
2	20:40:55.985	Custom indicator Max_Pivot EURUSD,M5: removed
2	20:40:55.986	Custom indicator Max_Line EURUSD,M5: removed
2	20:40:55.986	Custom indicator Elliott_Wave_Oscillator-Arrows2 EURUSD,M5: removed
2	20:40:55.987	Custom indicator EWPro EURUSD,M5: removed
2	20:40:55.987	Custom indicator Elliott_Wave_Oscillator EURUSD,M5: removed
2	20:40:55.988	Custom indicator Otyame005_Super_Bollinger EURJPY,H1: removed
2	20:40:55.988	Custom indicator 23Signal_Price-v1 EURJPY,H1: removed
2	20:40:55.989	Custom indicator chikou_span_attacker EURJPY,H1: removed
2	20:40:55.994	Custom indicator Span_model EURJPY,M5: removed
2	20:40:55.994	Custom indicator 23Signal_Price-v1 EURJPY,M5: removed
2	20:40:55.994	Custom indicator ___MAÅôAngle_45_TAKE EURJPY,M5: removed
2	20:40:55.994	Custom indicator Max_Pivot EURJPY,M5: removed
2	20:40:55.995	Custom indicator Max_Line EURJPY,M5: removed
2	20:40:55.995	Custom indicator EWPro EURJPY,M5: removed
2	20:40:55.995	Custom indicator Elliott_Wave_Oscillator-Arrows2 EURJPY,M5: removed
2	20:40:55.996	Custom indicator Elliott_Wave_Oscillator EURJPY,M5: removed
2	20:40:55.997	Custom indicator Otyame005_Super_Bollinger GBPUSD,H1: removed
2	20:40:55.997	Custom indicator 23Signal_Price-v1 GBPUSD,H1: removed
2	20:40:55.998	Custom indicator chikou_span_attacker GBPUSD,H1: removed
2	20:40:55.999	Custom indicator Span_model GBPUSD,M5: removed
2	20:40:55.999	Custom indicator 23Signal_Price-v1 GBPUSD,M5: removed
2	20:40:55.999	Custom indicator ___MAÅôAngle_45_TAKE GBPUSD,M5: removed
2	20:40:55.999	Custom indicator Max_Pivot GBPUSD,M5: removed
2	20:40:55.999	Custom indicator Max_Line GBPUSD,M5: removed
2	20:40:55.999	Custom indicator EWPro GBPUSD,M5: removed
2	20:40:56.000	Custom indicator Elliott_Wave_Oscillator-Arrows2 GBPUSD,M5: removed
2	20:40:56.000	Custom indicator Elliott_Wave_Oscillator GBPUSD,M5: removed
2	20:40:56.002	Custom indicator Otyame005_Super_Bollinger GBPJPY,H1: removed
2	20:40:56.002	Custom indicator 23Signal_Price-v1 GBPJPY,H1: removed
2	20:40:56.003	Custom indicator chikou_span_attacker GBPJPY,H1: removed
2	20:40:56.003	Custom indicator Span_model GBPJPY,M5: removed
2	20:40:56.004	Custom indicator 23Signal_Price-v1 GBPJPY,M5: removed
2	20:40:56.004	Custom indicator ___MAÅôAngle_45_TAKE GBPJPY,M5: removed
2	20:40:56.004	Custom indicator Max_Sign GBPJPY,M5: removed
2	20:40:56.004	Custom indicator Max_Pivot GBPJPY,M5: removed
2	20:40:56.004	Custom indicator Max_Line GBPJPY,M5: removed
2	20:40:56.004	Custom indicator EWPro GBPJPY,M5: removed
2	20:40:56.005	Custom indicator Elliott_Wave_Oscillator-Arrows2 GBPJPY,M5: removed
2	20:40:56.005	Custom indicator Elliott_Wave_Oscillator GBPJPY,M5: removed
2	20:40:56.007	Custom indicator Otyame005_Super_Bollinger AUDUSD,H1: removed
2	20:40:56.007	Custom indicator 23Signal_Price-v1 AUDUSD,H1: removed
2	20:40:56.008	Custom indicator chikou_span_attacker AUDUSD,H1: removed
2	20:40:56.008	Custom indicator Span_model AUDUSD,M5: removed
2	20:40:56.008	Custom indicator 23Signal_Price-v1 AUDUSD,M5: removed
2	20:40:56.008	Custom indicator ___MAÅôAngle_45_TAKE AUDUSD,M5: removed
2	20:40:56.008	Custom indicator Max_Pivot AUDUSD,M5: removed
2	20:40:56.009	Custom indicator Max_Line AUDUSD,M5: removed
2	20:40:56.009	Custom indicator EWPro AUDUSD,M5: removed
2	20:40:56.009	Custom indicator Elliott_Wave_Oscillator-Arrows2 AUDUSD,M5: removed
2	20:40:56.010	Custom indicator Elliott_Wave_Oscillator AUDUSD,M5: removed
2	20:40:56.013	Custom indicator Economic_indicator EURUSD,H1: removed
0	20:40:56.162	GemFX MT4 build 950 stopped
0	21:43:58.318	GemFX MT4 build 950 started (GemTrade Co., Ltd.)
0	21:43:58.318	Windows 10 Home (x64 based PC), IE 12.62, UAC, 8 x Intel Core i7-3770  @ 3.40GHz, RAM: 13955 / 16327 Mb, HDD: 147582 / 228383 Mb, GMT+09:00
0	21:43:58.318	Data Folder: C:\Users\koichi\AppData\Roaming\MetaQuotes\Terminal\250ECE632D67BAE8424D7871E3ED5548
2	21:43:58.959	Custom indicator Otyame005_Super_Bollinger USDJPY,H1: loaded successfully
2	21:43:58.959	Custom indicator 23Signal_Price-v1 USDJPY,H1: loaded successfully
2	21:43:58.959	Custom indicator chikou_span_attacker USDJPY,H1: loaded successfully
2	21:43:59.006	Custom indicator Span_model USDJPY,M5: loaded successfully
2	21:43:59.006	Custom indicator ___MAÅôAngle_45_TAKE USDJPY,M5: loaded successfully
2	21:43:59.006	Custom indicator 23Signal_Price-v1 USDJPY,M5: loaded successfully
2	21:43:59.006	Custom indicator Max_Pivot USDJPY,M5: loaded successfully
2	21:43:59.006	Custom indicator Max_Line USDJPY,M5: loaded successfully
2	21:43:59.021	Custom indicator Elliott_Wave_Oscillator-Arrows2 USDJPY,M5: loaded successfully
2	21:43:59.021	Custom indicator EWPro USDJPY,M5: loaded successfully
2	21:43:59.021	Custom indicator Elliott_Wave_Oscillator USDJPY,M5: loaded successfully
2	21:43:59.131	Custom indicator Otyame005_Super_Bollinger EURUSD,H1: loaded successfully
2	21:43:59.131	Custom indicator 23Signal_Price-v1 EURUSD,H1: loaded successfully
2	21:43:59.146	Custom indicator chikou_span_attacker EURUSD,H1: loaded successfully
2	21:43:59.193	Custom indicator Span_model EURUSD,M5: loaded successfully
2	21:43:59.193	Custom indicator 23Signal_Price-v1 EURUSD,M5: loaded successfully
2	21:43:59.193	Custom indicator ___MAÅôAngle_45_TAKE EURUSD,M5: loaded successfully
2	21:43:59.193	Custom indicator Max_Pivot EURUSD,M5: loaded successfully
2	21:43:59.193	Custom indicator Max_Line EURUSD,M5: loaded successfully
2	21:43:59.193	Custom indicator Elliott_Wave_Oscillator-Arrows2 EURUSD,M5: loaded successfully
2	21:43:59.209	Custom indicator EWPro EURUSD,M5: loaded successfully
2	21:43:59.209	Custom indicator Elliott_Wave_Oscillator EURUSD,M5: loaded successfully
2	21:43:59.318	Custom indicator Otyame005_Super_Bollinger EURJPY,H1: loaded successfully
2	21:43:59.318	Custom indicator 23Signal_Price-v1 EURJPY,H1: loaded successfully
2	21:43:59.318	Custom indicator chikou_span_attacker EURJPY,H1: loaded successfully
2	21:43:59.365	Custom indicator Span_model EURJPY,M5: loaded successfully
2	21:43:59.365	Custom indicator 23Signal_Price-v1 EURJPY,M5: loaded successfully
2	21:43:59.381	Custom indicator ___MAÅôAngle_45_TAKE EURJPY,M5: loaded successfully
2	21:43:59.381	Custom indicator Max_Pivot EURJPY,M5: loaded successfully
2	21:43:59.381	Custom indicator Max_Line EURJPY,M5: loaded successfully
2	21:43:59.381	Custom indicator EWPro EURJPY,M5: loaded successfully
2	21:43:59.381	Custom indicator Elliott_Wave_Oscillator-Arrows2 EURJPY,M5: loaded successfully
2	21:43:59.396	Custom indicator Elliott_Wave_Oscillator EURJPY,M5: loaded successfully
2	21:43:59.506	Custom indicator Otyame005_Super_Bollinger GBPUSD,H1: loaded successfully
2	21:43:59.506	Custom indicator 23Signal_Price-v1 GBPUSD,H1: loaded successfully
2	21:43:59.506	Custom indicator chikou_span_attacker GBPUSD,H1: loaded successfully
2	21:43:59.552	Custom indicator Span_model GBPUSD,M5: loaded successfully
2	21:43:59.552	Custom indicator 23Signal_Price-v1 GBPUSD,M5: loaded successfully
2	21:43:59.552	Custom indicator ___MAÅôAngle_45_TAKE GBPUSD,M5: loaded successfully
2	21:43:59.552	Custom indicator Max_Pivot GBPUSD,M5: loaded successfully
2	21:43:59.552	Custom indicator Max_Line GBPUSD,M5: loaded successfully
2	21:43:59.568	Custom indicator EWPro GBPUSD,M5: loaded successfully
2	21:43:59.568	Custom indicator Elliott_Wave_Oscillator-Arrows2 GBPUSD,M5: loaded successfully
2	21:43:59.568	Custom indicator Elliott_Wave_Oscillator GBPUSD,M5: loaded successfully
2	21:43:59.677	Custom indicator Otyame005_Super_Bollinger GBPJPY,H1: loaded successfully
2	21:43:59.677	Custom indicator 23Signal_Price-v1 GBPJPY,H1: loaded successfully
2	21:43:59.693	Custom indicator chikou_span_attacker GBPJPY,H1: loaded successfully
2	21:43:59.740	Custom indicator Span_model GBPJPY,M5: loaded successfully
2	21:43:59.740	Custom indicator 23Signal_Price-v1 GBPJPY,M5: loaded successfully
2	21:43:59.740	Custom indicator ___MAÅôAngle_45_TAKE GBPJPY,M5: loaded successfully
2	21:43:59.740	Custom indicator Max_Sign GBPJPY,M5: loaded successfully
2	21:43:59.740	Custom indicator Max_Pivot GBPJPY,M5: loaded successfully
2	21:43:59.740	Custom indicator Max_Line GBPJPY,M5: loaded successfully
2	21:43:59.740	Custom indicator EWPro GBPJPY,M5: loaded successfully
2	21:43:59.756	Custom indicator Elliott_Wave_Oscillator-Arrows2 GBPJPY,M5: loaded successfully
2	21:43:59.756	Custom indicator Elliott_Wave_Oscillator GBPJPY,M5: loaded successfully
2	21:43:59.865	Custom indicator Otyame005_Super_Bollinger AUDUSD,H1: loaded successfully
2	21:43:59.865	Custom indicator 23Signal_Price-v1 AUDUSD,H1: loaded successfully
2	21:43:59.881	Custom indicator chikou_span_attacker AUDUSD,H1: loaded successfully
2	21:43:59.912	Custom indicator Span_model AUDUSD,M5: loaded successfully
2	21:43:59.927	Custom indicator 23Signal_Price-v1 AUDUSD,M5: loaded successfully
2	21:43:59.927	Custom indicator ___MAÅôAngle_45_TAKE AUDUSD,M5: loaded successfully
2	21:43:59.927	Custom indicator Max_Pivot AUDUSD,M5: loaded successfully
2	21:43:59.927	Custom indicator Max_Line AUDUSD,M5: loaded successfully
2	21:43:59.927	Custom indicator EWPro AUDUSD,M5: loaded successfully
2	21:43:59.927	Custom indicator Elliott_Wave_Oscillator-Arrows2 AUDUSD,M5: loaded successfully
2	21:43:59.943	Custom indicator Elliott_Wave_Oscillator AUDUSD,M5: loaded successfully
2	21:44:00.052	Custom indicator Economic_indicator EURUSD,H1: loaded successfully
0	21:44:02.111	'16040': login on GemForex-Live through DC1 (ping: 73.38 ms)
0	21:44:03.143	'16040': login datacenter on GemForex-Live through DC1 (ping: 73.38 ms)
0	21:44:03.362	'16040': previous successful authorization performed from 49.96.244.252
0	21:44:25.903	'16040': ping to current access point DC1 is 80.74 ms
