0	00:23:53.708	'16040': modify order #2010497 buy 0.20 USDJPY at 108.458 sl: 108.269 tp: 108.957 -> sl: 108.269 tp: 108.567
0	00:23:53.919	'16040': order #2010497 buy 0.20 USDJPY at 108.458 was modified -> sl: 108.269 tp: 108.567
0	00:30:52.762	'16040': order #2010497 buy 0.20 USDJPY at 108.458 closed due stop-loss at price 108.269
0	00:31:23.104	'16040': instant order sell 0.10 USDJPY at 108.267 sl: 0.000 tp: 0.000
0	00:31:23.236	'16040': order was opened : #2010791 sell 0.10 USDJPY at 108.267 sl: 0.000 tp: 0.000
0	00:31:30.566	'16040': modify order #2010791 sell 0.10 USDJPY at 108.267 sl: 0.000 tp: 0.000 -> sl: 108.473 tp: 0.000
0	00:31:30.686	'16040': order #2010791 sell 0.10 USDJPY at 108.267 was modified -> sl: 108.473 tp: 0.000
0	00:31:35.639	'16040': modify order #2010791 sell 0.10 USDJPY at 108.267 sl: 108.473 tp: 0.000 -> sl: 108.473 tp: 108.025
0	00:31:35.788	'16040': order #2010791 sell 0.10 USDJPY at 108.267 was modified -> sl: 108.473 tp: 108.025
0	00:35:21.450	'16040': modify order #2010791 sell 0.10 USDJPY at 108.267 sl: 108.473 tp: 108.025 -> sl: 108.437 tp: 108.025
0	00:35:21.588	'16040': order #2010791 sell 0.10 USDJPY at 108.267 was modified -> sl: 108.437 tp: 108.025
0	00:35:30.154	'16040': modify order #2010791 sell 0.10 USDJPY at 108.267 sl: 108.437 tp: 108.025 -> sl: 108.397 tp: 108.025
0	00:35:30.271	'16040': order #2010791 sell 0.10 USDJPY at 108.267 was modified -> sl: 108.397 tp: 108.025
0	00:37:27.837	'16040': close order #2010791 sell 0.10 USDJPY at 108.267 sl: 108.397 tp: 108.025 at price 108.313
0	00:37:28.006	'16040': order #2010791 sell 0.10 USDJPY at 108.267 sl: 108.397 tp: 108.025 closed at price 108.313
2	00:37:33.215	Custom indicator Otyame005_Super_Bollinger USDJPY,H1: removed
2	00:37:33.215	Custom indicator 23Signal_Price-v1 USDJPY,H1: removed
2	00:37:33.215	Custom indicator chikou_span_attacker USDJPY,H1: removed
2	00:37:33.216	Custom indicator PZ_Harmonic USDJPY,H1: removed
2	00:37:33.216	Custom indicator AutoHarmonic_201604 USDJPY,H1: removed
2	00:37:33.217	Custom indicator Sessions EX USDJPY,H1: removed
2	00:37:33.217	Custom indicator Max_Pivot USDJPY,H1: removed
2	00:37:33.218	Custom indicator Max_Line USDJPY,H1: removed
2	00:37:33.218	Custom indicator Otyame013_RCI_Signal USDJPY,H1: removed
2	00:37:33.219	Custom indicator JapanTimes USDJPY,H1: removed
2	00:37:33.226	Custom indicator Span_model USDJPY,M5: removed
2	00:37:33.226	Custom indicator ___MA™Angle_45_TAKE USDJPY,M5: removed
2	00:37:33.226	Custom indicator 23Signal_Price-v1 USDJPY,M5: removed
2	00:37:33.226	Custom indicator Max_Pivot USDJPY,M5: removed
2	00:37:33.227	Custom indicator Max_Line USDJPY,M5: removed
2	00:37:33.227	Custom indicator Trade Reviewer_14806E92 USDJPY,M5: removed
2	00:37:33.228	Custom indicator Sessions EX USDJPY,M5: removed
2	00:37:33.228	Custom indicator Otyame013_RCI_Signal USDJPY,M5: removed
2	00:37:33.230	Custom indicator Otyame005_Super_Bollinger EURUSD,H1: removed
2	00:37:33.230	Custom indicator 23Signal_Price-v1 EURUSD,H1: removed
2	00:37:33.230	Custom indicator chikou_span_attacker EURUSD,H1: removed
2	00:37:33.231	Custom indicator PZ_Harmonic EURUSD,H1: removed
2	00:37:33.231	Custom indicator AutoHarmonic_201604 EURUSD,H1: removed
2	00:37:33.232	Custom indicator Sessions EX EURUSD,H1: removed
2	00:37:33.232	Custom indicator Max_Pivot EURUSD,H1: removed
2	00:37:33.232	Custom indicator Max_Line EURUSD,H1: removed
2	00:37:33.233	Custom indicator Otyame013_RCI_Signal EURUSD,H1: removed
2	00:37:33.233	Custom indicator JapanTimes EURUSD,H1: removed
2	00:37:33.234	Custom indicator Span_model EURUSD,M5: removed
2	00:37:33.234	Custom indicator 23Signal_Price-v1 EURUSD,M5: removed
2	00:37:33.234	Custom indicator ___MA™Angle_45_TAKE EURUSD,M5: removed
2	00:37:33.234	Custom indicator Max_Pivot EURUSD,M5: removed
2	00:37:33.235	Custom indicator Max_Line EURUSD,M5: removed
2	00:37:33.235	Custom indicator Trade Reviewer_14806E92 EURUSD,M5: removed
2	00:37:33.236	Custom indicator Trade Reviewer_14806E92 EURUSD,M5: removed
2	00:37:33.236	Custom indicator Otyame013_RCI_Signal EURUSD,M5: removed
2	00:37:33.241	Custom indicator Otyame005_Super_Bollinger EURJPY,H1: removed
2	00:37:33.241	Custom indicator 23Signal_Price-v1 EURJPY,H1: removed
2	00:37:33.241	Custom indicator chikou_span_attacker EURJPY,H1: removed
2	00:37:33.242	Custom indicator PZ_Harmonic EURJPY,H1: removed
2	00:37:33.242	Custom indicator AutoHarmonic_201604 EURJPY,H1: removed
2	00:37:33.243	Custom indicator Sessions EX EURJPY,H1: removed
2	00:37:33.243	Custom indicator Max_Pivot EURJPY,H1: removed
2	00:37:33.243	Custom indicator Max_Line EURJPY,H1: removed
2	00:37:33.244	Custom indicator Otyame013_RCI_Signal EURJPY,H1: removed
2	00:37:33.244	Custom indicator JapanTimes EURJPY,H1: removed
2	00:37:33.245	Custom indicator Span_model EURJPY,M5: removed
2	00:37:33.245	Custom indicator 23Signal_Price-v1 EURJPY,M5: removed
2	00:37:33.245	Custom indicator ___MA™Angle_45_TAKE EURJPY,M5: removed
2	00:37:33.245	Custom indicator Max_Pivot EURJPY,M5: removed
2	00:37:33.245	Custom indicator Max_Line EURJPY,M5: removed
2	00:37:33.246	Custom indicator EWPro EURJPY,M5: removed
2	00:37:33.246	Custom indicator Trade Reviewer_14806E92 EURJPY,M5: removed
2	00:37:33.247	Custom indicator Otyame013_RCI_Signal EURJPY,M5: removed
2	00:37:33.248	Custom indicator Otyame005_Super_Bollinger GBPUSD,H1: removed
2	00:37:33.248	Custom indicator 23Signal_Price-v1 GBPUSD,H1: removed
2	00:37:33.249	Custom indicator chikou_span_attacker GBPUSD,H1: removed
2	00:37:33.249	Custom indicator PZ_Harmonic GBPUSD,H1: removed
2	00:37:33.250	Custom indicator AutoHarmonic_201604 GBPUSD,H1: removed
2	00:37:33.250	Custom indicator Sessions EX GBPUSD,H1: removed
2	00:37:33.250	Custom indicator Max_Pivot GBPUSD,H1: removed
2	00:37:33.251	Custom indicator Max_Line GBPUSD,H1: removed
2	00:37:33.251	Custom indicator Otyame013_RCI_Signal GBPUSD,H1: removed
2	00:37:33.251	Custom indicator JapanTimes GBPUSD,H1: removed
2	00:37:33.252	Custom indicator Span_model GBPUSD,M5: removed
2	00:37:33.252	Custom indicator 23Signal_Price-v1 GBPUSD,M5: removed
2	00:37:33.252	Custom indicator ___MA™Angle_45_TAKE GBPUSD,M5: removed
2	00:37:33.252	Custom indicator Max_Pivot GBPUSD,M5: removed
2	00:37:33.253	Custom indicator Max_Line GBPUSD,M5: removed
2	00:37:33.253	Custom indicator EWPro GBPUSD,M5: removed
2	00:37:33.254	Custom indicator Trade Reviewer_14806E92 GBPUSD,M5: removed
2	00:37:33.255	Custom indicator Otyame013_RCI_Signal GBPUSD,M5: removed
2	00:37:33.257	Custom indicator Otyame005_Super_Bollinger GBPJPY,H1: removed
2	00:37:33.257	Custom indicator 23Signal_Price-v1 GBPJPY,H1: removed
2	00:37:33.257	Custom indicator chikou_span_attacker GBPJPY,H1: removed
2	00:37:33.258	Custom indicator PZ_Harmonic GBPJPY,H1: removed
2	00:37:33.258	Custom indicator AutoHarmonic_201604 GBPJPY,H1: removed
2	00:37:33.259	Custom indicator Sessions EX GBPJPY,H1: removed
2	00:37:33.259	Custom indicator Max_Pivot GBPJPY,H1: removed
2	00:37:33.259	Custom indicator Max_Line GBPJPY,H1: removed
2	00:37:33.260	Custom indicator Otyame013_RCI_Signal GBPJPY,H1: removed
2	00:37:33.260	Custom indicator JapanTimes GBPJPY,H1: removed
2	00:37:33.265	Custom indicator Span_model GBPJPY,M5: removed
2	00:37:33.265	Custom indicator 23Signal_Price-v1 GBPJPY,M5: removed
2	00:37:33.265	Custom indicator ___MA™Angle_45_TAKE GBPJPY,M5: removed
2	00:37:33.265	Custom indicator Max_Sign GBPJPY,M5: removed
2	00:37:33.265	Custom indicator Max_Pivot GBPJPY,M5: removed
2	00:37:33.266	Custom indicator Max_Line GBPJPY,M5: removed
2	00:37:33.267	Custom indicator Trade Reviewer_14806E92 GBPJPY,M5: removed
2	00:37:33.267	Custom indicator Otyame013_RCI_Signal GBPJPY,M5: removed
2	00:37:33.277	Custom indicator Otyame005_Super_Bollinger AUDUSD,H1: removed
2	00:37:33.277	Custom indicator 23Signal_Price-v1 AUDUSD,H1: removed
2	00:37:33.277	Custom indicator chikou_span_attacker AUDUSD,H1: removed
2	00:37:33.278	Custom indicator PZ_Harmonic AUDUSD,H1: removed
2	00:37:33.278	Custom indicator AutoHarmonic_201604 AUDUSD,H1: removed
2	00:37:33.279	Custom indicator Sessions EX AUDUSD,H1: removed
2	00:37:33.279	Custom indicator Max_Pivot AUDUSD,H1: removed
2	00:37:33.279	Custom indicator Max_Line AUDUSD,H1: removed
2	00:37:33.280	Custom indicator Otyame013_RCI_Signal AUDUSD,H1: removed
2	00:37:33.280	Custom indicator JapanTimes AUDUSD,H1: removed
2	00:37:33.289	Custom indicator Span_model AUDUSD,M5: removed
2	00:37:33.289	Custom indicator 23Signal_Price-v1 AUDUSD,M5: removed
2	00:37:33.290	Custom indicator ___MA™Angle_45_TAKE AUDUSD,M5: removed
2	00:37:33.290	Custom indicator Max_Pivot AUDUSD,M5: removed
2	00:37:33.290	Custom indicator Max_Line AUDUSD,M5: removed
2	00:37:33.291	Custom indicator Trade Reviewer_14806E92 AUDUSD,M5: removed
2	00:37:33.292	Custom indicator Otyame013_RCI_Signal AUDUSD,M5: removed
2	00:37:33.296	Custom indicator Economic_indicator USDCHF,H1: removed
0	00:37:33.497	GemFX MT4 build 950 stopped
0	06:52:55.590	GemFX MT4 build 950 started (GemTrade Co., Ltd.)
0	06:52:55.590	Windows 10 Home (x64 based PC), IE 13.12, UAC, 8 x Intel Core i7-3770  @ 3.40GHz, RAM: 13655 / 16327 Mb, HDD: 140382 / 228383 Mb, GMT+09:00
0	06:52:55.590	Data Folder: C:\Users\koichi\AppData\Roaming\MetaQuotes\Terminal\250ECE632D67BAE8424D7871E3ED5548
2	06:52:56.278	Custom indicator Otyame005_Super_Bollinger USDJPY,H1: loaded successfully
2	06:52:56.278	Custom indicator 23Signal_Price-v1 USDJPY,H1: loaded successfully
2	06:52:56.278	Custom indicator chikou_span_attacker USDJPY,H1: loaded successfully
2	06:52:56.278	Custom indicator PZ_Harmonic USDJPY,H1: loaded successfully
2	06:52:56.293	Custom indicator AutoHarmonic_201604 USDJPY,H1: loaded successfully
2	06:52:56.293	Custom indicator Sessions EX USDJPY,H1: loaded successfully
2	06:52:56.293	Custom indicator Max_Pivot USDJPY,H1: loaded successfully
2	06:52:56.293	Custom indicator Max_Line USDJPY,H1: loaded successfully
2	06:52:56.309	Custom indicator Otyame013_RCI_Signal USDJPY,H1: loaded successfully
2	06:52:56.309	Custom indicator JapanTimes USDJPY,H1: loaded successfully
2	06:52:56.574	Custom indicator Span_model USDJPY,M5: loaded successfully
2	06:52:56.574	Custom indicator ___MA™Angle_45_TAKE USDJPY,M5: loaded successfully
2	06:52:56.574	Custom indicator 23Signal_Price-v1 USDJPY,M5: loaded successfully
2	06:52:56.574	Custom indicator Max_Pivot USDJPY,M5: loaded successfully
2	06:52:56.590	Custom indicator Max_Line USDJPY,M5: loaded successfully
2	06:52:56.590	Custom indicator Trade Reviewer_14806E92 USDJPY,M5: loaded successfully
2	06:52:56.590	Custom indicator Sessions EX USDJPY,M5: loaded successfully
2	06:52:56.606	Custom indicator Otyame013_RCI_Signal USDJPY,M5: loaded successfully
2	06:52:57.623	Custom indicator Otyame005_Super_Bollinger EURUSD,H1: loaded successfully
2	06:52:57.623	Custom indicator 23Signal_Price-v1 EURUSD,H1: loaded successfully
2	06:52:57.623	Custom indicator chikou_span_attacker EURUSD,H1: loaded successfully
2	06:52:57.639	Custom indicator PZ_Harmonic EURUSD,H1: loaded successfully
2	06:52:57.639	Custom indicator AutoHarmonic_201604 EURUSD,H1: loaded successfully
2	06:52:57.639	Custom indicator Sessions EX EURUSD,H1: loaded successfully
2	06:52:57.639	Custom indicator Max_Pivot EURUSD,H1: loaded successfully
2	06:52:57.654	Custom indicator Max_Line EURUSD,H1: loaded successfully
2	06:52:57.654	Custom indicator Otyame013_RCI_Signal EURUSD,H1: loaded successfully
2	06:52:57.654	Custom indicator JapanTimes EURUSD,H1: loaded successfully
2	06:52:57.904	Custom indicator Span_model EURUSD,M5: loaded successfully
2	06:52:57.904	Custom indicator 23Signal_Price-v1 EURUSD,M5: loaded successfully
2	06:52:57.904	Custom indicator ___MA™Angle_45_TAKE EURUSD,M5: loaded successfully
2	06:52:57.904	Custom indicator Max_Pivot EURUSD,M5: loaded successfully
2	06:52:57.920	Custom indicator Max_Line EURUSD,M5: loaded successfully
2	06:52:57.920	Custom indicator Trade Reviewer_14806E92 EURUSD,M5: loaded successfully
2	06:52:57.935	Custom indicator Trade Reviewer_14806E92 EURUSD,M5: loaded successfully
2	06:52:57.935	Custom indicator Otyame013_RCI_Signal EURUSD,M5: loaded successfully
2	06:52:58.889	Custom indicator Otyame005_Super_Bollinger EURJPY,H1: loaded successfully
2	06:52:58.889	Custom indicator 23Signal_Price-v1 EURJPY,H1: loaded successfully
2	06:52:58.889	Custom indicator chikou_span_attacker EURJPY,H1: loaded successfully
2	06:52:58.904	Custom indicator PZ_Harmonic EURJPY,H1: loaded successfully
2	06:52:58.904	Custom indicator AutoHarmonic_201604 EURJPY,H1: loaded successfully
2	06:52:58.904	Custom indicator Sessions EX EURJPY,H1: loaded successfully
2	06:52:58.904	Custom indicator Max_Pivot EURJPY,H1: loaded successfully
2	06:52:58.920	Custom indicator Max_Line EURJPY,H1: loaded successfully
2	06:52:58.920	Custom indicator Otyame013_RCI_Signal EURJPY,H1: loaded successfully
2	06:52:58.920	Custom indicator JapanTimes EURJPY,H1: loaded successfully
2	06:52:59.185	Custom indicator Span_model EURJPY,M5: loaded successfully
2	06:52:59.185	Custom indicator 23Signal_Price-v1 EURJPY,M5: loaded successfully
2	06:52:59.185	Custom indicator ___MA™Angle_45_TAKE EURJPY,M5: loaded successfully
2	06:52:59.185	Custom indicator Max_Pivot EURJPY,M5: loaded successfully
2	06:52:59.185	Custom indicator Max_Line EURJPY,M5: loaded successfully
2	06:52:59.201	Custom indicator EWPro EURJPY,M5: loaded successfully
2	06:52:59.201	Custom indicator Trade Reviewer_14806E92 EURJPY,M5: loaded successfully
2	06:52:59.201	Custom indicator Otyame013_RCI_Signal EURJPY,M5: loaded successfully
2	06:53:00.078	Custom indicator Otyame005_Super_Bollinger GBPUSD,H1: loaded successfully
2	06:53:00.078	Custom indicator 23Signal_Price-v1 GBPUSD,H1: loaded successfully
2	06:53:00.078	Custom indicator chikou_span_attacker GBPUSD,H1: loaded successfully
2	06:53:00.078	Custom indicator PZ_Harmonic GBPUSD,H1: loaded successfully
2	06:53:00.093	Custom indicator AutoHarmonic_201604 GBPUSD,H1: loaded successfully
2	06:53:00.093	Custom indicator Sessions EX GBPUSD,H1: loaded successfully
2	06:53:00.093	Custom indicator Max_Pivot GBPUSD,H1: loaded successfully
2	06:53:00.093	Custom indicator Max_Line GBPUSD,H1: loaded successfully
2	06:53:00.109	Custom indicator Otyame013_RCI_Signal GBPUSD,H1: loaded successfully
2	06:53:00.109	Custom indicator JapanTimes GBPUSD,H1: loaded successfully
2	06:53:00.359	Custom indicator Span_model GBPUSD,M5: loaded successfully
2	06:53:00.359	Custom indicator 23Signal_Price-v1 GBPUSD,M5: loaded successfully
2	06:53:00.359	Custom indicator ___MA™Angle_45_TAKE GBPUSD,M5: loaded successfully
2	06:53:00.359	Custom indicator Max_Pivot GBPUSD,M5: loaded successfully
2	06:53:00.359	Custom indicator Max_Line GBPUSD,M5: loaded successfully
2	06:53:00.359	Custom indicator EWPro GBPUSD,M5: loaded successfully
2	06:53:00.375	Custom indicator Trade Reviewer_14806E92 GBPUSD,M5: loaded successfully
2	06:53:00.375	Custom indicator Otyame013_RCI_Signal GBPUSD,M5: loaded successfully
2	06:53:01.265	Custom indicator Otyame005_Super_Bollinger GBPJPY,H1: loaded successfully
2	06:53:01.265	Custom indicator 23Signal_Price-v1 GBPJPY,H1: loaded successfully
2	06:53:01.281	Custom indicator chikou_span_attacker GBPJPY,H1: loaded successfully
2	06:53:01.281	Custom indicator PZ_Harmonic GBPJPY,H1: loaded successfully
2	06:53:01.281	Custom indicator AutoHarmonic_201604 GBPJPY,H1: loaded successfully
2	06:53:01.281	Custom indicator Sessions EX GBPJPY,H1: loaded successfully
2	06:53:01.281	Custom indicator Max_Pivot GBPJPY,H1: loaded successfully
2	06:53:01.297	Custom indicator Max_Line GBPJPY,H1: loaded successfully
2	06:53:01.297	Custom indicator Otyame013_RCI_Signal GBPJPY,H1: loaded successfully
2	06:53:01.297	Custom indicator JapanTimes GBPJPY,H1: loaded successfully
2	06:53:01.547	Custom indicator Span_model GBPJPY,M5: loaded successfully
2	06:53:01.547	Custom indicator 23Signal_Price-v1 GBPJPY,M5: loaded successfully
2	06:53:01.547	Custom indicator ___MA™Angle_45_TAKE GBPJPY,M5: loaded successfully
2	06:53:01.547	Custom indicator Max_Sign GBPJPY,M5: loaded successfully
2	06:53:01.547	Custom indicator Max_Pivot GBPJPY,M5: loaded successfully
2	06:53:01.562	Custom indicator Max_Line GBPJPY,M5: loaded successfully
2	06:53:01.562	Custom indicator Trade Reviewer_14806E92 GBPJPY,M5: loaded successfully
2	06:53:01.562	Custom indicator Otyame013_RCI_Signal GBPJPY,M5: loaded successfully
2	06:53:02.312	Custom indicator Otyame005_Super_Bollinger AUDUSD,H1: loaded successfully
2	06:53:02.312	Custom indicator 23Signal_Price-v1 AUDUSD,H1: loaded successfully
2	06:53:02.312	Custom indicator chikou_span_attacker AUDUSD,H1: loaded successfully
2	06:53:02.312	Custom indicator PZ_Harmonic AUDUSD,H1: loaded successfully
2	06:53:02.328	Custom indicator AutoHarmonic_201604 AUDUSD,H1: loaded successfully
2	06:53:02.328	Custom indicator Sessions EX AUDUSD,H1: loaded successfully
2	06:53:02.328	Custom indicator Max_Pivot AUDUSD,H1: loaded successfully
2	06:53:02.328	Custom indicator Max_Line AUDUSD,H1: loaded successfully
2	06:53:02.344	Custom indicator Otyame013_RCI_Signal AUDUSD,H1: loaded successfully
2	06:53:02.344	Custom indicator JapanTimes AUDUSD,H1: loaded successfully
2	06:53:02.594	Custom indicator Span_model AUDUSD,M5: loaded successfully
2	06:53:02.594	Custom indicator 23Signal_Price-v1 AUDUSD,M5: loaded successfully
2	06:53:02.594	Custom indicator ___MA™Angle_45_TAKE AUDUSD,M5: loaded successfully
2	06:53:02.594	Custom indicator Max_Pivot AUDUSD,M5: loaded successfully
2	06:53:02.594	Custom indicator Max_Line AUDUSD,M5: loaded successfully
2	06:53:02.609	Custom indicator Trade Reviewer_14806E92 AUDUSD,M5: loaded successfully
2	06:53:02.609	Custom indicator Otyame013_RCI_Signal AUDUSD,M5: loaded successfully
2	06:53:03.375	Custom indicator Economic_indicator USDCHF,H1: loaded successfully
0	06:53:05.328	'16040': login on GemForex-Live through DC1 (ping: 81.33 ms)
0	06:53:06.219	'16040': login datacenter on GemForex-Live through DC1 (ping: 81.33 ms)
0	06:53:06.419	'16040': previous successful authorization performed from 119.242.37.68
0	06:53:40.836	'16040': ping to current access point DC1 is 73.86 ms
2	06:59:35.686	Custom indicator Otyame005_Super_Bollinger USDJPY,H1: removed
2	06:59:35.686	Custom indicator 23Signal_Price-v1 USDJPY,H1: removed
2	06:59:35.686	Custom indicator chikou_span_attacker USDJPY,H1: removed
2	06:59:35.687	Custom indicator PZ_Harmonic USDJPY,H1: removed
2	06:59:35.687	Custom indicator AutoHarmonic_201604 USDJPY,H1: removed
2	06:59:35.688	Custom indicator Sessions EX USDJPY,H1: removed
2	06:59:35.688	Custom indicator Max_Pivot USDJPY,H1: removed
2	06:59:35.688	Custom indicator Max_Line USDJPY,H1: removed
2	06:59:35.689	Custom indicator Otyame013_RCI_Signal USDJPY,H1: removed
2	06:59:35.689	Custom indicator JapanTimes USDJPY,H1: removed
2	06:59:35.698	Custom indicator Span_model USDJPY,M5: removed
2	06:59:35.698	Custom indicator ___MA™Angle_45_TAKE USDJPY,M5: removed
2	06:59:35.698	Custom indicator 23Signal_Price-v1 USDJPY,M5: removed
2	06:59:35.698	Custom indicator Max_Pivot USDJPY,M5: removed
2	06:59:35.699	Custom indicator Max_Line USDJPY,M5: removed
2	06:59:35.699	Custom indicator Trade Reviewer_14806E92 USDJPY,M5: removed
2	06:59:35.700	Custom indicator Sessions EX USDJPY,M5: removed
2	06:59:35.700	Custom indicator Otyame013_RCI_Signal USDJPY,M5: removed
2	06:59:35.702	Custom indicator Otyame005_Super_Bollinger EURUSD,H1: removed
2	06:59:35.702	Custom indicator 23Signal_Price-v1 EURUSD,H1: removed
2	06:59:35.702	Custom indicator chikou_span_attacker EURUSD,H1: removed
2	06:59:35.703	Custom indicator PZ_Harmonic EURUSD,H1: removed
2	06:59:35.703	Custom indicator AutoHarmonic_201604 EURUSD,H1: removed
2	06:59:35.704	Custom indicator Sessions EX EURUSD,H1: removed
2	06:59:35.704	Custom indicator Max_Pivot EURUSD,H1: removed
2	06:59:35.704	Custom indicator Max_Line EURUSD,H1: removed
2	06:59:35.705	Custom indicator Otyame013_RCI_Signal EURUSD,H1: removed
2	06:59:35.705	Custom indicator JapanTimes EURUSD,H1: removed
2	06:59:35.706	Custom indicator Span_model EURUSD,M5: removed
2	06:59:35.706	Custom indicator 23Signal_Price-v1 EURUSD,M5: removed
2	06:59:35.706	Custom indicator ___MA™Angle_45_TAKE EURUSD,M5: removed
2	06:59:35.706	Custom indicator Max_Pivot EURUSD,M5: removed
2	06:59:35.707	Custom indicator Max_Line EURUSD,M5: removed
2	06:59:35.707	Custom indicator Trade Reviewer_14806E92 EURUSD,M5: removed
2	06:59:35.708	Custom indicator Trade Reviewer_14806E92 EURUSD,M5: removed
2	06:59:35.708	Custom indicator Otyame013_RCI_Signal EURUSD,M5: removed
2	06:59:35.710	Custom indicator Otyame005_Super_Bollinger EURJPY,H1: removed
2	06:59:35.710	Custom indicator 23Signal_Price-v1 EURJPY,H1: removed
2	06:59:35.710	Custom indicator chikou_span_attacker EURJPY,H1: removed
2	06:59:35.711	Custom indicator PZ_Harmonic EURJPY,H1: removed
2	06:59:35.712	Custom indicator AutoHarmonic_201604 EURJPY,H1: removed
2	06:59:35.712	Custom indicator Sessions EX EURJPY,H1: removed
2	06:59:35.712	Custom indicator Max_Pivot EURJPY,H1: removed
2	06:59:35.713	Custom indicator Max_Line EURJPY,H1: removed
2	06:59:35.713	Custom indicator Otyame013_RCI_Signal EURJPY,H1: removed
2	06:59:35.713	Custom indicator JapanTimes EURJPY,H1: removed
2	06:59:35.714	Custom indicator Span_model EURJPY,M5: removed
2	06:59:35.714	Custom indicator 23Signal_Price-v1 EURJPY,M5: removed
2	06:59:35.714	Custom indicator ___MA™Angle_45_TAKE EURJPY,M5: removed
2	06:59:35.714	Custom indicator Max_Pivot EURJPY,M5: removed
2	06:59:35.715	Custom indicator Max_Line EURJPY,M5: removed
2	06:59:35.715	Custom indicator EWPro EURJPY,M5: removed
2	06:59:35.716	Custom indicator Trade Reviewer_14806E92 EURJPY,M5: removed
2	06:59:35.716	Custom indicator Otyame013_RCI_Signal EURJPY,M5: removed
2	06:59:35.718	Custom indicator Otyame005_Super_Bollinger GBPUSD,H1: removed
2	06:59:35.718	Custom indicator 23Signal_Price-v1 GBPUSD,H1: removed
2	06:59:35.718	Custom indicator chikou_span_attacker GBPUSD,H1: removed
2	06:59:35.719	Custom indicator PZ_Harmonic GBPUSD,H1: removed
2	06:59:35.719	Custom indicator AutoHarmonic_201604 GBPUSD,H1: removed
2	06:59:35.720	Custom indicator Sessions EX GBPUSD,H1: removed
2	06:59:35.720	Custom indicator Max_Pivot GBPUSD,H1: removed
2	06:59:35.720	Custom indicator Max_Line GBPUSD,H1: removed
2	06:59:35.721	Custom indicator Otyame013_RCI_Signal GBPUSD,H1: removed
2	06:59:35.721	Custom indicator JapanTimes GBPUSD,H1: removed
2	06:59:35.722	Custom indicator Span_model GBPUSD,M5: removed
2	06:59:35.722	Custom indicator 23Signal_Price-v1 GBPUSD,M5: removed
2	06:59:35.722	Custom indicator ___MA™Angle_45_TAKE GBPUSD,M5: removed
2	06:59:35.722	Custom indicator Max_Pivot GBPUSD,M5: removed
2	06:59:35.723	Custom indicator Max_Line GBPUSD,M5: removed
2	06:59:35.723	Custom indicator EWPro GBPUSD,M5: removed
2	06:59:35.724	Custom indicator Trade Reviewer_14806E92 GBPUSD,M5: removed
2	06:59:35.724	Custom indicator Otyame013_RCI_Signal GBPUSD,M5: removed
2	06:59:35.726	Custom indicator Otyame005_Super_Bollinger GBPJPY,H1: removed
2	06:59:35.726	Custom indicator 23Signal_Price-v1 GBPJPY,H1: removed
2	06:59:35.726	Custom indicator chikou_span_attacker GBPJPY,H1: removed
2	06:59:35.727	Custom indicator PZ_Harmonic GBPJPY,H1: removed
2	06:59:35.727	Custom indicator AutoHarmonic_201604 GBPJPY,H1: removed
2	06:59:35.728	Custom indicator Sessions EX GBPJPY,H1: removed
2	06:59:35.728	Custom indicator Max_Pivot GBPJPY,H1: removed
2	06:59:35.729	Custom indicator Max_Line GBPJPY,H1: removed
2	06:59:35.729	Custom indicator Otyame013_RCI_Signal GBPJPY,H1: removed
2	06:59:35.729	Custom indicator JapanTimes GBPJPY,H1: removed
2	06:59:35.740	Custom indicator Span_model GBPJPY,M5: removed
2	06:59:35.740	Custom indicator 23Signal_Price-v1 GBPJPY,M5: removed
2	06:59:35.740	Custom indicator ___MA™Angle_45_TAKE GBPJPY,M5: removed
2	06:59:35.740	Custom indicator Max_Sign GBPJPY,M5: removed
2	06:59:35.740	Custom indicator Max_Pivot GBPJPY,M5: removed
2	06:59:35.741	Custom indicator Max_Line GBPJPY,M5: removed
2	06:59:35.743	Custom indicator Trade Reviewer_14806E92 GBPJPY,M5: removed
2	06:59:35.744	Custom indicator Otyame013_RCI_Signal GBPJPY,M5: removed
2	06:59:35.758	Custom indicator Otyame005_Super_Bollinger AUDUSD,H1: removed
2	06:59:35.758	Custom indicator 23Signal_Price-v1 AUDUSD,H1: removed
2	06:59:35.759	Custom indicator chikou_span_attacker AUDUSD,H1: removed
2	06:59:35.760	Custom indicator PZ_Harmonic AUDUSD,H1: removed
2	06:59:35.761	Custom indicator AutoHarmonic_201604 AUDUSD,H1: removed
2	06:59:35.761	Custom indicator Sessions EX AUDUSD,H1: removed
2	06:59:35.761	Custom indicator Max_Pivot AUDUSD,H1: removed
2	06:59:35.762	Custom indicator Max_Line AUDUSD,H1: removed
2	06:59:35.763	Custom indicator Otyame013_RCI_Signal AUDUSD,H1: removed
2	06:59:35.763	Custom indicator JapanTimes AUDUSD,H1: removed
2	06:59:35.769	Custom indicator Span_model AUDUSD,M5: removed
2	06:59:35.769	Custom indicator 23Signal_Price-v1 AUDUSD,M5: removed
2	06:59:35.770	Custom indicator ___MA™Angle_45_TAKE AUDUSD,M5: removed
2	06:59:35.770	Custom indicator Max_Pivot AUDUSD,M5: removed
2	06:59:35.770	Custom indicator Max_Line AUDUSD,M5: removed
2	06:59:35.771	Custom indicator Trade Reviewer_14806E92 AUDUSD,M5: removed
2	06:59:35.772	Custom indicator Otyame013_RCI_Signal AUDUSD,M5: removed
2	06:59:35.776	Custom indicator Economic_indicator USDCHF,H1: removed
0	06:59:35.922	GemFX MT4 build 950 stopped
0	21:12:49.931	GemFX MT4 build 950 started (GemTrade Co., Ltd.)
0	21:12:49.931	Windows 10 Home (x64 based PC), IE 13.12, UAC, 8 x Intel Core i7-3770  @ 3.40GHz, RAM: 13171 / 16327 Mb, HDD: 140122 / 228383 Mb, GMT+09:00
0	21:12:49.931	Data Folder: C:\Users\koichi\AppData\Roaming\MetaQuotes\Terminal\250ECE632D67BAE8424D7871E3ED5548
2	21:12:50.621	Custom indicator Otyame005_Super_Bollinger USDJPY,H1: loaded successfully
2	21:12:50.623	Custom indicator 23Signal_Price-v1 USDJPY,H1: loaded successfully
2	21:12:50.627	Custom indicator chikou_span_attacker USDJPY,H1: loaded successfully
2	21:12:50.631	Custom indicator PZ_Harmonic USDJPY,H1: loaded successfully
2	21:12:50.636	Custom indicator AutoHarmonic_201604 USDJPY,H1: loaded successfully
2	21:12:50.641	Custom indicator Sessions EX USDJPY,H1: loaded successfully
2	21:12:50.642	Custom indicator Max_Pivot USDJPY,H1: loaded successfully
2	21:12:50.646	Custom indicator Max_Line USDJPY,H1: loaded successfully
2	21:12:50.651	Custom indicator Otyame013_RCI_Signal USDJPY,H1: loaded successfully
2	21:12:50.653	Custom indicator JapanTimes USDJPY,H1: loaded successfully
2	21:12:50.932	Custom indicator Span_model USDJPY,M5: loaded successfully
2	21:12:50.933	Custom indicator ___MA™Angle_45_TAKE USDJPY,M5: loaded successfully
2	21:12:50.935	Custom indicator 23Signal_Price-v1 USDJPY,M5: loaded successfully
2	21:12:50.936	Custom indicator Max_Pivot USDJPY,M5: loaded successfully
2	21:12:50.940	Custom indicator Max_Line USDJPY,M5: loaded successfully
2	21:12:50.947	Custom indicator Trade Reviewer_14806E92 USDJPY,M5: loaded successfully
2	21:12:50.952	Custom indicator Sessions EX USDJPY,M5: loaded successfully
2	21:12:50.957	Custom indicator Otyame013_RCI_Signal USDJPY,M5: loaded successfully
2	21:12:52.009	Custom indicator Otyame005_Super_Bollinger EURUSD,H1: loaded successfully
2	21:12:52.011	Custom indicator 23Signal_Price-v1 EURUSD,H1: loaded successfully
2	21:12:52.015	Custom indicator chikou_span_attacker EURUSD,H1: loaded successfully
2	21:12:52.019	Custom indicator PZ_Harmonic EURUSD,H1: loaded successfully
2	21:12:52.024	Custom indicator AutoHarmonic_201604 EURUSD,H1: loaded successfully
2	21:12:52.028	Custom indicator Sessions EX EURUSD,H1: loaded successfully
2	21:12:52.030	Custom indicator Max_Pivot EURUSD,H1: loaded successfully
2	21:12:52.034	Custom indicator Max_Line EURUSD,H1: loaded successfully
2	21:12:52.040	Custom indicator Otyame013_RCI_Signal EURUSD,H1: loaded successfully
2	21:12:52.041	Custom indicator JapanTimes EURUSD,H1: loaded successfully
2	21:12:52.312	Custom indicator Span_model EURUSD,M5: loaded successfully
2	21:12:52.314	Custom indicator 23Signal_Price-v1 EURUSD,M5: loaded successfully
2	21:12:52.315	Custom indicator ___MA™Angle_45_TAKE EURUSD,M5: loaded successfully
2	21:12:52.317	Custom indicator Max_Pivot EURUSD,M5: loaded successfully
2	21:12:52.322	Custom indicator Max_Line EURUSD,M5: loaded successfully
2	21:12:52.330	Custom indicator Trade Reviewer_14806E92 EURUSD,M5: loaded successfully
2	21:12:52.337	Custom indicator Trade Reviewer_14806E92 EURUSD,M5: loaded successfully
2	21:12:52.343	Custom indicator Otyame013_RCI_Signal EURUSD,M5: loaded successfully
2	21:12:53.281	Custom indicator Otyame005_Super_Bollinger EURJPY,H1: loaded successfully
2	21:12:53.282	Custom indicator 23Signal_Price-v1 EURJPY,H1: loaded successfully
2	21:12:53.287	Custom indicator chikou_span_attacker EURJPY,H1: loaded successfully
2	21:12:53.291	Custom indicator PZ_Harmonic EURJPY,H1: loaded successfully
2	21:12:53.296	Custom indicator AutoHarmonic_201604 EURJPY,H1: loaded successfully
2	21:12:53.300	Custom indicator Sessions EX EURJPY,H1: loaded successfully
2	21:12:53.302	Custom indicator Max_Pivot EURJPY,H1: loaded successfully
2	21:12:53.306	Custom indicator Max_Line EURJPY,H1: loaded successfully
2	21:12:53.311	Custom indicator Otyame013_RCI_Signal EURJPY,H1: loaded successfully
2	21:12:53.313	Custom indicator JapanTimes EURJPY,H1: loaded successfully
2	21:12:53.584	Custom indicator Span_model EURJPY,M5: loaded successfully
2	21:12:53.586	Custom indicator 23Signal_Price-v1 EURJPY,M5: loaded successfully
2	21:12:53.587	Custom indicator ___MA™Angle_45_TAKE EURJPY,M5: loaded successfully
2	21:12:53.588	Custom indicator Max_Pivot EURJPY,M5: loaded successfully
2	21:12:53.592	Custom indicator Max_Line EURJPY,M5: loaded successfully
2	21:12:53.595	Custom indicator EWPro EURJPY,M5: loaded successfully
2	21:12:53.602	Custom indicator Trade Reviewer_14806E92 EURJPY,M5: loaded successfully
2	21:12:53.608	Custom indicator Otyame013_RCI_Signal EURJPY,M5: loaded successfully
2	21:12:54.609	Custom indicator Otyame005_Super_Bollinger GBPUSD,H1: loaded successfully
2	21:12:54.610	Custom indicator 23Signal_Price-v1 GBPUSD,H1: loaded successfully
2	21:12:54.615	Custom indicator chikou_span_attacker GBPUSD,H1: loaded successfully
2	21:12:54.619	Custom indicator PZ_Harmonic GBPUSD,H1: loaded successfully
2	21:12:54.624	Custom indicator AutoHarmonic_201604 GBPUSD,H1: loaded successfully
2	21:12:54.629	Custom indicator Sessions EX GBPUSD,H1: loaded successfully
2	21:12:54.631	Custom indicator Max_Pivot GBPUSD,H1: loaded successfully
2	21:12:54.635	Custom indicator Max_Line GBPUSD,H1: loaded successfully
2	21:12:54.640	Custom indicator Otyame013_RCI_Signal GBPUSD,H1: loaded successfully
2	21:12:54.642	Custom indicator JapanTimes GBPUSD,H1: loaded successfully
2	21:12:54.909	Custom indicator Span_model GBPUSD,M5: loaded successfully
2	21:12:54.910	Custom indicator 23Signal_Price-v1 GBPUSD,M5: loaded successfully
2	21:12:54.911	Custom indicator ___MA™Angle_45_TAKE GBPUSD,M5: loaded successfully
2	21:12:54.912	Custom indicator Max_Pivot GBPUSD,M5: loaded successfully
2	21:12:54.917	Custom indicator Max_Line GBPUSD,M5: loaded successfully
2	21:12:54.919	Custom indicator EWPro GBPUSD,M5: loaded successfully
2	21:12:54.926	Custom indicator Trade Reviewer_14806E92 GBPUSD,M5: loaded successfully
2	21:12:54.931	Custom indicator Otyame013_RCI_Signal GBPUSD,M5: loaded successfully
2	21:12:55.898	Custom indicator Otyame005_Super_Bollinger GBPJPY,H1: loaded successfully
2	21:12:55.900	Custom indicator 23Signal_Price-v1 GBPJPY,H1: loaded successfully
2	21:12:55.904	Custom indicator chikou_span_attacker GBPJPY,H1: loaded successfully
2	21:12:55.908	Custom indicator PZ_Harmonic GBPJPY,H1: loaded successfully
2	21:12:55.913	Custom indicator AutoHarmonic_201604 GBPJPY,H1: loaded successfully
2	21:12:55.917	Custom indicator Sessions EX GBPJPY,H1: loaded successfully
2	21:12:55.918	Custom indicator Max_Pivot GBPJPY,H1: loaded successfully
2	21:12:55.922	Custom indicator Max_Line GBPJPY,H1: loaded successfully
2	21:12:55.927	Custom indicator Otyame013_RCI_Signal GBPJPY,H1: loaded successfully
2	21:12:55.929	Custom indicator JapanTimes GBPJPY,H1: loaded successfully
2	21:12:56.185	Custom indicator Span_model GBPJPY,M5: loaded successfully
2	21:12:56.187	Custom indicator 23Signal_Price-v1 GBPJPY,M5: loaded successfully
2	21:12:56.188	Custom indicator ___MA™Angle_45_TAKE GBPJPY,M5: loaded successfully
2	21:12:56.189	Custom indicator Max_Sign GBPJPY,M5: loaded successfully
2	21:12:56.191	Custom indicator Max_Pivot GBPJPY,M5: loaded successfully
2	21:12:56.195	Custom indicator Max_Line GBPJPY,M5: loaded successfully
2	21:12:56.202	Custom indicator Trade Reviewer_14806E92 GBPJPY,M5: loaded successfully
2	21:12:56.208	Custom indicator Otyame013_RCI_Signal GBPJPY,M5: loaded successfully
2	21:12:56.991	Custom indicator Otyame005_Super_Bollinger AUDUSD,H1: loaded successfully
2	21:12:56.993	Custom indicator 23Signal_Price-v1 AUDUSD,H1: loaded successfully
2	21:12:56.997	Custom indicator chikou_span_attacker AUDUSD,H1: loaded successfully
2	21:12:57.001	Custom indicator PZ_Harmonic AUDUSD,H1: loaded successfully
2	21:12:57.006	Custom indicator AutoHarmonic_201604 AUDUSD,H1: loaded successfully
2	21:12:57.010	Custom indicator Sessions EX AUDUSD,H1: loaded successfully
2	21:12:57.011	Custom indicator Max_Pivot AUDUSD,H1: loaded successfully
2	21:12:57.016	Custom indicator Max_Line AUDUSD,H1: loaded successfully
2	21:12:57.021	Custom indicator Otyame013_RCI_Signal AUDUSD,H1: loaded successfully
2	21:12:57.022	Custom indicator JapanTimes AUDUSD,H1: loaded successfully
2	21:12:57.288	Custom indicator Span_model AUDUSD,M5: loaded successfully
2	21:12:57.289	Custom indicator 23Signal_Price-v1 AUDUSD,M5: loaded successfully
2	21:12:57.291	Custom indicator ___MA™Angle_45_TAKE AUDUSD,M5: loaded successfully
2	21:12:57.292	Custom indicator Max_Pivot AUDUSD,M5: loaded successfully
2	21:12:57.296	Custom indicator Max_Line AUDUSD,M5: loaded successfully
2	21:12:57.303	Custom indicator Trade Reviewer_14806E92 AUDUSD,M5: loaded successfully
2	21:12:57.309	Custom indicator Otyame013_RCI_Signal AUDUSD,M5: loaded successfully
2	21:12:58.138	Custom indicator Economic_indicator USDCHF,H1: loaded successfully
0	21:12:59.481	'16040': login on GemForex-Live through DC1 (ping: 73.86 ms)
0	21:13:00.379	'16040': login datacenter on GemForex-Live through DC1 (ping: 73.86 ms)
0	21:13:00.565	'16040': previous successful authorization performed from 119.242.37.68
0	21:13:42.852	'16040': ping to current access point DC1 is 74.99 ms
0	23:45:00.186	'16040': instant order buy 0.10 GBPJPY at 157.737 sl: 0.000 tp: 0.000
0	23:45:00.358	'16040': order was opened : #2023423 buy 0.10 GBPJPY at 157.737 sl: 0.000 tp: 0.000
0	23:45:50.103	'16040': modify order #2023423 buy 0.10 GBPJPY at 157.737 sl: 0.000 tp: 0.000 -> sl: 157.360 tp: 0.000
0	23:45:50.290	'16040': order #2023423 buy 0.10 GBPJPY at 157.737 was modified -> sl: 157.360 tp: 0.000
0	23:47:03.532	'16040': modify order #2023423 buy 0.10 GBPJPY at 157.737 sl: 157.360 tp: 0.000 -> sl: 157.360 tp: 158.428
0	23:47:03.735	'16040': order #2023423 buy 0.10 GBPJPY at 157.737 was modified -> sl: 157.360 tp: 158.428
