0	07:05:52.655	GemFX MT4 build 970 started (GemTrade Co., Ltd.)
0	07:05:52.655	Windows 10 Home (x64 based PC), IE 14.06, UAC, 8 x Intel Core i7-3770  @ 3.40GHz, RAM: 13586 / 16327 Mb, HDD: 139256 / 228383 Mb, GMT+09:00
0	07:05:52.655	Data Folder: C:\Users\koichi\AppData\Roaming\MetaQuotes\Terminal\250ECE632D67BAE8424D7871E3ED5548
2	07:05:54.469	Custom indicator Otyame005_Super_Bollinger USDJPY,H1: loaded successfully
2	07:05:54.500	Custom indicator 23Signal_Price-v1 USDJPY,H1: loaded successfully
2	07:05:54.500	Custom indicator chikou_span_attacker USDJPY,H1: loaded successfully
2	07:05:54.515	Custom indicator PZ_Harmonic USDJPY,H1: loaded successfully
2	07:05:54.531	Custom indicator Otyame021_Price_Line USDJPY,H1: loaded successfully
2	07:05:54.719	Custom indicator 23Signal_Price-v1 USDJPY,M5: loaded successfully
2	07:05:54.720	Custom indicator Max_Pivot USDJPY,M5: loaded successfully
2	07:05:54.727	Custom indicator Max_Line USDJPY,M5: loaded successfully
2	07:05:54.734	Custom indicator Otyame001_Ichimoku_Shift USDJPY,M5: loaded successfully
2	07:05:54.764	Custom indicator #MTF_PSar USDJPY,M5: loaded successfully
2	07:05:54.796	Custom indicator #MTF_PSar USDJPY,M5: loaded successfully
2	07:05:54.811	Custom indicator Otyame021_Price_Line USDJPY,M5: loaded successfully
2	07:05:54.811	Custom indicator Otyame101_Span_model_signal USDJPY,M5: loaded successfully
2	07:05:55.162	Custom indicator Otyame005_Super_Bollinger EURUSD,H1: loaded successfully
2	07:05:55.201	Custom indicator 23Signal_Price-v1 EURUSD,H1: loaded successfully
2	07:05:55.201	Custom indicator chikou_span_attacker EURUSD,H1: loaded successfully
2	07:05:55.218	Custom indicator PZ_Harmonic EURUSD,H1: loaded successfully
2	07:05:55.229	Custom indicator Otyame021_Price_Line EURUSD,H1: loaded successfully
2	07:05:55.395	Custom indicator 23Signal_Price-v1 EURUSD,M5: loaded successfully
2	07:05:55.395	Custom indicator Max_Pivot EURUSD,M5: loaded successfully
2	07:05:55.410	Custom indicator Max_Line EURUSD,M5: loaded successfully
2	07:05:55.410	Custom indicator Otyame001_Ichimoku_Shift EURUSD,M5: loaded successfully
2	07:05:55.442	Custom indicator #MTF_PSar EURUSD,M5: loaded successfully
2	07:05:55.473	Custom indicator #MTF_PSar EURUSD,M5: loaded successfully
2	07:05:55.488	Custom indicator Otyame021_Price_Line EURUSD,M5: loaded successfully
2	07:05:55.504	Custom indicator Otyame101_Span_model_signal EURUSD,M5: loaded successfully
2	07:05:55.888	Custom indicator Otyame005_Super_Bollinger EURJPY,H1: loaded successfully
2	07:05:55.920	Custom indicator 23Signal_Price-v1 EURJPY,H1: loaded successfully
2	07:05:55.928	Custom indicator chikou_span_attacker EURJPY,H1: loaded successfully
2	07:05:55.936	Custom indicator PZ_Harmonic EURJPY,H1: loaded successfully
2	07:05:55.944	Custom indicator Otyame021_Price_Line EURJPY,H1: loaded successfully
2	07:05:56.118	Custom indicator 23Signal_Price-v1 EURJPY,M5: loaded successfully
2	07:05:56.120	Custom indicator Max_Pivot EURJPY,M5: loaded successfully
2	07:05:56.126	Custom indicator Max_Line EURJPY,M5: loaded successfully
2	07:05:56.133	Custom indicator Otyame001_Ichimoku_Shift EURJPY,M5: loaded successfully
2	07:05:56.165	Custom indicator #MTF_PSar EURJPY,M5: loaded successfully
2	07:05:56.206	Custom indicator #MTF_PSar EURJPY,M5: loaded successfully
2	07:05:56.216	Custom indicator Otyame021_Price_Line EURJPY,M5: loaded successfully
2	07:05:56.224	Custom indicator Otyame101_Span_model_signal EURJPY,M5: loaded successfully
2	07:05:56.611	Custom indicator Otyame005_Super_Bollinger GBPUSD,H1: loaded successfully
2	07:05:56.642	Custom indicator 23Signal_Price-v1 GBPUSD,H1: loaded successfully
2	07:05:56.658	Custom indicator chikou_span_attacker GBPUSD,H1: loaded successfully
2	07:05:56.658	Custom indicator PZ_Harmonic GBPUSD,H1: loaded successfully
2	07:05:56.674	Custom indicator Otyame021_Price_Line GBPUSD,H1: loaded successfully
2	07:05:56.853	Custom indicator 23Signal_Price-v1 GBPUSD,M5: loaded successfully
2	07:05:56.869	Custom indicator Max_Pivot GBPUSD,M5: loaded successfully
2	07:05:56.869	Custom indicator Max_Line GBPUSD,M5: loaded successfully
2	07:05:56.885	Custom indicator Otyame001_Ichimoku_Shift GBPUSD,M5: loaded successfully
2	07:05:56.916	Custom indicator #MTF_PSar GBPUSD,M5: loaded successfully
2	07:05:56.947	Custom indicator #MTF_PSar GBPUSD,M5: loaded successfully
2	07:05:56.963	Custom indicator Otyame101_Span_model_signal GBPUSD,M5: loaded successfully
2	07:05:57.262	Custom indicator Otyame005_Super_Bollinger GBPJPY,H1: loaded successfully
2	07:05:57.309	Custom indicator 23Signal_Price-v1 GBPJPY,H1: loaded successfully
2	07:05:57.309	Custom indicator chikou_span_attacker GBPJPY,H1: loaded successfully
2	07:05:57.309	Custom indicator PZ_Harmonic GBPJPY,H1: loaded successfully
2	07:05:57.334	Custom indicator Otyame021_Price_Line GBPJPY,H1: loaded successfully
2	07:05:57.527	Custom indicator 23Signal_Price-v1 GBPJPY,M5: loaded successfully
2	07:05:57.542	Custom indicator Max_Pivot GBPJPY,M5: loaded successfully
2	07:05:57.542	Custom indicator Max_Line GBPJPY,M5: loaded successfully
2	07:05:57.542	Custom indicator Otyame001_Ichimoku_Shift GBPJPY,M5: loaded successfully
2	07:05:57.589	Custom indicator #MTF_PSar GBPJPY,M5: loaded successfully
2	07:05:57.625	Custom indicator #MTF_PSar GBPJPY,M5: loaded successfully
2	07:05:57.635	Custom indicator Otyame021_Price_Line GBPJPY,M5: loaded successfully
2	07:05:57.643	Custom indicator Otyame101_Span_model_signal GBPJPY,M5: loaded successfully
2	07:05:58.029	Custom indicator Otyame005_Super_Bollinger AUDUSD,H1: loaded successfully
2	07:05:58.065	Custom indicator 23Signal_Price-v1 AUDUSD,H1: loaded successfully
2	07:05:58.069	Custom indicator chikou_span_attacker AUDUSD,H1: loaded successfully
2	07:05:58.077	Custom indicator PZ_Harmonic AUDUSD,H1: loaded successfully
2	07:05:58.085	Custom indicator Otyame021_Price_Line AUDUSD,H1: loaded successfully
2	07:05:58.275	Custom indicator 23Signal_Price-v1 AUDUSD,M5: loaded successfully
2	07:05:58.279	Custom indicator Max_Pivot AUDUSD,M5: loaded successfully
2	07:05:58.283	Custom indicator Max_Line AUDUSD,M5: loaded successfully
2	07:05:58.294	Custom indicator Otyame001_Ichimoku_Shift AUDUSD,M5: loaded successfully
2	07:05:58.337	Custom indicator #MTF_PSar AUDUSD,M5: loaded successfully
2	07:05:58.369	Custom indicator #MTF_PSar AUDUSD,M5: loaded successfully
2	07:05:58.377	Custom indicator Otyame021_Price_Line AUDUSD,M5: loaded successfully
2	07:05:58.389	Custom indicator Otyame101_Span_model_signal AUDUSD,M5: loaded successfully
2	07:05:58.746	Custom indicator Otyame005_Super_Bollinger GBPAUD,H1: loaded successfully
2	07:05:58.782	Custom indicator 23Signal_Price-v1 GBPAUD,H1: loaded successfully
2	07:05:58.790	Custom indicator chikou_span_attacker GBPAUD,H1: loaded successfully
2	07:05:58.798	Custom indicator PZ_Harmonic GBPAUD,H1: loaded successfully
2	07:05:58.806	Custom indicator Otyame021_Price_Line GBPAUD,H1: loaded successfully
2	07:05:58.942	Custom indicator 23Signal_Price-v1 GBPAUD,M5: loaded successfully
2	07:05:58.942	Custom indicator Max_Pivot GBPAUD,M5: loaded successfully
2	07:05:58.950	Custom indicator Max_Line GBPAUD,M5: loaded successfully
2	07:05:58.958	Custom indicator Otyame001_Ichimoku_Shift GBPAUD,M5: loaded successfully
2	07:05:58.990	Custom indicator #MTF_PSar GBPAUD,M5: loaded successfully
2	07:05:59.030	Custom indicator #MTF_PSar GBPAUD,M5: loaded successfully
2	07:05:59.038	Custom indicator Otyame021_Price_Line GBPAUD,M5: loaded successfully
2	07:05:59.050	Custom indicator Otyame101_Span_model_signal GBPAUD,M5: loaded successfully
2	07:05:59.217	Custom indicator Economic_indicator USDCHF,H1: loaded successfully
0	07:06:01.393	'16040': login on GemForex-Live through DC1 (ping: 74.46 ms)
0	07:06:02.256	'16040': login datacenter on GemForex-Live through DC1 (ping: 74.46 ms)
0	07:06:02.524	'16040': previous successful authorization performed from 119.242.37.68
0	07:06:34.372	'16040': ping to current access point DC1 is 72.90 ms
2	07:09:22.060	Custom indicator Otyame005_Super_Bollinger USDJPY,H1: removed
2	07:09:22.060	Custom indicator 23Signal_Price-v1 USDJPY,H1: removed
2	07:09:22.061	Custom indicator chikou_span_attacker USDJPY,H1: removed
2	07:09:22.062	Custom indicator PZ_Harmonic USDJPY,H1: removed
2	07:09:22.064	Custom indicator Otyame021_Price_Line USDJPY,H1: removed
2	07:09:22.064	Custom indicator 23Signal_Price-v1 USDJPY,M5: removed
2	07:09:22.064	Custom indicator Max_Pivot USDJPY,M5: removed
2	07:09:22.066	Custom indicator Max_Line USDJPY,M5: removed
2	07:09:22.067	Custom indicator Otyame001_Ichimoku_Shift USDJPY,M5: removed
2	07:09:22.067	Custom indicator #MTF_PSar USDJPY,M5: removed
2	07:09:22.067	Custom indicator #MTF_PSar USDJPY,M5: removed
2	07:09:22.069	Custom indicator Otyame021_Price_Line USDJPY,M5: removed
2	07:09:22.070	Custom indicator Otyame101_Span_model_signal USDJPY,M5: removed
2	07:09:22.072	Custom indicator Otyame005_Super_Bollinger EURUSD,H1: removed
2	07:09:22.072	Custom indicator 23Signal_Price-v1 EURUSD,H1: removed
2	07:09:22.073	Custom indicator chikou_span_attacker EURUSD,H1: removed
2	07:09:22.075	Custom indicator PZ_Harmonic EURUSD,H1: removed
2	07:09:22.076	Custom indicator Otyame021_Price_Line EURUSD,H1: removed
2	07:09:22.077	Custom indicator 23Signal_Price-v1 EURUSD,M5: removed
2	07:09:22.077	Custom indicator Max_Pivot EURUSD,M5: removed
2	07:09:22.078	Custom indicator Max_Line EURUSD,M5: removed
2	07:09:22.078	Custom indicator Otyame001_Ichimoku_Shift EURUSD,M5: removed
2	07:09:22.078	Custom indicator #MTF_PSar EURUSD,M5: removed
2	07:09:22.078	Custom indicator #MTF_PSar EURUSD,M5: removed
2	07:09:22.078	Custom indicator Otyame021_Price_Line EURUSD,M5: removed
2	07:09:22.078	Custom indicator Otyame101_Span_model_signal EURUSD,M5: removed
2	07:09:22.078	Custom indicator Otyame005_Super_Bollinger EURJPY,H1: removed
2	07:09:22.078	Custom indicator 23Signal_Price-v1 EURJPY,H1: removed
2	07:09:22.078	Custom indicator chikou_span_attacker EURJPY,H1: removed
2	07:09:22.078	Custom indicator PZ_Harmonic EURJPY,H1: removed
2	07:09:22.078	Custom indicator Otyame021_Price_Line EURJPY,H1: removed
2	07:09:22.094	Custom indicator 23Signal_Price-v1 EURJPY,M5: removed
2	07:09:22.094	Custom indicator Max_Pivot EURJPY,M5: removed
2	07:09:22.094	Custom indicator Max_Line EURJPY,M5: removed
2	07:09:22.094	Custom indicator Otyame001_Ichimoku_Shift EURJPY,M5: removed
2	07:09:22.094	Custom indicator #MTF_PSar EURJPY,M5: removed
2	07:09:22.094	Custom indicator #MTF_PSar EURJPY,M5: removed
2	07:09:22.094	Custom indicator Otyame021_Price_Line EURJPY,M5: removed
2	07:09:22.094	Custom indicator Otyame101_Span_model_signal EURJPY,M5: removed
2	07:09:22.094	Custom indicator Otyame005_Super_Bollinger GBPUSD,H1: removed
2	07:09:22.094	Custom indicator 23Signal_Price-v1 GBPUSD,H1: removed
2	07:09:22.094	Custom indicator chikou_span_attacker GBPUSD,H1: removed
2	07:09:22.094	Custom indicator PZ_Harmonic GBPUSD,H1: removed
2	07:09:22.094	Custom indicator Otyame021_Price_Line GBPUSD,H1: removed
2	07:09:22.094	Custom indicator 23Signal_Price-v1 GBPUSD,M5: removed
2	07:09:22.094	Custom indicator Max_Pivot GBPUSD,M5: removed
2	07:09:22.094	Custom indicator Max_Line GBPUSD,M5: removed
2	07:09:22.109	Custom indicator Otyame001_Ichimoku_Shift GBPUSD,M5: removed
2	07:09:22.109	Custom indicator #MTF_PSar GBPUSD,M5: removed
2	07:09:22.109	Custom indicator #MTF_PSar GBPUSD,M5: removed
2	07:09:22.109	Custom indicator Otyame101_Span_model_signal GBPUSD,M5: removed
2	07:09:22.109	Custom indicator Otyame005_Super_Bollinger GBPJPY,H1: removed
2	07:09:22.109	Custom indicator 23Signal_Price-v1 GBPJPY,H1: removed
2	07:09:22.109	Custom indicator chikou_span_attacker GBPJPY,H1: removed
2	07:09:22.109	Custom indicator PZ_Harmonic GBPJPY,H1: removed
2	07:09:22.109	Custom indicator Otyame021_Price_Line GBPJPY,H1: removed
2	07:09:22.109	Custom indicator 23Signal_Price-v1 GBPJPY,M5: removed
2	07:09:22.109	Custom indicator Max_Pivot GBPJPY,M5: removed
2	07:09:22.109	Custom indicator Max_Line GBPJPY,M5: removed
2	07:09:22.125	Custom indicator Otyame001_Ichimoku_Shift GBPJPY,M5: removed
2	07:09:22.125	Custom indicator #MTF_PSar GBPJPY,M5: removed
2	07:09:22.125	Custom indicator #MTF_PSar GBPJPY,M5: removed
2	07:09:22.125	Custom indicator Otyame021_Price_Line GBPJPY,M5: removed
2	07:09:22.125	Custom indicator Otyame101_Span_model_signal GBPJPY,M5: removed
2	07:09:22.125	Custom indicator Otyame005_Super_Bollinger AUDUSD,H1: removed
2	07:09:22.125	Custom indicator 23Signal_Price-v1 AUDUSD,H1: removed
2	07:09:22.125	Custom indicator chikou_span_attacker AUDUSD,H1: removed
2	07:09:22.125	Custom indicator PZ_Harmonic AUDUSD,H1: removed
2	07:09:22.125	Custom indicator Otyame021_Price_Line AUDUSD,H1: removed
2	07:09:22.125	Custom indicator 23Signal_Price-v1 AUDUSD,M5: removed
2	07:09:22.125	Custom indicator Max_Pivot AUDUSD,M5: removed
2	07:09:22.125	Custom indicator Max_Line AUDUSD,M5: removed
2	07:09:22.125	Custom indicator Otyame001_Ichimoku_Shift AUDUSD,M5: removed
2	07:09:22.125	Custom indicator #MTF_PSar AUDUSD,M5: removed
2	07:09:22.125	Custom indicator #MTF_PSar AUDUSD,M5: removed
2	07:09:22.125	Custom indicator Otyame021_Price_Line AUDUSD,M5: removed
2	07:09:22.125	Custom indicator Otyame101_Span_model_signal AUDUSD,M5: removed
2	07:09:22.140	Custom indicator Otyame005_Super_Bollinger GBPAUD,H1: removed
2	07:09:22.140	Custom indicator 23Signal_Price-v1 GBPAUD,H1: removed
2	07:09:22.140	Custom indicator chikou_span_attacker GBPAUD,H1: removed
2	07:09:22.140	Custom indicator PZ_Harmonic GBPAUD,H1: removed
2	07:09:22.140	Custom indicator Otyame021_Price_Line GBPAUD,H1: removed
2	07:09:22.140	Custom indicator 23Signal_Price-v1 GBPAUD,M5: removed
2	07:09:22.140	Custom indicator Max_Pivot GBPAUD,M5: removed
2	07:09:22.140	Custom indicator Max_Line GBPAUD,M5: removed
2	07:09:22.140	Custom indicator Otyame001_Ichimoku_Shift GBPAUD,M5: removed
2	07:09:22.140	Custom indicator #MTF_PSar GBPAUD,M5: removed
2	07:09:22.140	Custom indicator #MTF_PSar GBPAUD,M5: removed
2	07:09:22.140	Custom indicator Otyame021_Price_Line GBPAUD,M5: removed
2	07:09:22.140	Custom indicator Otyame101_Span_model_signal GBPAUD,M5: removed
2	07:09:22.156	Custom indicator Economic_indicator USDCHF,H1: removed
0	07:09:22.844	GemFX MT4 build 970 stopped
0	20:43:34.382	GemFX MT4 build 970 started (GemTrade Co., Ltd.)
0	20:43:34.382	Windows 10 Home (x64 based PC), IE 14.06, UAC, 8 x Intel Core i7-3770  @ 3.40GHz, RAM: 13749 / 16327 Mb, HDD: 139250 / 228383 Mb, GMT+09:00
0	20:43:34.382	Data Folder: C:\Users\koichi\AppData\Roaming\MetaQuotes\Terminal\250ECE632D67BAE8424D7871E3ED5548
2	20:43:36.184	Custom indicator Otyame005_Super_Bollinger USDJPY,H1: loaded successfully
2	20:43:36.217	Custom indicator 23Signal_Price-v1 USDJPY,H1: loaded successfully
2	20:43:36.232	Custom indicator chikou_span_attacker USDJPY,H1: loaded successfully
2	20:43:36.232	Custom indicator PZ_Harmonic USDJPY,H1: loaded successfully
2	20:43:36.248	Custom indicator Otyame021_Price_Line USDJPY,H1: loaded successfully
2	20:43:36.417	Custom indicator 23Signal_Price-v1 USDJPY,M5: loaded successfully
2	20:43:36.417	Custom indicator Max_Pivot USDJPY,M5: loaded successfully
2	20:43:36.432	Custom indicator Max_Line USDJPY,M5: loaded successfully
2	20:43:36.448	Custom indicator Otyame001_Ichimoku_Shift USDJPY,M5: loaded successfully
2	20:43:36.482	Custom indicator #MTF_PSar USDJPY,M5: loaded successfully
2	20:43:36.548	Custom indicator #MTF_PSar USDJPY,M5: loaded successfully
2	20:43:36.548	Custom indicator Otyame021_Price_Line USDJPY,M5: loaded successfully
2	20:43:36.567	Custom indicator Otyame101_Span_model_signal USDJPY,M5: loaded successfully
2	20:43:36.921	Custom indicator Otyame005_Super_Bollinger EURUSD,H1: loaded successfully
2	20:43:36.967	Custom indicator 23Signal_Price-v1 EURUSD,H1: loaded successfully
2	20:43:36.967	Custom indicator chikou_span_attacker EURUSD,H1: loaded successfully
2	20:43:36.967	Custom indicator PZ_Harmonic EURUSD,H1: loaded successfully
2	20:43:36.982	Custom indicator Otyame021_Price_Line EURUSD,H1: loaded successfully
2	20:43:37.151	Custom indicator 23Signal_Price-v1 EURUSD,M5: loaded successfully
2	20:43:37.151	Custom indicator Max_Pivot EURUSD,M5: loaded successfully
2	20:43:37.168	Custom indicator Max_Line EURUSD,M5: loaded successfully
2	20:43:37.168	Custom indicator Otyame001_Ichimoku_Shift EURUSD,M5: loaded successfully
2	20:43:37.214	Custom indicator #MTF_PSar EURUSD,M5: loaded successfully
2	20:43:37.246	Custom indicator #MTF_PSar EURUSD,M5: loaded successfully
2	20:43:37.266	Custom indicator Otyame021_Price_Line EURUSD,M5: loaded successfully
2	20:43:37.274	Custom indicator Otyame101_Span_model_signal EURUSD,M5: loaded successfully
2	20:43:37.614	Custom indicator Otyame005_Super_Bollinger EURJPY,H1: loaded successfully
2	20:43:37.661	Custom indicator 23Signal_Price-v1 EURJPY,H1: loaded successfully
2	20:43:37.667	Custom indicator chikou_span_attacker EURJPY,H1: loaded successfully
2	20:43:37.670	Custom indicator PZ_Harmonic EURJPY,H1: loaded successfully
2	20:43:37.670	Custom indicator Otyame021_Price_Line EURJPY,H1: loaded successfully
2	20:43:37.847	Custom indicator 23Signal_Price-v1 EURJPY,M5: loaded successfully
2	20:43:37.847	Custom indicator Max_Pivot EURJPY,M5: loaded successfully
2	20:43:37.863	Custom indicator Max_Line EURJPY,M5: loaded successfully
2	20:43:37.867	Custom indicator Otyame001_Ichimoku_Shift EURJPY,M5: loaded successfully
2	20:43:37.905	Custom indicator #MTF_PSar EURJPY,M5: loaded successfully
2	20:43:37.929	Custom indicator #MTF_PSar EURJPY,M5: loaded successfully
2	20:43:37.945	Custom indicator Otyame021_Price_Line EURJPY,M5: loaded successfully
2	20:43:37.945	Custom indicator Otyame101_Span_model_signal EURJPY,M5: loaded successfully
2	20:43:38.333	Custom indicator Otyame005_Super_Bollinger GBPUSD,H1: loaded successfully
2	20:43:38.367	Custom indicator 23Signal_Price-v1 GBPUSD,H1: loaded successfully
2	20:43:38.367	Custom indicator chikou_span_attacker GBPUSD,H1: loaded successfully
2	20:43:38.367	Custom indicator PZ_Harmonic GBPUSD,H1: loaded successfully
2	20:43:38.383	Custom indicator Otyame021_Price_Line GBPUSD,H1: loaded successfully
2	20:43:38.567	Custom indicator 23Signal_Price-v1 GBPUSD,M5: loaded successfully
2	20:43:38.567	Custom indicator Max_Pivot GBPUSD,M5: loaded successfully
2	20:43:38.582	Custom indicator Max_Line GBPUSD,M5: loaded successfully
2	20:43:38.582	Custom indicator Otyame001_Ichimoku_Shift GBPUSD,M5: loaded successfully
2	20:43:38.617	Custom indicator #MTF_PSar GBPUSD,M5: loaded successfully
2	20:43:38.662	Custom indicator #MTF_PSar GBPUSD,M5: loaded successfully
2	20:43:38.667	Custom indicator Otyame101_Span_model_signal GBPUSD,M5: loaded successfully
2	20:43:38.945	Custom indicator Otyame005_Super_Bollinger GBPJPY,H1: loaded successfully
2	20:43:38.997	Custom indicator 23Signal_Price-v1 GBPJPY,H1: loaded successfully
2	20:43:39.001	Custom indicator chikou_span_attacker GBPJPY,H1: loaded successfully
2	20:43:39.001	Custom indicator PZ_Harmonic GBPJPY,H1: loaded successfully
2	20:43:39.017	Custom indicator Otyame021_Price_Line GBPJPY,H1: loaded successfully
2	20:43:39.221	Custom indicator 23Signal_Price-v1 GBPJPY,M5: loaded successfully
2	20:43:39.221	Custom indicator Max_Pivot GBPJPY,M5: loaded successfully
2	20:43:39.221	Custom indicator Max_Line GBPJPY,M5: loaded successfully
2	20:43:39.237	Custom indicator Otyame001_Ichimoku_Shift GBPJPY,M5: loaded successfully
2	20:43:39.283	Custom indicator #MTF_PSar GBPJPY,M5: loaded successfully
2	20:43:39.317	Custom indicator #MTF_PSar GBPJPY,M5: loaded successfully
2	20:43:39.317	Custom indicator Otyame021_Price_Line GBPJPY,M5: loaded successfully
2	20:43:39.333	Custom indicator Otyame101_Span_model_signal GBPJPY,M5: loaded successfully
2	20:43:39.683	Custom indicator Otyame005_Super_Bollinger AUDUSD,H1: loaded successfully
2	20:43:39.733	Custom indicator 23Signal_Price-v1 AUDUSD,H1: loaded successfully
2	20:43:39.749	Custom indicator chikou_span_attacker AUDUSD,H1: loaded successfully
2	20:43:39.767	Custom indicator PZ_Harmonic AUDUSD,H1: loaded successfully
2	20:43:39.767	Custom indicator Otyame021_Price_Line AUDUSD,H1: loaded successfully
2	20:43:39.933	Custom indicator 23Signal_Price-v1 AUDUSD,M5: loaded successfully
2	20:43:39.933	Custom indicator Max_Pivot AUDUSD,M5: loaded successfully
2	20:43:39.949	Custom indicator Max_Line AUDUSD,M5: loaded successfully
2	20:43:39.949	Custom indicator Otyame001_Ichimoku_Shift AUDUSD,M5: loaded successfully
2	20:43:39.983	Custom indicator #MTF_PSar AUDUSD,M5: loaded successfully
2	20:43:40.017	Custom indicator #MTF_PSar AUDUSD,M5: loaded successfully
2	20:43:40.033	Custom indicator Otyame021_Price_Line AUDUSD,M5: loaded successfully
2	20:43:40.033	Custom indicator Otyame101_Span_model_signal AUDUSD,M5: loaded successfully
2	20:43:40.383	Custom indicator Otyame005_Super_Bollinger GBPAUD,H1: loaded successfully
2	20:43:40.415	Custom indicator 23Signal_Price-v1 GBPAUD,H1: loaded successfully
2	20:43:40.431	Custom indicator chikou_span_attacker GBPAUD,H1: loaded successfully
2	20:43:40.431	Custom indicator PZ_Harmonic GBPAUD,H1: loaded successfully
2	20:43:40.447	Custom indicator Otyame021_Price_Line GBPAUD,H1: loaded successfully
2	20:43:40.584	Custom indicator 23Signal_Price-v1 GBPAUD,M5: loaded successfully
2	20:43:40.584	Custom indicator Max_Pivot GBPAUD,M5: loaded successfully
2	20:43:40.599	Custom indicator Max_Line GBPAUD,M5: loaded successfully
2	20:43:40.603	Custom indicator Otyame001_Ichimoku_Shift GBPAUD,M5: loaded successfully
2	20:43:40.631	Custom indicator #MTF_PSar GBPAUD,M5: loaded successfully
2	20:43:40.668	Custom indicator #MTF_PSar GBPAUD,M5: loaded successfully
2	20:43:40.684	Custom indicator Otyame021_Price_Line GBPAUD,M5: loaded successfully
2	20:43:40.684	Custom indicator Otyame101_Span_model_signal GBPAUD,M5: loaded successfully
2	20:43:40.867	Custom indicator Economic_indicator USDCHF,H1: loaded successfully
0	20:43:44.850	LiveUpdate: updater - started for 'C:\Program Files (x86)\GemFX MT4'
0	20:43:44.851	LiveUpdate: updater - start admin updater
0	20:43:47.416	LiveUpdate: admin updater - started for 'C:\Program Files (x86)\GemFX MT4'
0	20:43:47.416	LiveUpdate: admin updater - try to close terminal
0	20:44:10.073	LiveUpdate: process 7956 is still working
0	20:44:10.073	LiveUpdate: process 7956 terminated
0	20:44:11.089	LiveUpdate: admin updater - files update started
0	20:44:11.542	LiveUpdate: copied from 'C:\Users\koichi\AppData\Roaming\MetaQuotes\WebInstall\mt4clw\metaeditor.exe' to 'C:\Program Files (x86)\GemFX MT4\metaeditor.exe'
0	20:44:11.542	LiveUpdate: copied from 'C:\Users\koichi\AppData\Roaming\MetaQuotes\WebInstall\mt4clw\terminal.exe' to 'C:\Program Files (x86)\GemFX MT4\terminal.exe'
0	20:44:11.542	LiveUpdate: admin updater - files update finished
0	20:44:11.542	LiveUpdate: admin updater - clean obsolete data
0	20:44:11.542	LiveUpdate: admin updater - finished for 'C:\Program Files (x86)\GemFX MT4'
0	20:44:11.542	LiveUpdate: updater - start terminal
0	20:44:12.026	LiveUpdate: updater - finished for 'C:\Program Files (x86)\GemFX MT4'
0	20:44:14.161	LiveUpdate: update C:\Users\koichi\AppData\Roaming\MetaQuotes\Terminal\250ECE632D67BAE8424D7871E3ED5548\MQL4 folder started
0	20:44:14.161	LiveUpdate: C:\Users\koichi\AppData\Roaming\MetaQuotes\Terminal\250ECE632D67BAE8424D7871E3ED5548\MQL4/Experts/MACD Sample.mq4 updated
0	20:44:14.161	LiveUpdate: C:\Users\koichi\AppData\Roaming\MetaQuotes\Terminal\250ECE632D67BAE8424D7871E3ED5548\MQL4/Experts/Moving Average.mq4 updated
0	20:44:14.161	LiveUpdate: C:\Users\koichi\AppData\Roaming\MetaQuotes\Terminal\250ECE632D67BAE8424D7871E3ED5548\MQL4/Include/Arrays/Array.mqh updated
0	20:44:14.161	LiveUpdate: C:\Users\koichi\AppData\Roaming\MetaQuotes\Terminal\250ECE632D67BAE8424D7871E3ED5548\MQL4/Include/Arrays/ArrayChar.mqh updated
0	20:44:14.177	LiveUpdate: C:\Users\koichi\AppData\Roaming\MetaQuotes\Terminal\250ECE632D67BAE8424D7871E3ED5548\MQL4/Include/Arrays/ArrayDouble.mqh updated
0	20:44:14.177	LiveUpdate: C:\Users\koichi\AppData\Roaming\MetaQuotes\Terminal\250ECE632D67BAE8424D7871E3ED5548\MQL4/Include/Arrays/ArrayFloat.mqh updated
0	20:44:14.177	LiveUpdate: C:\Users\koichi\AppData\Roaming\MetaQuotes\Terminal\250ECE632D67BAE8424D7871E3ED5548\MQL4/Include/Arrays/ArrayInt.mqh updated
0	20:44:14.177	LiveUpdate: C:\Users\koichi\AppData\Roaming\MetaQuotes\Terminal\250ECE632D67BAE8424D7871E3ED5548\MQL4/Include/Arrays/ArrayLong.mqh updated
0	20:44:14.177	LiveUpdate: C:\Users\koichi\AppData\Roaming\MetaQuotes\Terminal\250ECE632D67BAE8424D7871E3ED5548\MQL4/Include/Arrays/ArrayObj.mqh updated
0	20:44:14.177	LiveUpdate: C:\Users\koichi\AppData\Roaming\MetaQuotes\Terminal\250ECE632D67BAE8424D7871E3ED5548\MQL4/Include/Arrays/ArrayShort.mqh updated
0	20:44:14.192	LiveUpdate: C:\Users\koichi\AppData\Roaming\MetaQuotes\Terminal\250ECE632D67BAE8424D7871E3ED5548\MQL4/Include/Arrays/ArrayString.mqh updated
0	20:44:14.192	LiveUpdate: C:\Users\koichi\AppData\Roaming\MetaQuotes\Terminal\250ECE632D67BAE8424D7871E3ED5548\MQL4/Include/Arrays/List.mqh updated
0	20:44:14.192	LiveUpdate: C:\Users\koichi\AppData\Roaming\MetaQuotes\Terminal\250ECE632D67BAE8424D7871E3ED5548\MQL4/Include/Arrays/Tree.mqh updated
0	20:44:14.192	LiveUpdate: C:\Users\koichi\AppData\Roaming\MetaQuotes\Terminal\250ECE632D67BAE8424D7871E3ED5548\MQL4/Include/Arrays/TreeNode.mqh updated
0	20:44:14.192	LiveUpdate: C:\Users\koichi\AppData\Roaming\MetaQuotes\Terminal\250ECE632D67BAE8424D7871E3ED5548\MQL4/Include/Canvas/Canvas.mqh updated
0	20:44:14.192	LiveUpdate: C:\Users\koichi\AppData\Roaming\MetaQuotes\Terminal\250ECE632D67BAE8424D7871E3ED5548\MQL4/Include/ChartObjects/ChartObject.mqh updated
0	20:44:14.208	LiveUpdate: C:\Users\koichi\AppData\Roaming\MetaQuotes\Terminal\250ECE632D67BAE8424D7871E3ED5548\MQL4/Include/ChartObjects/ChartObjectPanel.mqh updated
0	20:44:14.208	LiveUpdate: C:\Users\koichi\AppData\Roaming\MetaQuotes\Terminal\250ECE632D67BAE8424D7871E3ED5548\MQL4/Include/ChartObjects/ChartObjectsArrows.mqh updated
0	20:44:14.208	LiveUpdate: C:\Users\koichi\AppData\Roaming\MetaQuotes\Terminal\250ECE632D67BAE8424D7871E3ED5548\MQL4/Include/ChartObjects/ChartObjectsBmpControls.mqh updated
0	20:44:14.208	LiveUpdate: C:\Users\koichi\AppData\Roaming\MetaQuotes\Terminal\250ECE632D67BAE8424D7871E3ED5548\MQL4/Include/ChartObjects/ChartObjectsChannels.mqh updated
0	20:44:14.208	LiveUpdate: C:\Users\koichi\AppData\Roaming\MetaQuotes\Terminal\250ECE632D67BAE8424D7871E3ED5548\MQL4/Include/ChartObjects/ChartObjectsFibo.mqh updated
0	20:44:14.208	LiveUpdate: C:\Users\koichi\AppData\Roaming\MetaQuotes\Terminal\250ECE632D67BAE8424D7871E3ED5548\MQL4/Include/ChartObjects/ChartObjectsGann.mqh updated
0	20:44:14.224	LiveUpdate: C:\Users\koichi\AppData\Roaming\MetaQuotes\Terminal\250ECE632D67BAE8424D7871E3ED5548\MQL4/Include/ChartObjects/ChartObjectsLines.mqh updated
0	20:44:14.224	LiveUpdate: C:\Users\koichi\AppData\Roaming\MetaQuotes\Terminal\250ECE632D67BAE8424D7871E3ED5548\MQL4/Include/ChartObjects/ChartObjectsShapes.mqh updated
0	20:44:14.224	LiveUpdate: C:\Users\koichi\AppData\Roaming\MetaQuotes\Terminal\250ECE632D67BAE8424D7871E3ED5548\MQL4/Include/ChartObjects/ChartObjectsTxtControls.mqh updated
0	20:44:14.224	LiveUpdate: C:\Users\koichi\AppData\Roaming\MetaQuotes\Terminal\250ECE632D67BAE8424D7871E3ED5548\MQL4/Include/Charts/Chart.mqh updated
0	20:44:14.224	LiveUpdate: C:\Users\koichi\AppData\Roaming\MetaQuotes\Terminal\250ECE632D67BAE8424D7871E3ED5548\MQL4/Include/Controls/BmpButton.mqh updated
0	20:44:14.224	LiveUpdate: C:\Users\koichi\AppData\Roaming\MetaQuotes\Terminal\250ECE632D67BAE8424D7871E3ED5548\MQL4/Include/Controls/Button.mqh updated
0	20:44:14.239	LiveUpdate: C:\Users\koichi\AppData\Roaming\MetaQuotes\Terminal\250ECE632D67BAE8424D7871E3ED5548\MQL4/Include/Controls/CheckBox.mqh updated
0	20:44:14.239	LiveUpdate: C:\Users\koichi\AppData\Roaming\MetaQuotes\Terminal\250ECE632D67BAE8424D7871E3ED5548\MQL4/Include/Controls/CheckGroup.mqh updated
0	20:44:14.239	LiveUpdate: C:\Users\koichi\AppData\Roaming\MetaQuotes\Terminal\250ECE632D67BAE8424D7871E3ED5548\MQL4/Include/Controls/ComboBox.mqh updated
0	20:44:14.239	LiveUpdate: C:\Users\koichi\AppData\Roaming\MetaQuotes\Terminal\250ECE632D67BAE8424D7871E3ED5548\MQL4/Include/Controls/DateDropList.mqh updated
0	20:44:14.239	LiveUpdate: C:\Users\koichi\AppData\Roaming\MetaQuotes\Terminal\250ECE632D67BAE8424D7871E3ED5548\MQL4/Include/Controls/DatePicker.mqh updated
0	20:44:14.239	LiveUpdate: C:\Users\koichi\AppData\Roaming\MetaQuotes\Terminal\250ECE632D67BAE8424D7871E3ED5548\MQL4/Include/Controls/Defines.mqh updated
0	20:44:14.255	LiveUpdate: C:\Users\koichi\AppData\Roaming\MetaQuotes\Terminal\250ECE632D67BAE8424D7871E3ED5548\MQL4/Include/Controls/Dialog.mqh updated
0	20:44:14.255	LiveUpdate: C:\Users\koichi\AppData\Roaming\MetaQuotes\Terminal\250ECE632D67BAE8424D7871E3ED5548\MQL4/Include/Controls/Edit.mqh updated
0	20:44:14.255	LiveUpdate: C:\Users\koichi\AppData\Roaming\MetaQuotes\Terminal\250ECE632D67BAE8424D7871E3ED5548\MQL4/Include/Controls/Label.mqh updated
0	20:44:14.255	LiveUpdate: C:\Users\koichi\AppData\Roaming\MetaQuotes\Terminal\250ECE632D67BAE8424D7871E3ED5548\MQL4/Include/Controls/ListView.mqh updated
0	20:44:14.255	LiveUpdate: C:\Users\koichi\AppData\Roaming\MetaQuotes\Terminal\250ECE632D67BAE8424D7871E3ED5548\MQL4/Include/Controls/Panel.mqh updated
0	20:44:14.255	LiveUpdate: C:\Users\koichi\AppData\Roaming\MetaQuotes\Terminal\250ECE632D67BAE8424D7871E3ED5548\MQL4/Include/Controls/Picture.mqh updated
0	20:44:14.271	LiveUpdate: C:\Users\koichi\AppData\Roaming\MetaQuotes\Terminal\250ECE632D67BAE8424D7871E3ED5548\MQL4/Include/Controls/RadioButton.mqh updated
0	20:44:14.271	LiveUpdate: C:\Users\koichi\AppData\Roaming\MetaQuotes\Terminal\250ECE632D67BAE8424D7871E3ED5548\MQL4/Include/Controls/RadioGroup.mqh updated
0	20:44:14.271	LiveUpdate: C:\Users\koichi\AppData\Roaming\MetaQuotes\Terminal\250ECE632D67BAE8424D7871E3ED5548\MQL4/Include/Controls/Rect.mqh updated
0	20:44:14.271	LiveUpdate: C:\Users\koichi\AppData\Roaming\MetaQuotes\Terminal\250ECE632D67BAE8424D7871E3ED5548\MQL4/Include/Controls/res/CheckBoxOff.bmp updated
0	20:44:14.271	LiveUpdate: C:\Users\koichi\AppData\Roaming\MetaQuotes\Terminal\250ECE632D67BAE8424D7871E3ED5548\MQL4/Include/Controls/res/CheckBoxOn.bmp updated
0	20:44:14.271	LiveUpdate: C:\Users\koichi\AppData\Roaming\MetaQuotes\Terminal\250ECE632D67BAE8424D7871E3ED5548\MQL4/Include/Controls/res/Close.bmp updated
0	20:44:14.271	LiveUpdate: C:\Users\koichi\AppData\Roaming\MetaQuotes\Terminal\250ECE632D67BAE8424D7871E3ED5548\MQL4/Include/Controls/res/CloseDisable.bmp updated
0	20:44:14.286	LiveUpdate: C:\Users\koichi\AppData\Roaming\MetaQuotes\Terminal\250ECE632D67BAE8424D7871E3ED5548\MQL4/Include/Controls/res/CloseOff.bmp updated
0	20:44:14.286	LiveUpdate: C:\Users\koichi\AppData\Roaming\MetaQuotes\Terminal\250ECE632D67BAE8424D7871E3ED5548\MQL4/Include/Controls/res/CloseOn.bmp updated
0	20:44:14.286	LiveUpdate: C:\Users\koichi\AppData\Roaming\MetaQuotes\Terminal\250ECE632D67BAE8424D7871E3ED5548\MQL4/Include/Controls/res/DateDropOff.bmp updated
0	20:44:14.286	LiveUpdate: C:\Users\koichi\AppData\Roaming\MetaQuotes\Terminal\250ECE632D67BAE8424D7871E3ED5548\MQL4/Include/Controls/res/DateDropOn.bmp updated
0	20:44:14.286	LiveUpdate: C:\Users\koichi\AppData\Roaming\MetaQuotes\Terminal\250ECE632D67BAE8424D7871E3ED5548\MQL4/Include/Controls/res/Down.bmp updated
0	20:44:14.286	LiveUpdate: C:\Users\koichi\AppData\Roaming\MetaQuotes\Terminal\250ECE632D67BAE8424D7871E3ED5548\MQL4/Include/Controls/res/DownDisable.bmp updated
0	20:44:14.286	LiveUpdate: C:\Users\koichi\AppData\Roaming\MetaQuotes\Terminal\250ECE632D67BAE8424D7871E3ED5548\MQL4/Include/Controls/res/DownSmall.bmp updated
0	20:44:14.286	LiveUpdate: C:\Users\koichi\AppData\Roaming\MetaQuotes\Terminal\250ECE632D67BAE8424D7871E3ED5548\MQL4/Include/Controls/res/DownTransp.bmp updated
0	20:44:14.302	LiveUpdate: C:\Users\koichi\AppData\Roaming\MetaQuotes\Terminal\250ECE632D67BAE8424D7871E3ED5548\MQL4/Include/Controls/res/down_smoll.bmp updated
0	20:44:14.302	LiveUpdate: C:\Users\koichi\AppData\Roaming\MetaQuotes\Terminal\250ECE632D67BAE8424D7871E3ED5548\MQL4/Include/Controls/res/DropOff.bmp updated
0	20:44:14.302	LiveUpdate: C:\Users\koichi\AppData\Roaming\MetaQuotes\Terminal\250ECE632D67BAE8424D7871E3ED5548\MQL4/Include/Controls/res/DropOn.bmp updated
0	20:44:14.302	LiveUpdate: C:\Users\koichi\AppData\Roaming\MetaQuotes\Terminal\250ECE632D67BAE8424D7871E3ED5548\MQL4/Include/Controls/res/ExpandDisable.bmp updated
0	20:44:14.302	LiveUpdate: C:\Users\koichi\AppData\Roaming\MetaQuotes\Terminal\250ECE632D67BAE8424D7871E3ED5548\MQL4/Include/Controls/res/ExpandOff.bmp updated
0	20:44:14.302	LiveUpdate: C:\Users\koichi\AppData\Roaming\MetaQuotes\Terminal\250ECE632D67BAE8424D7871E3ED5548\MQL4/Include/Controls/res/ExpandOn.bmp updated
0	20:44:14.302	LiveUpdate: C:\Users\koichi\AppData\Roaming\MetaQuotes\Terminal\250ECE632D67BAE8424D7871E3ED5548\MQL4/Include/Controls/res/HelpDisable.bmp updated
0	20:44:14.302	LiveUpdate: C:\Users\koichi\AppData\Roaming\MetaQuotes\Terminal\250ECE632D67BAE8424D7871E3ED5548\MQL4/Include/Controls/res/HelpOff.bmp updated
0	20:44:14.302	LiveUpdate: C:\Users\koichi\AppData\Roaming\MetaQuotes\Terminal\250ECE632D67BAE8424D7871E3ED5548\MQL4/Include/Controls/res/HelpOn.bmp updated
0	20:44:14.317	LiveUpdate: C:\Users\koichi\AppData\Roaming\MetaQuotes\Terminal\250ECE632D67BAE8424D7871E3ED5548\MQL4/Include/Controls/res/Left.bmp updated
0	20:44:14.317	LiveUpdate: C:\Users\koichi\AppData\Roaming\MetaQuotes\Terminal\250ECE632D67BAE8424D7871E3ED5548\MQL4/Include/Controls/res/LeftDisable.bmp updated
0	20:44:14.317	LiveUpdate: C:\Users\koichi\AppData\Roaming\MetaQuotes\Terminal\250ECE632D67BAE8424D7871E3ED5548\MQL4/Include/Controls/res/LeftTransp.bmp updated
0	20:44:14.317	LiveUpdate: C:\Users\koichi\AppData\Roaming\MetaQuotes\Terminal\250ECE632D67BAE8424D7871E3ED5548\MQL4/Include/Controls/res/RadioButtonOff.bmp updated
0	20:44:14.317	LiveUpdate: C:\Users\koichi\AppData\Roaming\MetaQuotes\Terminal\250ECE632D67BAE8424D7871E3ED5548\MQL4/Include/Controls/res/RadioButtonOn.bmp updated
0	20:44:14.317	LiveUpdate: C:\Users\koichi\AppData\Roaming\MetaQuotes\Terminal\250ECE632D67BAE8424D7871E3ED5548\MQL4/Include/Controls/res/Restore.bmp updated
0	20:44:14.317	LiveUpdate: C:\Users\koichi\AppData\Roaming\MetaQuotes\Terminal\250ECE632D67BAE8424D7871E3ED5548\MQL4/Include/Controls/res/RestoreDisable.bmp updated
0	20:44:14.317	LiveUpdate: C:\Users\koichi\AppData\Roaming\MetaQuotes\Terminal\250ECE632D67BAE8424D7871E3ED5548\MQL4/Include/Controls/res/RestoreOff.bmp updated
0	20:44:14.333	LiveUpdate: C:\Users\koichi\AppData\Roaming\MetaQuotes\Terminal\250ECE632D67BAE8424D7871E3ED5548\MQL4/Include/Controls/res/RestoreOn.bmp updated
0	20:44:14.333	LiveUpdate: C:\Users\koichi\AppData\Roaming\MetaQuotes\Terminal\250ECE632D67BAE8424D7871E3ED5548\MQL4/Include/Controls/res/Right.bmp updated
0	20:44:14.333	LiveUpdate: C:\Users\koichi\AppData\Roaming\MetaQuotes\Terminal\250ECE632D67BAE8424D7871E3ED5548\MQL4/Include/Controls/res/RightDisable.bmp updated
0	20:44:14.333	LiveUpdate: C:\Users\koichi\AppData\Roaming\MetaQuotes\Terminal\250ECE632D67BAE8424D7871E3ED5548\MQL4/Include/Controls/res/RightTransp.bmp updated
0	20:44:14.333	LiveUpdate: C:\Users\koichi\AppData\Roaming\MetaQuotes\Terminal\250ECE632D67BAE8424D7871E3ED5548\MQL4/Include/Controls/res/SpinDec.bmp updated
0	20:44:14.333	LiveUpdate: C:\Users\koichi\AppData\Roaming\MetaQuotes\Terminal\250ECE632D67BAE8424D7871E3ED5548\MQL4/Include/Controls/res/SpinInc.bmp updated
0	20:44:14.333	LiveUpdate: C:\Users\koichi\AppData\Roaming\MetaQuotes\Terminal\250ECE632D67BAE8424D7871E3ED5548\MQL4/Include/Controls/res/ThumbHor.bmp updated
0	20:44:14.349	LiveUpdate: C:\Users\koichi\AppData\Roaming\MetaQuotes\Terminal\250ECE632D67BAE8424D7871E3ED5548\MQL4/Include/Controls/res/ThumbHorDisable.bmp updated
0	20:44:14.349	LiveUpdate: C:\Users\koichi\AppData\Roaming\MetaQuotes\Terminal\250ECE632D67BAE8424D7871E3ED5548\MQL4/Include/Controls/res/ThumbVert.bmp updated
0	20:44:14.349	LiveUpdate: C:\Users\koichi\AppData\Roaming\MetaQuotes\Terminal\250ECE632D67BAE8424D7871E3ED5548\MQL4/Include/Controls/res/ThumbVertDisable.bmp updated
0	20:44:14.349	LiveUpdate: C:\Users\koichi\AppData\Roaming\MetaQuotes\Terminal\250ECE632D67BAE8424D7871E3ED5548\MQL4/Include/Controls/res/Turn.bmp updated
0	20:44:14.349	LiveUpdate: C:\Users\koichi\AppData\Roaming\MetaQuotes\Terminal\250ECE632D67BAE8424D7871E3ED5548\MQL4/Include/Controls/res/TurnOff.bmp updated
0	20:44:14.349	LiveUpdate: C:\Users\koichi\AppData\Roaming\MetaQuotes\Terminal\250ECE632D67BAE8424D7871E3ED5548\MQL4/Include/Controls/res/TurnOn.bmp updated
0	20:44:14.349	LiveUpdate: C:\Users\koichi\AppData\Roaming\MetaQuotes\Terminal\250ECE632D67BAE8424D7871E3ED5548\MQL4/Include/Controls/res/Up.bmp updated
0	20:44:14.349	LiveUpdate: C:\Users\koichi\AppData\Roaming\MetaQuotes\Terminal\250ECE632D67BAE8424D7871E3ED5548\MQL4/Include/Controls/res/UpDisable.bmp updated
0	20:44:14.364	LiveUpdate: C:\Users\koichi\AppData\Roaming\MetaQuotes\Terminal\250ECE632D67BAE8424D7871E3ED5548\MQL4/Include/Controls/res/UpSmall.bmp updated
0	20:44:14.364	LiveUpdate: C:\Users\koichi\AppData\Roaming\MetaQuotes\Terminal\250ECE632D67BAE8424D7871E3ED5548\MQL4/Include/Controls/res/UpTransp.bmp updated
0	20:44:14.364	LiveUpdate: C:\Users\koichi\AppData\Roaming\MetaQuotes\Terminal\250ECE632D67BAE8424D7871E3ED5548\MQL4/Include/Controls/res/up_smoll.bmp updated
0	20:44:14.364	LiveUpdate: C:\Users\koichi\AppData\Roaming\MetaQuotes\Terminal\250ECE632D67BAE8424D7871E3ED5548\MQL4/Include/Controls/Scrolls.mqh updated
0	20:44:14.364	LiveUpdate: C:\Users\koichi\AppData\Roaming\MetaQuotes\Terminal\250ECE632D67BAE8424D7871E3ED5548\MQL4/Include/Controls/SpinEdit.mqh updated
0	20:44:14.364	LiveUpdate: C:\Users\koichi\AppData\Roaming\MetaQuotes\Terminal\250ECE632D67BAE8424D7871E3ED5548\MQL4/Include/Controls/TimePicker.mqh updated
0	20:44:14.364	LiveUpdate: C:\Users\koichi\AppData\Roaming\MetaQuotes\Terminal\250ECE632D67BAE8424D7871E3ED5548\MQL4/Include/Controls/Wnd.mqh updated
0	20:44:14.380	LiveUpdate: C:\Users\koichi\AppData\Roaming\MetaQuotes\Terminal\250ECE632D67BAE8424D7871E3ED5548\MQL4/Include/Controls/WndClient.mqh updated
0	20:44:14.380	LiveUpdate: C:\Users\koichi\AppData\Roaming\MetaQuotes\Terminal\250ECE632D67BAE8424D7871E3ED5548\MQL4/Include/Controls/WndContainer.mqh updated
0	20:44:14.380	LiveUpdate: C:\Users\koichi\AppData\Roaming\MetaQuotes\Terminal\250ECE632D67BAE8424D7871E3ED5548\MQL4/Include/Controls/WndObj.mqh updated
0	20:44:14.380	LiveUpdate: C:\Users\koichi\AppData\Roaming\MetaQuotes\Terminal\250ECE632D67BAE8424D7871E3ED5548\MQL4/Include/Files/File.mqh updated
0	20:44:14.380	LiveUpdate: C:\Users\koichi\AppData\Roaming\MetaQuotes\Terminal\250ECE632D67BAE8424D7871E3ED5548\MQL4/Include/Files/FileBin.mqh updated
0	20:44:14.380	LiveUpdate: C:\Users\koichi\AppData\Roaming\MetaQuotes\Terminal\250ECE632D67BAE8424D7871E3ED5548\MQL4/Include/Files/FilePipe.mqh updated
0	20:44:14.396	LiveUpdate: C:\Users\koichi\AppData\Roaming\MetaQuotes\Terminal\250ECE632D67BAE8424D7871E3ED5548\MQL4/Include/Files/FileTxt.mqh updated
0	20:44:14.396	LiveUpdate: C:\Users\koichi\AppData\Roaming\MetaQuotes\Terminal\250ECE632D67BAE8424D7871E3ED5548\MQL4/Include/Indicators/BillWilliams.mqh updated
0	20:44:14.396	LiveUpdate: C:\Users\koichi\AppData\Roaming\MetaQuotes\Terminal\250ECE632D67BAE8424D7871E3ED5548\MQL4/Include/Indicators/Custom.mqh updated
0	20:44:14.396	LiveUpdate: C:\Users\koichi\AppData\Roaming\MetaQuotes\Terminal\250ECE632D67BAE8424D7871E3ED5548\MQL4/Include/Indicators/Indicator.mqh updated
0	20:44:14.396	LiveUpdate: C:\Users\koichi\AppData\Roaming\MetaQuotes\Terminal\250ECE632D67BAE8424D7871E3ED5548\MQL4/Include/Indicators/Indicators.mqh updated
0	20:44:14.411	LiveUpdate: C:\Users\koichi\AppData\Roaming\MetaQuotes\Terminal\250ECE632D67BAE8424D7871E3ED5548\MQL4/Include/Indicators/Oscilators.mqh updated
0	20:44:14.411	LiveUpdate: C:\Users\koichi\AppData\Roaming\MetaQuotes\Terminal\250ECE632D67BAE8424D7871E3ED5548\MQL4/Include/Indicators/Series.mqh updated
0	20:44:14.411	LiveUpdate: C:\Users\koichi\AppData\Roaming\MetaQuotes\Terminal\250ECE632D67BAE8424D7871E3ED5548\MQL4/Include/Indicators/TimeSeries.mqh updated
0	20:44:14.411	LiveUpdate: C:\Users\koichi\AppData\Roaming\MetaQuotes\Terminal\250ECE632D67BAE8424D7871E3ED5548\MQL4/Include/Indicators/Trend.mqh updated
0	20:44:14.411	LiveUpdate: C:\Users\koichi\AppData\Roaming\MetaQuotes\Terminal\250ECE632D67BAE8424D7871E3ED5548\MQL4/Include/Indicators/Volumes.mqh updated
0	20:44:14.411	LiveUpdate: C:\Users\koichi\AppData\Roaming\MetaQuotes\Terminal\250ECE632D67BAE8424D7871E3ED5548\MQL4/Include/MovingAverages.mqh updated
0	20:44:14.411	LiveUpdate: C:\Users\koichi\AppData\Roaming\MetaQuotes\Terminal\250ECE632D67BAE8424D7871E3ED5548\MQL4/Include/Object.mqh updated
0	20:44:14.427	LiveUpdate: C:\Users\koichi\AppData\Roaming\MetaQuotes\Terminal\250ECE632D67BAE8424D7871E3ED5548\MQL4/Include/stderror.mqh updated
0	20:44:14.427	LiveUpdate: C:\Users\koichi\AppData\Roaming\MetaQuotes\Terminal\250ECE632D67BAE8424D7871E3ED5548\MQL4/Include/stdlib.mqh updated
0	20:44:14.427	LiveUpdate: C:\Users\koichi\AppData\Roaming\MetaQuotes\Terminal\250ECE632D67BAE8424D7871E3ED5548\MQL4/Include/StdLibErr.mqh updated
0	20:44:14.427	LiveUpdate: C:\Users\koichi\AppData\Roaming\MetaQuotes\Terminal\250ECE632D67BAE8424D7871E3ED5548\MQL4/Include/Strings/String.mqh updated
0	20:44:14.427	LiveUpdate: C:\Users\koichi\AppData\Roaming\MetaQuotes\Terminal\250ECE632D67BAE8424D7871E3ED5548\MQL4/Include/Tools/DateTime.mqh updated
0	20:44:14.442	LiveUpdate: C:\Users\koichi\AppData\Roaming\MetaQuotes\Terminal\250ECE632D67BAE8424D7871E3ED5548\MQL4/Include/WinUser32.mqh updated
0	20:44:14.442	LiveUpdate: C:\Users\koichi\AppData\Roaming\MetaQuotes\Terminal\250ECE632D67BAE8424D7871E3ED5548\MQL4/Indicators/Accelerator.mq4 updated
0	20:44:14.442	LiveUpdate: C:\Users\koichi\AppData\Roaming\MetaQuotes\Terminal\250ECE632D67BAE8424D7871E3ED5548\MQL4/Indicators/Accumulation.mq4 updated
0	20:44:14.442	LiveUpdate: C:\Users\koichi\AppData\Roaming\MetaQuotes\Terminal\250ECE632D67BAE8424D7871E3ED5548\MQL4/Indicators/Alligator.mq4 updated
0	20:44:14.442	LiveUpdate: C:\Users\koichi\AppData\Roaming\MetaQuotes\Terminal\250ECE632D67BAE8424D7871E3ED5548\MQL4/Indicators/ATR.mq4 updated
0	20:44:14.442	LiveUpdate: C:\Users\koichi\AppData\Roaming\MetaQuotes\Terminal\250ECE632D67BAE8424D7871E3ED5548\MQL4/Indicators/Awesome.mq4 updated
0	20:44:14.442	LiveUpdate: C:\Users\koichi\AppData\Roaming\MetaQuotes\Terminal\250ECE632D67BAE8424D7871E3ED5548\MQL4/Indicators/Bands.mq4 updated
0	20:44:14.458	LiveUpdate: C:\Users\koichi\AppData\Roaming\MetaQuotes\Terminal\250ECE632D67BAE8424D7871E3ED5548\MQL4/Indicators/Bears.mq4 updated
0	20:44:14.458	LiveUpdate: C:\Users\koichi\AppData\Roaming\MetaQuotes\Terminal\250ECE632D67BAE8424D7871E3ED5548\MQL4/Indicators/Bulls.mq4 updated
0	20:44:14.458	LiveUpdate: C:\Users\koichi\AppData\Roaming\MetaQuotes\Terminal\250ECE632D67BAE8424D7871E3ED5548\MQL4/Indicators/CCI.mq4 updated
0	20:44:14.458	LiveUpdate: C:\Users\koichi\AppData\Roaming\MetaQuotes\Terminal\250ECE632D67BAE8424D7871E3ED5548\MQL4/Indicators/Custom Moving Averages.mq4 updated
0	20:44:14.458	LiveUpdate: C:\Users\koichi\AppData\Roaming\MetaQuotes\Terminal\250ECE632D67BAE8424D7871E3ED5548\MQL4/Indicators/Examples/SimplePanel/PanelDialog.mqh updated
0	20:44:14.458	LiveUpdate: C:\Users\koichi\AppData\Roaming\MetaQuotes\Terminal\250ECE632D67BAE8424D7871E3ED5548\MQL4/Indicators/Examples/SimplePanel/SimplePanel.mq4 updated
0	20:44:14.474	LiveUpdate: C:\Users\koichi\AppData\Roaming\MetaQuotes\Terminal\250ECE632D67BAE8424D7871E3ED5548\MQL4/Indicators/Heiken Ashi.mq4 updated
0	20:44:14.474	LiveUpdate: C:\Users\koichi\AppData\Roaming\MetaQuotes\Terminal\250ECE632D67BAE8424D7871E3ED5548\MQL4/Indicators/Ichimoku.mq4 updated
0	20:44:14.474	LiveUpdate: C:\Users\koichi\AppData\Roaming\MetaQuotes\Terminal\250ECE632D67BAE8424D7871E3ED5548\MQL4/Indicators/iExposure.mq4 updated
0	20:44:14.474	LiveUpdate: C:\Users\koichi\AppData\Roaming\MetaQuotes\Terminal\250ECE632D67BAE8424D7871E3ED5548\MQL4/Indicators/MACD.mq4 updated
0	20:44:14.474	LiveUpdate: C:\Users\koichi\AppData\Roaming\MetaQuotes\Terminal\250ECE632D67BAE8424D7871E3ED5548\MQL4/Indicators/Momentum.mq4 updated
0	20:44:14.474	LiveUpdate: C:\Users\koichi\AppData\Roaming\MetaQuotes\Terminal\250ECE632D67BAE8424D7871E3ED5548\MQL4/Indicators/OsMA.mq4 updated
0	20:44:14.489	LiveUpdate: C:\Users\koichi\AppData\Roaming\MetaQuotes\Terminal\250ECE632D67BAE8424D7871E3ED5548\MQL4/Indicators/Parabolic.mq4 updated
0	20:44:14.489	LiveUpdate: C:\Users\koichi\AppData\Roaming\MetaQuotes\Terminal\250ECE632D67BAE8424D7871E3ED5548\MQL4/Indicators/RSI.mq4 updated
0	20:44:14.489	LiveUpdate: C:\Users\koichi\AppData\Roaming\MetaQuotes\Terminal\250ECE632D67BAE8424D7871E3ED5548\MQL4/Indicators/Stochastic.mq4 updated
0	20:44:14.489	LiveUpdate: C:\Users\koichi\AppData\Roaming\MetaQuotes\Terminal\250ECE632D67BAE8424D7871E3ED5548\MQL4/Indicators/ZigZag.mq4 updated
0	20:44:14.489	LiveUpdate: C:\Users\koichi\AppData\Roaming\MetaQuotes\Terminal\250ECE632D67BAE8424D7871E3ED5548\MQL4/Libraries/stdlib.mq4 updated
0	20:44:14.505	LiveUpdate: C:\Users\koichi\AppData\Roaming\MetaQuotes\Terminal\250ECE632D67BAE8424D7871E3ED5548\MQL4/Scripts/Examples/DLL/DLLSample.cpp updated
0	20:44:14.505	LiveUpdate: C:\Users\koichi\AppData\Roaming\MetaQuotes\Terminal\250ECE632D67BAE8424D7871E3ED5548\MQL4/Scripts/Examples/DLL/DLLSample.def updated
0	20:44:14.505	LiveUpdate: C:\Users\koichi\AppData\Roaming\MetaQuotes\Terminal\250ECE632D67BAE8424D7871E3ED5548\MQL4/Scripts/Examples/DLL/DLLSampleTester.mq4 updated
0	20:44:14.505	LiveUpdate: C:\Users\koichi\AppData\Roaming\MetaQuotes\Terminal\250ECE632D67BAE8424D7871E3ED5548\MQL4/Scripts/Examples/DLL/Libraries/DLLSample.dll updated
0	20:44:14.521	LiveUpdate: C:\Users\koichi\AppData\Roaming\MetaQuotes\Terminal\250ECE632D67BAE8424D7871E3ED5548\MQL4/Scripts/Examples/Pipes/PipeClient.mq4 updated
0	20:44:14.521	LiveUpdate: C:\Users\koichi\AppData\Roaming\MetaQuotes\Terminal\250ECE632D67BAE8424D7871E3ED5548\MQL4/Scripts/Examples/Pipes/PipeClientPure.mq4 updated
0	20:44:14.521	LiveUpdate: C:\Users\koichi\AppData\Roaming\MetaQuotes\Terminal\250ECE632D67BAE8424D7871E3ED5548\MQL4/Scripts/PeriodConverter.mq4 updated
0	20:44:14.521	LiveUpdate: update C:\Users\koichi\AppData\Roaming\MetaQuotes\Terminal\250ECE632D67BAE8424D7871E3ED5548\MQL4 folder finished
0	20:44:14.599	GemFX MT4 build 971 started (GemTrade Co., Ltd.)
0	20:44:14.599	Windows 10 Home (x64 based PC), IE 14.06, UAC, 8 x Intel Core i7-3770  @ 3.40GHz, RAM: 13683 / 16327 Mb, HDD: 139246 / 228383 Mb, GMT+09:00
0	20:44:14.599	Data Folder: C:\Users\koichi\AppData\Roaming\MetaQuotes\Terminal\250ECE632D67BAE8424D7871E3ED5548
0	20:44:14.974	Sources recompilation started
0	20:44:30.125	Sources recompilation finished (28 compiled in 15141 msec)
2	20:44:30.422	Custom indicator Otyame005_Super_Bollinger USDJPY,H1: loaded successfully
2	20:44:30.453	Custom indicator 23Signal_Price-v1 USDJPY,H1: loaded successfully
2	20:44:30.469	Custom indicator chikou_span_attacker USDJPY,H1: loaded successfully
2	20:44:30.469	Custom indicator PZ_Harmonic USDJPY,H1: loaded successfully
2	20:44:30.485	Custom indicator Otyame021_Price_Line USDJPY,H1: loaded successfully
2	20:44:30.594	Custom indicator 23Signal_Price-v1 USDJPY,M5: loaded successfully
2	20:44:30.594	Custom indicator Max_Pivot USDJPY,M5: loaded successfully
2	20:44:30.610	Custom indicator Max_Line USDJPY,M5: loaded successfully
2	20:44:30.625	Custom indicator Otyame001_Ichimoku_Shift USDJPY,M5: loaded successfully
2	20:44:30.656	Custom indicator #MTF_PSar USDJPY,M5: loaded successfully
2	20:44:30.703	Custom indicator #MTF_PSar USDJPY,M5: loaded successfully
2	20:44:30.703	Custom indicator Otyame021_Price_Line USDJPY,M5: loaded successfully
2	20:44:30.719	Custom indicator Otyame101_Span_model_signal USDJPY,M5: loaded successfully
2	20:44:31.074	Custom indicator Otyame005_Super_Bollinger EURUSD,H1: loaded successfully
2	20:44:31.105	Custom indicator 23Signal_Price-v1 EURUSD,H1: loaded successfully
2	20:44:31.121	Custom indicator chikou_span_attacker EURUSD,H1: loaded successfully
2	20:44:31.121	Custom indicator PZ_Harmonic EURUSD,H1: loaded successfully
2	20:44:31.121	Custom indicator Otyame021_Price_Line EURUSD,H1: loaded successfully
2	20:44:31.246	Custom indicator 23Signal_Price-v1 EURUSD,M5: loaded successfully
2	20:44:31.261	Custom indicator Max_Pivot EURUSD,M5: loaded successfully
2	20:44:31.261	Custom indicator Max_Line EURUSD,M5: loaded successfully
2	20:44:31.261	Custom indicator Otyame001_Ichimoku_Shift EURUSD,M5: loaded successfully
2	20:44:31.308	Custom indicator #MTF_PSar EURUSD,M5: loaded successfully
2	20:44:31.355	Custom indicator #MTF_PSar EURUSD,M5: loaded successfully
2	20:44:31.355	Custom indicator Otyame021_Price_Line EURUSD,M5: loaded successfully
2	20:44:31.371	Custom indicator Otyame101_Span_model_signal EURUSD,M5: loaded successfully
2	20:44:31.714	Custom indicator Otyame005_Super_Bollinger EURJPY,H1: loaded successfully
2	20:44:31.746	Custom indicator 23Signal_Price-v1 EURJPY,H1: loaded successfully
2	20:44:31.761	Custom indicator chikou_span_attacker EURJPY,H1: loaded successfully
2	20:44:31.761	Custom indicator PZ_Harmonic EURJPY,H1: loaded successfully
2	20:44:31.777	Custom indicator Otyame021_Price_Line EURJPY,H1: loaded successfully
2	20:44:31.886	Custom indicator 23Signal_Price-v1 EURJPY,M5: loaded successfully
2	20:44:31.902	Custom indicator Max_Pivot EURJPY,M5: loaded successfully
2	20:44:31.902	Custom indicator Max_Line EURJPY,M5: loaded successfully
2	20:44:31.902	Custom indicator Otyame001_Ichimoku_Shift EURJPY,M5: loaded successfully
2	20:44:31.949	Custom indicator #MTF_PSar EURJPY,M5: loaded successfully
2	20:44:31.980	Custom indicator #MTF_PSar EURJPY,M5: loaded successfully
2	20:44:31.996	Custom indicator Otyame021_Price_Line EURJPY,M5: loaded successfully
2	20:44:31.996	Custom indicator Otyame101_Span_model_signal EURJPY,M5: loaded successfully
2	20:44:32.339	Custom indicator Otyame005_Super_Bollinger GBPUSD,H1: loaded successfully
2	20:44:32.371	Custom indicator 23Signal_Price-v1 GBPUSD,H1: loaded successfully
2	20:44:32.386	Custom indicator chikou_span_attacker GBPUSD,H1: loaded successfully
2	20:44:32.386	Custom indicator PZ_Harmonic GBPUSD,H1: loaded successfully
2	20:44:32.402	Custom indicator Otyame021_Price_Line GBPUSD,H1: loaded successfully
2	20:44:32.527	Custom indicator 23Signal_Price-v1 GBPUSD,M5: loaded successfully
2	20:44:32.542	Custom indicator Max_Pivot GBPUSD,M5: loaded successfully
2	20:44:32.542	Custom indicator Max_Line GBPUSD,M5: loaded successfully
2	20:44:32.542	Custom indicator Otyame001_Ichimoku_Shift GBPUSD,M5: loaded successfully
2	20:44:32.589	Custom indicator #MTF_PSar GBPUSD,M5: loaded successfully
2	20:44:32.621	Custom indicator #MTF_PSar GBPUSD,M5: loaded successfully
2	20:44:32.636	Custom indicator Otyame101_Span_model_signal GBPUSD,M5: loaded successfully
2	20:44:32.949	Custom indicator Otyame005_Super_Bollinger GBPJPY,H1: loaded successfully
2	20:44:32.980	Custom indicator 23Signal_Price-v1 GBPJPY,H1: loaded successfully
2	20:44:32.996	Custom indicator chikou_span_attacker GBPJPY,H1: loaded successfully
2	20:44:32.996	Custom indicator PZ_Harmonic GBPJPY,H1: loaded successfully
2	20:44:33.011	Custom indicator Otyame021_Price_Line GBPJPY,H1: loaded successfully
2	20:44:33.121	Custom indicator 23Signal_Price-v1 GBPJPY,M5: loaded successfully
2	20:44:33.121	Custom indicator Max_Pivot GBPJPY,M5: loaded successfully
2	20:44:33.136	Custom indicator Max_Line GBPJPY,M5: loaded successfully
2	20:44:33.136	Custom indicator Otyame001_Ichimoku_Shift GBPJPY,M5: loaded successfully
2	20:44:33.183	Custom indicator #MTF_PSar GBPJPY,M5: loaded successfully
2	20:44:33.214	Custom indicator #MTF_PSar GBPJPY,M5: loaded successfully
2	20:44:33.230	Custom indicator Otyame021_Price_Line GBPJPY,M5: loaded successfully
2	20:44:33.230	Custom indicator Otyame101_Span_model_signal GBPJPY,M5: loaded successfully
2	20:44:33.574	Custom indicator Otyame005_Super_Bollinger AUDUSD,H1: loaded successfully
2	20:44:33.605	Custom indicator 23Signal_Price-v1 AUDUSD,H1: loaded successfully
2	20:44:33.621	Custom indicator chikou_span_attacker AUDUSD,H1: loaded successfully
2	20:44:33.621	Custom indicator PZ_Harmonic AUDUSD,H1: loaded successfully
2	20:44:33.621	Custom indicator Otyame021_Price_Line AUDUSD,H1: loaded successfully
2	20:44:33.761	Custom indicator 23Signal_Price-v1 AUDUSD,M5: loaded successfully
2	20:44:33.761	Custom indicator Max_Pivot AUDUSD,M5: loaded successfully
2	20:44:33.761	Custom indicator Max_Line AUDUSD,M5: loaded successfully
2	20:44:33.777	Custom indicator Otyame001_Ichimoku_Shift AUDUSD,M5: loaded successfully
2	20:44:33.808	Custom indicator #MTF_PSar AUDUSD,M5: loaded successfully
2	20:44:33.839	Custom indicator #MTF_PSar AUDUSD,M5: loaded successfully
2	20:44:33.855	Custom indicator Otyame021_Price_Line AUDUSD,M5: loaded successfully
2	20:44:33.855	Custom indicator Otyame101_Span_model_signal AUDUSD,M5: loaded successfully
2	20:44:34.199	Custom indicator Otyame005_Super_Bollinger GBPAUD,H1: loaded successfully
2	20:44:34.230	Custom indicator 23Signal_Price-v1 GBPAUD,H1: loaded successfully
2	20:44:34.246	Custom indicator chikou_span_attacker GBPAUD,H1: loaded successfully
2	20:44:34.246	Custom indicator PZ_Harmonic GBPAUD,H1: loaded successfully
2	20:44:34.261	Custom indicator Otyame021_Price_Line GBPAUD,H1: loaded successfully
2	20:44:34.355	Custom indicator 23Signal_Price-v1 GBPAUD,M5: loaded successfully
2	20:44:34.371	Custom indicator Max_Pivot GBPAUD,M5: loaded successfully
2	20:44:34.371	Custom indicator Max_Line GBPAUD,M5: loaded successfully
2	20:44:34.371	Custom indicator Otyame001_Ichimoku_Shift GBPAUD,M5: loaded successfully
2	20:44:34.418	Custom indicator #MTF_PSar GBPAUD,M5: loaded successfully
2	20:44:34.464	Custom indicator #MTF_PSar GBPAUD,M5: loaded successfully
2	20:44:34.464	Custom indicator Otyame021_Price_Line GBPAUD,M5: loaded successfully
2	20:44:34.480	Custom indicator Otyame101_Span_model_signal GBPAUD,M5: loaded successfully
2	20:44:34.652	Custom indicator Economic_indicator USDCHF,H1: loaded successfully
0	20:44:36.449	'16040': login on GemForex-Live through DC1 (ping: 72.90 ms)
0	20:44:37.283	'16040': login datacenter on GemForex-Live through DC1 (ping: 72.90 ms)
0	20:44:37.533	'16040': previous successful authorization performed from 119.242.37.68
0	20:45:09.391	'16040': ping to current access point DC1 is 75.81 ms
0	21:02:03.116	'16040': pending order sell stop 0.10 EURJPY at 120.656 sl: 0.000 tp: 0.000
0	21:02:03.319	'16040': order was opened : #2507083 sell stop 0.10 EURJPY at 120.656 sl: 0.000 tp: 0.000
0	21:02:16.567	'16040': modify pending order #2507083 sell stop 0.10 EURJPY at 120.656 sl: 0.000 tp: 0.000 -> price: 120.637 sl: 0.000 tp: 0.000
0	21:02:16.770	'16040': pending order #2507083 sell stop 0.10 EURJPY was modified -> price: 120.637 sl: 0.000 tp: 0.000
0	21:12:45.183	'16040': modify pending order #2507083 sell stop 0.10 EURJPY at 120.637 sl: 0.000 tp: 0.000 -> price: 120.637 sl: 120.956 tp: 0.000
0	21:12:45.355	'16040': pending order #2507083 sell stop 0.10 EURJPY was modified -> price: 120.637 sl: 120.956 tp: 0.000
0	21:12:58.676	'16040': modify pending order #2507083 sell stop 0.10 EURJPY at 120.637 sl: 120.956 tp: 0.000 -> price: 120.257 sl: 120.576 tp: 0.000
0	21:12:59.379	'16040': pending order #2507083 sell stop 0.10 EURJPY was modified -> price: 120.257 sl: 120.576 tp: 0.000
0	21:13:10.126	'16040': modify pending order #2507083 sell stop 0.10 EURJPY at 120.257 sl: 120.576 tp: 0.000 -> price: 120.603 sl: 120.922 tp: 0.000
0	21:13:10.314	'16040': pending order #2507083 sell stop 0.10 EURJPY was modified -> price: 120.603 sl: 120.922 tp: 0.000
0	21:13:14.233	'16040': modify pending order #2507083 sell stop 0.10 EURJPY at 120.603 sl: 120.922 tp: 0.000 -> price: 120.633 sl: 120.952 tp: 0.000
0	21:13:14.405	'16040': pending order #2507083 sell stop 0.10 EURJPY was modified -> price: 120.633 sl: 120.952 tp: 0.000
0	21:13:50.966	'16040': modify pending order #2507083 sell stop 0.10 EURJPY at 120.633 sl: 120.952 tp: 0.000 -> price: 120.633 sl: 120.952 tp: 120.031
0	21:13:51.154	'16040': pending order #2507083 sell stop 0.10 EURJPY was modified -> price: 120.633 sl: 120.952 tp: 120.031
0	21:19:56.875	'16040': delete pending order #2507083 sell stop 0.10 EURJPY at 120.633 sl: 120.952 tp: 120.031
0	21:19:57.093	'16040': pending order #2507083 was deleted
2	21:27:34.841	Custom indicator Otyame101_Span_model_signal USDJPY,M5: removed
2	21:29:04.161	Custom indicator Otyame101_Span_model_signal EURUSD,M5: removed
0	23:04:22.569	'16040': instant order sell 0.10 EURJPY at 120.524 sl: 0.000 tp: 0.000
0	23:04:22.788	'16040': order was opened : #2510535 sell 0.10 EURJPY at 120.524 sl: 0.000 tp: 0.000
0	23:04:33.709	'16040': modify order #2510535 sell 0.10 EURJPY at 120.524 sl: 120.786 tp: 119.524 -> sl: 120.732 tp: 119.524
0	23:04:33.927	'16040': order #2510535 sell 0.10 EURJPY at 120.524 was modified -> sl: 120.732 tp: 119.524
0	23:07:36.867	'16040': close order #2510535 sell 0.10 EURJPY at 120.524 sl: 120.732 tp: 119.524 at price 120.506
0	23:07:37.086	'16040': order #2510535 sell 0.10 EURJPY at 120.524 sl: 120.732 tp: 119.524 closed at price 120.506
0	23:41:37.310	System to be shutdown, request for close GemFX MT4
0	23:41:37.981	GemFX MT4 build 971 stopped because system shutdown
