2	00:04:17.067	Custom indicator Otyame005_Super_Bollinger USDJPY,H1: removed
2	00:04:17.069	Custom indicator 23Signal_Price-v1 USDJPY,H1: removed
2	00:04:17.070	Custom indicator chikou_span_attacker USDJPY,H1: removed
2	00:04:17.071	Custom indicator PZ_Harmonic USDJPY,H1: removed
2	00:04:17.071	Custom indicator Otyame021_Price_Line USDJPY,H1: removed
2	00:04:17.079	Custom indicator 23Signal_Price-v1 USDJPY,M5: removed
2	00:04:17.079	Custom indicator Max_Pivot USDJPY,M5: removed
2	00:04:17.080	Custom indicator Max_Line USDJPY,M5: removed
2	00:04:17.080	Custom indicator Otyame001_Ichimoku_Shift USDJPY,M5: removed
2	00:04:17.080	Custom indicator #MTF_PSar USDJPY,M5: removed
2	00:04:17.080	Custom indicator #MTF_PSar USDJPY,M5: removed
2	00:04:17.081	Custom indicator Otyame021_Price_Line USDJPY,M5: removed
2	00:04:17.082	Custom indicator Otyame101_Span_model_signal USDJPY,M5: removed
2	00:04:17.083	Custom indicator Otyame005_Super_Bollinger EURUSD,H1: removed
2	00:04:17.083	Custom indicator 23Signal_Price-v1 EURUSD,H1: removed
2	00:04:17.084	Custom indicator chikou_span_attacker EURUSD,H1: removed
2	00:04:17.084	Custom indicator PZ_Harmonic EURUSD,H1: removed
2	00:04:17.085	Custom indicator Otyame021_Price_Line EURUSD,H1: removed
2	00:04:17.086	Custom indicator 23Signal_Price-v1 EURUSD,M5: removed
2	00:04:17.086	Custom indicator Max_Pivot EURUSD,M5: removed
2	00:04:17.086	Custom indicator Max_Line EURUSD,M5: removed
2	00:04:17.087	Custom indicator Otyame001_Ichimoku_Shift EURUSD,M5: removed
2	00:04:17.087	Custom indicator #MTF_PSar EURUSD,M5: removed
2	00:04:17.087	Custom indicator #MTF_PSar EURUSD,M5: removed
2	00:04:17.087	Custom indicator Otyame021_Price_Line EURUSD,M5: removed
2	00:04:17.088	Custom indicator Otyame101_Span_model_signal EURUSD,M5: removed
2	00:04:17.090	Custom indicator Otyame005_Super_Bollinger EURJPY,H1: removed
2	00:04:17.090	Custom indicator 23Signal_Price-v1 EURJPY,H1: removed
2	00:04:17.090	Custom indicator chikou_span_attacker EURJPY,H1: removed
2	00:04:17.091	Custom indicator PZ_Harmonic EURJPY,H1: removed
2	00:04:17.091	Custom indicator Otyame021_Price_Line EURJPY,H1: removed
2	00:04:17.093	Custom indicator 23Signal_Price-v1 EURJPY,M5: removed
2	00:04:17.093	Custom indicator Max_Pivot EURJPY,M5: removed
2	00:04:17.093	Custom indicator Max_Line EURJPY,M5: removed
2	00:04:17.094	Custom indicator Otyame001_Ichimoku_Shift EURJPY,M5: removed
2	00:04:17.094	Custom indicator #MTF_PSar EURJPY,M5: removed
2	00:04:17.094	Custom indicator #MTF_PSar EURJPY,M5: removed
2	00:04:17.095	Custom indicator Otyame021_Price_Line EURJPY,M5: removed
2	00:04:17.095	Custom indicator Otyame101_Span_model_signal EURJPY,M5: removed
2	00:04:17.097	Custom indicator Otyame005_Super_Bollinger GBPUSD,H1: removed
2	00:04:17.097	Custom indicator 23Signal_Price-v1 GBPUSD,H1: removed
2	00:04:17.097	Custom indicator chikou_span_attacker GBPUSD,H1: removed
2	00:04:17.098	Custom indicator PZ_Harmonic GBPUSD,H1: removed
2	00:04:17.098	Custom indicator Otyame021_Price_Line GBPUSD,H1: removed
2	00:04:17.099	Custom indicator 23Signal_Price-v1 GBPUSD,M5: removed
2	00:04:17.099	Custom indicator Max_Pivot GBPUSD,M5: removed
2	00:04:17.100	Custom indicator Max_Line GBPUSD,M5: removed
2	00:04:17.100	Custom indicator Otyame001_Ichimoku_Shift GBPUSD,M5: removed
2	00:04:17.100	Custom indicator #MTF_PSar GBPUSD,M5: removed
2	00:04:17.101	Custom indicator #MTF_PSar GBPUSD,M5: removed
2	00:04:17.101	Custom indicator Otyame101_Span_model_signal GBPUSD,M5: removed
2	00:04:17.108	Custom indicator Otyame005_Super_Bollinger GBPJPY,H1: removed
2	00:04:17.108	Custom indicator 23Signal_Price-v1 GBPJPY,H1: removed
2	00:04:17.108	Custom indicator chikou_span_attacker GBPJPY,H1: removed
2	00:04:17.109	Custom indicator PZ_Harmonic GBPJPY,H1: removed
2	00:04:17.109	Custom indicator Otyame021_Price_Line GBPJPY,H1: removed
2	00:04:17.110	Custom indicator 23Signal_Price-v1 GBPJPY,M5: removed
2	00:04:17.110	Custom indicator Max_Pivot GBPJPY,M5: removed
2	00:04:17.111	Custom indicator Max_Line GBPJPY,M5: removed
2	00:04:17.111	Custom indicator Otyame001_Ichimoku_Shift GBPJPY,M5: removed
2	00:04:17.112	Custom indicator #MTF_PSar GBPJPY,M5: removed
2	00:04:17.112	Custom indicator #MTF_PSar GBPJPY,M5: removed
2	00:04:17.112	Custom indicator Otyame021_Price_Line GBPJPY,M5: removed
2	00:04:17.113	Custom indicator Otyame101_Span_model_signal GBPJPY,M5: removed
2	00:04:17.114	Custom indicator Otyame005_Super_Bollinger AUDUSD,H1: removed
2	00:04:17.114	Custom indicator 23Signal_Price-v1 AUDUSD,H1: removed
2	00:04:17.115	Custom indicator chikou_span_attacker AUDUSD,H1: removed
2	00:04:17.115	Custom indicator PZ_Harmonic AUDUSD,H1: removed
2	00:04:17.116	Custom indicator Otyame021_Price_Line AUDUSD,H1: removed
2	00:04:17.117	Custom indicator 23Signal_Price-v1 AUDUSD,M5: removed
2	00:04:17.117	Custom indicator Max_Pivot AUDUSD,M5: removed
2	00:04:17.118	Custom indicator Max_Line AUDUSD,M5: removed
2	00:04:17.118	Custom indicator Otyame001_Ichimoku_Shift AUDUSD,M5: removed
2	00:04:17.118	Custom indicator #MTF_PSar AUDUSD,M5: removed
2	00:04:17.118	Custom indicator #MTF_PSar AUDUSD,M5: removed
2	00:04:17.119	Custom indicator Otyame021_Price_Line AUDUSD,M5: removed
2	00:04:17.119	Custom indicator Otyame101_Span_model_signal AUDUSD,M5: removed
2	00:04:17.121	Custom indicator Otyame005_Super_Bollinger GBPAUD,H1: removed
2	00:04:17.121	Custom indicator 23Signal_Price-v1 GBPAUD,H1: removed
2	00:04:17.121	Custom indicator chikou_span_attacker GBPAUD,H1: removed
2	00:04:17.122	Custom indicator PZ_Harmonic GBPAUD,H1: removed
2	00:04:17.122	Custom indicator Otyame021_Price_Line GBPAUD,H1: removed
2	00:04:17.128	Custom indicator 23Signal_Price-v1 GBPAUD,M5: removed
2	00:04:17.128	Custom indicator Max_Pivot GBPAUD,M5: removed
2	00:04:17.129	Custom indicator Max_Line GBPAUD,M5: removed
2	00:04:17.129	Custom indicator Otyame001_Ichimoku_Shift GBPAUD,M5: removed
2	00:04:17.129	Custom indicator #MTF_PSar GBPAUD,M5: removed
2	00:04:17.129	Custom indicator #MTF_PSar GBPAUD,M5: removed
2	00:04:17.130	Custom indicator Otyame021_Price_Line GBPAUD,M5: removed
2	00:04:17.130	Custom indicator Otyame101_Span_model_signal GBPAUD,M5: removed
2	00:04:17.133	Custom indicator Economic_indicator USDCHF,H1: removed
0	00:04:17.870	GemFX MT4 build 950 stopped
0	19:48:15.157	GemFX MT4 build 950 started (GemTrade Co., Ltd.)
0	19:48:15.157	Windows 10 Home (x64 based PC), IE 14.06, UAC, 8 x Intel Core i7-3770  @ 3.40GHz, RAM: 13312 / 16327 Mb, HDD: 138887 / 228383 Mb, GMT+09:00
0	19:48:15.157	Data Folder: C:\Users\koichi\AppData\Roaming\MetaQuotes\Terminal\250ECE632D67BAE8424D7871E3ED5548
2	19:48:16.699	Custom indicator Otyame005_Super_Bollinger USDJPY,H1: loaded successfully
2	19:48:16.699	Custom indicator 23Signal_Price-v1 USDJPY,H1: loaded successfully
2	19:48:16.699	Custom indicator chikou_span_attacker USDJPY,H1: loaded successfully
2	19:48:16.714	Custom indicator PZ_Harmonic USDJPY,H1: loaded successfully
2	19:48:16.714	Custom indicator Otyame021_Price_Line USDJPY,H1: loaded successfully
2	19:48:16.844	Custom indicator 23Signal_Price-v1 USDJPY,M5: loaded successfully
2	19:48:16.846	Custom indicator Max_Pivot USDJPY,M5: loaded successfully
2	19:48:16.849	Custom indicator Max_Line USDJPY,M5: loaded successfully
2	19:48:16.852	Custom indicator Otyame001_Ichimoku_Shift USDJPY,M5: loaded successfully
2	19:48:16.852	Custom indicator #MTF_PSar USDJPY,M5: loaded successfully
2	19:48:16.856	Custom indicator #MTF_PSar USDJPY,M5: loaded successfully
2	19:48:16.857	Custom indicator Otyame021_Price_Line USDJPY,M5: loaded successfully
2	19:48:16.857	Custom indicator Otyame101_Span_model_signal USDJPY,M5: loaded successfully
2	19:48:17.171	Custom indicator Otyame005_Super_Bollinger EURUSD,H1: loaded successfully
2	19:48:17.171	Custom indicator 23Signal_Price-v1 EURUSD,H1: loaded successfully
2	19:48:17.171	Custom indicator chikou_span_attacker EURUSD,H1: loaded successfully
2	19:48:17.171	Custom indicator PZ_Harmonic EURUSD,H1: loaded successfully
2	19:48:17.187	Custom indicator Otyame021_Price_Line EURUSD,H1: loaded successfully
2	19:48:17.318	Custom indicator 23Signal_Price-v1 EURUSD,M5: loaded successfully
2	19:48:17.318	Custom indicator Max_Pivot EURUSD,M5: loaded successfully
2	19:48:17.318	Custom indicator Max_Line EURUSD,M5: loaded successfully
2	19:48:17.318	Custom indicator Otyame001_Ichimoku_Shift EURUSD,M5: loaded successfully
2	19:48:17.334	Custom indicator #MTF_PSar EURUSD,M5: loaded successfully
2	19:48:17.334	Custom indicator #MTF_PSar EURUSD,M5: loaded successfully
2	19:48:17.334	Custom indicator Otyame021_Price_Line EURUSD,M5: loaded successfully
2	19:48:17.334	Custom indicator Otyame101_Span_model_signal EURUSD,M5: loaded successfully
2	19:48:17.671	Custom indicator Otyame005_Super_Bollinger EURJPY,H1: loaded successfully
2	19:48:17.671	Custom indicator 23Signal_Price-v1 EURJPY,H1: loaded successfully
2	19:48:17.671	Custom indicator chikou_span_attacker EURJPY,H1: loaded successfully
2	19:48:17.671	Custom indicator PZ_Harmonic EURJPY,H1: loaded successfully
2	19:48:17.687	Custom indicator Otyame021_Price_Line EURJPY,H1: loaded successfully
2	19:48:17.802	Custom indicator 23Signal_Price-v1 EURJPY,M5: loaded successfully
2	19:48:17.819	Custom indicator Max_Pivot EURJPY,M5: loaded successfully
2	19:48:17.823	Custom indicator Max_Line EURJPY,M5: loaded successfully
2	19:48:17.828	Custom indicator Otyame001_Ichimoku_Shift EURJPY,M5: loaded successfully
2	19:48:17.829	Custom indicator #MTF_PSar EURJPY,M5: loaded successfully
2	19:48:17.830	Custom indicator #MTF_PSar EURJPY,M5: loaded successfully
2	19:48:17.836	Custom indicator Otyame021_Price_Line EURJPY,M5: loaded successfully
2	19:48:17.841	Custom indicator Otyame101_Span_model_signal EURJPY,M5: loaded successfully
2	19:48:18.140	Custom indicator Otyame005_Super_Bollinger GBPUSD,H1: loaded successfully
2	19:48:18.141	Custom indicator 23Signal_Price-v1 GBPUSD,H1: loaded successfully
2	19:48:18.145	Custom indicator chikou_span_attacker GBPUSD,H1: loaded successfully
2	19:48:18.149	Custom indicator PZ_Harmonic GBPUSD,H1: loaded successfully
2	19:48:18.154	Custom indicator Otyame021_Price_Line GBPUSD,H1: loaded successfully
2	19:48:18.276	Custom indicator 23Signal_Price-v1 GBPUSD,M5: loaded successfully
2	19:48:18.276	Custom indicator Max_Pivot GBPUSD,M5: loaded successfully
2	19:48:18.276	Custom indicator Max_Line GBPUSD,M5: loaded successfully
2	19:48:18.291	Custom indicator Otyame001_Ichimoku_Shift GBPUSD,M5: loaded successfully
2	19:48:18.291	Custom indicator #MTF_PSar GBPUSD,M5: loaded successfully
2	19:48:18.291	Custom indicator #MTF_PSar GBPUSD,M5: loaded successfully
2	19:48:18.291	Custom indicator Otyame101_Span_model_signal GBPUSD,M5: loaded successfully
2	19:48:18.530	Custom indicator Otyame005_Super_Bollinger GBPJPY,H1: loaded successfully
2	19:48:18.546	Custom indicator 23Signal_Price-v1 GBPJPY,H1: loaded successfully
2	19:48:18.546	Custom indicator chikou_span_attacker GBPJPY,H1: loaded successfully
2	19:48:18.551	Custom indicator PZ_Harmonic GBPJPY,H1: loaded successfully
2	19:48:18.559	Custom indicator Otyame021_Price_Line GBPJPY,H1: loaded successfully
2	19:48:18.719	Custom indicator 23Signal_Price-v1 GBPJPY,M5: loaded successfully
2	19:48:18.721	Custom indicator Max_Pivot GBPJPY,M5: loaded successfully
2	19:48:18.725	Custom indicator Max_Line GBPJPY,M5: loaded successfully
2	19:48:18.729	Custom indicator Otyame001_Ichimoku_Shift GBPJPY,M5: loaded successfully
2	19:48:18.730	Custom indicator #MTF_PSar GBPJPY,M5: loaded successfully
2	19:48:18.731	Custom indicator #MTF_PSar GBPJPY,M5: loaded successfully
2	19:48:18.736	Custom indicator Otyame021_Price_Line GBPJPY,M5: loaded successfully
2	19:48:18.742	Custom indicator Otyame101_Span_model_signal GBPJPY,M5: loaded successfully
2	19:48:19.034	Custom indicator Otyame005_Super_Bollinger AUDUSD,H1: loaded successfully
2	19:48:19.035	Custom indicator 23Signal_Price-v1 AUDUSD,H1: loaded successfully
2	19:48:19.039	Custom indicator chikou_span_attacker AUDUSD,H1: loaded successfully
2	19:48:19.043	Custom indicator PZ_Harmonic AUDUSD,H1: loaded successfully
2	19:48:19.048	Custom indicator Otyame021_Price_Line AUDUSD,H1: loaded successfully
2	19:48:19.156	Custom indicator 23Signal_Price-v1 AUDUSD,M5: loaded successfully
2	19:48:19.156	Custom indicator Max_Pivot AUDUSD,M5: loaded successfully
2	19:48:19.171	Custom indicator Max_Line AUDUSD,M5: loaded successfully
2	19:48:19.171	Custom indicator Otyame001_Ichimoku_Shift AUDUSD,M5: loaded successfully
2	19:48:19.171	Custom indicator #MTF_PSar AUDUSD,M5: loaded successfully
2	19:48:19.171	Custom indicator #MTF_PSar AUDUSD,M5: loaded successfully
2	19:48:19.171	Custom indicator Otyame021_Price_Line AUDUSD,M5: loaded successfully
2	19:48:19.187	Custom indicator Otyame101_Span_model_signal AUDUSD,M5: loaded successfully
2	19:48:19.487	Custom indicator Otyame005_Super_Bollinger GBPAUD,H1: loaded successfully
2	19:48:19.487	Custom indicator 23Signal_Price-v1 GBPAUD,H1: loaded successfully
2	19:48:19.505	Custom indicator chikou_span_attacker GBPAUD,H1: loaded successfully
2	19:48:19.510	Custom indicator PZ_Harmonic GBPAUD,H1: loaded successfully
2	19:48:19.516	Custom indicator Otyame021_Price_Line GBPAUD,H1: loaded successfully
2	19:48:19.587	Custom indicator 23Signal_Price-v1 GBPAUD,M5: loaded successfully
2	19:48:19.603	Custom indicator Max_Pivot GBPAUD,M5: loaded successfully
2	19:48:19.603	Custom indicator Max_Line GBPAUD,M5: loaded successfully
2	19:48:19.603	Custom indicator Otyame001_Ichimoku_Shift GBPAUD,M5: loaded successfully
2	19:48:19.603	Custom indicator #MTF_PSar GBPAUD,M5: loaded successfully
2	19:48:19.603	Custom indicator #MTF_PSar GBPAUD,M5: loaded successfully
2	19:48:19.619	Custom indicator Otyame021_Price_Line GBPAUD,M5: loaded successfully
2	19:48:19.625	Custom indicator Otyame101_Span_model_signal GBPAUD,M5: loaded successfully
2	19:48:19.734	Custom indicator Economic_indicator USDCHF,H1: loaded successfully
0	19:48:21.749	'16040': login on GemForex-Live through DC1 (ping: 74.20 ms)
0	19:48:22.735	'16040': login datacenter on GemForex-Live through DC1 (ping: 74.20 ms)
0	19:48:22.973	'16040': previous successful authorization performed from 119.242.37.68
0	19:48:55.089	'16040': ping to current access point DC1 is 80.77 ms
0	20:05:42.837	System to be shutdown, request for close GemFX MT4
0	20:05:43.540	GemFX MT4 build 950 stopped because system shutdown
0	22:17:52.149	GemFX MT4 build 950 started (GemTrade Co., Ltd.)
0	22:17:52.149	Windows 10 Home (x64 based PC), IE 14.06, UAC, 8 x Intel Core i7-3770  @ 3.40GHz, RAM: 13476 / 16327 Mb, HDD: 138887 / 228383 Mb, GMT+09:00
0	22:17:52.149	Data Folder: C:\Users\koichi\AppData\Roaming\MetaQuotes\Terminal\250ECE632D67BAE8424D7871E3ED5548
2	22:17:53.557	Custom indicator Otyame005_Super_Bollinger USDJPY,H1: loaded successfully
2	22:17:53.557	Custom indicator 23Signal_Price-v1 USDJPY,H1: loaded successfully
2	22:17:53.557	Custom indicator chikou_span_attacker USDJPY,H1: loaded successfully
2	22:17:53.572	Custom indicator PZ_Harmonic USDJPY,H1: loaded successfully
2	22:17:53.572	Custom indicator Otyame021_Price_Line USDJPY,H1: loaded successfully
2	22:17:53.697	Custom indicator 23Signal_Price-v1 USDJPY,M5: loaded successfully
2	22:17:53.697	Custom indicator Max_Pivot USDJPY,M5: loaded successfully
2	22:17:53.697	Custom indicator Max_Line USDJPY,M5: loaded successfully
2	22:17:53.697	Custom indicator Otyame001_Ichimoku_Shift USDJPY,M5: loaded successfully
2	22:17:53.697	Custom indicator #MTF_PSar USDJPY,M5: loaded successfully
2	22:17:53.697	Custom indicator #MTF_PSar USDJPY,M5: loaded successfully
2	22:17:53.713	Custom indicator Otyame021_Price_Line USDJPY,M5: loaded successfully
2	22:17:53.713	Custom indicator Otyame101_Span_model_signal USDJPY,M5: loaded successfully
2	22:17:54.013	Custom indicator Otyame005_Super_Bollinger EURUSD,H1: loaded successfully
2	22:17:54.013	Custom indicator 23Signal_Price-v1 EURUSD,H1: loaded successfully
2	22:17:54.013	Custom indicator chikou_span_attacker EURUSD,H1: loaded successfully
2	22:17:54.013	Custom indicator PZ_Harmonic EURUSD,H1: loaded successfully
2	22:17:54.013	Custom indicator Otyame021_Price_Line EURUSD,H1: loaded successfully
2	22:17:54.155	Custom indicator 23Signal_Price-v1 EURUSD,M5: loaded successfully
2	22:17:54.156	Custom indicator Max_Pivot EURUSD,M5: loaded successfully
2	22:17:54.158	Custom indicator Max_Line EURUSD,M5: loaded successfully
2	22:17:54.158	Custom indicator Otyame001_Ichimoku_Shift EURUSD,M5: loaded successfully
2	22:17:54.158	Custom indicator #MTF_PSar EURUSD,M5: loaded successfully
2	22:17:54.158	Custom indicator #MTF_PSar EURUSD,M5: loaded successfully
2	22:17:54.158	Custom indicator Otyame021_Price_Line EURUSD,M5: loaded successfully
2	22:17:54.174	Custom indicator Otyame101_Span_model_signal EURUSD,M5: loaded successfully
2	22:17:54.472	Custom indicator Otyame005_Super_Bollinger EURJPY,H1: loaded successfully
2	22:17:54.472	Custom indicator 23Signal_Price-v1 EURJPY,H1: loaded successfully
2	22:17:54.472	Custom indicator chikou_span_attacker EURJPY,H1: loaded successfully
2	22:17:54.472	Custom indicator PZ_Harmonic EURJPY,H1: loaded successfully
2	22:17:54.488	Custom indicator Otyame021_Price_Line EURJPY,H1: loaded successfully
2	22:17:54.613	Custom indicator 23Signal_Price-v1 EURJPY,M5: loaded successfully
2	22:17:54.613	Custom indicator Max_Pivot EURJPY,M5: loaded successfully
2	22:17:54.613	Custom indicator Max_Line EURJPY,M5: loaded successfully
2	22:17:54.613	Custom indicator Otyame001_Ichimoku_Shift EURJPY,M5: loaded successfully
2	22:17:54.613	Custom indicator #MTF_PSar EURJPY,M5: loaded successfully
2	22:17:54.613	Custom indicator #MTF_PSar EURJPY,M5: loaded successfully
2	22:17:54.628	Custom indicator Otyame021_Price_Line EURJPY,M5: loaded successfully
2	22:17:54.628	Custom indicator Otyame101_Span_model_signal EURJPY,M5: loaded successfully
2	22:17:54.929	Custom indicator Otyame005_Super_Bollinger GBPUSD,H1: loaded successfully
2	22:17:54.929	Custom indicator 23Signal_Price-v1 GBPUSD,H1: loaded successfully
2	22:17:54.929	Custom indicator chikou_span_attacker GBPUSD,H1: loaded successfully
2	22:17:54.929	Custom indicator PZ_Harmonic GBPUSD,H1: loaded successfully
2	22:17:54.945	Custom indicator Otyame021_Price_Line GBPUSD,H1: loaded successfully
2	22:17:55.073	Custom indicator 23Signal_Price-v1 GBPUSD,M5: loaded successfully
2	22:17:55.073	Custom indicator Max_Pivot GBPUSD,M5: loaded successfully
2	22:17:55.073	Custom indicator Max_Line GBPUSD,M5: loaded successfully
2	22:17:55.073	Custom indicator Otyame001_Ichimoku_Shift GBPUSD,M5: loaded successfully
2	22:17:55.089	Custom indicator #MTF_PSar GBPUSD,M5: loaded successfully
2	22:17:55.089	Custom indicator #MTF_PSar GBPUSD,M5: loaded successfully
2	22:17:55.089	Custom indicator Otyame101_Span_model_signal GBPUSD,M5: loaded successfully
2	22:17:55.338	Custom indicator Otyame005_Super_Bollinger GBPJPY,H1: loaded successfully
2	22:17:55.339	Custom indicator 23Signal_Price-v1 GBPJPY,H1: loaded successfully
2	22:17:55.343	Custom indicator chikou_span_attacker GBPJPY,H1: loaded successfully
2	22:17:55.347	Custom indicator PZ_Harmonic GBPJPY,H1: loaded successfully
2	22:17:55.352	Custom indicator Otyame021_Price_Line GBPJPY,H1: loaded successfully
2	22:17:55.498	Custom indicator 23Signal_Price-v1 GBPJPY,M5: loaded successfully
2	22:17:55.498	Custom indicator Max_Pivot GBPJPY,M5: loaded successfully
2	22:17:55.498	Custom indicator Max_Line GBPJPY,M5: loaded successfully
2	22:17:55.498	Custom indicator Otyame001_Ichimoku_Shift GBPJPY,M5: loaded successfully
2	22:17:55.498	Custom indicator #MTF_PSar GBPJPY,M5: loaded successfully
2	22:17:55.513	Custom indicator #MTF_PSar GBPJPY,M5: loaded successfully
2	22:17:55.513	Custom indicator Otyame021_Price_Line GBPJPY,M5: loaded successfully
2	22:17:55.513	Custom indicator Otyame101_Span_model_signal GBPJPY,M5: loaded successfully
2	22:17:55.813	Custom indicator Otyame005_Super_Bollinger AUDUSD,H1: loaded successfully
2	22:17:55.813	Custom indicator 23Signal_Price-v1 AUDUSD,H1: loaded successfully
2	22:17:55.813	Custom indicator chikou_span_attacker AUDUSD,H1: loaded successfully
2	22:17:55.813	Custom indicator PZ_Harmonic AUDUSD,H1: loaded successfully
2	22:17:55.813	Custom indicator Otyame021_Price_Line AUDUSD,H1: loaded successfully
2	22:17:55.957	Custom indicator 23Signal_Price-v1 AUDUSD,M5: loaded successfully
2	22:17:55.957	Custom indicator Max_Pivot AUDUSD,M5: loaded successfully
2	22:17:55.957	Custom indicator Max_Line AUDUSD,M5: loaded successfully
2	22:17:55.957	Custom indicator Otyame001_Ichimoku_Shift AUDUSD,M5: loaded successfully
2	22:17:55.972	Custom indicator #MTF_PSar AUDUSD,M5: loaded successfully
2	22:17:55.972	Custom indicator #MTF_PSar AUDUSD,M5: loaded successfully
2	22:17:55.972	Custom indicator Otyame021_Price_Line AUDUSD,M5: loaded successfully
2	22:17:55.972	Custom indicator Otyame101_Span_model_signal AUDUSD,M5: loaded successfully
2	22:17:56.272	Custom indicator Otyame005_Super_Bollinger GBPAUD,H1: loaded successfully
2	22:17:56.272	Custom indicator 23Signal_Price-v1 GBPAUD,H1: loaded successfully
2	22:17:56.272	Custom indicator chikou_span_attacker GBPAUD,H1: loaded successfully
2	22:17:56.272	Custom indicator PZ_Harmonic GBPAUD,H1: loaded successfully
2	22:17:56.287	Custom indicator Otyame021_Price_Line GBPAUD,H1: loaded successfully
2	22:17:56.366	Custom indicator 23Signal_Price-v1 GBPAUD,M5: loaded successfully
2	22:17:56.366	Custom indicator Max_Pivot GBPAUD,M5: loaded successfully
2	22:17:56.366	Custom indicator Max_Line GBPAUD,M5: loaded successfully
2	22:17:56.381	Custom indicator Otyame001_Ichimoku_Shift GBPAUD,M5: loaded successfully
2	22:17:56.381	Custom indicator #MTF_PSar GBPAUD,M5: loaded successfully
2	22:17:56.381	Custom indicator #MTF_PSar GBPAUD,M5: loaded successfully
2	22:17:56.381	Custom indicator Otyame021_Price_Line GBPAUD,M5: loaded successfully
2	22:17:56.397	Custom indicator Otyame101_Span_model_signal GBPAUD,M5: loaded successfully
2	22:17:56.519	Custom indicator Economic_indicator USDCHF,H1: loaded successfully
0	22:17:58.644	'16040': login on GemForex-Live through DC1 (ping: 80.77 ms)
0	22:17:59.558	'16040': login datacenter on GemForex-Live through DC1 (ping: 80.77 ms)
0	22:17:59.772	'16040': previous successful authorization performed from 119.242.37.68
0	22:18:32.521	'16040': ping to current access point DC1 is 73.39 ms
0	22:24:04.869	'16040': instant order buy 0.20 USDJPY at 111.185 sl: 0.000 tp: 0.000
0	22:24:05.017	'16040': order was opened : #2377848 buy 0.20 USDJPY at 111.185 sl: 0.000 tp: 0.000
0	22:24:21.105	'16040': modify order #2377848 buy 0.20 USDJPY at 111.185 sl: 0.000 tp: 0.000 -> sl: 111.101 tp: 0.000
0	22:24:21.296	'16040': order #2377848 buy 0.20 USDJPY at 111.185 was modified -> sl: 111.101 tp: 0.000
0	22:25:05.642	'16040': modify order #2377848 buy 0.20 USDJPY at 111.185 sl: 111.101 tp: 0.000 -> sl: 111.101 tp: 111.318
0	22:25:05.797	'16040': order #2377848 buy 0.20 USDJPY at 111.185 was modified -> sl: 111.101 tp: 111.318
0	22:32:59.534	'16040': modify order #2377848 buy 0.20 USDJPY at 111.185 sl: 111.101 tp: 111.318 -> sl: 111.132 tp: 111.318
0	22:32:59.702	'16040': order #2377848 buy 0.20 USDJPY at 111.185 was modified -> sl: 111.132 tp: 111.318
0	22:45:35.652	'16040': modify order #2377848 buy 0.20 USDJPY at 111.185 sl: 111.132 tp: 111.318 -> sl: 111.107 tp: 111.318
0	22:45:35.832	'16040': order #2377848 buy 0.20 USDJPY at 111.185 was modified -> sl: 111.107 tp: 111.318
0	23:00:08.644	'16040': order #2377848 buy 0.20 USDJPY at 111.185 closed due stop-loss at price 111.107
0	23:01:28.785	'16040': instant order buy 0.20 EURUSD at 1.11696 sl: 0.00000 tp: 0.00000
0	23:01:28.949	'16040': order was opened : #2378291 buy 0.20 EURUSD at 1.11696 sl: 0.00000 tp: 0.00000
0	23:01:40.474	'16040': modify order #2378291 buy 0.20 EURUSD at 1.11696 sl: 0.00000 tp: 0.00000 -> sl: 1.11620 tp: 0.00000
0	23:01:40.636	'16040': order #2378291 buy 0.20 EURUSD at 1.11696 was modified -> sl: 1.11620 tp: 0.00000
0	23:05:27.020	'16040': close order #2378291 buy 0.20 EURUSD at 1.11696 sl: 1.11620 tp: 0.00000 at price 1.11715
0	23:05:27.195	'16040': order #2378291 buy 0.20 EURUSD at 1.11696 sl: 1.11620 tp: 0.00000 closed at price 1.11715
0	23:38:52.167	'16040': instant order sell 0.20 EURUSD at 1.11597 sl: 0.00000 tp: 0.00000
0	23:38:53.447	'16040': order was opened : #2378932 sell 0.20 EURUSD at 1.11597 sl: 0.00000 tp: 0.00000
0	23:39:53.681	'16040': close order #2378932 sell 0.20 EURUSD at 1.11597 sl: 0.00000 tp: 0.00000 at price 1.11586
0	23:39:53.856	'16040': order #2378932 sell 0.20 EURUSD at 1.11597 sl: 0.00000 tp: 0.00000 closed at price 1.11586
0	23:45:50.706	'16040': instant order sell 0.10 GBPUSD at 1.45566 sl: 0.00000 tp: 0.00000
0	23:45:50.877	'16040': order was opened : #2379200 sell 0.10 GBPUSD at 1.45566 sl: 0.00000 tp: 0.00000
0	23:46:27.127	'16040': close order #2379200 sell 0.10 GBPUSD at 1.45566 sl: 0.00000 tp: 0.00000 at price 1.45548
0	23:46:27.283	'16040': order #2379200 sell 0.10 GBPUSD at 1.45566 sl: 0.00000 tp: 0.00000 closed at price 1.45548
