0	06:59:59.017	GemFX MT4 build 971 started (GemTrade Co., Ltd.)
0	06:59:59.018	Windows 10 Home (x64 based PC), IE 15.20, UAC, 8 x Intel Core i7-3770  @ 3.40GHz, RAM: 13186 / 16327 Mb, HDD: 135460 / 228383 Mb, GMT+09:00
0	06:59:59.018	Data Folder: C:\Users\koichi\AppData\Roaming\MetaQuotes\Terminal\250ECE632D67BAE8424D7871E3ED5548
2	07:00:00.234	Custom indicator Otyame005_Super_Bollinger USDJPY,H1: loaded successfully
2	07:00:00.274	Custom indicator 23Signal_Price-v1 USDJPY,H1: loaded successfully
2	07:00:00.281	Custom indicator chikou_span_attacker USDJPY,H1: loaded successfully
2	07:00:00.288	Custom indicator PZ_Harmonic USDJPY,H1: loaded successfully
2	07:00:00.421	Custom indicator 23Signal_Price-v1 USDJPY,M5: loaded successfully
2	07:00:00.423	Custom indicator Max_Pivot USDJPY,M5: loaded successfully
2	07:00:00.429	Custom indicator Max_Line USDJPY,M5: loaded successfully
2	07:00:00.435	Custom indicator Otyame001_Ichimoku_Shift USDJPY,M5: loaded successfully
2	07:00:00.443	Custom indicator Otyame021_Price_Line USDJPY,M5: loaded successfully
2	07:00:00.449	Custom indicator Otyame005_Super_Bollinger USDJPY,M5: loaded successfully
2	07:00:00.648	Custom indicator Otyame005_Super_Bollinger EURUSD,H1: loaded successfully
2	07:00:00.689	Custom indicator 23Signal_Price-v1 EURUSD,H1: loaded successfully
2	07:00:00.696	Custom indicator chikou_span_attacker EURUSD,H1: loaded successfully
2	07:00:00.702	Custom indicator PZ_Harmonic EURUSD,H1: loaded successfully
2	07:00:00.837	Custom indicator 23Signal_Price-v1 EURUSD,M5: loaded successfully
2	07:00:00.839	Custom indicator Max_Pivot EURUSD,M5: loaded successfully
2	07:00:00.845	Custom indicator Max_Line EURUSD,M5: loaded successfully
2	07:00:00.851	Custom indicator Otyame001_Ichimoku_Shift EURUSD,M5: loaded successfully
2	07:00:00.859	Custom indicator Otyame021_Price_Line EURUSD,M5: loaded successfully
2	07:00:00.865	Custom indicator Otyame005_Super_Bollinger EURUSD,M5: loaded successfully
2	07:00:01.067	Custom indicator Otyame005_Super_Bollinger EURJPY,H1: loaded successfully
2	07:00:01.107	Custom indicator 23Signal_Price-v1 EURJPY,H1: loaded successfully
2	07:00:01.114	Custom indicator chikou_span_attacker EURJPY,H1: loaded successfully
2	07:00:01.121	Custom indicator PZ_Harmonic EURJPY,H1: loaded successfully
2	07:00:01.254	Custom indicator 23Signal_Price-v1 EURJPY,M5: loaded successfully
2	07:00:01.256	Custom indicator Max_Pivot EURJPY,M5: loaded successfully
2	07:00:01.262	Custom indicator Max_Line EURJPY,M5: loaded successfully
2	07:00:01.269	Custom indicator Otyame001_Ichimoku_Shift EURJPY,M5: loaded successfully
2	07:00:01.276	Custom indicator Otyame021_Price_Line EURJPY,M5: loaded successfully
2	07:00:01.282	Custom indicator Otyame005_Super_Bollinger EURJPY,M5: loaded successfully
2	07:00:01.480	Custom indicator Otyame005_Super_Bollinger GBPUSD,H1: loaded successfully
2	07:00:01.521	Custom indicator 23Signal_Price-v1 GBPUSD,H1: loaded successfully
2	07:00:01.528	Custom indicator chikou_span_attacker GBPUSD,H1: loaded successfully
2	07:00:01.534	Custom indicator PZ_Harmonic GBPUSD,H1: loaded successfully
2	07:00:01.671	Custom indicator 23Signal_Price-v1 GBPUSD,M5: loaded successfully
2	07:00:01.673	Custom indicator Max_Pivot GBPUSD,M5: loaded successfully
2	07:00:01.679	Custom indicator Max_Line GBPUSD,M5: loaded successfully
2	07:00:01.686	Custom indicator Otyame001_Ichimoku_Shift GBPUSD,M5: loaded successfully
2	07:00:01.694	Custom indicator Otyame021_Price_Line GBPUSD,M5: loaded successfully
2	07:00:01.700	Custom indicator Otyame005_Super_Bollinger GBPUSD,M5: loaded successfully
2	07:00:01.900	Custom indicator Otyame005_Super_Bollinger GBPJPY,H1: loaded successfully
2	07:00:01.941	Custom indicator 23Signal_Price-v1 GBPJPY,H1: loaded successfully
2	07:00:01.947	Custom indicator chikou_span_attacker GBPJPY,H1: loaded successfully
2	07:00:01.954	Custom indicator PZ_Harmonic GBPJPY,H1: loaded successfully
2	07:00:02.087	Custom indicator 23Signal_Price-v1 GBPJPY,M5: loaded successfully
2	07:00:02.088	Custom indicator Max_Pivot GBPJPY,M5: loaded successfully
2	07:00:02.095	Custom indicator Max_Line GBPJPY,M5: loaded successfully
2	07:00:02.101	Custom indicator Otyame001_Ichimoku_Shift GBPJPY,M5: loaded successfully
2	07:00:02.109	Custom indicator Otyame021_Price_Line GBPJPY,M5: loaded successfully
2	07:00:02.115	Custom indicator Otyame005_Super_Bollinger GBPJPY,M5: loaded successfully
2	07:00:02.314	Custom indicator Otyame005_Super_Bollinger AUDUSD,H1: loaded successfully
2	07:00:02.354	Custom indicator 23Signal_Price-v1 AUDUSD,H1: loaded successfully
2	07:00:02.361	Custom indicator chikou_span_attacker AUDUSD,H1: loaded successfully
2	07:00:02.367	Custom indicator PZ_Harmonic AUDUSD,H1: loaded successfully
2	07:00:02.500	Custom indicator 23Signal_Price-v1 AUDUSD,M5: loaded successfully
2	07:00:02.501	Custom indicator Max_Pivot AUDUSD,M5: loaded successfully
2	07:00:02.508	Custom indicator Max_Line AUDUSD,M5: loaded successfully
2	07:00:02.514	Custom indicator Otyame001_Ichimoku_Shift AUDUSD,M5: loaded successfully
2	07:00:02.522	Custom indicator Otyame021_Price_Line AUDUSD,M5: loaded successfully
2	07:00:02.528	Custom indicator Otyame005_Super_Bollinger AUDUSD,M5: loaded successfully
2	07:00:02.730	Custom indicator Otyame005_Super_Bollinger GBPAUD,H1: loaded successfully
2	07:00:02.770	Custom indicator 23Signal_Price-v1 GBPAUD,H1: loaded successfully
2	07:00:02.777	Custom indicator chikou_span_attacker GBPAUD,H1: loaded successfully
2	07:00:02.783	Custom indicator PZ_Harmonic GBPAUD,H1: loaded successfully
2	07:00:02.897	Custom indicator 23Signal_Price-v1 GBPAUD,M5: loaded successfully
2	07:00:02.899	Custom indicator Max_Pivot GBPAUD,M5: loaded successfully
2	07:00:02.905	Custom indicator Max_Line GBPAUD,M5: loaded successfully
2	07:00:02.911	Custom indicator Otyame001_Ichimoku_Shift GBPAUD,M5: loaded successfully
2	07:00:02.919	Custom indicator Otyame021_Price_Line GBPAUD,M5: loaded successfully
2	07:00:02.925	Custom indicator Otyame005_Super_Bollinger GBPAUD,M5: loaded successfully
2	07:00:03.040	Custom indicator Economic_indicator USDCHF,H1: loaded successfully
0	07:00:04.682	'16040': login on GemForex-Live through DC1 (ping: 73.59 ms)
0	07:00:05.675	'16040': login datacenter on GemForex-Live through DC1 (ping: 73.59 ms)
0	07:00:05.939	'16040': previous successful authorization performed from 183.74.199.118
0	07:00:38.832	'16040': ping to current access point DC1 is 72.20 ms
0	07:07:38.209	System to be shutdown, request for close GemFX MT4
0	07:07:38.396	GemFX MT4 build 971 stopped because system shutdown
0	21:50:17.071	GemFX MT4 build 971 started (GemTrade Co., Ltd.)
0	21:50:17.072	Windows 10 Home (x64 based PC), IE 15.20, UAC, 8 x Intel Core i7-3770  @ 3.40GHz, RAM: 10650 / 16327 Mb, HDD: 135442 / 228383 Mb, GMT+09:00
0	21:50:17.072	Data Folder: C:\Users\koichi\AppData\Roaming\MetaQuotes\Terminal\250ECE632D67BAE8424D7871E3ED5548
2	21:50:18.036	Custom indicator Otyame005_Super_Bollinger USDJPY,H1: loaded successfully
2	21:50:18.077	Custom indicator 23Signal_Price-v1 USDJPY,H1: loaded successfully
2	21:50:18.085	Custom indicator chikou_span_attacker USDJPY,H1: loaded successfully
2	21:50:18.092	Custom indicator PZ_Harmonic USDJPY,H1: loaded successfully
2	21:50:18.231	Custom indicator 23Signal_Price-v1 USDJPY,M5: loaded successfully
2	21:50:18.233	Custom indicator Max_Pivot USDJPY,M5: loaded successfully
2	21:50:18.240	Custom indicator Max_Line USDJPY,M5: loaded successfully
2	21:50:18.246	Custom indicator Otyame001_Ichimoku_Shift USDJPY,M5: loaded successfully
2	21:50:18.255	Custom indicator Otyame021_Price_Line USDJPY,M5: loaded successfully
2	21:50:18.262	Custom indicator Otyame005_Super_Bollinger USDJPY,M5: loaded successfully
2	21:50:18.467	Custom indicator Otyame005_Super_Bollinger EURUSD,H1: loaded successfully
2	21:50:18.514	Custom indicator 23Signal_Price-v1 EURUSD,H1: loaded successfully
2	21:50:18.524	Custom indicator chikou_span_attacker EURUSD,H1: loaded successfully
2	21:50:18.534	Custom indicator PZ_Harmonic EURUSD,H1: loaded successfully
2	21:50:18.669	Custom indicator 23Signal_Price-v1 EURUSD,M5: loaded successfully
2	21:50:18.671	Custom indicator Max_Pivot EURUSD,M5: loaded successfully
2	21:50:18.677	Custom indicator Max_Line EURUSD,M5: loaded successfully
2	21:50:18.684	Custom indicator Otyame001_Ichimoku_Shift EURUSD,M5: loaded successfully
2	21:50:18.692	Custom indicator Otyame021_Price_Line EURUSD,M5: loaded successfully
2	21:50:18.700	Custom indicator Otyame005_Super_Bollinger EURUSD,M5: loaded successfully
2	21:50:18.910	Custom indicator Otyame005_Super_Bollinger EURJPY,H1: loaded successfully
2	21:50:18.954	Custom indicator 23Signal_Price-v1 EURJPY,H1: loaded successfully
2	21:50:18.961	Custom indicator chikou_span_attacker EURJPY,H1: loaded successfully
2	21:50:18.973	Custom indicator PZ_Harmonic EURJPY,H1: loaded successfully
2	21:50:19.101	Custom indicator 23Signal_Price-v1 EURJPY,M5: loaded successfully
2	21:50:19.103	Custom indicator Max_Pivot EURJPY,M5: loaded successfully
2	21:50:19.109	Custom indicator Max_Line EURJPY,M5: loaded successfully
2	21:50:19.115	Custom indicator Otyame001_Ichimoku_Shift EURJPY,M5: loaded successfully
2	21:50:19.123	Custom indicator Otyame021_Price_Line EURJPY,M5: loaded successfully
2	21:50:19.130	Custom indicator Otyame005_Super_Bollinger EURJPY,M5: loaded successfully
2	21:50:19.333	Custom indicator Otyame005_Super_Bollinger GBPUSD,H1: loaded successfully
2	21:50:19.374	Custom indicator 23Signal_Price-v1 GBPUSD,H1: loaded successfully
2	21:50:19.380	Custom indicator chikou_span_attacker GBPUSD,H1: loaded successfully
2	21:50:19.388	Custom indicator PZ_Harmonic GBPUSD,H1: loaded successfully
2	21:50:19.555	Custom indicator 23Signal_Price-v1 GBPUSD,M5: loaded successfully
2	21:50:19.558	Custom indicator Max_Pivot GBPUSD,M5: loaded successfully
2	21:50:19.566	Custom indicator Max_Line GBPUSD,M5: loaded successfully
2	21:50:19.573	Custom indicator Otyame001_Ichimoku_Shift GBPUSD,M5: loaded successfully
2	21:50:19.581	Custom indicator Otyame021_Price_Line GBPUSD,M5: loaded successfully
2	21:50:19.587	Custom indicator Otyame005_Super_Bollinger GBPUSD,M5: loaded successfully
2	21:50:19.814	Custom indicator Otyame005_Super_Bollinger GBPJPY,H1: loaded successfully
2	21:50:19.855	Custom indicator 23Signal_Price-v1 GBPJPY,H1: loaded successfully
2	21:50:19.861	Custom indicator chikou_span_attacker GBPJPY,H1: loaded successfully
2	21:50:19.869	Custom indicator PZ_Harmonic GBPJPY,H1: loaded successfully
2	21:50:20.008	Custom indicator 23Signal_Price-v1 GBPJPY,M5: loaded successfully
2	21:50:20.010	Custom indicator Max_Pivot GBPJPY,M5: loaded successfully
2	21:50:20.016	Custom indicator Max_Line GBPJPY,M5: loaded successfully
2	21:50:20.023	Custom indicator Otyame001_Ichimoku_Shift GBPJPY,M5: loaded successfully
2	21:50:20.031	Custom indicator Otyame021_Price_Line GBPJPY,M5: loaded successfully
2	21:50:20.038	Custom indicator Otyame005_Super_Bollinger GBPJPY,M5: loaded successfully
2	21:50:20.253	Custom indicator Otyame005_Super_Bollinger AUDUSD,H1: loaded successfully
2	21:50:20.294	Custom indicator 23Signal_Price-v1 AUDUSD,H1: loaded successfully
2	21:50:20.302	Custom indicator chikou_span_attacker AUDUSD,H1: loaded successfully
2	21:50:20.309	Custom indicator PZ_Harmonic AUDUSD,H1: loaded successfully
2	21:50:20.446	Custom indicator 23Signal_Price-v1 AUDUSD,M5: loaded successfully
2	21:50:20.448	Custom indicator Max_Pivot AUDUSD,M5: loaded successfully
2	21:50:20.455	Custom indicator Max_Line AUDUSD,M5: loaded successfully
2	21:50:20.461	Custom indicator Otyame001_Ichimoku_Shift AUDUSD,M5: loaded successfully
2	21:50:20.470	Custom indicator Otyame021_Price_Line AUDUSD,M5: loaded successfully
2	21:50:20.477	Custom indicator Otyame005_Super_Bollinger AUDUSD,M5: loaded successfully
2	21:50:20.684	Custom indicator Otyame005_Super_Bollinger GBPAUD,H1: loaded successfully
2	21:50:20.726	Custom indicator 23Signal_Price-v1 GBPAUD,H1: loaded successfully
2	21:50:20.733	Custom indicator chikou_span_attacker GBPAUD,H1: loaded successfully
2	21:50:20.740	Custom indicator PZ_Harmonic GBPAUD,H1: loaded successfully
2	21:50:20.865	Custom indicator 23Signal_Price-v1 GBPAUD,M5: loaded successfully
2	21:50:20.867	Custom indicator Max_Pivot GBPAUD,M5: loaded successfully
2	21:50:20.874	Custom indicator Max_Line GBPAUD,M5: loaded successfully
2	21:50:20.881	Custom indicator Otyame001_Ichimoku_Shift GBPAUD,M5: loaded successfully
2	21:50:20.894	Custom indicator Otyame021_Price_Line GBPAUD,M5: loaded successfully
2	21:50:20.901	Custom indicator Otyame005_Super_Bollinger GBPAUD,M5: loaded successfully
2	21:50:21.027	Custom indicator Economic_indicator USDCHF,H1: loaded successfully
0	21:50:22.655	'16040': login on GemForex-Live through DC1 (ping: 72.20 ms)
0	21:50:23.775	'16040': login datacenter on GemForex-Live through DC1 (ping: 72.20 ms)
0	21:50:24.055	'16040': previous successful authorization performed from 183.74.199.118
0	21:50:56.976	'16040': ping to current access point DC1 is 76.88 ms
