0	18:41:12.201	GemFX MT4 build 950 started (GemTrade Co., Ltd.)
0	18:41:12.201	Windows 10 Home (x64 based PC), IE 13.12, UAC, 8 x Intel Core i7-3770  @ 3.40GHz, RAM: 13378 / 16327 Mb, HDD: 142860 / 228383 Mb, GMT+09:00
0	18:41:12.201	Data Folder: C:\Users\koichi\AppData\Roaming\MetaQuotes\Terminal\250ECE632D67BAE8424D7871E3ED5548
2	18:41:12.935	Custom indicator Otyame005_Super_Bollinger USDJPY,H1: loaded successfully
2	18:41:12.935	Custom indicator 23Signal_Price-v1 USDJPY,H1: loaded successfully
2	18:41:12.935	Custom indicator chikou_span_attacker USDJPY,H1: loaded successfully
2	18:41:12.935	Custom indicator PZ_Harmonic USDJPY,H1: loaded successfully
2	18:41:12.951	Custom indicator AutoHarmonic_201604 USDJPY,H1: loaded successfully
2	18:41:12.951	Custom indicator Sessions EX USDJPY,H1: loaded successfully
2	18:41:12.951	Custom indicator Max_Pivot USDJPY,H1: loaded successfully
2	18:41:12.951	Custom indicator Max_Line USDJPY,H1: loaded successfully
2	18:41:12.966	Custom indicator Otyame013_RCI_Signal USDJPY,H1: loaded successfully
2	18:41:12.966	Custom indicator JapanTimes USDJPY,H1: loaded successfully
2	18:41:13.216	Custom indicator Span_model USDJPY,M5: loaded successfully
2	18:41:13.216	Custom indicator ___MAÅôAngle_45_TAKE USDJPY,M5: loaded successfully
2	18:41:13.216	Custom indicator 23Signal_Price-v1 USDJPY,M5: loaded successfully
2	18:41:13.216	Custom indicator Max_Pivot USDJPY,M5: loaded successfully
2	18:41:13.232	Custom indicator Max_Line USDJPY,M5: loaded successfully
2	18:41:13.232	Custom indicator Trade Reviewer_14806E92 USDJPY,M5: loaded successfully
2	18:41:13.248	Custom indicator Sessions EX USDJPY,M5: loaded successfully
2	18:41:13.248	Custom indicator Otyame013_RCI_Signal USDJPY,M5: loaded successfully
2	18:41:13.982	Custom indicator Otyame005_Super_Bollinger EURUSD,H1: loaded successfully
2	18:41:13.982	Custom indicator 23Signal_Price-v1 EURUSD,H1: loaded successfully
2	18:41:13.982	Custom indicator chikou_span_attacker EURUSD,H1: loaded successfully
2	18:41:13.998	Custom indicator PZ_Harmonic EURUSD,H1: loaded successfully
2	18:41:13.998	Custom indicator AutoHarmonic_201604 EURUSD,H1: loaded successfully
2	18:41:14.013	Custom indicator Sessions EX EURUSD,H1: loaded successfully
2	18:41:14.013	Custom indicator Max_Pivot EURUSD,H1: loaded successfully
2	18:41:14.013	Custom indicator Max_Line EURUSD,H1: loaded successfully
2	18:41:14.013	Custom indicator Otyame013_RCI_Signal EURUSD,H1: loaded successfully
2	18:41:14.013	Custom indicator JapanTimes EURUSD,H1: loaded successfully
2	18:41:14.295	Custom indicator Span_model EURUSD,M5: loaded successfully
2	18:41:14.295	Custom indicator 23Signal_Price-v1 EURUSD,M5: loaded successfully
2	18:41:14.295	Custom indicator ___MAÅôAngle_45_TAKE EURUSD,M5: loaded successfully
2	18:41:14.295	Custom indicator Max_Pivot EURUSD,M5: loaded successfully
2	18:41:14.310	Custom indicator Max_Line EURUSD,M5: loaded successfully
2	18:41:14.310	Custom indicator Trade Reviewer_14806E92 EURUSD,M5: loaded successfully
2	18:41:14.326	Custom indicator Trade Reviewer_14806E92 EURUSD,M5: loaded successfully
2	18:41:14.326	Custom indicator Otyame013_RCI_Signal EURUSD,M5: loaded successfully
2	18:41:15.185	Custom indicator Otyame005_Super_Bollinger EURJPY,H1: loaded successfully
2	18:41:15.185	Custom indicator 23Signal_Price-v1 EURJPY,H1: loaded successfully
2	18:41:15.201	Custom indicator chikou_span_attacker EURJPY,H1: loaded successfully
2	18:41:15.201	Custom indicator PZ_Harmonic EURJPY,H1: loaded successfully
2	18:41:15.201	Custom indicator AutoHarmonic_201604 EURJPY,H1: loaded successfully
2	18:41:15.217	Custom indicator Sessions EX EURJPY,H1: loaded successfully
2	18:41:15.217	Custom indicator Max_Pivot EURJPY,H1: loaded successfully
2	18:41:15.217	Custom indicator Max_Line EURJPY,H1: loaded successfully
2	18:41:15.217	Custom indicator Otyame013_RCI_Signal EURJPY,H1: loaded successfully
2	18:41:15.232	Custom indicator JapanTimes EURJPY,H1: loaded successfully
2	18:41:15.498	Custom indicator Span_model EURJPY,M5: loaded successfully
2	18:41:15.498	Custom indicator 23Signal_Price-v1 EURJPY,M5: loaded successfully
2	18:41:15.498	Custom indicator ___MAÅôAngle_45_TAKE EURJPY,M5: loaded successfully
2	18:41:15.498	Custom indicator Max_Pivot EURJPY,M5: loaded successfully
2	18:41:15.513	Custom indicator Max_Line EURJPY,M5: loaded successfully
2	18:41:15.513	Custom indicator EWPro EURJPY,M5: loaded successfully
2	18:41:15.513	Custom indicator Trade Reviewer_14806E92 EURJPY,M5: loaded successfully
2	18:41:15.529	Custom indicator Otyame013_RCI_Signal EURJPY,M5: loaded successfully
2	18:41:16.435	Custom indicator Otyame005_Super_Bollinger GBPUSD,H1: loaded successfully
2	18:41:16.451	Custom indicator 23Signal_Price-v1 GBPUSD,H1: loaded successfully
2	18:41:16.451	Custom indicator chikou_span_attacker GBPUSD,H1: loaded successfully
2	18:41:16.451	Custom indicator PZ_Harmonic GBPUSD,H1: loaded successfully
2	18:41:16.451	Custom indicator AutoHarmonic_201604 GBPUSD,H1: loaded successfully
2	18:41:16.467	Custom indicator Sessions EX GBPUSD,H1: loaded successfully
2	18:41:16.467	Custom indicator Max_Pivot GBPUSD,H1: loaded successfully
2	18:41:16.467	Custom indicator Max_Line GBPUSD,H1: loaded successfully
2	18:41:16.467	Custom indicator Otyame013_RCI_Signal GBPUSD,H1: loaded successfully
2	18:41:16.482	Custom indicator JapanTimes GBPUSD,H1: loaded successfully
2	18:41:16.748	Custom indicator Span_model GBPUSD,M5: loaded successfully
2	18:41:16.748	Custom indicator 23Signal_Price-v1 GBPUSD,M5: loaded successfully
2	18:41:16.748	Custom indicator ___MAÅôAngle_45_TAKE GBPUSD,M5: loaded successfully
2	18:41:16.748	Custom indicator Max_Pivot GBPUSD,M5: loaded successfully
2	18:41:16.748	Custom indicator Max_Line GBPUSD,M5: loaded successfully
2	18:41:16.748	Custom indicator EWPro GBPUSD,M5: loaded successfully
2	18:41:16.763	Custom indicator Trade Reviewer_14806E92 GBPUSD,M5: loaded successfully
2	18:41:16.763	Custom indicator Otyame013_RCI_Signal GBPUSD,M5: loaded successfully
2	18:41:17.623	Custom indicator Otyame005_Super_Bollinger GBPJPY,H1: loaded successfully
2	18:41:17.638	Custom indicator 23Signal_Price-v1 GBPJPY,H1: loaded successfully
2	18:41:17.638	Custom indicator chikou_span_attacker GBPJPY,H1: loaded successfully
2	18:41:17.638	Custom indicator PZ_Harmonic GBPJPY,H1: loaded successfully
2	18:41:17.638	Custom indicator AutoHarmonic_201604 GBPJPY,H1: loaded successfully
2	18:41:17.654	Custom indicator Sessions EX GBPJPY,H1: loaded successfully
2	18:41:17.654	Custom indicator Max_Pivot GBPJPY,H1: loaded successfully
2	18:41:17.654	Custom indicator Max_Line GBPJPY,H1: loaded successfully
2	18:41:17.654	Custom indicator Otyame013_RCI_Signal GBPJPY,H1: loaded successfully
2	18:41:17.670	Custom indicator JapanTimes GBPJPY,H1: loaded successfully
2	18:41:17.920	Custom indicator Span_model GBPJPY,M5: loaded successfully
2	18:41:17.920	Custom indicator 23Signal_Price-v1 GBPJPY,M5: loaded successfully
2	18:41:17.920	Custom indicator ___MAÅôAngle_45_TAKE GBPJPY,M5: loaded successfully
2	18:41:17.935	Custom indicator Max_Sign GBPJPY,M5: loaded successfully
2	18:41:17.935	Custom indicator Max_Pivot GBPJPY,M5: loaded successfully
2	18:41:17.935	Custom indicator Max_Line GBPJPY,M5: loaded successfully
2	18:41:17.935	Custom indicator Trade Reviewer_14806E92 GBPJPY,M5: loaded successfully
2	18:41:17.951	Custom indicator Otyame013_RCI_Signal GBPJPY,M5: loaded successfully
2	18:41:18.717	Custom indicator Otyame005_Super_Bollinger AUDUSD,H1: loaded successfully
2	18:41:18.717	Custom indicator 23Signal_Price-v1 AUDUSD,H1: loaded successfully
2	18:41:18.717	Custom indicator chikou_span_attacker AUDUSD,H1: loaded successfully
2	18:41:18.717	Custom indicator PZ_Harmonic AUDUSD,H1: loaded successfully
2	18:41:18.717	Custom indicator AutoHarmonic_201604 AUDUSD,H1: loaded successfully
2	18:41:18.732	Custom indicator Sessions EX AUDUSD,H1: loaded successfully
2	18:41:18.732	Custom indicator Max_Pivot AUDUSD,H1: loaded successfully
2	18:41:18.732	Custom indicator Max_Line AUDUSD,H1: loaded successfully
2	18:41:18.748	Custom indicator Otyame013_RCI_Signal AUDUSD,H1: loaded successfully
2	18:41:18.748	Custom indicator JapanTimes AUDUSD,H1: loaded successfully
2	18:41:19.014	Custom indicator Span_model AUDUSD,M5: loaded successfully
2	18:41:19.014	Custom indicator 23Signal_Price-v1 AUDUSD,M5: loaded successfully
2	18:41:19.014	Custom indicator ___MAÅôAngle_45_TAKE AUDUSD,M5: loaded successfully
2	18:41:19.014	Custom indicator Max_Pivot AUDUSD,M5: loaded successfully
2	18:41:19.014	Custom indicator Max_Line AUDUSD,M5: loaded successfully
2	18:41:19.029	Custom indicator Trade Reviewer_14806E92 AUDUSD,M5: loaded successfully
2	18:41:19.029	Custom indicator Otyame013_RCI_Signal AUDUSD,M5: loaded successfully
2	18:41:19.764	Custom indicator Economic_indicator USDCHF,H1: loaded successfully
0	18:44:27.154	GemFX MT4 build 950 started (GemTrade Co., Ltd.)
0	18:44:27.154	Windows 10 Home (x64 based PC), IE 13.12, UAC, 8 x Intel Core i7-3770  @ 3.40GHz, RAM: 14533 / 16327 Mb, HDD: 142677 / 228383 Mb, GMT+09:00
0	18:44:27.154	Data Folder: C:\Users\koichi\AppData\Roaming\MetaQuotes\Terminal\250ECE632D67BAE8424D7871E3ED5548
2	18:44:28.123	Custom indicator Otyame005_Super_Bollinger USDJPY,H1: loaded successfully
2	18:44:28.123	Custom indicator 23Signal_Price-v1 USDJPY,H1: loaded successfully
2	18:44:28.123	Custom indicator chikou_span_attacker USDJPY,H1: loaded successfully
2	18:44:28.123	Custom indicator PZ_Harmonic USDJPY,H1: loaded successfully
2	18:44:28.139	Custom indicator AutoHarmonic_201604 USDJPY,H1: loaded successfully
2	18:44:28.139	Custom indicator Sessions EX USDJPY,H1: loaded successfully
2	18:44:28.139	Custom indicator Max_Pivot USDJPY,H1: loaded successfully
2	18:44:28.139	Custom indicator Max_Line USDJPY,H1: loaded successfully
2	18:44:28.154	Custom indicator Otyame013_RCI_Signal USDJPY,H1: loaded successfully
2	18:44:28.154	Custom indicator JapanTimes USDJPY,H1: loaded successfully
2	18:44:28.420	Custom indicator Span_model USDJPY,M5: loaded successfully
2	18:44:28.420	Custom indicator ___MAÅôAngle_45_TAKE USDJPY,M5: loaded successfully
2	18:44:28.420	Custom indicator 23Signal_Price-v1 USDJPY,M5: loaded successfully
2	18:44:28.420	Custom indicator Max_Pivot USDJPY,M5: loaded successfully
2	18:44:28.436	Custom indicator Max_Line USDJPY,M5: loaded successfully
2	18:44:28.436	Custom indicator Trade Reviewer_14806E92 USDJPY,M5: loaded successfully
2	18:44:28.436	Custom indicator Sessions EX USDJPY,M5: loaded successfully
2	18:44:28.451	Custom indicator Otyame013_RCI_Signal USDJPY,M5: loaded successfully
2	18:44:29.254	Custom indicator Otyame005_Super_Bollinger EURUSD,H1: loaded successfully
2	18:44:29.256	Custom indicator 23Signal_Price-v1 EURUSD,H1: loaded successfully
2	18:44:29.261	Custom indicator chikou_span_attacker EURUSD,H1: loaded successfully
2	18:44:29.266	Custom indicator PZ_Harmonic EURUSD,H1: loaded successfully
2	18:44:29.271	Custom indicator AutoHarmonic_201604 EURUSD,H1: loaded successfully
2	18:44:29.276	Custom indicator Sessions EX EURUSD,H1: loaded successfully
2	18:44:29.277	Custom indicator Max_Pivot EURUSD,H1: loaded successfully
2	18:44:29.281	Custom indicator Max_Line EURUSD,H1: loaded successfully
2	18:44:29.287	Custom indicator Otyame013_RCI_Signal EURUSD,H1: loaded successfully
2	18:44:29.289	Custom indicator JapanTimes EURUSD,H1: loaded successfully
2	18:44:29.550	Custom indicator Span_model EURUSD,M5: loaded successfully
2	18:44:29.551	Custom indicator 23Signal_Price-v1 EURUSD,M5: loaded successfully
2	18:44:29.552	Custom indicator ___MAÅôAngle_45_TAKE EURUSD,M5: loaded successfully
2	18:44:29.554	Custom indicator Max_Pivot EURUSD,M5: loaded successfully
2	18:44:29.558	Custom indicator Max_Line EURUSD,M5: loaded successfully
2	18:44:29.566	Custom indicator Trade Reviewer_14806E92 EURUSD,M5: loaded successfully
2	18:44:29.575	Custom indicator Trade Reviewer_14806E92 EURUSD,M5: loaded successfully
2	18:44:29.582	Custom indicator Otyame013_RCI_Signal EURUSD,M5: loaded successfully
2	18:44:30.486	Custom indicator Otyame005_Super_Bollinger EURJPY,H1: loaded successfully
2	18:44:30.488	Custom indicator 23Signal_Price-v1 EURJPY,H1: loaded successfully
2	18:44:30.493	Custom indicator chikou_span_attacker EURJPY,H1: loaded successfully
2	18:44:30.497	Custom indicator PZ_Harmonic EURJPY,H1: loaded successfully
2	18:44:30.502	Custom indicator AutoHarmonic_201604 EURJPY,H1: loaded successfully
2	18:44:30.507	Custom indicator Sessions EX EURJPY,H1: loaded successfully
2	18:44:30.509	Custom indicator Max_Pivot EURJPY,H1: loaded successfully
2	18:44:30.513	Custom indicator Max_Line EURJPY,H1: loaded successfully
2	18:44:30.519	Custom indicator Otyame013_RCI_Signal EURJPY,H1: loaded successfully
2	18:44:30.520	Custom indicator JapanTimes EURJPY,H1: loaded successfully
2	18:44:30.783	Custom indicator Span_model EURJPY,M5: loaded successfully
2	18:44:30.785	Custom indicator 23Signal_Price-v1 EURJPY,M5: loaded successfully
2	18:44:30.786	Custom indicator ___MAÅôAngle_45_TAKE EURJPY,M5: loaded successfully
2	18:44:30.787	Custom indicator Max_Pivot EURJPY,M5: loaded successfully
2	18:44:30.791	Custom indicator Max_Line EURJPY,M5: loaded successfully
2	18:44:30.793	Custom indicator EWPro EURJPY,M5: loaded successfully
2	18:44:30.800	Custom indicator Trade Reviewer_14806E92 EURJPY,M5: loaded successfully
2	18:44:30.806	Custom indicator Otyame013_RCI_Signal EURJPY,M5: loaded successfully
2	18:44:31.731	Custom indicator Otyame005_Super_Bollinger GBPUSD,H1: loaded successfully
2	18:44:31.732	Custom indicator 23Signal_Price-v1 GBPUSD,H1: loaded successfully
2	18:44:31.736	Custom indicator chikou_span_attacker GBPUSD,H1: loaded successfully
2	18:44:31.741	Custom indicator PZ_Harmonic GBPUSD,H1: loaded successfully
2	18:44:31.746	Custom indicator AutoHarmonic_201604 GBPUSD,H1: loaded successfully
2	18:44:31.751	Custom indicator Sessions EX GBPUSD,H1: loaded successfully
2	18:44:31.752	Custom indicator Max_Pivot GBPUSD,H1: loaded successfully
2	18:44:31.756	Custom indicator Max_Line GBPUSD,H1: loaded successfully
2	18:44:31.762	Custom indicator Otyame013_RCI_Signal GBPUSD,H1: loaded successfully
2	18:44:31.763	Custom indicator JapanTimes GBPUSD,H1: loaded successfully
2	18:44:32.061	Custom indicator Span_model GBPUSD,M5: loaded successfully
2	18:44:32.063	Custom indicator 23Signal_Price-v1 GBPUSD,M5: loaded successfully
2	18:44:32.064	Custom indicator ___MAÅôAngle_45_TAKE GBPUSD,M5: loaded successfully
2	18:44:32.066	Custom indicator Max_Pivot GBPUSD,M5: loaded successfully
2	18:44:32.071	Custom indicator Max_Line GBPUSD,M5: loaded successfully
2	18:44:32.074	Custom indicator EWPro GBPUSD,M5: loaded successfully
2	18:44:32.083	Custom indicator Trade Reviewer_14806E92 GBPUSD,M5: loaded successfully
2	18:44:32.090	Custom indicator Otyame013_RCI_Signal GBPUSD,M5: loaded successfully
2	18:44:32.976	Custom indicator Otyame005_Super_Bollinger GBPJPY,H1: loaded successfully
2	18:44:32.978	Custom indicator 23Signal_Price-v1 GBPJPY,H1: loaded successfully
2	18:44:32.982	Custom indicator chikou_span_attacker GBPJPY,H1: loaded successfully
2	18:44:32.986	Custom indicator PZ_Harmonic GBPJPY,H1: loaded successfully
2	18:44:32.991	Custom indicator AutoHarmonic_201604 GBPJPY,H1: loaded successfully
2	18:44:32.996	Custom indicator Sessions EX GBPJPY,H1: loaded successfully
2	18:44:32.997	Custom indicator Max_Pivot GBPJPY,H1: loaded successfully
2	18:44:33.001	Custom indicator Max_Line GBPJPY,H1: loaded successfully
2	18:44:33.006	Custom indicator Otyame013_RCI_Signal GBPJPY,H1: loaded successfully
2	18:44:33.008	Custom indicator JapanTimes GBPJPY,H1: loaded successfully
2	18:44:33.259	Custom indicator Span_model GBPJPY,M5: loaded successfully
2	18:44:33.261	Custom indicator 23Signal_Price-v1 GBPJPY,M5: loaded successfully
2	18:44:33.262	Custom indicator ___MAÅôAngle_45_TAKE GBPJPY,M5: loaded successfully
2	18:44:33.263	Custom indicator Max_Sign GBPJPY,M5: loaded successfully
2	18:44:33.265	Custom indicator Max_Pivot GBPJPY,M5: loaded successfully
2	18:44:33.269	Custom indicator Max_Line GBPJPY,M5: loaded successfully
2	18:44:33.276	Custom indicator Trade Reviewer_14806E92 GBPJPY,M5: loaded successfully
2	18:44:33.281	Custom indicator Otyame013_RCI_Signal GBPJPY,M5: loaded successfully
2	18:44:33.943	Custom indicator Otyame005_Super_Bollinger AUDUSD,H1: loaded successfully
2	18:44:33.945	Custom indicator 23Signal_Price-v1 AUDUSD,H1: loaded successfully
2	18:44:33.949	Custom indicator chikou_span_attacker AUDUSD,H1: loaded successfully
2	18:44:33.953	Custom indicator PZ_Harmonic AUDUSD,H1: loaded successfully
2	18:44:33.957	Custom indicator AutoHarmonic_201604 AUDUSD,H1: loaded successfully
2	18:44:33.962	Custom indicator Sessions EX AUDUSD,H1: loaded successfully
2	18:44:33.963	Custom indicator Max_Pivot AUDUSD,H1: loaded successfully
2	18:44:33.967	Custom indicator Max_Line AUDUSD,H1: loaded successfully
2	18:44:33.972	Custom indicator Otyame013_RCI_Signal AUDUSD,H1: loaded successfully
2	18:44:33.974	Custom indicator JapanTimes AUDUSD,H1: loaded successfully
2	18:44:34.219	Custom indicator Span_model AUDUSD,M5: loaded successfully
2	18:44:34.220	Custom indicator 23Signal_Price-v1 AUDUSD,M5: loaded successfully
2	18:44:34.221	Custom indicator ___MAÅôAngle_45_TAKE AUDUSD,M5: loaded successfully
2	18:44:34.223	Custom indicator Max_Pivot AUDUSD,M5: loaded successfully
2	18:44:34.227	Custom indicator Max_Line AUDUSD,M5: loaded successfully
2	18:44:34.234	Custom indicator Trade Reviewer_14806E92 AUDUSD,M5: loaded successfully
2	18:44:34.239	Custom indicator Otyame013_RCI_Signal AUDUSD,M5: loaded successfully
2	18:44:34.903	Custom indicator Economic_indicator USDCHF,H1: loaded successfully
0	18:44:37.959	'16040': login on GemForex-Live through DC1 (ping: 80.13 ms)
0	18:44:38.913	'16040': login datacenter on GemForex-Live through DC1 (ping: 80.13 ms)
0	18:44:39.137	'16040': previous successful authorization performed from 119.242.37.68
0	19:56:27.189	System to be shutdown, request for close GemFX MT4
0	19:56:27.376	GemFX MT4 build 950 stopped because system shutdown
0	23:58:29.681	GemFX MT4 build 950 started (GemTrade Co., Ltd.)
0	23:58:29.681	Windows 10 Home (x64 based PC), IE 13.12, UAC, 8 x Intel Core i7-3770  @ 3.40GHz, RAM: 13884 / 16327 Mb, HDD: 142731 / 228383 Mb, GMT+09:00
0	23:58:29.681	Data Folder: C:\Users\koichi\AppData\Roaming\MetaQuotes\Terminal\250ECE632D67BAE8424D7871E3ED5548
2	23:58:30.338	Custom indicator Otyame005_Super_Bollinger USDJPY,H1: loaded successfully
2	23:58:30.338	Custom indicator 23Signal_Price-v1 USDJPY,H1: loaded successfully
2	23:58:30.353	Custom indicator chikou_span_attacker USDJPY,H1: loaded successfully
2	23:58:30.353	Custom indicator PZ_Harmonic USDJPY,H1: loaded successfully
2	23:58:30.353	Custom indicator AutoHarmonic_201604 USDJPY,H1: loaded successfully
2	23:58:30.367	Custom indicator Sessions EX USDJPY,H1: loaded successfully
2	23:58:30.371	Custom indicator Max_Pivot USDJPY,H1: loaded successfully
2	23:58:30.375	Custom indicator Max_Line USDJPY,H1: loaded successfully
2	23:58:30.379	Custom indicator Otyame013_RCI_Signal USDJPY,H1: loaded successfully
2	23:58:30.383	Custom indicator JapanTimes USDJPY,H1: loaded successfully
2	23:58:30.639	Custom indicator Span_model USDJPY,M5: loaded successfully
2	23:58:30.639	Custom indicator ___MAÅôAngle_45_TAKE USDJPY,M5: loaded successfully
2	23:58:30.639	Custom indicator 23Signal_Price-v1 USDJPY,M5: loaded successfully
2	23:58:30.639	Custom indicator Max_Pivot USDJPY,M5: loaded successfully
2	23:58:30.639	Custom indicator Max_Line USDJPY,M5: loaded successfully
2	23:58:30.654	Custom indicator Trade Reviewer_14806E92 USDJPY,M5: loaded successfully
2	23:58:30.654	Custom indicator Sessions EX USDJPY,M5: loaded successfully
2	23:58:30.654	Custom indicator Otyame013_RCI_Signal USDJPY,M5: loaded successfully
2	23:58:31.434	Custom indicator Otyame005_Super_Bollinger EURUSD,H1: loaded successfully
2	23:58:31.434	Custom indicator 23Signal_Price-v1 EURUSD,H1: loaded successfully
2	23:58:31.434	Custom indicator chikou_span_attacker EURUSD,H1: loaded successfully
2	23:58:31.434	Custom indicator PZ_Harmonic EURUSD,H1: loaded successfully
2	23:58:31.450	Custom indicator AutoHarmonic_201604 EURUSD,H1: loaded successfully
2	23:58:31.450	Custom indicator Sessions EX EURUSD,H1: loaded successfully
2	23:58:31.450	Custom indicator Max_Pivot EURUSD,H1: loaded successfully
2	23:58:31.450	Custom indicator Max_Line EURUSD,H1: loaded successfully
2	23:58:31.465	Custom indicator Otyame013_RCI_Signal EURUSD,H1: loaded successfully
2	23:58:31.465	Custom indicator JapanTimes EURUSD,H1: loaded successfully
2	23:58:31.700	Custom indicator Span_model EURUSD,M5: loaded successfully
2	23:58:31.700	Custom indicator 23Signal_Price-v1 EURUSD,M5: loaded successfully
2	23:58:31.700	Custom indicator ___MAÅôAngle_45_TAKE EURUSD,M5: loaded successfully
2	23:58:31.700	Custom indicator Max_Pivot EURUSD,M5: loaded successfully
2	23:58:31.715	Custom indicator Max_Line EURUSD,M5: loaded successfully
2	23:58:31.715	Custom indicator Trade Reviewer_14806E92 EURUSD,M5: loaded successfully
2	23:58:31.731	Custom indicator Trade Reviewer_14806E92 EURUSD,M5: loaded successfully
2	23:58:31.731	Custom indicator Otyame013_RCI_Signal EURUSD,M5: loaded successfully
2	23:58:32.637	Custom indicator Otyame005_Super_Bollinger EURJPY,H1: loaded successfully
2	23:58:32.653	Custom indicator 23Signal_Price-v1 EURJPY,H1: loaded successfully
2	23:58:32.653	Custom indicator chikou_span_attacker EURJPY,H1: loaded successfully
2	23:58:32.653	Custom indicator PZ_Harmonic EURJPY,H1: loaded successfully
2	23:58:32.653	Custom indicator AutoHarmonic_201604 EURJPY,H1: loaded successfully
2	23:58:32.668	Custom indicator Sessions EX EURJPY,H1: loaded successfully
2	23:58:32.668	Custom indicator Max_Pivot EURJPY,H1: loaded successfully
2	23:58:32.668	Custom indicator Max_Line EURJPY,H1: loaded successfully
2	23:58:32.668	Custom indicator Otyame013_RCI_Signal EURJPY,H1: loaded successfully
2	23:58:32.668	Custom indicator JapanTimes EURJPY,H1: loaded successfully
2	23:58:32.918	Custom indicator Span_model EURJPY,M5: loaded successfully
2	23:58:32.918	Custom indicator 23Signal_Price-v1 EURJPY,M5: loaded successfully
2	23:58:32.918	Custom indicator ___MAÅôAngle_45_TAKE EURJPY,M5: loaded successfully
2	23:58:32.934	Custom indicator Max_Pivot EURJPY,M5: loaded successfully
2	23:58:32.934	Custom indicator Max_Line EURJPY,M5: loaded successfully
2	23:58:32.934	Custom indicator EWPro EURJPY,M5: loaded successfully
2	23:58:32.934	Custom indicator Trade Reviewer_14806E92 EURJPY,M5: loaded successfully
2	23:58:32.950	Custom indicator Otyame013_RCI_Signal EURJPY,M5: loaded successfully
2	23:58:33.809	Custom indicator Otyame005_Super_Bollinger GBPUSD,H1: loaded successfully
2	23:58:33.825	Custom indicator 23Signal_Price-v1 GBPUSD,H1: loaded successfully
2	23:58:33.825	Custom indicator chikou_span_attacker GBPUSD,H1: loaded successfully
2	23:58:33.825	Custom indicator PZ_Harmonic GBPUSD,H1: loaded successfully
2	23:58:33.825	Custom indicator AutoHarmonic_201604 GBPUSD,H1: loaded successfully
2	23:58:33.840	Custom indicator Sessions EX GBPUSD,H1: loaded successfully
2	23:58:33.840	Custom indicator Max_Pivot GBPUSD,H1: loaded successfully
2	23:58:33.840	Custom indicator Max_Line GBPUSD,H1: loaded successfully
2	23:58:33.840	Custom indicator Otyame013_RCI_Signal GBPUSD,H1: loaded successfully
2	23:58:33.840	Custom indicator JapanTimes GBPUSD,H1: loaded successfully
2	23:58:34.137	Custom indicator Span_model GBPUSD,M5: loaded successfully
2	23:58:34.137	Custom indicator 23Signal_Price-v1 GBPUSD,M5: loaded successfully
2	23:58:34.137	Custom indicator ___MAÅôAngle_45_TAKE GBPUSD,M5: loaded successfully
2	23:58:34.137	Custom indicator Max_Pivot GBPUSD,M5: loaded successfully
2	23:58:34.153	Custom indicator Max_Line GBPUSD,M5: loaded successfully
2	23:58:34.153	Custom indicator EWPro GBPUSD,M5: loaded successfully
2	23:58:34.168	Custom indicator Trade Reviewer_14806E92 GBPUSD,M5: loaded successfully
2	23:58:34.173	Custom indicator Otyame013_RCI_Signal GBPUSD,M5: loaded successfully
2	23:58:35.155	Custom indicator Otyame005_Super_Bollinger GBPJPY,H1: loaded successfully
2	23:58:35.156	Custom indicator 23Signal_Price-v1 GBPJPY,H1: loaded successfully
2	23:58:35.160	Custom indicator chikou_span_attacker GBPJPY,H1: loaded successfully
2	23:58:35.165	Custom indicator PZ_Harmonic GBPJPY,H1: loaded successfully
2	23:58:35.170	Custom indicator AutoHarmonic_201604 GBPJPY,H1: loaded successfully
2	23:58:35.175	Custom indicator Sessions EX GBPJPY,H1: loaded successfully
2	23:58:35.176	Custom indicator Max_Pivot GBPJPY,H1: loaded successfully
2	23:58:35.180	Custom indicator Max_Line GBPJPY,H1: loaded successfully
2	23:58:35.186	Custom indicator Otyame013_RCI_Signal GBPJPY,H1: loaded successfully
2	23:58:35.188	Custom indicator JapanTimes GBPJPY,H1: loaded successfully
2	23:58:35.460	Custom indicator Span_model GBPJPY,M5: loaded successfully
2	23:58:35.462	Custom indicator 23Signal_Price-v1 GBPJPY,M5: loaded successfully
2	23:58:35.463	Custom indicator ___MAÅôAngle_45_TAKE GBPJPY,M5: loaded successfully
2	23:58:35.464	Custom indicator Max_Sign GBPJPY,M5: loaded successfully
2	23:58:35.465	Custom indicator Max_Pivot GBPJPY,M5: loaded successfully
2	23:58:35.470	Custom indicator Max_Line GBPJPY,M5: loaded successfully
2	23:58:35.477	Custom indicator Trade Reviewer_14806E92 GBPJPY,M5: loaded successfully
2	23:58:35.483	Custom indicator Otyame013_RCI_Signal GBPJPY,M5: loaded successfully
2	23:58:36.271	Custom indicator Otyame005_Super_Bollinger AUDUSD,H1: loaded successfully
2	23:58:36.273	Custom indicator 23Signal_Price-v1 AUDUSD,H1: loaded successfully
2	23:58:36.278	Custom indicator chikou_span_attacker AUDUSD,H1: loaded successfully
2	23:58:36.284	Custom indicator PZ_Harmonic AUDUSD,H1: loaded successfully
2	23:58:36.289	Custom indicator AutoHarmonic_201604 AUDUSD,H1: loaded successfully
2	23:58:36.294	Custom indicator Sessions EX AUDUSD,H1: loaded successfully
2	23:58:36.295	Custom indicator Max_Pivot AUDUSD,H1: loaded successfully
2	23:58:36.300	Custom indicator Max_Line AUDUSD,H1: loaded successfully
2	23:58:36.306	Custom indicator Otyame013_RCI_Signal AUDUSD,H1: loaded successfully
2	23:58:36.308	Custom indicator JapanTimes AUDUSD,H1: loaded successfully
2	23:58:36.620	Custom indicator Span_model AUDUSD,M5: loaded successfully
2	23:58:36.622	Custom indicator 23Signal_Price-v1 AUDUSD,M5: loaded successfully
2	23:58:36.623	Custom indicator ___MAÅôAngle_45_TAKE AUDUSD,M5: loaded successfully
2	23:58:36.625	Custom indicator Max_Pivot AUDUSD,M5: loaded successfully
2	23:58:36.630	Custom indicator Max_Line AUDUSD,M5: loaded successfully
2	23:58:36.638	Custom indicator Trade Reviewer_14806E92 AUDUSD,M5: loaded successfully
2	23:58:36.644	Custom indicator Otyame013_RCI_Signal AUDUSD,M5: loaded successfully
2	23:58:37.505	Custom indicator Economic_indicator USDCHF,H1: loaded successfully
0	23:58:38.985	'16040': login on GemForex-Live through DC1 (ping: 80.13 ms)
0	23:58:39.879	'16040': login datacenter on GemForex-Live through DC1 (ping: 80.13 ms)
0	23:58:40.063	'16040': previous successful authorization performed from 119.242.37.68
0	23:59:19.052	'16040': ping to current access point DC1 is 74.98 ms
