0	07:08:44.592	GemFX MT4 build 950 started (GemTrade Co., Ltd.)
0	07:08:44.592	Windows 10 Home (x64 based PC), IE 13.12, UAC, 8 x Intel Core i7-3770  @ 3.40GHz, RAM: 13103 / 16327 Mb, HDD: 141782 / 228383 Mb, GMT+09:00
0	07:08:44.592	Data Folder: C:\Users\koichi\AppData\Roaming\MetaQuotes\Terminal\250ECE632D67BAE8424D7871E3ED5548
2	07:08:45.162	Custom indicator Otyame005_Super_Bollinger USDJPY,H1: loaded successfully
2	07:08:45.163	Custom indicator 23Signal_Price-v1 USDJPY,H1: loaded successfully
2	07:08:45.168	Custom indicator chikou_span_attacker USDJPY,H1: loaded successfully
2	07:08:45.172	Custom indicator PZ_Harmonic USDJPY,H1: loaded successfully
2	07:08:45.177	Custom indicator AutoHarmonic_201604 USDJPY,H1: loaded successfully
2	07:08:45.181	Custom indicator Sessions EX USDJPY,H1: loaded successfully
2	07:08:45.183	Custom indicator Max_Pivot USDJPY,H1: loaded successfully
2	07:08:45.187	Custom indicator Max_Line USDJPY,H1: loaded successfully
2	07:08:45.192	Custom indicator Otyame013_RCI_Signal USDJPY,H1: loaded successfully
2	07:08:45.194	Custom indicator JapanTimes USDJPY,H1: loaded successfully
2	07:08:45.440	Custom indicator Span_model USDJPY,M5: loaded successfully
2	07:08:45.441	Custom indicator ___MAÅôAngle_45_TAKE USDJPY,M5: loaded successfully
2	07:08:45.443	Custom indicator 23Signal_Price-v1 USDJPY,M5: loaded successfully
2	07:08:45.444	Custom indicator Max_Pivot USDJPY,M5: loaded successfully
2	07:08:45.448	Custom indicator Max_Line USDJPY,M5: loaded successfully
2	07:08:45.456	Custom indicator Trade Reviewer_14806E92 USDJPY,M5: loaded successfully
2	07:08:45.461	Custom indicator Sessions EX USDJPY,M5: loaded successfully
2	07:08:45.466	Custom indicator Otyame013_RCI_Signal USDJPY,M5: loaded successfully
2	07:08:46.222	Custom indicator Otyame005_Super_Bollinger EURUSD,H1: loaded successfully
2	07:08:46.224	Custom indicator 23Signal_Price-v1 EURUSD,H1: loaded successfully
2	07:08:46.228	Custom indicator chikou_span_attacker EURUSD,H1: loaded successfully
2	07:08:46.232	Custom indicator PZ_Harmonic EURUSD,H1: loaded successfully
2	07:08:46.237	Custom indicator AutoHarmonic_201604 EURUSD,H1: loaded successfully
2	07:08:46.241	Custom indicator Sessions EX EURUSD,H1: loaded successfully
2	07:08:46.242	Custom indicator Max_Pivot EURUSD,H1: loaded successfully
2	07:08:46.246	Custom indicator Max_Line EURUSD,H1: loaded successfully
2	07:08:46.252	Custom indicator Otyame013_RCI_Signal EURUSD,H1: loaded successfully
2	07:08:46.253	Custom indicator JapanTimes EURUSD,H1: loaded successfully
2	07:08:46.519	Custom indicator Span_model EURUSD,M5: loaded successfully
2	07:08:46.520	Custom indicator 23Signal_Price-v1 EURUSD,M5: loaded successfully
2	07:08:46.522	Custom indicator ___MAÅôAngle_45_TAKE EURUSD,M5: loaded successfully
2	07:08:46.523	Custom indicator Max_Pivot EURUSD,M5: loaded successfully
2	07:08:46.527	Custom indicator Max_Line EURUSD,M5: loaded successfully
2	07:08:46.534	Custom indicator Trade Reviewer_14806E92 EURUSD,M5: loaded successfully
2	07:08:46.541	Custom indicator Trade Reviewer_14806E92 EURUSD,M5: loaded successfully
2	07:08:46.546	Custom indicator Otyame013_RCI_Signal EURUSD,M5: loaded successfully
2	07:08:47.444	Custom indicator Otyame005_Super_Bollinger EURJPY,H1: loaded successfully
2	07:08:47.446	Custom indicator 23Signal_Price-v1 EURJPY,H1: loaded successfully
2	07:08:47.450	Custom indicator chikou_span_attacker EURJPY,H1: loaded successfully
2	07:08:47.454	Custom indicator PZ_Harmonic EURJPY,H1: loaded successfully
2	07:08:47.459	Custom indicator AutoHarmonic_201604 EURJPY,H1: loaded successfully
2	07:08:47.463	Custom indicator Sessions EX EURJPY,H1: loaded successfully
2	07:08:47.464	Custom indicator Max_Pivot EURJPY,H1: loaded successfully
2	07:08:47.468	Custom indicator Max_Line EURJPY,H1: loaded successfully
2	07:08:47.474	Custom indicator Otyame013_RCI_Signal EURJPY,H1: loaded successfully
2	07:08:47.475	Custom indicator JapanTimes EURJPY,H1: loaded successfully
2	07:08:47.722	Custom indicator Span_model EURJPY,M5: loaded successfully
2	07:08:47.723	Custom indicator 23Signal_Price-v1 EURJPY,M5: loaded successfully
2	07:08:47.724	Custom indicator ___MAÅôAngle_45_TAKE EURJPY,M5: loaded successfully
2	07:08:47.726	Custom indicator Max_Pivot EURJPY,M5: loaded successfully
2	07:08:47.730	Custom indicator Max_Line EURJPY,M5: loaded successfully
2	07:08:47.732	Custom indicator EWPro EURJPY,M5: loaded successfully
2	07:08:47.739	Custom indicator Trade Reviewer_14806E92 EURJPY,M5: loaded successfully
2	07:08:47.744	Custom indicator Otyame013_RCI_Signal EURJPY,M5: loaded successfully
2	07:08:48.614	Custom indicator Otyame005_Super_Bollinger GBPUSD,H1: loaded successfully
2	07:08:48.616	Custom indicator 23Signal_Price-v1 GBPUSD,H1: loaded successfully
2	07:08:48.620	Custom indicator chikou_span_attacker GBPUSD,H1: loaded successfully
2	07:08:48.624	Custom indicator PZ_Harmonic GBPUSD,H1: loaded successfully
2	07:08:48.628	Custom indicator AutoHarmonic_201604 GBPUSD,H1: loaded successfully
2	07:08:48.633	Custom indicator Sessions EX GBPUSD,H1: loaded successfully
2	07:08:48.634	Custom indicator Max_Pivot GBPUSD,H1: loaded successfully
2	07:08:48.638	Custom indicator Max_Line GBPUSD,H1: loaded successfully
2	07:08:48.643	Custom indicator Otyame013_RCI_Signal GBPUSD,H1: loaded successfully
2	07:08:48.645	Custom indicator JapanTimes GBPUSD,H1: loaded successfully
2	07:08:48.893	Custom indicator Span_model GBPUSD,M5: loaded successfully
2	07:08:48.895	Custom indicator 23Signal_Price-v1 GBPUSD,M5: loaded successfully
2	07:08:48.896	Custom indicator ___MAÅôAngle_45_TAKE GBPUSD,M5: loaded successfully
2	07:08:48.897	Custom indicator Max_Pivot GBPUSD,M5: loaded successfully
2	07:08:48.901	Custom indicator Max_Line GBPUSD,M5: loaded successfully
2	07:08:48.903	Custom indicator EWPro GBPUSD,M5: loaded successfully
2	07:08:48.910	Custom indicator Trade Reviewer_14806E92 GBPUSD,M5: loaded successfully
2	07:08:48.916	Custom indicator Otyame013_RCI_Signal GBPUSD,M5: loaded successfully
2	07:08:49.762	Custom indicator Otyame005_Super_Bollinger GBPJPY,H1: loaded successfully
2	07:08:49.763	Custom indicator 23Signal_Price-v1 GBPJPY,H1: loaded successfully
2	07:08:49.767	Custom indicator chikou_span_attacker GBPJPY,H1: loaded successfully
2	07:08:49.772	Custom indicator PZ_Harmonic GBPJPY,H1: loaded successfully
2	07:08:49.776	Custom indicator AutoHarmonic_201604 GBPJPY,H1: loaded successfully
2	07:08:49.781	Custom indicator Sessions EX GBPJPY,H1: loaded successfully
2	07:08:49.782	Custom indicator Max_Pivot GBPJPY,H1: loaded successfully
2	07:08:49.786	Custom indicator Max_Line GBPJPY,H1: loaded successfully
2	07:08:49.792	Custom indicator Otyame013_RCI_Signal GBPJPY,H1: loaded successfully
2	07:08:49.793	Custom indicator JapanTimes GBPJPY,H1: loaded successfully
2	07:08:50.039	Custom indicator Span_model GBPJPY,M5: loaded successfully
2	07:08:50.041	Custom indicator 23Signal_Price-v1 GBPJPY,M5: loaded successfully
2	07:08:50.042	Custom indicator ___MAÅôAngle_45_TAKE GBPJPY,M5: loaded successfully
2	07:08:50.043	Custom indicator Max_Sign GBPJPY,M5: loaded successfully
2	07:08:50.045	Custom indicator Max_Pivot GBPJPY,M5: loaded successfully
2	07:08:50.049	Custom indicator Max_Line GBPJPY,M5: loaded successfully
2	07:08:50.056	Custom indicator Trade Reviewer_14806E92 GBPJPY,M5: loaded successfully
2	07:08:50.061	Custom indicator Otyame013_RCI_Signal GBPJPY,M5: loaded successfully
2	07:08:50.785	Custom indicator Otyame005_Super_Bollinger AUDUSD,H1: loaded successfully
2	07:08:50.786	Custom indicator 23Signal_Price-v1 AUDUSD,H1: loaded successfully
2	07:08:50.790	Custom indicator chikou_span_attacker AUDUSD,H1: loaded successfully
2	07:08:50.795	Custom indicator PZ_Harmonic AUDUSD,H1: loaded successfully
2	07:08:50.799	Custom indicator AutoHarmonic_201604 AUDUSD,H1: loaded successfully
2	07:08:50.804	Custom indicator Sessions EX AUDUSD,H1: loaded successfully
2	07:08:50.805	Custom indicator Max_Pivot AUDUSD,H1: loaded successfully
2	07:08:50.809	Custom indicator Max_Line AUDUSD,H1: loaded successfully
2	07:08:50.815	Custom indicator Otyame013_RCI_Signal AUDUSD,H1: loaded successfully
2	07:08:50.816	Custom indicator JapanTimes AUDUSD,H1: loaded successfully
2	07:08:51.061	Custom indicator Span_model AUDUSD,M5: loaded successfully
2	07:08:51.062	Custom indicator 23Signal_Price-v1 AUDUSD,M5: loaded successfully
2	07:08:51.064	Custom indicator ___MAÅôAngle_45_TAKE AUDUSD,M5: loaded successfully
2	07:08:51.065	Custom indicator Max_Pivot AUDUSD,M5: loaded successfully
2	07:08:51.069	Custom indicator Max_Line AUDUSD,M5: loaded successfully
2	07:08:51.076	Custom indicator Trade Reviewer_14806E92 AUDUSD,M5: loaded successfully
2	07:08:51.081	Custom indicator Otyame013_RCI_Signal AUDUSD,M5: loaded successfully
2	07:08:51.810	Custom indicator Economic_indicator USDCHF,H1: loaded successfully
0	07:08:53.210	'16040': login on GemForex-Live through DC1 (ping: 75.15 ms)
0	07:08:54.197	'16040': login datacenter on GemForex-Live through DC1 (ping: 75.15 ms)
0	07:08:54.389	'16040': previous successful authorization performed from 119.242.37.68
0	07:09:30.115	'16040': ping to current access point DC1 is 73.79 ms
0	15:59:14.496	'16040': instant order buy 0.10 EURUSD at 1.14180 sl: 0.00000 tp: 0.00000
0	15:59:14.639	'16040': order was opened : #1947903 buy 0.10 EURUSD at 1.14180 sl: 0.00000 tp: 0.00000
0	16:00:22.027	'16040': modify order #1947903 buy 0.10 EURUSD at 1.14180 sl: 0.00000 tp: 0.00000 -> sl: 1.14040 tp: 0.00000
0	16:00:22.028	'16040': modify order #1947903 buy 0.10 EURUSD at 1.14180 sl: 0.00000 tp: 0.00000 -> sl: 1.14126 tp: 0.00000
0	16:00:22.185	'16040': order #1947903 buy 0.10 EURUSD at 1.14180 was modified -> sl: 1.14040 tp: 0.00000
0	16:00:22.185	'16040': order #1947903 buy 0.10 EURUSD at 1.14180 was modified -> sl: 1.14126 tp: 0.00000
0	16:00:32.798	'16040': modify order #1947903 buy 0.10 EURUSD at 1.14180 sl: 1.14126 tp: 0.00000 -> sl: 1.13978 tp: 0.00000
0	16:00:32.968	'16040': order #1947903 buy 0.10 EURUSD at 1.14180 was modified -> sl: 1.13978 tp: 0.00000
0	16:29:07.926	'16040': modify order #1947903 buy 0.10 EURUSD at 1.14180 sl: 1.13978 tp: 0.00000 -> sl: 1.13978 tp: 1.16053
0	16:29:08.108	'16040': order #1947903 buy 0.10 EURUSD at 1.14180 was modified -> sl: 1.13978 tp: 1.16053
0	18:28:56.758	System to be shutdown, request for close GemFX MT4
0	18:28:57.041	GemFX MT4 build 950 stopped because system shutdown
0	20:19:13.566	GemFX MT4 build 950 started (GemTrade Co., Ltd.)
0	20:19:13.566	Windows 10 Home (x64 based PC), IE 13.12, UAC, 8 x Intel Core i7-3770  @ 3.40GHz, RAM: 12271 / 16327 Mb, HDD: 140705 / 228383 Mb, GMT+09:00
0	20:19:13.566	Data Folder: C:\Users\koichi\AppData\Roaming\MetaQuotes\Terminal\250ECE632D67BAE8424D7871E3ED5548
2	20:19:14.346	Custom indicator Otyame005_Super_Bollinger USDJPY,H1: loaded successfully
2	20:19:14.346	Custom indicator 23Signal_Price-v1 USDJPY,H1: loaded successfully
2	20:19:14.350	Custom indicator chikou_span_attacker USDJPY,H1: loaded successfully
2	20:19:14.354	Custom indicator PZ_Harmonic USDJPY,H1: loaded successfully
2	20:19:14.362	Custom indicator AutoHarmonic_201604 USDJPY,H1: loaded successfully
2	20:19:14.366	Custom indicator Sessions EX USDJPY,H1: loaded successfully
2	20:19:14.366	Custom indicator Max_Pivot USDJPY,H1: loaded successfully
2	20:19:14.370	Custom indicator Max_Line USDJPY,H1: loaded successfully
2	20:19:14.374	Custom indicator Otyame013_RCI_Signal USDJPY,H1: loaded successfully
2	20:19:14.378	Custom indicator JapanTimes USDJPY,H1: loaded successfully
2	20:19:14.630	Custom indicator Span_model USDJPY,M5: loaded successfully
2	20:19:14.634	Custom indicator ___MAÅôAngle_45_TAKE USDJPY,M5: loaded successfully
2	20:19:14.634	Custom indicator 23Signal_Price-v1 USDJPY,M5: loaded successfully
2	20:19:14.634	Custom indicator Max_Pivot USDJPY,M5: loaded successfully
2	20:19:14.638	Custom indicator Max_Line USDJPY,M5: loaded successfully
2	20:19:14.646	Custom indicator Trade Reviewer_14806E92 USDJPY,M5: loaded successfully
2	20:19:14.650	Custom indicator Sessions EX USDJPY,M5: loaded successfully
2	20:19:14.658	Custom indicator Otyame013_RCI_Signal USDJPY,M5: loaded successfully
2	20:19:15.423	Custom indicator Otyame005_Super_Bollinger EURUSD,H1: loaded successfully
2	20:19:15.423	Custom indicator 23Signal_Price-v1 EURUSD,H1: loaded successfully
2	20:19:15.427	Custom indicator chikou_span_attacker EURUSD,H1: loaded successfully
2	20:19:15.431	Custom indicator PZ_Harmonic EURUSD,H1: loaded successfully
2	20:19:15.439	Custom indicator AutoHarmonic_201604 EURUSD,H1: loaded successfully
2	20:19:15.443	Custom indicator Sessions EX EURUSD,H1: loaded successfully
2	20:19:15.447	Custom indicator Max_Pivot EURUSD,H1: loaded successfully
2	20:19:15.459	Custom indicator Max_Line EURUSD,H1: loaded successfully
2	20:19:15.471	Custom indicator Otyame013_RCI_Signal EURUSD,H1: loaded successfully
2	20:19:15.475	Custom indicator JapanTimes EURUSD,H1: loaded successfully
2	20:19:15.721	Custom indicator Span_model EURUSD,M5: loaded successfully
2	20:19:15.725	Custom indicator 23Signal_Price-v1 EURUSD,M5: loaded successfully
2	20:19:15.725	Custom indicator ___MAÅôAngle_45_TAKE EURUSD,M5: loaded successfully
2	20:19:15.725	Custom indicator Max_Pivot EURUSD,M5: loaded successfully
2	20:19:15.729	Custom indicator Max_Line EURUSD,M5: loaded successfully
2	20:19:15.737	Custom indicator Trade Reviewer_14806E92 EURUSD,M5: loaded successfully
2	20:19:15.745	Custom indicator Trade Reviewer_14806E92 EURUSD,M5: loaded successfully
2	20:19:15.749	Custom indicator Otyame013_RCI_Signal EURUSD,M5: loaded successfully
2	20:19:16.719	Custom indicator Otyame005_Super_Bollinger EURJPY,H1: loaded successfully
2	20:19:16.723	Custom indicator 23Signal_Price-v1 EURJPY,H1: loaded successfully
2	20:19:16.727	Custom indicator chikou_span_attacker EURJPY,H1: loaded successfully
2	20:19:16.731	Custom indicator PZ_Harmonic EURJPY,H1: loaded successfully
2	20:19:16.735	Custom indicator AutoHarmonic_201604 EURJPY,H1: loaded successfully
2	20:19:16.739	Custom indicator Sessions EX EURJPY,H1: loaded successfully
2	20:19:16.739	Custom indicator Max_Pivot EURJPY,H1: loaded successfully
2	20:19:16.743	Custom indicator Max_Line EURJPY,H1: loaded successfully
2	20:19:16.751	Custom indicator Otyame013_RCI_Signal EURJPY,H1: loaded successfully
2	20:19:16.751	Custom indicator JapanTimes EURJPY,H1: loaded successfully
2	20:19:17.003	Custom indicator Span_model EURJPY,M5: loaded successfully
2	20:19:17.003	Custom indicator 23Signal_Price-v1 EURJPY,M5: loaded successfully
2	20:19:17.007	Custom indicator ___MAÅôAngle_45_TAKE EURJPY,M5: loaded successfully
2	20:19:17.007	Custom indicator Max_Pivot EURJPY,M5: loaded successfully
2	20:19:17.011	Custom indicator Max_Line EURJPY,M5: loaded successfully
2	20:19:17.011	Custom indicator EWPro EURJPY,M5: loaded successfully
2	20:19:17.019	Custom indicator Trade Reviewer_14806E92 EURJPY,M5: loaded successfully
2	20:19:17.027	Custom indicator Otyame013_RCI_Signal EURJPY,M5: loaded successfully
2	20:19:17.907	Custom indicator Otyame005_Super_Bollinger GBPUSD,H1: loaded successfully
2	20:19:17.911	Custom indicator 23Signal_Price-v1 GBPUSD,H1: loaded successfully
2	20:19:17.915	Custom indicator chikou_span_attacker GBPUSD,H1: loaded successfully
2	20:19:17.919	Custom indicator PZ_Harmonic GBPUSD,H1: loaded successfully
2	20:19:17.923	Custom indicator AutoHarmonic_201604 GBPUSD,H1: loaded successfully
2	20:19:17.927	Custom indicator Sessions EX GBPUSD,H1: loaded successfully
2	20:19:17.927	Custom indicator Max_Pivot GBPUSD,H1: loaded successfully
2	20:19:17.931	Custom indicator Max_Line GBPUSD,H1: loaded successfully
2	20:19:17.935	Custom indicator Otyame013_RCI_Signal GBPUSD,H1: loaded successfully
2	20:19:17.939	Custom indicator JapanTimes GBPUSD,H1: loaded successfully
2	20:19:18.211	Custom indicator Span_model GBPUSD,M5: loaded successfully
2	20:19:18.211	Custom indicator 23Signal_Price-v1 GBPUSD,M5: loaded successfully
2	20:19:18.215	Custom indicator ___MAÅôAngle_45_TAKE GBPUSD,M5: loaded successfully
2	20:19:18.215	Custom indicator Max_Pivot GBPUSD,M5: loaded successfully
2	20:19:18.219	Custom indicator Max_Line GBPUSD,M5: loaded successfully
2	20:19:18.219	Custom indicator EWPro GBPUSD,M5: loaded successfully
2	20:19:18.227	Custom indicator Trade Reviewer_14806E92 GBPUSD,M5: loaded successfully
2	20:19:18.231	Custom indicator Otyame013_RCI_Signal GBPUSD,M5: loaded successfully
2	20:19:19.132	Custom indicator Otyame005_Super_Bollinger GBPJPY,H1: loaded successfully
2	20:19:19.132	Custom indicator 23Signal_Price-v1 GBPJPY,H1: loaded successfully
2	20:19:19.136	Custom indicator chikou_span_attacker GBPJPY,H1: loaded successfully
2	20:19:19.140	Custom indicator PZ_Harmonic GBPJPY,H1: loaded successfully
2	20:19:19.144	Custom indicator AutoHarmonic_201604 GBPJPY,H1: loaded successfully
2	20:19:19.152	Custom indicator Sessions EX GBPJPY,H1: loaded successfully
2	20:19:19.152	Custom indicator Max_Pivot GBPJPY,H1: loaded successfully
2	20:19:19.156	Custom indicator Max_Line GBPJPY,H1: loaded successfully
2	20:19:19.160	Custom indicator Otyame013_RCI_Signal GBPJPY,H1: loaded successfully
2	20:19:19.164	Custom indicator JapanTimes GBPJPY,H1: loaded successfully
2	20:19:19.416	Custom indicator Span_model GBPJPY,M5: loaded successfully
2	20:19:19.416	Custom indicator 23Signal_Price-v1 GBPJPY,M5: loaded successfully
2	20:19:19.420	Custom indicator ___MAÅôAngle_45_TAKE GBPJPY,M5: loaded successfully
2	20:19:19.420	Custom indicator Max_Sign GBPJPY,M5: loaded successfully
2	20:19:19.420	Custom indicator Max_Pivot GBPJPY,M5: loaded successfully
2	20:19:19.424	Custom indicator Max_Line GBPJPY,M5: loaded successfully
2	20:19:19.432	Custom indicator Trade Reviewer_14806E92 GBPJPY,M5: loaded successfully
2	20:19:19.436	Custom indicator Otyame013_RCI_Signal GBPJPY,M5: loaded successfully
2	20:19:20.205	Custom indicator Otyame005_Super_Bollinger AUDUSD,H1: loaded successfully
2	20:19:20.209	Custom indicator 23Signal_Price-v1 AUDUSD,H1: loaded successfully
2	20:19:20.213	Custom indicator chikou_span_attacker AUDUSD,H1: loaded successfully
2	20:19:20.217	Custom indicator PZ_Harmonic AUDUSD,H1: loaded successfully
2	20:19:20.221	Custom indicator AutoHarmonic_201604 AUDUSD,H1: loaded successfully
2	20:19:20.225	Custom indicator Sessions EX AUDUSD,H1: loaded successfully
2	20:19:20.225	Custom indicator Max_Pivot AUDUSD,H1: loaded successfully
2	20:19:20.229	Custom indicator Max_Line AUDUSD,H1: loaded successfully
2	20:19:20.233	Custom indicator Otyame013_RCI_Signal AUDUSD,H1: loaded successfully
2	20:19:20.237	Custom indicator JapanTimes AUDUSD,H1: loaded successfully
2	20:19:20.489	Custom indicator Span_model AUDUSD,M5: loaded successfully
2	20:19:20.493	Custom indicator 23Signal_Price-v1 AUDUSD,M5: loaded successfully
2	20:19:20.493	Custom indicator ___MAÅôAngle_45_TAKE AUDUSD,M5: loaded successfully
2	20:19:20.493	Custom indicator Max_Pivot AUDUSD,M5: loaded successfully
2	20:19:20.497	Custom indicator Max_Line AUDUSD,M5: loaded successfully
2	20:19:20.505	Custom indicator Trade Reviewer_14806E92 AUDUSD,M5: loaded successfully
2	20:19:20.509	Custom indicator Otyame013_RCI_Signal AUDUSD,M5: loaded successfully
2	20:19:21.246	Custom indicator Economic_indicator USDCHF,H1: loaded successfully
0	20:19:22.858	'16040': login on GemForex-Live through DC1 (ping: 73.79 ms)
0	20:19:24.060	'16040': login datacenter on GemForex-Live through DC1 (ping: 73.79 ms)
0	20:19:24.318	'16040': previous successful authorization performed from 119.242.37.68
0	20:20:01.992	'16040': ping to current access point DC1 is 74.14 ms
2	20:24:19.351	Custom indicator Otyame005_Super_Bollinger USDJPY,H1: removed
2	20:24:19.351	Custom indicator 23Signal_Price-v1 USDJPY,H1: removed
2	20:24:19.351	Custom indicator chikou_span_attacker USDJPY,H1: removed
2	20:24:19.351	Custom indicator PZ_Harmonic USDJPY,H1: removed
2	20:24:19.351	Custom indicator AutoHarmonic_201604 USDJPY,H1: removed
2	20:24:19.351	Custom indicator Sessions EX USDJPY,H1: removed
2	20:24:19.351	Custom indicator Max_Pivot USDJPY,H1: removed
2	20:24:19.351	Custom indicator Max_Line USDJPY,H1: removed
2	20:24:19.351	Custom indicator Otyame013_RCI_Signal USDJPY,H1: removed
2	20:24:19.351	Custom indicator JapanTimes USDJPY,H1: removed
2	20:24:19.351	Custom indicator Span_model USDJPY,M5: removed
2	20:24:19.351	Custom indicator ___MAÅôAngle_45_TAKE USDJPY,M5: removed
2	20:24:19.351	Custom indicator 23Signal_Price-v1 USDJPY,M5: removed
2	20:24:19.351	Custom indicator Max_Pivot USDJPY,M5: removed
2	20:24:19.351	Custom indicator Max_Line USDJPY,M5: removed
2	20:24:19.351	Custom indicator Trade Reviewer_14806E92 USDJPY,M5: removed
2	20:24:19.351	Custom indicator Sessions EX USDJPY,M5: removed
2	20:24:19.351	Custom indicator Otyame013_RCI_Signal USDJPY,M5: removed
2	20:24:19.367	Custom indicator Otyame005_Super_Bollinger EURUSD,H1: removed
2	20:24:19.367	Custom indicator 23Signal_Price-v1 EURUSD,H1: removed
2	20:24:19.367	Custom indicator chikou_span_attacker EURUSD,H1: removed
2	20:24:19.367	Custom indicator PZ_Harmonic EURUSD,H1: removed
2	20:24:19.367	Custom indicator AutoHarmonic_201604 EURUSD,H1: removed
2	20:24:19.367	Custom indicator Sessions EX EURUSD,H1: removed
2	20:24:19.367	Custom indicator Max_Pivot EURUSD,H1: removed
2	20:24:19.367	Custom indicator Max_Line EURUSD,H1: removed
2	20:24:19.367	Custom indicator Otyame013_RCI_Signal EURUSD,H1: removed
2	20:24:19.367	Custom indicator JapanTimes EURUSD,H1: removed
2	20:24:19.367	Custom indicator Span_model EURUSD,M5: removed
2	20:24:19.367	Custom indicator 23Signal_Price-v1 EURUSD,M5: removed
2	20:24:19.367	Custom indicator ___MAÅôAngle_45_TAKE EURUSD,M5: removed
2	20:24:19.367	Custom indicator Max_Pivot EURUSD,M5: removed
2	20:24:19.367	Custom indicator Max_Line EURUSD,M5: removed
2	20:24:19.367	Custom indicator Trade Reviewer_14806E92 EURUSD,M5: removed
2	20:24:19.367	Custom indicator Trade Reviewer_14806E92 EURUSD,M5: removed
2	20:24:19.367	Custom indicator Otyame013_RCI_Signal EURUSD,M5: removed
2	20:24:19.367	Custom indicator Otyame005_Super_Bollinger EURJPY,H1: removed
2	20:24:19.367	Custom indicator 23Signal_Price-v1 EURJPY,H1: removed
2	20:24:19.367	Custom indicator chikou_span_attacker EURJPY,H1: removed
2	20:24:19.367	Custom indicator PZ_Harmonic EURJPY,H1: removed
2	20:24:19.367	Custom indicator AutoHarmonic_201604 EURJPY,H1: removed
2	20:24:19.367	Custom indicator Sessions EX EURJPY,H1: removed
2	20:24:19.367	Custom indicator Max_Pivot EURJPY,H1: removed
2	20:24:19.367	Custom indicator Max_Line EURJPY,H1: removed
2	20:24:19.367	Custom indicator Otyame013_RCI_Signal EURJPY,H1: removed
2	20:24:19.367	Custom indicator JapanTimes EURJPY,H1: removed
2	20:24:19.367	Custom indicator Span_model EURJPY,M5: removed
2	20:24:19.367	Custom indicator 23Signal_Price-v1 EURJPY,M5: removed
2	20:24:19.367	Custom indicator ___MAÅôAngle_45_TAKE EURJPY,M5: removed
2	20:24:19.367	Custom indicator Max_Pivot EURJPY,M5: removed
2	20:24:19.367	Custom indicator Max_Line EURJPY,M5: removed
2	20:24:19.367	Custom indicator EWPro EURJPY,M5: removed
2	20:24:19.367	Custom indicator Trade Reviewer_14806E92 EURJPY,M5: removed
2	20:24:19.382	Custom indicator Otyame013_RCI_Signal EURJPY,M5: removed
2	20:24:19.382	Custom indicator Otyame005_Super_Bollinger GBPUSD,H1: removed
2	20:24:19.382	Custom indicator 23Signal_Price-v1 GBPUSD,H1: removed
2	20:24:19.382	Custom indicator chikou_span_attacker GBPUSD,H1: removed
2	20:24:19.382	Custom indicator PZ_Harmonic GBPUSD,H1: removed
2	20:24:19.382	Custom indicator AutoHarmonic_201604 GBPUSD,H1: removed
2	20:24:19.382	Custom indicator Sessions EX GBPUSD,H1: removed
2	20:24:19.382	Custom indicator Max_Pivot GBPUSD,H1: removed
2	20:24:19.382	Custom indicator Max_Line GBPUSD,H1: removed
2	20:24:19.382	Custom indicator Otyame013_RCI_Signal GBPUSD,H1: removed
2	20:24:19.382	Custom indicator JapanTimes GBPUSD,H1: removed
2	20:24:19.382	Custom indicator Span_model GBPUSD,M5: removed
2	20:24:19.382	Custom indicator 23Signal_Price-v1 GBPUSD,M5: removed
2	20:24:19.382	Custom indicator ___MAÅôAngle_45_TAKE GBPUSD,M5: removed
2	20:24:19.382	Custom indicator Max_Pivot GBPUSD,M5: removed
2	20:24:19.382	Custom indicator Max_Line GBPUSD,M5: removed
2	20:24:19.382	Custom indicator EWPro GBPUSD,M5: removed
2	20:24:19.382	Custom indicator Trade Reviewer_14806E92 GBPUSD,M5: removed
2	20:24:19.382	Custom indicator Otyame013_RCI_Signal GBPUSD,M5: removed
2	20:24:19.398	Custom indicator Otyame005_Super_Bollinger GBPJPY,H1: removed
2	20:24:19.398	Custom indicator 23Signal_Price-v1 GBPJPY,H1: removed
2	20:24:19.398	Custom indicator chikou_span_attacker GBPJPY,H1: removed
2	20:24:19.398	Custom indicator PZ_Harmonic GBPJPY,H1: removed
2	20:24:19.398	Custom indicator AutoHarmonic_201604 GBPJPY,H1: removed
2	20:24:19.398	Custom indicator Sessions EX GBPJPY,H1: removed
2	20:24:19.398	Custom indicator Max_Pivot GBPJPY,H1: removed
2	20:24:19.398	Custom indicator Max_Line GBPJPY,H1: removed
2	20:24:19.398	Custom indicator Otyame013_RCI_Signal GBPJPY,H1: removed
2	20:24:19.398	Custom indicator JapanTimes GBPJPY,H1: removed
2	20:24:19.398	Custom indicator Span_model GBPJPY,M5: removed
2	20:24:19.398	Custom indicator 23Signal_Price-v1 GBPJPY,M5: removed
2	20:24:19.398	Custom indicator ___MAÅôAngle_45_TAKE GBPJPY,M5: removed
2	20:24:19.398	Custom indicator Max_Sign GBPJPY,M5: removed
2	20:24:19.398	Custom indicator Max_Pivot GBPJPY,M5: removed
2	20:24:19.398	Custom indicator Max_Line GBPJPY,M5: removed
2	20:24:19.398	Custom indicator Trade Reviewer_14806E92 GBPJPY,M5: removed
2	20:24:19.398	Custom indicator Otyame013_RCI_Signal GBPJPY,M5: removed
2	20:24:19.398	Custom indicator Otyame005_Super_Bollinger AUDUSD,H1: removed
2	20:24:19.398	Custom indicator 23Signal_Price-v1 AUDUSD,H1: removed
2	20:24:19.398	Custom indicator chikou_span_attacker AUDUSD,H1: removed
2	20:24:19.398	Custom indicator PZ_Harmonic AUDUSD,H1: removed
2	20:24:19.398	Custom indicator AutoHarmonic_201604 AUDUSD,H1: removed
2	20:24:19.398	Custom indicator Sessions EX AUDUSD,H1: removed
2	20:24:19.398	Custom indicator Max_Pivot AUDUSD,H1: removed
2	20:24:19.398	Custom indicator Max_Line AUDUSD,H1: removed
2	20:24:19.398	Custom indicator Otyame013_RCI_Signal AUDUSD,H1: removed
2	20:24:19.398	Custom indicator JapanTimes AUDUSD,H1: removed
2	20:24:19.398	Custom indicator Span_model AUDUSD,M5: removed
2	20:24:19.414	Custom indicator 23Signal_Price-v1 AUDUSD,M5: removed
2	20:24:19.414	Custom indicator ___MAÅôAngle_45_TAKE AUDUSD,M5: removed
2	20:24:19.414	Custom indicator Max_Pivot AUDUSD,M5: removed
2	20:24:19.414	Custom indicator Max_Line AUDUSD,M5: removed
2	20:24:19.414	Custom indicator Trade Reviewer_14806E92 AUDUSD,M5: removed
2	20:24:19.414	Custom indicator Otyame013_RCI_Signal AUDUSD,M5: removed
2	20:24:19.414	Custom indicator Economic_indicator USDCHF,H1: removed
0	20:24:19.554	GemFX MT4 build 950 stopped
