0	20:41:08.111	GemFX MT4 build 950 started (GemTrade Co., Ltd.)
0	20:41:08.111	Windows 10 Home (x64 based PC), IE 14.06, UAC, 8 x Intel Core i7-3770  @ 3.40GHz, RAM: 11757 / 16327 Mb, HDD: 139088 / 228383 Mb, GMT+09:00
0	20:41:08.111	Data Folder: C:\Users\koichi\AppData\Roaming\MetaQuotes\Terminal\250ECE632D67BAE8424D7871E3ED5548
2	20:41:10.253	Custom indicator Otyame005_Super_Bollinger USDJPY,H1: loaded successfully
2	20:41:10.255	Custom indicator 23Signal_Price-v1 USDJPY,H1: loaded successfully
2	20:41:10.260	Custom indicator chikou_span_attacker USDJPY,H1: loaded successfully
2	20:41:10.285	Custom indicator PZ_Harmonic USDJPY,H1: loaded successfully
2	20:41:10.291	Custom indicator AutoHarmonic_201604 USDJPY,H1: loaded successfully
2	20:41:10.298	Custom indicator Sessions EX USDJPY,H1: loaded successfully
2	20:41:10.299	Custom indicator Max_Pivot USDJPY,H1: loaded successfully
2	20:41:10.304	Custom indicator Max_Line USDJPY,H1: loaded successfully
2	20:41:10.575	Custom indicator Span_model USDJPY,M5: loaded successfully
2	20:41:10.577	Custom indicator 23Signal_Price-v1 USDJPY,M5: loaded successfully
2	20:41:10.579	Custom indicator Max_Pivot USDJPY,M5: loaded successfully
2	20:41:10.584	Custom indicator Max_Line USDJPY,M5: loaded successfully
2	20:41:10.778	Custom indicator Otyame005_Super_Bollinger EURUSD,H1: loaded successfully
2	20:41:10.780	Custom indicator 23Signal_Price-v1 EURUSD,H1: loaded successfully
2	20:41:10.785	Custom indicator chikou_span_attacker EURUSD,H1: loaded successfully
2	20:41:10.791	Custom indicator PZ_Harmonic EURUSD,H1: loaded successfully
2	20:41:10.797	Custom indicator AutoHarmonic_201604 EURUSD,H1: loaded successfully
2	20:41:10.803	Custom indicator Sessions EX EURUSD,H1: loaded successfully
2	20:41:10.805	Custom indicator Max_Pivot EURUSD,H1: loaded successfully
2	20:41:10.822	Custom indicator Max_Line EURUSD,H1: loaded successfully
2	20:41:11.089	Custom indicator Span_model EURUSD,M15: loaded successfully
2	20:41:11.092	Custom indicator 23Signal_Price-v1 EURUSD,M15: loaded successfully
2	20:41:11.093	Custom indicator Max_Pivot EURUSD,M15: loaded successfully
2	20:41:11.098	Custom indicator Max_Line EURUSD,M15: loaded successfully
2	20:41:11.229	Custom indicator Otyame005_Super_Bollinger EURJPY,H1: loaded successfully
2	20:41:11.231	Custom indicator 23Signal_Price-v1 EURJPY,H1: loaded successfully
2	20:41:11.237	Custom indicator chikou_span_attacker EURJPY,H1: loaded successfully
2	20:41:11.242	Custom indicator PZ_Harmonic EURJPY,H1: loaded successfully
2	20:41:11.248	Custom indicator Sessions EX EURJPY,H1: loaded successfully
2	20:41:11.250	Custom indicator Max_Pivot EURJPY,H1: loaded successfully
2	20:41:11.255	Custom indicator Max_Line EURJPY,H1: loaded successfully
2	20:41:11.448	Custom indicator Span_model EURJPY,M5: loaded successfully
2	20:41:11.450	Custom indicator 23Signal_Price-v1 EURJPY,M5: loaded successfully
2	20:41:11.452	Custom indicator Max_Pivot EURJPY,M5: loaded successfully
2	20:41:11.457	Custom indicator Max_Line EURJPY,M5: loaded successfully
2	20:41:11.659	Custom indicator Otyame005_Super_Bollinger GBPUSD,H1: loaded successfully
2	20:41:11.661	Custom indicator 23Signal_Price-v1 GBPUSD,H1: loaded successfully
2	20:41:11.667	Custom indicator chikou_span_attacker GBPUSD,H1: loaded successfully
2	20:41:11.672	Custom indicator PZ_Harmonic GBPUSD,H1: loaded successfully
2	20:41:11.679	Custom indicator AutoHarmonic_201604 GBPUSD,H1: loaded successfully
2	20:41:11.685	Custom indicator Sessions EX GBPUSD,H1: loaded successfully
2	20:41:11.686	Custom indicator Max_Pivot GBPUSD,H1: loaded successfully
2	20:41:11.692	Custom indicator Max_Line GBPUSD,H1: loaded successfully
2	20:41:11.930	Custom indicator Span_model GBPUSD,M5: loaded successfully
2	20:41:11.932	Custom indicator 23Signal_Price-v1 GBPUSD,M5: loaded successfully
2	20:41:11.934	Custom indicator Max_Pivot GBPUSD,M5: loaded successfully
2	20:41:11.939	Custom indicator Max_Line GBPUSD,M5: loaded successfully
2	20:41:12.161	Custom indicator Otyame005_Super_Bollinger GBPJPY,H1: loaded successfully
2	20:41:12.163	Custom indicator 23Signal_Price-v1 GBPJPY,H1: loaded successfully
2	20:41:12.168	Custom indicator chikou_span_attacker GBPJPY,H1: loaded successfully
2	20:41:12.174	Custom indicator PZ_Harmonic GBPJPY,H1: loaded successfully
2	20:41:12.180	Custom indicator Sessions EX GBPJPY,H1: loaded successfully
2	20:41:12.182	Custom indicator Max_Pivot GBPJPY,H1: loaded successfully
2	20:41:12.187	Custom indicator Max_Line GBPJPY,H1: loaded successfully
2	20:41:12.372	Custom indicator Span_model GBPJPY,M5: loaded successfully
2	20:41:12.374	Custom indicator 23Signal_Price-v1 GBPJPY,M5: loaded successfully
2	20:41:12.375	Custom indicator Max_Pivot GBPJPY,M5: loaded successfully
2	20:41:12.380	Custom indicator Max_Line GBPJPY,M5: loaded successfully
2	20:41:12.573	Custom indicator Otyame005_Super_Bollinger AUDUSD,H1: loaded successfully
2	20:41:12.575	Custom indicator 23Signal_Price-v1 AUDUSD,H1: loaded successfully
2	20:41:12.580	Custom indicator chikou_span_attacker AUDUSD,H1: loaded successfully
2	20:41:12.585	Custom indicator PZ_Harmonic AUDUSD,H1: loaded successfully
2	20:41:12.591	Custom indicator Sessions EX AUDUSD,H1: loaded successfully
2	20:41:12.593	Custom indicator Max_Pivot AUDUSD,H1: loaded successfully
2	20:41:12.599	Custom indicator Max_Line AUDUSD,H1: loaded successfully
2	20:41:12.833	Custom indicator Span_model AUDUSD,M5: loaded successfully
2	20:41:12.835	Custom indicator 23Signal_Price-v1 AUDUSD,M5: loaded successfully
2	20:41:12.837	Custom indicator Max_Pivot AUDUSD,M5: loaded successfully
2	20:41:12.842	Custom indicator Max_Line AUDUSD,M5: loaded successfully
2	20:41:13.062	Custom indicator Otyame005_Super_Bollinger GBPAUD,H1: loaded successfully
2	20:41:13.064	Custom indicator 23Signal_Price-v1 GBPAUD,H1: loaded successfully
2	20:41:13.069	Custom indicator chikou_span_attacker GBPAUD,H1: loaded successfully
2	20:41:13.075	Custom indicator PZ_Harmonic GBPAUD,H1: loaded successfully
2	20:41:13.083	Custom indicator AutoHarmonic_201604 GBPAUD,H1: loaded successfully
2	20:41:13.088	Custom indicator Sessions EX GBPAUD,H1: loaded successfully
2	20:41:13.090	Custom indicator Max_Pivot GBPAUD,H1: loaded successfully
2	20:41:13.095	Custom indicator Max_Line GBPAUD,H1: loaded successfully
2	20:41:13.258	Custom indicator Span_model GBPAUD,M5: loaded successfully
2	20:41:13.260	Custom indicator 23Signal_Price-v1 GBPAUD,M5: loaded successfully
2	20:41:13.261	Custom indicator Max_Pivot GBPAUD,M5: loaded successfully
2	20:41:13.267	Custom indicator Max_Line GBPAUD,M5: loaded successfully
2	20:41:13.358	Custom indicator Economic_indicator USDCHF,H1: loaded successfully
0	20:41:16.154	'16040': login on GemForex-Live through DC1 (ping: 91.60 ms)
0	20:41:17.020	'16040': login datacenter on GemForex-Live through DC1 (ping: 91.60 ms)
0	20:41:17.239	'16040': previous successful authorization performed from 49.97.107.190
0	20:41:51.326	'16040': ping to current access point DC1 is 74.69 ms
0	20:43:18.829	'16040': instant order buy 0.10 GBPUSD at 1.45330 sl: 0.00000 tp: 0.00000
0	20:43:18.952	'16040': order was opened : #2125877 buy 0.10 GBPUSD at 1.45330 sl: 0.00000 tp: 0.00000
0	20:43:32.476	'16040': modify order #2125877 buy 0.10 GBPUSD at 1.45330 sl: 0.00000 tp: 0.00000 -> sl: 1.45231 tp: 0.00000
0	20:43:32.476	'16040': modify order #2125877 buy 0.10 GBPUSD at 1.45330 sl: 0.00000 tp: 0.00000 -> sl: 1.45252 tp: 0.00000
0	20:43:32.669	'16040': order #2125877 buy 0.10 GBPUSD at 1.45330 was modified -> sl: 1.45231 tp: 0.00000
0	20:43:32.669	'16040': order #2125877 buy 0.10 GBPUSD at 1.45330 was modified -> sl: 1.45252 tp: 0.00000
0	20:43:35.088	'16040': modify order #2125877 buy 0.10 GBPUSD at 1.45330 sl: 1.45252 tp: 0.00000 -> sl: 1.45156 tp: 0.00000
0	20:43:35.256	'16040': order #2125877 buy 0.10 GBPUSD at 1.45330 was modified -> sl: 1.45156 tp: 0.00000
0	20:43:42.700	'16040': modify order #2125877 buy 0.10 GBPUSD at 1.45330 sl: 1.45156 tp: 0.00000 -> sl: 1.45199 tp: 0.00000
0	20:43:42.868	'16040': order #2125877 buy 0.10 GBPUSD at 1.45330 was modified -> sl: 1.45199 tp: 0.00000
0	20:44:08.311	'16040': modify order #2125877 buy 0.10 GBPUSD at 1.45330 sl: 1.45199 tp: 0.00000 -> sl: 1.45199 tp: 1.45813
0	20:44:08.481	'16040': order #2125877 buy 0.10 GBPUSD at 1.45330 was modified -> sl: 1.45199 tp: 1.45813
0	20:44:36.545	'16040': modify order #2125877 buy 0.10 GBPUSD at 1.45330 sl: 1.45199 tp: 1.45813 -> sl: 1.45188 tp: 1.45813
0	20:44:36.689	'16040': order #2125877 buy 0.10 GBPUSD at 1.45330 was modified -> sl: 1.45188 tp: 1.45813
0	20:56:31.941	'16040': modify order #2125877 buy 0.10 GBPUSD at 1.45330 sl: 1.45188 tp: 1.45813 -> sl: 1.45405 tp: 1.45813
0	20:56:32.074	'16040': order #2125877 buy 0.10 GBPUSD at 1.45330 was modified -> sl: 1.45405 tp: 1.45813
0	21:04:33.784	'16040': modify order #2125877 buy 0.10 GBPUSD at 1.45330 sl: 1.45405 tp: 1.45813 -> sl: 1.45440 tp: 1.45813
0	21:04:33.931	'16040': order #2125877 buy 0.10 GBPUSD at 1.45330 was modified -> sl: 1.45440 tp: 1.45813
0	21:13:34.693	'16040': modify order #2125877 buy 0.10 GBPUSD at 1.45330 sl: 1.45440 tp: 1.45813 -> sl: 1.45472 tp: 1.45813
0	21:13:34.846	'16040': order #2125877 buy 0.10 GBPUSD at 1.45330 was modified -> sl: 1.45472 tp: 1.45813
0	21:23:24.749	'16040': order #2125877 buy 0.10 GBPUSD at 1.45330 closed due stop-loss at price 1.45472
0	21:55:29.698	'16040': instant order sell 0.20 EURUSD at 1.12699 sl: 0.00000 tp: 0.00000
0	21:55:29.858	'16040': order was opened : #2130242 sell 0.20 EURUSD at 1.12699 sl: 0.00000 tp: 0.00000
0	21:55:39.844	'16040': modify order #2130242 sell 0.20 EURUSD at 1.12699 sl: 0.00000 tp: 0.00000 -> sl: 1.12776 tp: 0.00000
0	21:55:40.011	'16040': order #2130242 sell 0.20 EURUSD at 1.12699 was modified -> sl: 1.12776 tp: 0.00000
0	21:55:49.631	'16040': modify order #2130242 sell 0.20 EURUSD at 1.12699 sl: 1.12776 tp: 0.00000 -> sl: 1.12776 tp: 1.12592
0	21:55:49.791	'16040': order #2130242 sell 0.20 EURUSD at 1.12699 was modified -> sl: 1.12776 tp: 1.12592
0	22:01:48.527	'16040': order #2130242 sell 0.20 EURUSD at 1.12699 closed due stop-loss at price 1.12776
0	22:46:45.122	'16040': instant order buy 0.20 USDJPY at 109.552 sl: 0.000 tp: 0.000
0	22:46:45.298	'16040': order was opened : #2135085 buy 0.20 USDJPY at 109.552 sl: 0.000 tp: 0.000
0	22:46:50.557	'16040': modify order #2135085 buy 0.20 USDJPY at 109.552 sl: 0.000 tp: 0.000 -> sl: 109.459 tp: 0.000
0	22:46:50.712	'16040': order #2135085 buy 0.20 USDJPY at 109.552 was modified -> sl: 109.459 tp: 0.000
0	22:47:04.291	'16040': modify order #2135085 buy 0.20 USDJPY at 109.552 sl: 109.459 tp: 0.000 -> sl: 109.459 tp: 109.638
0	22:47:04.465	'16040': order #2135085 buy 0.20 USDJPY at 109.552 was modified -> sl: 109.459 tp: 109.638
0	22:52:26.389	'16040': modify order #2135085 buy 0.20 USDJPY at 109.552 sl: 109.459 tp: 109.638 -> sl: 109.459 tp: 109.674
0	22:52:26.563	'16040': order #2135085 buy 0.20 USDJPY at 109.552 was modified -> sl: 109.459 tp: 109.674
0	22:52:32.647	'16040': modify order #2135085 buy 0.20 USDJPY at 109.552 sl: 109.459 tp: 109.674 -> sl: 109.459 tp: 109.748
0	22:52:32.845	'16040': order #2135085 buy 0.20 USDJPY at 109.552 was modified -> sl: 109.459 tp: 109.748
0	22:56:13.025	'16040': modify order #2135085 buy 0.20 USDJPY at 109.552 sl: 109.459 tp: 109.748 -> sl: 109.567 tp: 109.748
0	22:56:13.192	'16040': order #2135085 buy 0.20 USDJPY at 109.552 was modified -> sl: 109.567 tp: 109.748
0	22:57:32.300	'16040': close order #2135085 buy 0.20 USDJPY at 109.552 sl: 109.567 tp: 109.748 at price 109.661
0	22:57:32.448	'16040': order #2135085 buy 0.20 USDJPY at 109.552 sl: 109.567 tp: 109.748 closed at price 109.661
0	23:17:41.623	System to be shutdown, request for close GemFX MT4
0	23:17:41.934	GemFX MT4 build 950 stopped because system shutdown
