2	00:12:55.151	Custom indicator Otyame005_Super_Bollinger USDJPY,H1: removed
2	00:12:55.153	Custom indicator 23Signal_Price-v1 USDJPY,H1: removed
2	00:12:55.154	Custom indicator chikou_span_attacker USDJPY,H1: removed
2	00:12:55.155	Custom indicator PZ_Harmonic USDJPY,H1: removed
2	00:12:55.155	Custom indicator AutoHarmonic_201604 USDJPY,H1: removed
2	00:12:55.156	Custom indicator Sessions EX USDJPY,H1: removed
2	00:12:55.156	Custom indicator Max_Pivot USDJPY,H1: removed
2	00:12:55.157	Custom indicator Max_Line USDJPY,H1: removed
2	00:12:55.157	Custom indicator Otyame013_RCI_Signal USDJPY,H1: removed
2	00:12:55.157	Custom indicator JapanTimes USDJPY,H1: removed
2	00:12:55.165	Custom indicator Span_model USDJPY,M5: removed
2	00:12:55.166	Custom indicator ___MA™Angle_45_TAKE USDJPY,M5: removed
2	00:12:55.166	Custom indicator 23Signal_Price-v1 USDJPY,M5: removed
2	00:12:55.166	Custom indicator Max_Pivot USDJPY,M5: removed
2	00:12:55.166	Custom indicator Max_Line USDJPY,M5: removed
2	00:12:55.167	Custom indicator Trade Reviewer_14806E92 USDJPY,M5: removed
2	00:12:55.167	Custom indicator Sessions EX USDJPY,M5: removed
2	00:12:55.168	Custom indicator Otyame013_RCI_Signal USDJPY,M5: removed
2	00:12:55.175	Custom indicator Otyame005_Super_Bollinger EURUSD,H1: removed
2	00:12:55.175	Custom indicator 23Signal_Price-v1 EURUSD,H1: removed
2	00:12:55.176	Custom indicator chikou_span_attacker EURUSD,H1: removed
2	00:12:55.176	Custom indicator PZ_Harmonic EURUSD,H1: removed
2	00:12:55.177	Custom indicator AutoHarmonic_201604 EURUSD,H1: removed
2	00:12:55.177	Custom indicator Otyame013_RCI_Signal EURUSD,H1: removed
2	00:12:55.178	Custom indicator Span_model EURUSD,H1: removed
2	00:12:55.178	Custom indicator 23Signal_Price-v1 EURUSD,H1: removed
2	00:12:55.178	Custom indicator ___MA™Angle_45_TAKE EURUSD,H1: removed
2	00:12:55.179	Custom indicator Max_Pivot EURUSD,H1: removed
2	00:12:55.179	Custom indicator Max_Line EURUSD,H1: removed
2	00:12:55.180	Custom indicator Otyame013_RCI_Signal EURUSD,H1: removed
2	00:12:55.181	Custom indicator Otyame005_Super_Bollinger EURJPY,H1: removed
2	00:12:55.181	Custom indicator 23Signal_Price-v1 EURJPY,H1: removed
2	00:12:55.181	Custom indicator chikou_span_attacker EURJPY,H1: removed
2	00:12:55.182	Custom indicator PZ_Harmonic EURJPY,H1: removed
2	00:12:55.182	Custom indicator AutoHarmonic_201604 EURJPY,H1: removed
2	00:12:55.183	Custom indicator Otyame013_RCI_Signal EURJPY,H1: removed
2	00:12:55.190	Custom indicator Span_model EURJPY,M5: removed
2	00:12:55.190	Custom indicator 23Signal_Price-v1 EURJPY,M5: removed
2	00:12:55.190	Custom indicator ___MA™Angle_45_TAKE EURJPY,M5: removed
2	00:12:55.190	Custom indicator Max_Pivot EURJPY,M5: removed
2	00:12:55.191	Custom indicator Max_Line EURJPY,M5: removed
2	00:12:55.191	Custom indicator EWPro EURJPY,M5: removed
2	00:12:55.191	Custom indicator Elliott_Wave_Oscillator-Arrows2 EURJPY,M5: removed
2	00:12:55.192	Custom indicator Otyame013_RCI_Signal EURJPY,M5: removed
2	00:12:55.193	Custom indicator Otyame005_Super_Bollinger GBPUSD,H1: removed
2	00:12:55.194	Custom indicator 23Signal_Price-v1 GBPUSD,H1: removed
2	00:12:55.194	Custom indicator chikou_span_attacker GBPUSD,H1: removed
2	00:12:55.195	Custom indicator PZ_Harmonic GBPUSD,H1: removed
2	00:12:55.195	Custom indicator AutoHarmonic_201604 GBPUSD,H1: removed
2	00:12:55.196	Custom indicator Otyame013_RCI_Signal GBPUSD,H1: removed
2	00:12:55.197	Custom indicator Span_model GBPUSD,M5: removed
2	00:12:55.197	Custom indicator 23Signal_Price-v1 GBPUSD,M5: removed
2	00:12:55.197	Custom indicator ___MA™Angle_45_TAKE GBPUSD,M5: removed
2	00:12:55.197	Custom indicator Max_Pivot GBPUSD,M5: removed
2	00:12:55.197	Custom indicator Max_Line GBPUSD,M5: removed
2	00:12:55.197	Custom indicator EWPro GBPUSD,M5: removed
2	00:12:55.198	Custom indicator Elliott_Wave_Oscillator-Arrows2 GBPUSD,M5: removed
2	00:12:55.198	Custom indicator Otyame013_RCI_Signal GBPUSD,M5: removed
2	00:12:55.200	Custom indicator Otyame005_Super_Bollinger GBPJPY,H1: removed
2	00:12:55.200	Custom indicator 23Signal_Price-v1 GBPJPY,H1: removed
2	00:12:55.200	Custom indicator chikou_span_attacker GBPJPY,H1: removed
2	00:12:55.201	Custom indicator PZ_Harmonic GBPJPY,H1: removed
2	00:12:55.201	Custom indicator AutoHarmonic_201604 GBPJPY,H1: removed
2	00:12:55.202	Custom indicator RSI GBPJPY,H1: removed
2	00:12:55.202	Custom indicator Otyame013_RCI_Signal GBPJPY,H1: removed
2	00:12:55.203	Custom indicator Span_model GBPJPY,M5: removed
2	00:12:55.203	Custom indicator 23Signal_Price-v1 GBPJPY,M5: removed
2	00:12:55.203	Custom indicator ___MA™Angle_45_TAKE GBPJPY,M5: removed
2	00:12:55.204	Custom indicator Max_Sign GBPJPY,M5: removed
2	00:12:55.204	Custom indicator Max_Pivot GBPJPY,M5: removed
2	00:12:55.204	Custom indicator Max_Line GBPJPY,M5: removed
2	00:12:55.205	Custom indicator Otyame013_RCI_Signal GBPJPY,M5: removed
2	00:12:55.212	Custom indicator Otyame005_Super_Bollinger AUDUSD,H1: removed
2	00:12:55.212	Custom indicator 23Signal_Price-v1 AUDUSD,H1: removed
2	00:12:55.212	Custom indicator chikou_span_attacker AUDUSD,H1: removed
2	00:12:55.213	Custom indicator AutoHarmonic_201604 AUDUSD,H1: removed
2	00:12:55.213	Custom indicator PZ_Harmonic AUDUSD,H1: removed
2	00:12:55.214	Custom indicator Span_model AUDUSD,M5: removed
2	00:12:55.214	Custom indicator 23Signal_Price-v1 AUDUSD,M5: removed
2	00:12:55.215	Custom indicator ___MA™Angle_45_TAKE AUDUSD,M5: removed
2	00:12:55.215	Custom indicator Max_Pivot AUDUSD,M5: removed
2	00:12:55.215	Custom indicator Max_Line AUDUSD,M5: removed
2	00:12:55.215	Custom indicator EWPro AUDUSD,M5: removed
2	00:12:55.216	Custom indicator Elliott_Wave_Oscillator-Arrows2 AUDUSD,M5: removed
2	00:12:55.216	Custom indicator Elliott_Wave_Oscillator AUDUSD,M5: removed
2	00:12:55.219	Custom indicator Economic_indicator USDCHF,H1: removed
0	00:12:56.103	GemFX MT4 build 950 stopped
0	07:06:05.617	GemFX MT4 build 950 started (GemTrade Co., Ltd.)
0	07:06:05.617	Windows 10 Home (x64 based PC), IE 13.12, UAC, 8 x Intel Core i7-3770  @ 3.40GHz, RAM: 13331 / 16327 Mb, HDD: 141883 / 228383 Mb, GMT+09:00
0	07:06:05.617	Data Folder: C:\Users\koichi\AppData\Roaming\MetaQuotes\Terminal\250ECE632D67BAE8424D7871E3ED5548
2	07:06:07.071	Custom indicator Otyame005_Super_Bollinger USDJPY,H1: loaded successfully
2	07:06:07.071	Custom indicator 23Signal_Price-v1 USDJPY,H1: loaded successfully
2	07:06:07.071	Custom indicator chikou_span_attacker USDJPY,H1: loaded successfully
2	07:06:07.086	Custom indicator PZ_Harmonic USDJPY,H1: loaded successfully
2	07:06:07.086	Custom indicator AutoHarmonic_201604 USDJPY,H1: loaded successfully
2	07:06:07.086	Custom indicator Sessions EX USDJPY,H1: loaded successfully
2	07:06:07.086	Custom indicator Max_Pivot USDJPY,H1: loaded successfully
2	07:06:07.086	Custom indicator Max_Line USDJPY,H1: loaded successfully
2	07:06:07.102	Custom indicator Otyame013_RCI_Signal USDJPY,H1: loaded successfully
2	07:06:07.102	Custom indicator JapanTimes USDJPY,H1: loaded successfully
2	07:06:07.352	Custom indicator Span_model USDJPY,M5: loaded successfully
2	07:06:07.352	Custom indicator ___MA™Angle_45_TAKE USDJPY,M5: loaded successfully
2	07:06:07.352	Custom indicator 23Signal_Price-v1 USDJPY,M5: loaded successfully
2	07:06:07.368	Custom indicator Max_Pivot USDJPY,M5: loaded successfully
2	07:06:07.368	Custom indicator Max_Line USDJPY,M5: loaded successfully
2	07:06:07.368	Custom indicator Trade Reviewer_14806E92 USDJPY,M5: loaded successfully
2	07:06:07.383	Custom indicator Sessions EX USDJPY,M5: loaded successfully
2	07:06:07.383	Custom indicator Otyame013_RCI_Signal USDJPY,M5: loaded successfully
2	07:06:08.008	Custom indicator Otyame005_Super_Bollinger EURUSD,H1: loaded successfully
2	07:06:08.008	Custom indicator 23Signal_Price-v1 EURUSD,H1: loaded successfully
2	07:06:08.008	Custom indicator chikou_span_attacker EURUSD,H1: loaded successfully
2	07:06:08.024	Custom indicator PZ_Harmonic EURUSD,H1: loaded successfully
2	07:06:08.024	Custom indicator AutoHarmonic_201604 EURUSD,H1: loaded successfully
2	07:06:08.024	Custom indicator Otyame013_RCI_Signal EURUSD,H1: loaded successfully
2	07:06:08.243	Custom indicator Span_model EURUSD,H1: loaded successfully
2	07:06:08.243	Custom indicator 23Signal_Price-v1 EURUSD,H1: loaded successfully
2	07:06:08.258	Custom indicator ___MA™Angle_45_TAKE EURUSD,H1: loaded successfully
2	07:06:08.258	Custom indicator Max_Pivot EURUSD,H1: loaded successfully
2	07:06:08.258	Custom indicator Max_Line EURUSD,H1: loaded successfully
2	07:06:08.258	Custom indicator Otyame013_RCI_Signal EURUSD,H1: loaded successfully
2	07:06:08.430	Custom indicator Otyame005_Super_Bollinger EURJPY,H1: loaded successfully
2	07:06:08.430	Custom indicator 23Signal_Price-v1 EURJPY,H1: loaded successfully
2	07:06:08.430	Custom indicator chikou_span_attacker EURJPY,H1: loaded successfully
2	07:06:08.446	Custom indicator PZ_Harmonic EURJPY,H1: loaded successfully
2	07:06:08.446	Custom indicator AutoHarmonic_201604 EURJPY,H1: loaded successfully
2	07:06:08.446	Custom indicator Otyame013_RCI_Signal EURJPY,H1: loaded successfully
2	07:06:08.664	Custom indicator Span_model EURJPY,M5: loaded successfully
2	07:06:08.664	Custom indicator 23Signal_Price-v1 EURJPY,M5: loaded successfully
2	07:06:08.664	Custom indicator ___MA™Angle_45_TAKE EURJPY,M5: loaded successfully
2	07:06:08.664	Custom indicator Max_Pivot EURJPY,M5: loaded successfully
2	07:06:08.680	Custom indicator Max_Line EURJPY,M5: loaded successfully
2	07:06:08.680	Custom indicator EWPro EURJPY,M5: loaded successfully
2	07:06:08.680	Custom indicator Elliott_Wave_Oscillator-Arrows2 EURJPY,M5: loaded successfully
2	07:06:08.696	Custom indicator Otyame013_RCI_Signal EURJPY,M5: loaded successfully
2	07:06:09.243	Custom indicator Otyame005_Super_Bollinger GBPUSD,H1: loaded successfully
2	07:06:09.243	Custom indicator 23Signal_Price-v1 GBPUSD,H1: loaded successfully
2	07:06:09.243	Custom indicator chikou_span_attacker GBPUSD,H1: loaded successfully
2	07:06:09.243	Custom indicator PZ_Harmonic GBPUSD,H1: loaded successfully
2	07:06:09.258	Custom indicator AutoHarmonic_201604 GBPUSD,H1: loaded successfully
2	07:06:09.258	Custom indicator Otyame013_RCI_Signal GBPUSD,H1: loaded successfully
2	07:06:09.493	Custom indicator Span_model GBPUSD,M5: loaded successfully
2	07:06:09.493	Custom indicator 23Signal_Price-v1 GBPUSD,M5: loaded successfully
2	07:06:09.493	Custom indicator ___MA™Angle_45_TAKE GBPUSD,M5: loaded successfully
2	07:06:09.493	Custom indicator Max_Pivot GBPUSD,M5: loaded successfully
2	07:06:09.493	Custom indicator Max_Line GBPUSD,M5: loaded successfully
2	07:06:09.493	Custom indicator EWPro GBPUSD,M5: loaded successfully
2	07:06:09.508	Custom indicator Elliott_Wave_Oscillator-Arrows2 GBPUSD,M5: loaded successfully
2	07:06:09.508	Custom indicator Otyame013_RCI_Signal GBPUSD,M5: loaded successfully
2	07:06:10.024	Custom indicator Otyame005_Super_Bollinger GBPJPY,H1: loaded successfully
2	07:06:10.024	Custom indicator 23Signal_Price-v1 GBPJPY,H1: loaded successfully
2	07:06:10.024	Custom indicator chikou_span_attacker GBPJPY,H1: loaded successfully
2	07:06:10.040	Custom indicator PZ_Harmonic GBPJPY,H1: loaded successfully
2	07:06:10.040	Custom indicator AutoHarmonic_201604 GBPJPY,H1: loaded successfully
2	07:06:10.040	Custom indicator RSI GBPJPY,H1: loaded successfully
2	07:06:10.040	Custom indicator Otyame013_RCI_Signal GBPJPY,H1: loaded successfully
2	07:06:10.305	Custom indicator Span_model GBPJPY,M5: loaded successfully
2	07:06:10.305	Custom indicator 23Signal_Price-v1 GBPJPY,M5: loaded successfully
2	07:06:10.305	Custom indicator ___MA™Angle_45_TAKE GBPJPY,M5: loaded successfully
2	07:06:10.305	Custom indicator Max_Sign GBPJPY,M5: loaded successfully
2	07:06:10.305	Custom indicator Max_Pivot GBPJPY,M5: loaded successfully
2	07:06:10.305	Custom indicator Max_Line GBPJPY,M5: loaded successfully
2	07:06:10.321	Custom indicator Otyame013_RCI_Signal GBPJPY,M5: loaded successfully
2	07:06:10.711	Custom indicator Otyame005_Super_Bollinger AUDUSD,H1: loaded successfully
2	07:06:10.711	Custom indicator 23Signal_Price-v1 AUDUSD,H1: loaded successfully
2	07:06:10.711	Custom indicator chikou_span_attacker AUDUSD,H1: loaded successfully
2	07:06:10.727	Custom indicator AutoHarmonic_201604 AUDUSD,H1: loaded successfully
2	07:06:10.727	Custom indicator PZ_Harmonic AUDUSD,H1: loaded successfully
2	07:06:10.836	Custom indicator Span_model AUDUSD,M5: loaded successfully
2	07:06:10.836	Custom indicator 23Signal_Price-v1 AUDUSD,M5: loaded successfully
2	07:06:10.836	Custom indicator ___MA™Angle_45_TAKE AUDUSD,M5: loaded successfully
2	07:06:10.852	Custom indicator Max_Pivot AUDUSD,M5: loaded successfully
2	07:06:10.852	Custom indicator Max_Line AUDUSD,M5: loaded successfully
2	07:06:10.852	Custom indicator EWPro AUDUSD,M5: loaded successfully
2	07:06:10.852	Custom indicator Elliott_Wave_Oscillator-Arrows2 AUDUSD,M5: loaded successfully
2	07:06:10.868	Custom indicator Elliott_Wave_Oscillator AUDUSD,M5: loaded successfully
2	07:06:11.071	Custom indicator Economic_indicator USDCHF,H1: loaded successfully
0	07:06:12.930	'16040': login on GemForex-Live through DC1 (ping: 74.71 ms)
0	07:06:13.899	'16040': login datacenter on GemForex-Live through DC1 (ping: 74.71 ms)
0	07:06:14.102	'16040': previous successful authorization performed from 119.242.14.176
0	07:06:44.089	'16040': ping to current access point DC1 is 73.90 ms
0	07:09:33.736	System to be shutdown, request for close GemFX MT4
0	07:09:34.376	GemFX MT4 build 950 stopped because system shutdown
0	19:17:40.740	GemFX MT4 build 950 started (GemTrade Co., Ltd.)
0	19:17:40.740	Windows 10 Home (x64 based PC), IE 13.12, UAC, 8 x Intel Core i7-3770  @ 3.40GHz, RAM: 13635 / 16327 Mb, HDD: 141846 / 228383 Mb, GMT+09:00
0	19:17:40.740	Data Folder: C:\Users\koichi\AppData\Roaming\MetaQuotes\Terminal\250ECE632D67BAE8424D7871E3ED5548
2	19:17:42.054	Custom indicator Otyame005_Super_Bollinger USDJPY,H1: loaded successfully
2	19:17:42.055	Custom indicator 23Signal_Price-v1 USDJPY,H1: loaded successfully
2	19:17:42.059	Custom indicator chikou_span_attacker USDJPY,H1: loaded successfully
2	19:17:42.063	Custom indicator PZ_Harmonic USDJPY,H1: loaded successfully
2	19:17:42.068	Custom indicator AutoHarmonic_201604 USDJPY,H1: loaded successfully
2	19:17:42.072	Custom indicator Sessions EX USDJPY,H1: loaded successfully
2	19:17:42.074	Custom indicator Max_Pivot USDJPY,H1: loaded successfully
2	19:17:42.077	Custom indicator Max_Line USDJPY,H1: loaded successfully
2	19:17:42.083	Custom indicator Otyame013_RCI_Signal USDJPY,H1: loaded successfully
2	19:17:42.084	Custom indicator JapanTimes USDJPY,H1: loaded successfully
2	19:17:42.345	Custom indicator Span_model USDJPY,M5: loaded successfully
2	19:17:42.346	Custom indicator ___MA™Angle_45_TAKE USDJPY,M5: loaded successfully
2	19:17:42.348	Custom indicator 23Signal_Price-v1 USDJPY,M5: loaded successfully
2	19:17:42.349	Custom indicator Max_Pivot USDJPY,M5: loaded successfully
2	19:17:42.355	Custom indicator Max_Line USDJPY,M5: loaded successfully
2	19:17:42.363	Custom indicator Trade Reviewer_14806E92 USDJPY,M5: loaded successfully
2	19:17:42.369	Custom indicator Sessions EX USDJPY,M5: loaded successfully
2	19:17:42.378	Custom indicator Otyame013_RCI_Signal USDJPY,M5: loaded successfully
2	19:17:43.040	Custom indicator Otyame005_Super_Bollinger EURUSD,H1: loaded successfully
2	19:17:43.041	Custom indicator 23Signal_Price-v1 EURUSD,H1: loaded successfully
2	19:17:43.045	Custom indicator chikou_span_attacker EURUSD,H1: loaded successfully
2	19:17:43.050	Custom indicator PZ_Harmonic EURUSD,H1: loaded successfully
2	19:17:43.054	Custom indicator AutoHarmonic_201604 EURUSD,H1: loaded successfully
2	19:17:43.059	Custom indicator Otyame013_RCI_Signal EURUSD,H1: loaded successfully
2	19:17:43.284	Custom indicator Span_model EURUSD,H1: loaded successfully
2	19:17:43.285	Custom indicator 23Signal_Price-v1 EURUSD,H1: loaded successfully
2	19:17:43.287	Custom indicator ___MA™Angle_45_TAKE EURUSD,H1: loaded successfully
2	19:17:43.288	Custom indicator Max_Pivot EURUSD,H1: loaded successfully
2	19:17:43.292	Custom indicator Max_Line EURUSD,H1: loaded successfully
2	19:17:43.297	Custom indicator Otyame013_RCI_Signal EURUSD,H1: loaded successfully
2	19:17:43.446	Custom indicator Otyame005_Super_Bollinger EURJPY,H1: loaded successfully
2	19:17:43.448	Custom indicator 23Signal_Price-v1 EURJPY,H1: loaded successfully
2	19:17:43.451	Custom indicator chikou_span_attacker EURJPY,H1: loaded successfully
2	19:17:43.456	Custom indicator PZ_Harmonic EURJPY,H1: loaded successfully
2	19:17:43.460	Custom indicator AutoHarmonic_201604 EURJPY,H1: loaded successfully
2	19:17:43.465	Custom indicator Otyame013_RCI_Signal EURJPY,H1: loaded successfully
2	19:17:43.684	Custom indicator Span_model EURJPY,M5: loaded successfully
2	19:17:43.686	Custom indicator 23Signal_Price-v1 EURJPY,M5: loaded successfully
2	19:17:43.687	Custom indicator ___MA™Angle_45_TAKE EURJPY,M5: loaded successfully
2	19:17:43.688	Custom indicator Max_Pivot EURJPY,M5: loaded successfully
2	19:17:43.692	Custom indicator Max_Line EURJPY,M5: loaded successfully
2	19:17:43.694	Custom indicator EWPro EURJPY,M5: loaded successfully
2	19:17:43.700	Custom indicator Elliott_Wave_Oscillator-Arrows2 EURJPY,M5: loaded successfully
2	19:17:43.705	Custom indicator Otyame013_RCI_Signal EURJPY,M5: loaded successfully
2	19:17:44.245	Custom indicator Otyame005_Super_Bollinger GBPUSD,H1: loaded successfully
2	19:17:44.246	Custom indicator 23Signal_Price-v1 GBPUSD,H1: loaded successfully
2	19:17:44.250	Custom indicator chikou_span_attacker GBPUSD,H1: loaded successfully
2	19:17:44.254	Custom indicator PZ_Harmonic GBPUSD,H1: loaded successfully
2	19:17:44.259	Custom indicator AutoHarmonic_201604 GBPUSD,H1: loaded successfully
2	19:17:44.264	Custom indicator Otyame013_RCI_Signal GBPUSD,H1: loaded successfully
2	19:17:44.499	Custom indicator Span_model GBPUSD,M5: loaded successfully
2	19:17:44.500	Custom indicator 23Signal_Price-v1 GBPUSD,M5: loaded successfully
2	19:17:44.501	Custom indicator ___MA™Angle_45_TAKE GBPUSD,M5: loaded successfully
2	19:17:44.502	Custom indicator Max_Pivot GBPUSD,M5: loaded successfully
2	19:17:44.506	Custom indicator Max_Line GBPUSD,M5: loaded successfully
2	19:17:44.508	Custom indicator EWPro GBPUSD,M5: loaded successfully
2	19:17:44.514	Custom indicator Elliott_Wave_Oscillator-Arrows2 GBPUSD,M5: loaded successfully
2	19:17:44.519	Custom indicator Otyame013_RCI_Signal GBPUSD,M5: loaded successfully
2	19:17:45.041	Custom indicator Otyame005_Super_Bollinger GBPJPY,H1: loaded successfully
2	19:17:45.043	Custom indicator 23Signal_Price-v1 GBPJPY,H1: loaded successfully
2	19:17:45.047	Custom indicator chikou_span_attacker GBPJPY,H1: loaded successfully
2	19:17:45.052	Custom indicator PZ_Harmonic GBPJPY,H1: loaded successfully
2	19:17:45.058	Custom indicator AutoHarmonic_201604 GBPJPY,H1: loaded successfully
2	19:17:45.064	Custom indicator RSI GBPJPY,H1: loaded successfully
2	19:17:45.072	Custom indicator Otyame013_RCI_Signal GBPJPY,H1: loaded successfully
2	19:17:45.354	Custom indicator Span_model GBPJPY,M5: loaded successfully
2	19:17:45.355	Custom indicator 23Signal_Price-v1 GBPJPY,M5: loaded successfully
2	19:17:45.357	Custom indicator ___MA™Angle_45_TAKE GBPJPY,M5: loaded successfully
2	19:17:45.358	Custom indicator Max_Sign GBPJPY,M5: loaded successfully
2	19:17:45.360	Custom indicator Max_Pivot GBPJPY,M5: loaded successfully
2	19:17:45.364	Custom indicator Max_Line GBPJPY,M5: loaded successfully
2	19:17:45.370	Custom indicator Otyame013_RCI_Signal GBPJPY,M5: loaded successfully
2	19:17:45.798	Custom indicator Otyame005_Super_Bollinger AUDUSD,H1: loaded successfully
2	19:17:45.799	Custom indicator 23Signal_Price-v1 AUDUSD,H1: loaded successfully
2	19:17:45.803	Custom indicator chikou_span_attacker AUDUSD,H1: loaded successfully
2	19:17:45.808	Custom indicator AutoHarmonic_201604 AUDUSD,H1: loaded successfully
2	19:17:45.812	Custom indicator PZ_Harmonic AUDUSD,H1: loaded successfully
2	19:17:45.927	Custom indicator Span_model AUDUSD,M5: loaded successfully
2	19:17:45.929	Custom indicator 23Signal_Price-v1 AUDUSD,M5: loaded successfully
2	19:17:45.930	Custom indicator ___MA™Angle_45_TAKE AUDUSD,M5: loaded successfully
2	19:17:45.931	Custom indicator Max_Pivot AUDUSD,M5: loaded successfully
2	19:17:45.935	Custom indicator Max_Line AUDUSD,M5: loaded successfully
2	19:17:45.937	Custom indicator EWPro AUDUSD,M5: loaded successfully
2	19:17:45.943	Custom indicator Elliott_Wave_Oscillator-Arrows2 AUDUSD,M5: loaded successfully
2	19:17:45.948	Custom indicator Elliott_Wave_Oscillator AUDUSD,M5: loaded successfully
2	19:17:46.162	Custom indicator Economic_indicator USDCHF,H1: loaded successfully
0	19:17:47.815	'16040': login on GemForex-Live through DC1 (ping: 73.90 ms)
0	19:17:48.766	'16040': login datacenter on GemForex-Live through DC1 (ping: 73.90 ms)
0	19:17:48.993	'16040': previous successful authorization performed from 1.75.248.178
0	19:18:22.041	'16040': ping to current access point DC1 is 73.63 ms
0	19:25:39.325	'16040': instant order sell 0.20 USDJPY at 108.437 sl: 0.000 tp: 0.000
0	19:25:39.477	'16040': order was opened : #1636061 sell 0.20 USDJPY at 108.437 sl: 0.000 tp: 0.000
0	19:25:56.332	'16040': modify order #1636061 sell 0.20 USDJPY at 108.437 sl: 0.000 tp: 0.000 -> sl: 108.512 tp: 0.000
0	19:25:56.497	'16040': order #1636061 sell 0.20 USDJPY at 108.437 was modified -> sl: 108.512 tp: 0.000
0	19:27:19.009	'16040': modify order #1636061 sell 0.20 USDJPY at 108.437 sl: 108.512 tp: 0.000 -> sl: 108.557 tp: 0.000
0	19:27:19.162	'16040': order #1636061 sell 0.20 USDJPY at 108.437 was modified -> sl: 108.557 tp: 0.000
0	19:28:19.681	'16040': modify order #1636061 sell 0.20 USDJPY at 108.437 sl: 108.557 tp: 0.000 -> sl: 108.557 tp: 108.270
0	19:28:19.831	'16040': order #1636061 sell 0.20 USDJPY at 108.437 was modified -> sl: 108.557 tp: 108.270
0	19:28:29.172	'16040': modify order #1636061 sell 0.20 USDJPY at 108.437 sl: 108.557 tp: 108.270 -> sl: 108.557 tp: 108.222
0	19:28:29.331	'16040': order #1636061 sell 0.20 USDJPY at 108.437 was modified -> sl: 108.557 tp: 108.222
2	19:28:57.173	Custom indicator Sessions EX USDJPY,M5: removed
0	19:42:07.317	'16040': modify order #1636061 sell 0.20 USDJPY at 108.437 sl: 108.557 tp: 108.222 -> sl: 108.523 tp: 108.222
0	19:42:07.461	'16040': order #1636061 sell 0.20 USDJPY at 108.437 was modified -> sl: 108.523 tp: 108.222
0	19:54:48.627	'16040': modify order #1636061 sell 0.20 USDJPY at 108.437 sl: 108.523 tp: 108.222 -> sl: 108.502 tp: 108.222
0	19:54:48.784	'16040': order #1636061 sell 0.20 USDJPY at 108.437 was modified -> sl: 108.502 tp: 108.222
0	20:20:49.624	'16040': modify order #1636061 sell 0.20 USDJPY at 108.437 sl: 108.502 tp: 108.222 -> sl: 108.447 tp: 108.222
0	20:20:49.811	'16040': order #1636061 sell 0.20 USDJPY at 108.437 was modified -> sl: 108.447 tp: 108.222
0	20:20:53.971	'16040': modify order #1636061 sell 0.20 USDJPY at 108.437 sl: 108.447 tp: 108.222 -> sl: 108.411 tp: 108.222
0	20:20:54.112	'16040': order #1636061 sell 0.20 USDJPY at 108.437 was modified -> sl: 108.411 tp: 108.222
0	20:33:32.550	'16040': modify order #1636061 sell 0.20 USDJPY at 108.437 sl: 108.411 tp: 108.222 -> sl: 108.411 tp: 108.210
0	20:33:32.738	'16040': order #1636061 sell 0.20 USDJPY at 108.437 was modified -> sl: 108.411 tp: 108.210
0	20:33:38.091	'16040': modify order #1636061 sell 0.20 USDJPY at 108.437 sl: 108.411 tp: 108.210 -> sl: 108.305 tp: 108.210
0	20:33:38.263	'16040': order #1636061 sell 0.20 USDJPY at 108.437 was modified -> sl: 108.305 tp: 108.210
0	21:04:37.398	'16040': modify order #1636061 sell 0.20 USDJPY at 108.437 sl: 108.305 tp: 108.210 -> sl: 108.305 tp: 108.037
0	21:04:37.617	'16040': order #1636061 sell 0.20 USDJPY at 108.437 was modified -> sl: 108.305 tp: 108.037
0	21:04:41.867	'16040': modify order #1636061 sell 0.20 USDJPY at 108.437 sl: 108.305 tp: 108.037 -> sl: 108.282 tp: 108.037
0	21:04:42.039	'16040': order #1636061 sell 0.20 USDJPY at 108.437 was modified -> sl: 108.282 tp: 108.037
0	21:05:55.889	'16040': modify order #1636061 sell 0.20 USDJPY at 108.437 sl: 108.282 tp: 108.037 -> sl: 108.248 tp: 108.037
0	21:05:56.092	'16040': order #1636061 sell 0.20 USDJPY at 108.437 was modified -> sl: 108.248 tp: 108.037
0	21:19:57.052	'16040': order #1636061 sell 0.20 USDJPY at 108.437 closed due stop-loss at price 108.248
0	22:20:44.143	'16040': instant order buy 0.20 USDJPY at 108.579 sl: 0.000 tp: 0.000
0	22:20:44.297	'16040': order was opened : #1638270 buy 0.20 USDJPY at 108.579 sl: 0.000 tp: 0.000
0	22:20:56.414	'16040': modify order #1638270 buy 0.20 USDJPY at 108.579 sl: 0.000 tp: 0.000 -> sl: 108.481 tp: 0.000
0	22:20:56.590	'16040': order #1638270 buy 0.20 USDJPY at 108.579 was modified -> sl: 108.481 tp: 0.000
0	22:21:06.620	'16040': modify order #1638270 buy 0.20 USDJPY at 108.579 sl: 108.481 tp: 0.000 -> sl: 108.439 tp: 0.000
0	22:21:06.793	'16040': order #1638270 buy 0.20 USDJPY at 108.579 was modified -> sl: 108.439 tp: 0.000
0	22:21:09.315	'16040': modify order #1638270 buy 0.20 USDJPY at 108.579 sl: 108.439 tp: 0.000 -> sl: 108.439 tp: 108.776
0	22:21:09.505	'16040': order #1638270 buy 0.20 USDJPY at 108.579 was modified -> sl: 108.439 tp: 108.776
0	22:36:13.288	'16040': modify order #1638270 buy 0.20 USDJPY at 108.579 sl: 108.439 tp: 108.776 -> sl: 108.503 tp: 108.776
0	22:36:13.439	'16040': order #1638270 buy 0.20 USDJPY at 108.579 was modified -> sl: 108.503 tp: 108.776
0	22:36:30.670	'16040': modify order #1638270 buy 0.20 USDJPY at 108.579 sl: 108.503 tp: 108.776 -> sl: 108.503 tp: 108.823
0	22:36:30.833	'16040': order #1638270 buy 0.20 USDJPY at 108.579 was modified -> sl: 108.503 tp: 108.823
0	22:36:33.563	'16040': modify order #1638270 buy 0.20 USDJPY at 108.579 sl: 108.503 tp: 108.823 -> sl: 108.503 tp: 108.783
0	22:36:33.717	'16040': order #1638270 buy 0.20 USDJPY at 108.579 was modified -> sl: 108.503 tp: 108.783
0	22:42:56.176	'16040': modify order #1638270 buy 0.20 USDJPY at 108.579 sl: 108.503 tp: 108.783 -> sl: 108.583 tp: 108.783
0	22:42:56.359	'16040': order #1638270 buy 0.20 USDJPY at 108.579 was modified -> sl: 108.583 tp: 108.783
1	22:42:59.441	'16040': modification of order #1638270 buy 0.20 USDJPY at 108.579 sl: 108.583 tp: 108.783 -> sl: 108.583 tp: 108.621 failed [Invalid S/L or T/P]
0	22:43:07.251	'16040': modify order #1638270 buy 0.20 USDJPY at 108.579 sl: 108.583 tp: 108.783 -> sl: 108.607 tp: 108.783
0	22:43:07.422	'16040': order #1638270 buy 0.20 USDJPY at 108.579 was modified -> sl: 108.607 tp: 108.783
0	22:45:55.109	'16040': modify order #1638270 buy 0.20 USDJPY at 108.579 sl: 108.607 tp: 108.783 -> sl: 108.607 tp: 108.964
0	22:45:55.258	'16040': order #1638270 buy 0.20 USDJPY at 108.579 was modified -> sl: 108.607 tp: 108.964
0	22:46:37.248	'16040': modify order #1638270 buy 0.20 USDJPY at 108.579 sl: 108.607 tp: 108.964 -> sl: 108.661 tp: 108.964
0	22:46:37.394	'16040': order #1638270 buy 0.20 USDJPY at 108.579 was modified -> sl: 108.661 tp: 108.964
0	22:48:44.854	'16040': modify order #1638270 buy 0.20 USDJPY at 108.579 sl: 108.661 tp: 108.964 -> sl: 108.710 tp: 108.964
0	22:48:45.026	'16040': order #1638270 buy 0.20 USDJPY at 108.579 was modified -> sl: 108.710 tp: 108.964
0	23:05:11.443	'16040': modify order #1638270 buy 0.20 USDJPY at 108.579 sl: 108.710 tp: 108.964 -> sl: 108.787 tp: 108.964
0	23:05:11.591	'16040': order #1638270 buy 0.20 USDJPY at 108.579 was modified -> sl: 108.787 tp: 108.964
0	23:06:06.046	'16040': modify order #1638270 buy 0.20 USDJPY at 108.579 sl: 108.787 tp: 108.964 -> sl: 108.849 tp: 108.964
0	23:06:06.246	'16040': order #1638270 buy 0.20 USDJPY at 108.579 was modified -> sl: 108.849 tp: 108.964
0	23:07:29.469	'16040': modify order #1638270 buy 0.20 USDJPY at 108.579 sl: 108.849 tp: 108.964 -> sl: 108.864 tp: 108.964
0	23:07:29.638	'16040': order #1638270 buy 0.20 USDJPY at 108.579 was modified -> sl: 108.864 tp: 108.964
0	23:08:23.275	'16040': modify order #1638270 buy 0.20 USDJPY at 108.579 sl: 108.864 tp: 108.964 -> sl: 108.888 tp: 108.964
0	23:08:23.440	'16040': order #1638270 buy 0.20 USDJPY at 108.579 was modified -> sl: 108.888 tp: 108.964
0	23:09:38.083	'16040': modify order #1638270 buy 0.20 USDJPY at 108.579 sl: 108.888 tp: 108.964 -> sl: 108.888 tp: 108.990
0	23:09:38.229	'16040': order #1638270 buy 0.20 USDJPY at 108.579 was modified -> sl: 108.888 tp: 108.990
0	23:09:49.576	'16040': close order #1638270 buy 0.20 USDJPY at 108.579 sl: 108.888 tp: 108.990 at price 108.909
0	23:09:49.742	'16040': order #1638270 buy 0.20 USDJPY at 108.579 sl: 108.888 tp: 108.990 closed at price 108.909
0	23:10:13.638	System to be shutdown, request for close GemFX MT4
0	23:10:14.513	GemFX MT4 build 950 stopped because system shutdown
