0	07:07:13.316	GemFX MT4 build 950 started (GemTrade Co., Ltd.)
0	07:07:13.316	Windows 10 Home (x64 based PC), IE 12.62, UAC, 8 x Intel Core i7-3770  @ 3.40GHz, RAM: 13261 / 16327 Mb, HDD: 142237 / 228383 Mb, GMT+09:00
0	07:07:13.316	Data Folder: C:\Users\koichi\AppData\Roaming\MetaQuotes\Terminal\250ECE632D67BAE8424D7871E3ED5548
2	07:07:14.653	Custom indicator Otyame005_Super_Bollinger USDJPY,H1: loaded successfully
2	07:07:14.654	Custom indicator 23Signal_Price-v1 USDJPY,H1: loaded successfully
2	07:07:14.659	Custom indicator chikou_span_attacker USDJPY,H1: loaded successfully
2	07:07:14.662	Custom indicator PZ_Harmonic USDJPY,H1: loaded successfully
2	07:07:14.667	Custom indicator Otyame013_RCI_Signal USDJPY,H1: loaded successfully
2	07:07:14.839	Custom indicator Span_model USDJPY,M5: loaded successfully
2	07:07:14.840	Custom indicator ___MAÅôAngle_45_TAKE USDJPY,M5: loaded successfully
2	07:07:14.841	Custom indicator 23Signal_Price-v1 USDJPY,M5: loaded successfully
2	07:07:14.843	Custom indicator Max_Pivot USDJPY,M5: loaded successfully
2	07:07:14.847	Custom indicator Max_Line USDJPY,M5: loaded successfully
2	07:07:14.852	Custom indicator Otyame013_RCI_Signal USDJPY,M5: loaded successfully
2	07:07:15.181	Custom indicator Otyame005_Super_Bollinger EURUSD,H1: loaded successfully
2	07:07:15.182	Custom indicator 23Signal_Price-v1 EURUSD,H1: loaded successfully
2	07:07:15.186	Custom indicator chikou_span_attacker EURUSD,H1: loaded successfully
2	07:07:15.189	Custom indicator PZ_Harmonic EURUSD,H1: loaded successfully
2	07:07:15.194	Custom indicator Otyame013_RCI_Signal EURUSD,H1: loaded successfully
2	07:07:15.366	Custom indicator Span_model EURUSD,M5: loaded successfully
2	07:07:15.367	Custom indicator 23Signal_Price-v1 EURUSD,M5: loaded successfully
2	07:07:15.368	Custom indicator ___MAÅôAngle_45_TAKE EURUSD,M5: loaded successfully
2	07:07:15.370	Custom indicator Max_Pivot EURUSD,M5: loaded successfully
2	07:07:15.374	Custom indicator Max_Line EURUSD,M5: loaded successfully
2	07:07:15.379	Custom indicator Otyame013_RCI_Signal EURUSD,M5: loaded successfully
2	07:07:15.719	Custom indicator Otyame005_Super_Bollinger EURJPY,H1: loaded successfully
2	07:07:15.720	Custom indicator 23Signal_Price-v1 EURJPY,H1: loaded successfully
2	07:07:15.724	Custom indicator chikou_span_attacker EURJPY,H1: loaded successfully
2	07:07:15.728	Custom indicator PZ_Harmonic EURJPY,H1: loaded successfully
2	07:07:15.733	Custom indicator Otyame013_RCI_Signal EURJPY,H1: loaded successfully
2	07:07:15.906	Custom indicator Span_model EURJPY,M5: loaded successfully
2	07:07:15.908	Custom indicator 23Signal_Price-v1 EURJPY,M5: loaded successfully
2	07:07:15.909	Custom indicator ___MAÅôAngle_45_TAKE EURJPY,M5: loaded successfully
2	07:07:15.910	Custom indicator Max_Pivot EURJPY,M5: loaded successfully
2	07:07:15.914	Custom indicator Max_Line EURJPY,M5: loaded successfully
2	07:07:15.916	Custom indicator EWPro EURJPY,M5: loaded successfully
2	07:07:15.921	Custom indicator Elliott_Wave_Oscillator-Arrows2 EURJPY,M5: loaded successfully
2	07:07:15.927	Custom indicator Otyame013_RCI_Signal EURJPY,M5: loaded successfully
2	07:07:16.359	Custom indicator Otyame005_Super_Bollinger GBPUSD,H1: loaded successfully
2	07:07:16.360	Custom indicator 23Signal_Price-v1 GBPUSD,H1: loaded successfully
2	07:07:16.364	Custom indicator chikou_span_attacker GBPUSD,H1: loaded successfully
2	07:07:16.368	Custom indicator PZ_Harmonic GBPUSD,H1: loaded successfully
2	07:07:16.373	Custom indicator Otyame013_RCI_Signal GBPUSD,H1: loaded successfully
2	07:07:16.553	Custom indicator Span_model GBPUSD,M5: loaded successfully
2	07:07:16.554	Custom indicator 23Signal_Price-v1 GBPUSD,M5: loaded successfully
2	07:07:16.556	Custom indicator ___MAÅôAngle_45_TAKE GBPUSD,M5: loaded successfully
2	07:07:16.557	Custom indicator Max_Pivot GBPUSD,M5: loaded successfully
2	07:07:16.561	Custom indicator Max_Line GBPUSD,M5: loaded successfully
2	07:07:16.563	Custom indicator EWPro GBPUSD,M5: loaded successfully
2	07:07:16.568	Custom indicator Elliott_Wave_Oscillator-Arrows2 GBPUSD,M5: loaded successfully
2	07:07:16.573	Custom indicator Otyame013_RCI_Signal GBPUSD,M5: loaded successfully
2	07:07:17.011	Custom indicator Otyame005_Super_Bollinger GBPJPY,H1: loaded successfully
2	07:07:17.012	Custom indicator 23Signal_Price-v1 GBPJPY,H1: loaded successfully
2	07:07:17.016	Custom indicator chikou_span_attacker GBPJPY,H1: loaded successfully
2	07:07:17.019	Custom indicator PZ_Harmonic GBPJPY,H1: loaded successfully
2	07:07:17.025	Custom indicator RSI GBPJPY,H1: loaded successfully
2	07:07:17.030	Custom indicator Otyame013_RCI_Signal GBPJPY,H1: loaded successfully
2	07:07:17.238	Custom indicator Span_model GBPJPY,M5: loaded successfully
2	07:07:17.239	Custom indicator 23Signal_Price-v1 GBPJPY,M5: loaded successfully
2	07:07:17.240	Custom indicator ___MAÅôAngle_45_TAKE GBPJPY,M5: loaded successfully
2	07:07:17.242	Custom indicator Max_Sign GBPJPY,M5: loaded successfully
2	07:07:17.243	Custom indicator Max_Pivot GBPJPY,M5: loaded successfully
2	07:07:17.247	Custom indicator Max_Line GBPJPY,M5: loaded successfully
2	07:07:17.253	Custom indicator Otyame013_RCI_Signal GBPJPY,M5: loaded successfully
2	07:07:17.600	Custom indicator Otyame005_Super_Bollinger AUDUSD,H1: loaded successfully
2	07:07:17.601	Custom indicator 23Signal_Price-v1 AUDUSD,H1: loaded successfully
2	07:07:17.605	Custom indicator chikou_span_attacker AUDUSD,H1: loaded successfully
2	07:07:17.680	Custom indicator Span_model AUDUSD,M5: loaded successfully
2	07:07:17.681	Custom indicator 23Signal_Price-v1 AUDUSD,M5: loaded successfully
2	07:07:17.682	Custom indicator ___MAÅôAngle_45_TAKE AUDUSD,M5: loaded successfully
2	07:07:17.683	Custom indicator Max_Pivot AUDUSD,M5: loaded successfully
2	07:07:17.687	Custom indicator Max_Line AUDUSD,M5: loaded successfully
2	07:07:17.689	Custom indicator EWPro AUDUSD,M5: loaded successfully
2	07:07:17.695	Custom indicator Elliott_Wave_Oscillator-Arrows2 AUDUSD,M5: loaded successfully
2	07:07:17.699	Custom indicator Elliott_Wave_Oscillator AUDUSD,M5: loaded successfully
2	07:07:17.883	Custom indicator Economic_indicator EURUSD,M5: loaded successfully
0	07:07:19.421	'16040': login on GemForex-Live through DC1 (ping: 77.66 ms)
0	07:07:20.269	'16040': login datacenter on GemForex-Live through DC1 (ping: 77.66 ms)
0	07:07:20.458	'16040': previous successful authorization performed from 119.242.14.176
0	07:07:42.584	'16040': ping to current access point DC1 is 72.77 ms
2	07:17:46.044	Custom indicator Otyame005_Super_Bollinger USDJPY,H1: removed
2	07:17:46.044	Custom indicator 23Signal_Price-v1 USDJPY,H1: removed
2	07:17:46.044	Custom indicator chikou_span_attacker USDJPY,H1: removed
2	07:17:46.044	Custom indicator PZ_Harmonic USDJPY,H1: removed
2	07:17:46.044	Custom indicator Otyame013_RCI_Signal USDJPY,H1: removed
2	07:17:46.044	Custom indicator Span_model USDJPY,Daily: removed
2	07:17:46.044	Custom indicator ___MAÅôAngle_45_TAKE USDJPY,Daily: removed
2	07:17:46.044	Custom indicator 23Signal_Price-v1 USDJPY,Daily: removed
2	07:17:46.044	Custom indicator Max_Pivot USDJPY,Daily: removed
2	07:17:46.044	Custom indicator Max_Line USDJPY,Daily: removed
2	07:17:46.060	Custom indicator Otyame013_RCI_Signal USDJPY,Daily: removed
2	07:17:46.060	Custom indicator Otyame005_Super_Bollinger EURUSD,H1: removed
2	07:17:46.060	Custom indicator 23Signal_Price-v1 EURUSD,H1: removed
2	07:17:46.060	Custom indicator chikou_span_attacker EURUSD,H1: removed
2	07:17:46.060	Custom indicator PZ_Harmonic EURUSD,H1: removed
2	07:17:46.060	Custom indicator Otyame013_RCI_Signal EURUSD,H1: removed
2	07:17:46.060	Custom indicator Span_model EURUSD,M5: removed
2	07:17:46.060	Custom indicator 23Signal_Price-v1 EURUSD,M5: removed
2	07:17:46.060	Custom indicator ___MAÅôAngle_45_TAKE EURUSD,M5: removed
2	07:17:46.060	Custom indicator Max_Pivot EURUSD,M5: removed
2	07:17:46.060	Custom indicator Max_Line EURUSD,M5: removed
2	07:17:46.060	Custom indicator Otyame013_RCI_Signal EURUSD,M5: removed
2	07:17:46.060	Custom indicator Otyame005_Super_Bollinger EURJPY,H1: removed
2	07:17:46.060	Custom indicator 23Signal_Price-v1 EURJPY,H1: removed
2	07:17:46.060	Custom indicator chikou_span_attacker EURJPY,H1: removed
2	07:17:46.060	Custom indicator PZ_Harmonic EURJPY,H1: removed
2	07:17:46.060	Custom indicator Otyame013_RCI_Signal EURJPY,H1: removed
2	07:17:46.060	Custom indicator Span_model EURJPY,Daily: removed
2	07:17:46.060	Custom indicator 23Signal_Price-v1 EURJPY,Daily: removed
2	07:17:46.060	Custom indicator ___MAÅôAngle_45_TAKE EURJPY,Daily: removed
2	07:17:46.060	Custom indicator Max_Pivot EURJPY,Daily: removed
2	07:17:46.060	Custom indicator Max_Line EURJPY,Daily: removed
2	07:17:46.060	Custom indicator EWPro EURJPY,Daily: removed
2	07:17:46.060	Custom indicator Elliott_Wave_Oscillator-Arrows2 EURJPY,Daily: removed
2	07:17:46.060	Custom indicator Otyame013_RCI_Signal EURJPY,Daily: removed
2	07:17:46.075	Custom indicator Otyame005_Super_Bollinger GBPUSD,H1: removed
2	07:17:46.075	Custom indicator 23Signal_Price-v1 GBPUSD,H1: removed
2	07:17:46.075	Custom indicator chikou_span_attacker GBPUSD,H1: removed
2	07:17:46.075	Custom indicator PZ_Harmonic GBPUSD,H1: removed
2	07:17:46.075	Custom indicator Otyame013_RCI_Signal GBPUSD,H1: removed
2	07:17:46.075	Custom indicator Span_model GBPUSD,M5: removed
2	07:17:46.075	Custom indicator 23Signal_Price-v1 GBPUSD,M5: removed
2	07:17:46.075	Custom indicator ___MAÅôAngle_45_TAKE GBPUSD,M5: removed
2	07:17:46.075	Custom indicator Max_Pivot GBPUSD,M5: removed
2	07:17:46.075	Custom indicator Max_Line GBPUSD,M5: removed
2	07:17:46.075	Custom indicator EWPro GBPUSD,M5: removed
2	07:17:46.075	Custom indicator Elliott_Wave_Oscillator-Arrows2 GBPUSD,M5: removed
2	07:17:46.075	Custom indicator Otyame013_RCI_Signal GBPUSD,M5: removed
2	07:17:46.075	Custom indicator Otyame005_Super_Bollinger GBPJPY,H1: removed
2	07:17:46.075	Custom indicator 23Signal_Price-v1 GBPJPY,H1: removed
2	07:17:46.075	Custom indicator chikou_span_attacker GBPJPY,H1: removed
2	07:17:46.075	Custom indicator PZ_Harmonic GBPJPY,H1: removed
2	07:17:46.075	Custom indicator RSI GBPJPY,H1: removed
2	07:17:46.075	Custom indicator Otyame013_RCI_Signal GBPJPY,H1: removed
2	07:17:46.075	Custom indicator Span_model GBPJPY,M5: removed
2	07:17:46.075	Custom indicator 23Signal_Price-v1 GBPJPY,M5: removed
2	07:17:46.075	Custom indicator ___MAÅôAngle_45_TAKE GBPJPY,M5: removed
2	07:17:46.075	Custom indicator Max_Sign GBPJPY,M5: removed
2	07:17:46.075	Custom indicator Max_Pivot GBPJPY,M5: removed
2	07:17:46.075	Custom indicator Max_Line GBPJPY,M5: removed
2	07:17:46.075	Custom indicator Otyame013_RCI_Signal GBPJPY,M5: removed
2	07:17:46.075	Custom indicator Otyame005_Super_Bollinger AUDUSD,H1: removed
2	07:17:46.075	Custom indicator 23Signal_Price-v1 AUDUSD,H1: removed
2	07:17:46.075	Custom indicator chikou_span_attacker AUDUSD,H1: removed
2	07:17:46.091	Custom indicator Span_model AUDUSD,M5: removed
2	07:17:46.091	Custom indicator 23Signal_Price-v1 AUDUSD,M5: removed
2	07:17:46.091	Custom indicator ___MAÅôAngle_45_TAKE AUDUSD,M5: removed
2	07:17:46.091	Custom indicator Max_Pivot AUDUSD,M5: removed
2	07:17:46.091	Custom indicator Max_Line AUDUSD,M5: removed
2	07:17:46.091	Custom indicator EWPro AUDUSD,M5: removed
2	07:17:46.091	Custom indicator Elliott_Wave_Oscillator-Arrows2 AUDUSD,M5: removed
2	07:17:46.091	Custom indicator Elliott_Wave_Oscillator AUDUSD,M5: removed
2	07:17:46.091	Custom indicator Economic_indicator EURUSD,M5: removed
0	07:17:46.607	GemFX MT4 build 950 stopped
0	07:17:48.529	GemFX MT4 build 950 started (GemTrade Co., Ltd.)
0	07:17:48.529	Windows 10 Home (x64 based PC), IE 12.62, UAC, 8 x Intel Core i7-3770  @ 3.40GHz, RAM: 13733 / 16327 Mb, HDD: 142232 / 228383 Mb, GMT+09:00
0	07:17:48.529	Data Folder: C:\Users\koichi\AppData\Roaming\MetaQuotes\Terminal\250ECE632D67BAE8424D7871E3ED5548
0	07:17:48.544	Sources recompilation started
0	07:17:49.544	Sources recompilation finished (1 compiled in 1000 msec)
2	07:17:49.857	Custom indicator Otyame005_Super_Bollinger USDJPY,H1: loaded successfully
2	07:17:49.857	Custom indicator 23Signal_Price-v1 USDJPY,H1: loaded successfully
2	07:17:49.857	Custom indicator chikou_span_attacker USDJPY,H1: loaded successfully
2	07:17:49.857	Custom indicator PZ_Harmonic USDJPY,H1: loaded successfully
2	07:17:49.872	Custom indicator Otyame013_RCI_Signal USDJPY,H1: loaded successfully
2	07:17:49.997	Custom indicator Span_model USDJPY,Daily: loaded successfully
2	07:17:49.997	Custom indicator ___MAÅôAngle_45_TAKE USDJPY,Daily: loaded successfully
2	07:17:49.997	Custom indicator 23Signal_Price-v1 USDJPY,Daily: loaded successfully
2	07:17:49.997	Custom indicator Max_Pivot USDJPY,Daily: loaded successfully
2	07:17:50.013	Custom indicator Max_Line USDJPY,Daily: loaded successfully
2	07:17:50.013	Custom indicator Otyame013_RCI_Signal USDJPY,Daily: loaded successfully
2	07:17:50.122	Custom indicator Otyame005_Super_Bollinger EURUSD,H1: loaded successfully
2	07:17:50.122	Custom indicator 23Signal_Price-v1 EURUSD,H1: loaded successfully
2	07:17:50.138	Custom indicator chikou_span_attacker EURUSD,H1: loaded successfully
2	07:17:50.138	Custom indicator PZ_Harmonic EURUSD,H1: loaded successfully
2	07:17:50.138	Custom indicator Otyame013_RCI_Signal EURUSD,H1: loaded successfully
2	07:17:50.279	Custom indicator Span_model EURUSD,M5: loaded successfully
2	07:17:50.279	Custom indicator 23Signal_Price-v1 EURUSD,M5: loaded successfully
2	07:17:50.279	Custom indicator ___MAÅôAngle_45_TAKE EURUSD,M5: loaded successfully
2	07:17:50.279	Custom indicator Max_Pivot EURUSD,M5: loaded successfully
2	07:17:50.279	Custom indicator Max_Line EURUSD,M5: loaded successfully
2	07:17:50.294	Custom indicator Otyame013_RCI_Signal EURUSD,M5: loaded successfully
2	07:17:50.622	Custom indicator Otyame005_Super_Bollinger EURJPY,H1: loaded successfully
2	07:17:50.622	Custom indicator 23Signal_Price-v1 EURJPY,H1: loaded successfully
2	07:17:50.622	Custom indicator chikou_span_attacker EURJPY,H1: loaded successfully
2	07:17:50.622	Custom indicator PZ_Harmonic EURJPY,H1: loaded successfully
2	07:17:50.638	Custom indicator Otyame013_RCI_Signal EURJPY,H1: loaded successfully
2	07:17:50.763	Custom indicator Span_model EURJPY,Daily: loaded successfully
2	07:17:50.763	Custom indicator 23Signal_Price-v1 EURJPY,Daily: loaded successfully
2	07:17:50.763	Custom indicator ___MAÅôAngle_45_TAKE EURJPY,Daily: loaded successfully
2	07:17:50.763	Custom indicator Max_Pivot EURJPY,Daily: loaded successfully
2	07:17:50.779	Custom indicator Max_Line EURJPY,Daily: loaded successfully
2	07:17:50.779	Custom indicator EWPro EURJPY,Daily: loaded successfully
2	07:17:50.779	Custom indicator Elliott_Wave_Oscillator-Arrows2 EURJPY,Daily: loaded successfully
2	07:17:50.794	Custom indicator Otyame013_RCI_Signal EURJPY,Daily: loaded successfully
2	07:17:50.935	Custom indicator Otyame005_Super_Bollinger GBPUSD,H1: loaded successfully
2	07:17:50.935	Custom indicator 23Signal_Price-v1 GBPUSD,H1: loaded successfully
2	07:17:50.935	Custom indicator chikou_span_attacker GBPUSD,H1: loaded successfully
2	07:17:50.935	Custom indicator PZ_Harmonic GBPUSD,H1: loaded successfully
2	07:17:50.950	Custom indicator Otyame013_RCI_Signal GBPUSD,H1: loaded successfully
2	07:17:51.076	Custom indicator Span_model GBPUSD,M5: loaded successfully
2	07:17:51.076	Custom indicator 23Signal_Price-v1 GBPUSD,M5: loaded successfully
2	07:17:51.091	Custom indicator ___MAÅôAngle_45_TAKE GBPUSD,M5: loaded successfully
2	07:17:51.091	Custom indicator Max_Pivot GBPUSD,M5: loaded successfully
2	07:17:51.091	Custom indicator Max_Line GBPUSD,M5: loaded successfully
2	07:17:51.091	Custom indicator EWPro GBPUSD,M5: loaded successfully
2	07:17:51.091	Custom indicator Elliott_Wave_Oscillator-Arrows2 GBPUSD,M5: loaded successfully
2	07:17:51.107	Custom indicator Otyame013_RCI_Signal GBPUSD,M5: loaded successfully
2	07:17:51.529	Custom indicator Otyame005_Super_Bollinger GBPJPY,H1: loaded successfully
2	07:17:51.544	Custom indicator 23Signal_Price-v1 GBPJPY,H1: loaded successfully
2	07:17:51.544	Custom indicator chikou_span_attacker GBPJPY,H1: loaded successfully
2	07:17:51.544	Custom indicator PZ_Harmonic GBPJPY,H1: loaded successfully
2	07:17:51.544	Custom indicator RSI GBPJPY,H1: loaded successfully
2	07:17:51.560	Custom indicator Otyame013_RCI_Signal GBPJPY,H1: loaded successfully
2	07:17:51.701	Custom indicator Span_model GBPJPY,M5: loaded successfully
2	07:17:51.701	Custom indicator 23Signal_Price-v1 GBPJPY,M5: loaded successfully
2	07:17:51.701	Custom indicator ___MAÅôAngle_45_TAKE GBPJPY,M5: loaded successfully
2	07:17:51.701	Custom indicator Max_Sign GBPJPY,M5: loaded successfully
2	07:17:51.701	Custom indicator Max_Pivot GBPJPY,M5: loaded successfully
2	07:17:51.701	Custom indicator Max_Line GBPJPY,M5: loaded successfully
2	07:17:51.716	Custom indicator Otyame013_RCI_Signal GBPJPY,M5: loaded successfully
2	07:17:52.044	Custom indicator Otyame005_Super_Bollinger AUDUSD,H1: loaded successfully
2	07:17:52.044	Custom indicator 23Signal_Price-v1 AUDUSD,H1: loaded successfully
2	07:17:52.060	Custom indicator chikou_span_attacker AUDUSD,H1: loaded successfully
2	07:17:52.091	Custom indicator Span_model AUDUSD,M5: loaded successfully
2	07:17:52.091	Custom indicator 23Signal_Price-v1 AUDUSD,M5: loaded successfully
2	07:17:52.091	Custom indicator ___MAÅôAngle_45_TAKE AUDUSD,M5: loaded successfully
2	07:17:52.091	Custom indicator Max_Pivot AUDUSD,M5: loaded successfully
2	07:17:52.107	Custom indicator Max_Line AUDUSD,M5: loaded successfully
2	07:17:52.107	Custom indicator EWPro AUDUSD,M5: loaded successfully
2	07:17:52.107	Custom indicator Elliott_Wave_Oscillator-Arrows2 AUDUSD,M5: loaded successfully
2	07:17:52.107	Custom indicator Elliott_Wave_Oscillator AUDUSD,M5: loaded successfully
2	07:17:52.294	Custom indicator Economic_indicator EURUSD,M5: loaded successfully
0	07:17:54.013	'16040': login on GemForex-Live through DC1 (ping: 72.77 ms)
0	07:17:54.919	'16040': login datacenter on GemForex-Live through DC1 (ping: 72.77 ms)
0	07:17:55.133	'16040': previous successful authorization performed from 119.242.14.176
2	07:18:25.790	Custom indicator Otyame005_Super_Bollinger USDJPY,H1: removed
2	07:18:25.790	Custom indicator 23Signal_Price-v1 USDJPY,H1: removed
2	07:18:25.790	Custom indicator chikou_span_attacker USDJPY,H1: removed
2	07:18:25.790	Custom indicator PZ_Harmonic USDJPY,H1: removed
2	07:18:25.790	Custom indicator Otyame013_RCI_Signal USDJPY,H1: removed
2	07:18:25.790	Custom indicator Span_model USDJPY,Daily: removed
2	07:18:25.790	Custom indicator ___MAÅôAngle_45_TAKE USDJPY,Daily: removed
2	07:18:25.790	Custom indicator 23Signal_Price-v1 USDJPY,Daily: removed
2	07:18:25.790	Custom indicator Max_Pivot USDJPY,Daily: removed
2	07:18:25.790	Custom indicator Max_Line USDJPY,Daily: removed
2	07:18:25.790	Custom indicator Otyame013_RCI_Signal USDJPY,Daily: removed
2	07:18:25.790	Custom indicator Otyame005_Super_Bollinger EURUSD,H1: removed
2	07:18:25.790	Custom indicator 23Signal_Price-v1 EURUSD,H1: removed
2	07:18:25.790	Custom indicator chikou_span_attacker EURUSD,H1: removed
2	07:18:25.790	Custom indicator PZ_Harmonic EURUSD,H1: removed
2	07:18:25.790	Custom indicator Otyame013_RCI_Signal EURUSD,H1: removed
2	07:18:25.790	Custom indicator Span_model EURUSD,M5: removed
2	07:18:25.790	Custom indicator 23Signal_Price-v1 EURUSD,M5: removed
2	07:18:25.790	Custom indicator ___MAÅôAngle_45_TAKE EURUSD,M5: removed
2	07:18:25.790	Custom indicator Max_Pivot EURUSD,M5: removed
2	07:18:25.790	Custom indicator Max_Line EURUSD,M5: removed
2	07:18:25.790	Custom indicator Otyame013_RCI_Signal EURUSD,M5: removed
2	07:18:25.806	Custom indicator Otyame005_Super_Bollinger EURJPY,H1: removed
2	07:18:25.806	Custom indicator 23Signal_Price-v1 EURJPY,H1: removed
2	07:18:25.806	Custom indicator chikou_span_attacker EURJPY,H1: removed
2	07:18:25.806	Custom indicator PZ_Harmonic EURJPY,H1: removed
2	07:18:25.806	Custom indicator Otyame013_RCI_Signal EURJPY,H1: removed
2	07:18:25.806	Custom indicator Span_model EURJPY,Daily: removed
2	07:18:25.806	Custom indicator 23Signal_Price-v1 EURJPY,Daily: removed
2	07:18:25.806	Custom indicator ___MAÅôAngle_45_TAKE EURJPY,Daily: removed
2	07:18:25.806	Custom indicator Max_Pivot EURJPY,Daily: removed
2	07:18:25.806	Custom indicator Max_Line EURJPY,Daily: removed
2	07:18:25.806	Custom indicator EWPro EURJPY,Daily: removed
2	07:18:25.806	Custom indicator Elliott_Wave_Oscillator-Arrows2 EURJPY,Daily: removed
2	07:18:25.806	Custom indicator Otyame013_RCI_Signal EURJPY,Daily: removed
2	07:18:25.806	Custom indicator Otyame005_Super_Bollinger GBPUSD,H1: removed
2	07:18:25.806	Custom indicator 23Signal_Price-v1 GBPUSD,H1: removed
2	07:18:25.806	Custom indicator chikou_span_attacker GBPUSD,H1: removed
2	07:18:25.806	Custom indicator PZ_Harmonic GBPUSD,H1: removed
2	07:18:25.806	Custom indicator Otyame013_RCI_Signal GBPUSD,H1: removed
2	07:18:25.806	Custom indicator Span_model GBPUSD,M5: removed
2	07:18:25.806	Custom indicator 23Signal_Price-v1 GBPUSD,M5: removed
2	07:18:25.806	Custom indicator ___MAÅôAngle_45_TAKE GBPUSD,M5: removed
2	07:18:25.806	Custom indicator Max_Pivot GBPUSD,M5: removed
2	07:18:25.806	Custom indicator Max_Line GBPUSD,M5: removed
2	07:18:25.806	Custom indicator EWPro GBPUSD,M5: removed
2	07:18:25.806	Custom indicator Elliott_Wave_Oscillator-Arrows2 GBPUSD,M5: removed
2	07:18:25.806	Custom indicator Otyame013_RCI_Signal GBPUSD,M5: removed
2	07:18:25.806	Custom indicator Otyame005_Super_Bollinger GBPJPY,H1: removed
2	07:18:25.806	Custom indicator 23Signal_Price-v1 GBPJPY,H1: removed
2	07:18:25.806	Custom indicator chikou_span_attacker GBPJPY,H1: removed
2	07:18:25.806	Custom indicator PZ_Harmonic GBPJPY,H1: removed
2	07:18:25.806	Custom indicator RSI GBPJPY,H1: removed
2	07:18:25.806	Custom indicator Otyame013_RCI_Signal GBPJPY,H1: removed
2	07:18:25.806	Custom indicator Span_model GBPJPY,M5: removed
2	07:18:25.806	Custom indicator 23Signal_Price-v1 GBPJPY,M5: removed
2	07:18:25.806	Custom indicator ___MAÅôAngle_45_TAKE GBPJPY,M5: removed
2	07:18:25.806	Custom indicator Max_Sign GBPJPY,M5: removed
2	07:18:25.806	Custom indicator Max_Pivot GBPJPY,M5: removed
2	07:18:25.806	Custom indicator Max_Line GBPJPY,M5: removed
2	07:18:25.806	Custom indicator Otyame013_RCI_Signal GBPJPY,M5: removed
2	07:18:25.806	Custom indicator Otyame005_Super_Bollinger AUDUSD,H1: removed
2	07:18:25.806	Custom indicator 23Signal_Price-v1 AUDUSD,H1: removed
2	07:18:25.821	Custom indicator chikou_span_attacker AUDUSD,H1: removed
2	07:18:25.821	Custom indicator Span_model AUDUSD,M5: removed
2	07:18:25.821	Custom indicator 23Signal_Price-v1 AUDUSD,M5: removed
2	07:18:25.821	Custom indicator ___MAÅôAngle_45_TAKE AUDUSD,M5: removed
2	07:18:25.821	Custom indicator Max_Pivot AUDUSD,M5: removed
2	07:18:25.821	Custom indicator Max_Line AUDUSD,M5: removed
2	07:18:25.821	Custom indicator EWPro AUDUSD,M5: removed
2	07:18:25.821	Custom indicator Elliott_Wave_Oscillator-Arrows2 AUDUSD,M5: removed
2	07:18:25.821	Custom indicator Elliott_Wave_Oscillator AUDUSD,M5: removed
2	07:18:25.821	Custom indicator Economic_indicator EURUSD,M5: removed
0	07:18:26.149	GemFX MT4 build 950 stopped
0	13:53:12.252	GemFX MT4 build 950 started (GemTrade Co., Ltd.)
0	13:53:12.252	Windows 10 Home (x64 based PC), IE 12.62, UAC, 8 x Intel Core i7-3770  @ 3.40GHz, RAM: 13943 / 16327 Mb, HDD: 142240 / 228383 Mb, GMT+09:00
0	13:53:12.252	Data Folder: C:\Users\koichi\AppData\Roaming\MetaQuotes\Terminal\250ECE632D67BAE8424D7871E3ED5548
2	13:53:13.581	Custom indicator Otyame005_Super_Bollinger USDJPY,H1: loaded successfully
2	13:53:13.581	Custom indicator 23Signal_Price-v1 USDJPY,H1: loaded successfully
2	13:53:13.581	Custom indicator chikou_span_attacker USDJPY,H1: loaded successfully
2	13:53:13.596	Custom indicator PZ_Harmonic USDJPY,H1: loaded successfully
2	13:53:13.596	Custom indicator Otyame013_RCI_Signal USDJPY,H1: loaded successfully
2	13:53:13.784	Custom indicator Span_model USDJPY,Daily: loaded successfully
2	13:53:13.784	Custom indicator ___MAÅôAngle_45_TAKE USDJPY,Daily: loaded successfully
2	13:53:13.799	Custom indicator 23Signal_Price-v1 USDJPY,Daily: loaded successfully
2	13:53:13.799	Custom indicator Max_Pivot USDJPY,Daily: loaded successfully
2	13:53:13.799	Custom indicator Max_Line USDJPY,Daily: loaded successfully
2	13:53:13.799	Custom indicator Otyame013_RCI_Signal USDJPY,Daily: loaded successfully
2	13:53:13.924	Custom indicator Otyame005_Super_Bollinger EURUSD,H1: loaded successfully
2	13:53:13.924	Custom indicator 23Signal_Price-v1 EURUSD,H1: loaded successfully
2	13:53:13.924	Custom indicator chikou_span_attacker EURUSD,H1: loaded successfully
2	13:53:13.924	Custom indicator PZ_Harmonic EURUSD,H1: loaded successfully
2	13:53:13.924	Custom indicator Otyame013_RCI_Signal EURUSD,H1: loaded successfully
2	13:53:14.112	Custom indicator Span_model EURUSD,M5: loaded successfully
2	13:53:14.112	Custom indicator 23Signal_Price-v1 EURUSD,M5: loaded successfully
2	13:53:14.112	Custom indicator ___MAÅôAngle_45_TAKE EURUSD,M5: loaded successfully
2	13:53:14.118	Custom indicator Max_Pivot EURUSD,M5: loaded successfully
2	13:53:14.122	Custom indicator Max_Line EURUSD,M5: loaded successfully
2	13:53:14.126	Custom indicator Otyame013_RCI_Signal EURUSD,M5: loaded successfully
2	13:53:14.481	Custom indicator Otyame005_Super_Bollinger EURJPY,H1: loaded successfully
2	13:53:14.481	Custom indicator 23Signal_Price-v1 EURJPY,H1: loaded successfully
2	13:53:14.486	Custom indicator chikou_span_attacker EURJPY,H1: loaded successfully
2	13:53:14.490	Custom indicator PZ_Harmonic EURJPY,H1: loaded successfully
2	13:53:14.490	Custom indicator Otyame013_RCI_Signal EURJPY,H1: loaded successfully
2	13:53:14.669	Custom indicator Span_model EURJPY,Daily: loaded successfully
2	13:53:14.669	Custom indicator 23Signal_Price-v1 EURJPY,Daily: loaded successfully
2	13:53:14.669	Custom indicator ___MAÅôAngle_45_TAKE EURJPY,Daily: loaded successfully
2	13:53:14.669	Custom indicator Max_Pivot EURJPY,Daily: loaded successfully
2	13:53:14.669	Custom indicator Max_Line EURJPY,Daily: loaded successfully
2	13:53:14.669	Custom indicator EWPro EURJPY,Daily: loaded successfully
2	13:53:14.684	Custom indicator Elliott_Wave_Oscillator-Arrows2 EURJPY,Daily: loaded successfully
2	13:53:14.692	Custom indicator Otyame013_RCI_Signal EURJPY,Daily: loaded successfully
2	13:53:14.855	Custom indicator Otyame005_Super_Bollinger GBPUSD,H1: loaded successfully
2	13:53:14.855	Custom indicator 23Signal_Price-v1 GBPUSD,H1: loaded successfully
2	13:53:14.870	Custom indicator chikou_span_attacker GBPUSD,H1: loaded successfully
2	13:53:14.870	Custom indicator PZ_Harmonic GBPUSD,H1: loaded successfully
2	13:53:14.870	Custom indicator Otyame013_RCI_Signal GBPUSD,H1: loaded successfully
2	13:53:15.055	Custom indicator Span_model GBPUSD,M5: loaded successfully
2	13:53:15.055	Custom indicator 23Signal_Price-v1 GBPUSD,M5: loaded successfully
2	13:53:15.055	Custom indicator ___MAÅôAngle_45_TAKE GBPUSD,M5: loaded successfully
2	13:53:15.055	Custom indicator Max_Pivot GBPUSD,M5: loaded successfully
2	13:53:15.070	Custom indicator Max_Line GBPUSD,M5: loaded successfully
2	13:53:15.070	Custom indicator EWPro GBPUSD,M5: loaded successfully
2	13:53:15.070	Custom indicator Elliott_Wave_Oscillator-Arrows2 GBPUSD,M5: loaded successfully
2	13:53:15.070	Custom indicator Otyame013_RCI_Signal GBPUSD,M5: loaded successfully
2	13:53:15.522	Custom indicator Otyame005_Super_Bollinger GBPJPY,H1: loaded successfully
2	13:53:15.522	Custom indicator 23Signal_Price-v1 GBPJPY,H1: loaded successfully
2	13:53:15.522	Custom indicator chikou_span_attacker GBPJPY,H1: loaded successfully
2	13:53:15.522	Custom indicator PZ_Harmonic GBPJPY,H1: loaded successfully
2	13:53:15.538	Custom indicator RSI GBPJPY,H1: loaded successfully
2	13:53:15.538	Custom indicator Otyame013_RCI_Signal GBPJPY,H1: loaded successfully
2	13:53:15.736	Custom indicator Span_model GBPJPY,M5: loaded successfully
2	13:53:15.752	Custom indicator 23Signal_Price-v1 GBPJPY,M5: loaded successfully
2	13:53:15.752	Custom indicator ___MAÅôAngle_45_TAKE GBPJPY,M5: loaded successfully
2	13:53:15.752	Custom indicator Max_Sign GBPJPY,M5: loaded successfully
2	13:53:15.752	Custom indicator Max_Pivot GBPJPY,M5: loaded successfully
2	13:53:15.752	Custom indicator Max_Line GBPJPY,M5: loaded successfully
2	13:53:15.752	Custom indicator Otyame013_RCI_Signal GBPJPY,M5: loaded successfully
2	13:53:16.098	Custom indicator Otyame005_Super_Bollinger AUDUSD,H1: loaded successfully
2	13:53:16.101	Custom indicator 23Signal_Price-v1 AUDUSD,H1: loaded successfully
2	13:53:16.106	Custom indicator chikou_span_attacker AUDUSD,H1: loaded successfully
2	13:53:16.168	Custom indicator Span_model AUDUSD,M5: loaded successfully
2	13:53:16.168	Custom indicator 23Signal_Price-v1 AUDUSD,M5: loaded successfully
2	13:53:16.168	Custom indicator ___MAÅôAngle_45_TAKE AUDUSD,M5: loaded successfully
2	13:53:16.168	Custom indicator Max_Pivot AUDUSD,M5: loaded successfully
2	13:53:16.185	Custom indicator Max_Line AUDUSD,M5: loaded successfully
2	13:53:16.185	Custom indicator EWPro AUDUSD,M5: loaded successfully
2	13:53:16.189	Custom indicator Elliott_Wave_Oscillator-Arrows2 AUDUSD,M5: loaded successfully
2	13:53:16.189	Custom indicator Elliott_Wave_Oscillator AUDUSD,M5: loaded successfully
2	13:53:16.367	Custom indicator Economic_indicator EURUSD,M5: loaded successfully
0	13:53:17.952	'16040': login on GemForex-Live through DC1 (ping: 72.77 ms)
0	13:53:18.821	'16040': login datacenter on GemForex-Live through DC1 (ping: 72.77 ms)
0	13:53:19.053	'16040': previous successful authorization performed from 49.96.28.229
0	13:53:42.508	'16040': ping to current access point DC1 is 72.89 ms
0	15:07:23.405	'16040': instant order sell 0.50 USDJPY at 108.657 sl: 0.000 tp: 0.000
0	15:07:23.564	'16040': order was opened : #1558471 sell 0.50 USDJPY at 108.657 sl: 0.000 tp: 0.000
1	15:08:07.194	'16040': modification of order #1558471 sell 0.50 USDJPY at 108.657 sl: 0.000 tp: 0.000 -> sl: 108.690 tp: 0.000 failed [Invalid S/L or T/P]
0	15:08:12.611	'16040': modify order #1558471 sell 0.50 USDJPY at 108.657 sl: 0.000 tp: 0.000 -> sl: 108.801 tp: 0.000
0	15:08:12.783	'16040': order #1558471 sell 0.50 USDJPY at 108.657 was modified -> sl: 108.801 tp: 0.000
0	15:44:21.967	'16040': instant order sell 0.50 USDJPY at 108.738 sl: 0.000 tp: 0.000
0	15:44:22.108	'16040': order was opened : #1558655 sell 0.50 USDJPY at 108.738 sl: 0.000 tp: 0.000
0	15:50:55.083	'16040': modify order #1558471 sell 0.50 USDJPY at 108.657 sl: 108.801 tp: 0.000 -> sl: 108.825 tp: 0.000
0	15:50:55.270	'16040': order #1558471 sell 0.50 USDJPY at 108.657 was modified -> sl: 108.825 tp: 0.000
0	16:08:26.741	'16040': order #1558471 sell 0.50 USDJPY at 108.657 closed due stop-loss at price 108.825
0	16:08:37.125	'16040': close order #1558655 sell 0.50 USDJPY at 108.738 sl: 0.000 tp: 0.000 at price 108.826
0	16:08:37.287	'16040': order #1558655 sell 0.50 USDJPY at 108.738 sl: 0.000 tp: 0.000 closed at price 108.826
0	16:09:27.913	'16040': instant order sell 0.50 EURUSD at 1.13512 sl: 0.00000 tp: 0.00000
0	16:09:28.038	'16040': order was opened : #1558867 sell 0.50 EURUSD at 1.13512 sl: 0.00000 tp: 0.00000
0	16:11:13.393	'16040': instant order sell 0.50 EURUSD at 1.13548 sl: 0.00000 tp: 0.00000
0	16:11:13.565	'16040': order was opened : #1558886 sell 0.50 EURUSD at 1.13548 sl: 0.00000 tp: 0.00000
0	16:24:48.787	'16040': modify order #1558886 sell 0.50 EURUSD at 1.13548 sl: 0.00000 tp: 0.00000 -> sl: 1.13607 tp: 0.00000
0	16:24:48.944	'16040': order #1558886 sell 0.50 EURUSD at 1.13548 was modified -> sl: 1.13607 tp: 0.00000
0	16:24:55.835	'16040': modify order #1558867 sell 0.50 EURUSD at 1.13512 sl: 0.00000 tp: 0.00000 -> sl: 1.13608 tp: 0.00000
0	16:24:56.006	'16040': order #1558867 sell 0.50 EURUSD at 1.13512 was modified -> sl: 1.13608 tp: 0.00000
0	16:25:06.458	'16040': modify order #1558867 sell 0.50 EURUSD at 1.13512 sl: 1.13608 tp: 0.00000 -> sl: 1.13608 tp: 1.13381
0	16:25:06.630	'16040': order #1558867 sell 0.50 EURUSD at 1.13512 was modified -> sl: 1.13608 tp: 1.13381
0	16:25:10.333	'16040': modify order #1558886 sell 0.50 EURUSD at 1.13548 sl: 1.13607 tp: 0.00000 -> sl: 1.13607 tp: 1.13384
0	16:25:10.520	'16040': order #1558886 sell 0.50 EURUSD at 1.13548 was modified -> sl: 1.13607 tp: 1.13384
0	16:30:46.412	'16040': modify order #1558867 sell 0.50 EURUSD at 1.13512 sl: 1.13608 tp: 1.13381 -> sl: 1.13639 tp: 1.13381
0	16:30:46.615	'16040': order #1558867 sell 0.50 EURUSD at 1.13512 was modified -> sl: 1.13639 tp: 1.13381
0	16:30:51.396	'16040': modify order #1558886 sell 0.50 EURUSD at 1.13548 sl: 1.13607 tp: 1.13384 -> sl: 1.13639 tp: 1.13384
0	16:30:51.568	'16040': order #1558886 sell 0.50 EURUSD at 1.13548 was modified -> sl: 1.13639 tp: 1.13384
0	16:34:24.350	'16040': order #1558867 sell 0.50 EURUSD at 1.13512 closed due stop-loss at price 1.13639
0	16:34:24.350	'16040': order #1558886 sell 0.50 EURUSD at 1.13548 closed due stop-loss at price 1.13639
0	16:35:12.210	'16040': instant order buy 0.50 USDJPY at 108.958 sl: 0.000 tp: 0.000
0	16:35:12.366	'16040': order was opened : #1559065 buy 0.50 USDJPY at 108.958 sl: 0.000 tp: 0.000
0	16:39:12.319	'16040': modify order #1559065 buy 0.50 USDJPY at 108.958 sl: 0.000 tp: 0.000 -> sl: 108.822 tp: 0.000
0	16:39:12.491	'16040': order #1559065 buy 0.50 USDJPY at 108.958 was modified -> sl: 108.822 tp: 0.000
0	16:44:40.460	'16040': close order #1559065 buy 0.50 USDJPY at 108.958 sl: 108.822 tp: 0.000 at price 109.039
0	16:44:40.647	'16040': order #1559065 buy 0.50 USDJPY at 108.958 sl: 108.822 tp: 0.000 closed at price 109.039
0	18:01:00.529	'16040': instant order buy 0.50 EURUSD at 1.13893 sl: 0.00000 tp: 0.00000
0	18:01:00.701	'16040': order was opened : #1560504 buy 0.50 EURUSD at 1.13893 sl: 0.00000 tp: 0.00000
0	18:16:26.107	'16040': instant order buy 0.50 EURUSD at 1.13858 sl: 0.00000 tp: 0.00000
0	18:16:26.256	'16040': order was opened : #1560668 buy 0.50 EURUSD at 1.13858 sl: 0.00000 tp: 0.00000
0	18:27:36.023	'16040': instant order buy 0.50 EURUSD at 1.13824 sl: 0.00000 tp: 0.00000
0	18:27:36.189	'16040': order was opened : #1560734 buy 0.50 EURUSD at 1.13824 sl: 0.00000 tp: 0.00000
0	18:56:07.105	'16040': modify order #1560734 buy 0.50 EURUSD at 1.13824 sl: 0.00000 tp: 0.00000 -> sl: 1.13718 tp: 0.00000
0	18:56:07.240	'16040': order #1560734 buy 0.50 EURUSD at 1.13824 was modified -> sl: 1.13718 tp: 0.00000
0	18:56:11.083	'16040': modify order #1560668 buy 0.50 EURUSD at 1.13858 sl: 0.00000 tp: 0.00000 -> sl: 1.13719 tp: 0.00000
0	18:56:11.204	'16040': order #1560668 buy 0.50 EURUSD at 1.13858 was modified -> sl: 1.13719 tp: 0.00000
0	18:56:12.903	'16040': modify order #1560504 buy 0.50 EURUSD at 1.13893 sl: 0.00000 tp: 0.00000 -> sl: 1.13717 tp: 0.00000
0	18:56:13.042	'16040': order #1560504 buy 0.50 EURUSD at 1.13893 was modified -> sl: 1.13717 tp: 0.00000
0	19:00:32.986	'16040': order #1560504 buy 0.50 EURUSD at 1.13893 closed due stop-loss at price 1.13717
0	19:00:32.986	'16040': order #1560668 buy 0.50 EURUSD at 1.13858 closed due stop-loss at price 1.13719
0	19:00:32.986	'16040': order #1560734 buy 0.50 EURUSD at 1.13824 closed due stop-loss at price 1.13718
0	19:00:51.566	'16040': instant order buy 0.50 EURUSD at 1.13775 sl: 0.00000 tp: 0.00000
0	19:00:51.706	'16040': order was opened : #1561011 buy 0.50 EURUSD at 1.13775 sl: 0.00000 tp: 0.00000
0	19:02:46.039	'16040': modify order #1561011 buy 0.50 EURUSD at 1.13775 sl: 0.00000 tp: 0.00000 -> sl: 1.13692 tp: 0.00000
0	19:02:46.181	'16040': order #1561011 buy 0.50 EURUSD at 1.13775 was modified -> sl: 1.13692 tp: 0.00000
0	19:02:50.757	'16040': modify order #1561011 buy 0.50 EURUSD at 1.13775 sl: 1.13692 tp: 0.00000 -> sl: 1.13692 tp: 1.13881
0	19:02:50.923	'16040': order #1561011 buy 0.50 EURUSD at 1.13775 was modified -> sl: 1.13692 tp: 1.13881
0	19:48:13.787	'16040': order #1561011 buy 0.50 EURUSD at 1.13775 closed due stop-loss at price 1.13692
0	19:48:55.518	'16040': instant order sell 0.50 USDJPY at 108.656 sl: 0.000 tp: 0.000
0	19:48:55.658	'16040': order was opened : #1561316 sell 0.50 USDJPY at 108.656 sl: 0.000 tp: 0.000
0	19:53:15.954	'16040': close order #1561316 sell 0.50 USDJPY at 108.656 sl: 0.000 tp: 0.000 at price 108.637
0	19:53:16.072	'16040': order #1561316 sell 0.50 USDJPY at 108.656 sl: 0.000 tp: 0.000 closed at price 108.637
0	20:02:40.169	System to be shutdown, request for close GemFX MT4
0	20:02:40.886	GemFX MT4 build 950 stopped because system shutdown
0	20:05:02.506	GemFX MT4 build 950 started (GemTrade Co., Ltd.)
0	20:05:02.506	Windows 10 Home (x64 based PC), IE 12.62, UAC, 8 x Intel Core i7-3770  @ 3.40GHz, RAM: 14325 / 16327 Mb, HDD: 142243 / 228383 Mb, GMT+09:00
0	20:05:02.506	Data Folder: C:\Users\koichi\AppData\Roaming\MetaQuotes\Terminal\250ECE632D67BAE8424D7871E3ED5548
2	20:05:03.959	Custom indicator Otyame005_Super_Bollinger USDJPY,H1: loaded successfully
2	20:05:03.959	Custom indicator 23Signal_Price-v1 USDJPY,H1: loaded successfully
2	20:05:03.959	Custom indicator chikou_span_attacker USDJPY,H1: loaded successfully
2	20:05:03.959	Custom indicator PZ_Harmonic USDJPY,H1: loaded successfully
2	20:05:03.959	Custom indicator Otyame013_RCI_Signal USDJPY,H1: loaded successfully
2	20:05:04.178	Custom indicator Span_model USDJPY,Daily: loaded successfully
2	20:05:04.178	Custom indicator ___MAÅôAngle_45_TAKE USDJPY,Daily: loaded successfully
2	20:05:04.178	Custom indicator 23Signal_Price-v1 USDJPY,Daily: loaded successfully
2	20:05:04.178	Custom indicator Max_Pivot USDJPY,Daily: loaded successfully
2	20:05:04.193	Custom indicator Max_Line USDJPY,Daily: loaded successfully
2	20:05:04.193	Custom indicator Otyame013_RCI_Signal USDJPY,Daily: loaded successfully
2	20:05:04.303	Custom indicator Otyame005_Super_Bollinger EURUSD,H1: loaded successfully
2	20:05:04.303	Custom indicator 23Signal_Price-v1 EURUSD,H1: loaded successfully
2	20:05:04.318	Custom indicator chikou_span_attacker EURUSD,H1: loaded successfully
2	20:05:04.318	Custom indicator PZ_Harmonic EURUSD,H1: loaded successfully
2	20:05:04.318	Custom indicator Otyame013_RCI_Signal EURUSD,H1: loaded successfully
2	20:05:04.494	Custom indicator Span_model EURUSD,M5: loaded successfully
2	20:05:04.494	Custom indicator 23Signal_Price-v1 EURUSD,M5: loaded successfully
2	20:05:04.494	Custom indicator ___MAÅôAngle_45_TAKE EURUSD,M5: loaded successfully
2	20:05:04.494	Custom indicator Max_Pivot EURUSD,M5: loaded successfully
2	20:05:04.510	Custom indicator Max_Line EURUSD,M5: loaded successfully
2	20:05:04.510	Custom indicator Otyame013_RCI_Signal EURUSD,M5: loaded successfully
2	20:05:04.848	Custom indicator Otyame005_Super_Bollinger EURJPY,H1: loaded successfully
2	20:05:04.848	Custom indicator 23Signal_Price-v1 EURJPY,H1: loaded successfully
2	20:05:04.864	Custom indicator chikou_span_attacker EURJPY,H1: loaded successfully
2	20:05:04.864	Custom indicator PZ_Harmonic EURJPY,H1: loaded successfully
2	20:05:04.864	Custom indicator Otyame013_RCI_Signal EURJPY,H1: loaded successfully
2	20:05:05.036	Custom indicator Span_model EURJPY,Daily: loaded successfully
2	20:05:05.036	Custom indicator 23Signal_Price-v1 EURJPY,Daily: loaded successfully
2	20:05:05.036	Custom indicator ___MAÅôAngle_45_TAKE EURJPY,Daily: loaded successfully
2	20:05:05.036	Custom indicator Max_Pivot EURJPY,Daily: loaded successfully
2	20:05:05.051	Custom indicator Max_Line EURJPY,Daily: loaded successfully
2	20:05:05.051	Custom indicator EWPro EURJPY,Daily: loaded successfully
2	20:05:05.051	Custom indicator Elliott_Wave_Oscillator-Arrows2 EURJPY,Daily: loaded successfully
2	20:05:05.067	Custom indicator Otyame013_RCI_Signal EURJPY,Daily: loaded successfully
2	20:05:05.208	Custom indicator Otyame005_Super_Bollinger GBPUSD,H1: loaded successfully
2	20:05:05.208	Custom indicator 23Signal_Price-v1 GBPUSD,H1: loaded successfully
2	20:05:05.208	Custom indicator chikou_span_attacker GBPUSD,H1: loaded successfully
2	20:05:05.223	Custom indicator PZ_Harmonic GBPUSD,H1: loaded successfully
2	20:05:05.223	Custom indicator Otyame013_RCI_Signal GBPUSD,H1: loaded successfully
2	20:05:05.395	Custom indicator Span_model GBPUSD,M5: loaded successfully
2	20:05:05.411	Custom indicator 23Signal_Price-v1 GBPUSD,M5: loaded successfully
2	20:05:05.411	Custom indicator ___MAÅôAngle_45_TAKE GBPUSD,M5: loaded successfully
2	20:05:05.411	Custom indicator Max_Pivot GBPUSD,M5: loaded successfully
2	20:05:05.411	Custom indicator Max_Line GBPUSD,M5: loaded successfully
2	20:05:05.411	Custom indicator EWPro GBPUSD,M5: loaded successfully
2	20:05:05.411	Custom indicator Elliott_Wave_Oscillator-Arrows2 GBPUSD,M5: loaded successfully
2	20:05:05.426	Custom indicator Otyame013_RCI_Signal GBPUSD,M5: loaded successfully
2	20:05:05.864	Custom indicator Otyame005_Super_Bollinger GBPJPY,H1: loaded successfully
2	20:05:05.864	Custom indicator 23Signal_Price-v1 GBPJPY,H1: loaded successfully
2	20:05:05.864	Custom indicator chikou_span_attacker GBPJPY,H1: loaded successfully
2	20:05:05.880	Custom indicator PZ_Harmonic GBPJPY,H1: loaded successfully
2	20:05:05.880	Custom indicator RSI GBPJPY,H1: loaded successfully
2	20:05:05.880	Custom indicator Otyame013_RCI_Signal GBPJPY,H1: loaded successfully
2	20:05:06.098	Custom indicator Span_model GBPJPY,M5: loaded successfully
2	20:05:06.098	Custom indicator 23Signal_Price-v1 GBPJPY,M5: loaded successfully
2	20:05:06.098	Custom indicator ___MAÅôAngle_45_TAKE GBPJPY,M5: loaded successfully
2	20:05:06.098	Custom indicator Max_Sign GBPJPY,M5: loaded successfully
2	20:05:06.098	Custom indicator Max_Pivot GBPJPY,M5: loaded successfully
2	20:05:06.098	Custom indicator Max_Line GBPJPY,M5: loaded successfully
2	20:05:06.098	Custom indicator Otyame013_RCI_Signal GBPJPY,M5: loaded successfully
2	20:05:06.442	Custom indicator Otyame005_Super_Bollinger AUDUSD,H1: loaded successfully
2	20:05:06.442	Custom indicator 23Signal_Price-v1 AUDUSD,H1: loaded successfully
2	20:05:06.458	Custom indicator chikou_span_attacker AUDUSD,H1: loaded successfully
2	20:05:06.520	Custom indicator Span_model AUDUSD,M5: loaded successfully
2	20:05:06.520	Custom indicator 23Signal_Price-v1 AUDUSD,M5: loaded successfully
2	20:05:06.520	Custom indicator ___MAÅôAngle_45_TAKE AUDUSD,M5: loaded successfully
2	20:05:06.536	Custom indicator Max_Pivot AUDUSD,M5: loaded successfully
2	20:05:06.536	Custom indicator Max_Line AUDUSD,M5: loaded successfully
2	20:05:06.536	Custom indicator EWPro AUDUSD,M5: loaded successfully
2	20:05:06.536	Custom indicator Elliott_Wave_Oscillator-Arrows2 AUDUSD,M5: loaded successfully
2	20:05:06.551	Custom indicator Elliott_Wave_Oscillator AUDUSD,M5: loaded successfully
2	20:05:06.723	Custom indicator Economic_indicator EURUSD,M5: loaded successfully
0	20:05:08.486	'16040': login on GemForex-Live through DC1 (ping: 72.89 ms)
0	20:05:09.449	'16040': login datacenter on GemForex-Live through DC1 (ping: 72.89 ms)
0	20:05:09.648	'16040': previous successful authorization performed from 119.242.14.176
0	20:05:33.974	'16040': ping to current access point DC1 is 73.32 ms
0	20:11:33.472	'16040': instant order sell 0.50 GBPUSD at 1.40674 sl: 0.00000 tp: 0.00000
0	20:11:33.676	'16040': order was opened : #1561620 sell 0.50 GBPUSD at 1.40674 sl: 0.00000 tp: 0.00000
0	20:12:31.114	'16040': modify order #1561620 sell 0.50 GBPUSD at 1.40674 sl: 0.00000 tp: 0.00000 -> sl: 1.40753 tp: 0.00000
0	20:12:31.302	'16040': order #1561620 sell 0.50 GBPUSD at 1.40674 was modified -> sl: 1.40753 tp: 0.00000
0	20:12:40.021	'16040': modify order #1561620 sell 0.50 GBPUSD at 1.40674 sl: 1.40753 tp: 0.00000 -> sl: 1.40753 tp: 1.40484
0	20:12:40.240	'16040': order #1561620 sell 0.50 GBPUSD at 1.40674 was modified -> sl: 1.40753 tp: 1.40484
0	20:23:09.349	'16040': order #1561620 sell 0.50 GBPUSD at 1.40674 closed due stop-loss at price 1.40753
0	21:15:30.436	'16040': instant order sell 0.50 USDJPY at 108.514 sl: 0.000 tp: 0.000
0	21:15:30.609	'16040': order was opened : #1562249 sell 0.50 USDJPY at 108.514 sl: 0.000 tp: 0.000
0	21:15:45.620	'16040': modify order #1562249 sell 0.50 USDJPY at 108.514 sl: 0.000 tp: 0.000 -> sl: 108.673 tp: 0.000
0	21:15:45.819	'16040': order #1562249 sell 0.50 USDJPY at 108.514 was modified -> sl: 108.673 tp: 0.000
0	21:15:59.406	'16040': modify order #1562249 sell 0.50 USDJPY at 108.514 sl: 108.673 tp: 0.000 -> sl: 108.673 tp: 107.715
0	21:15:59.546	'16040': order #1562249 sell 0.50 USDJPY at 108.514 was modified -> sl: 108.673 tp: 107.715
0	21:22:44.842	'16040': modify order #1562249 sell 0.50 USDJPY at 108.514 sl: 108.673 tp: 107.715 -> sl: 108.562 tp: 107.715
0	21:22:44.960	'16040': order #1562249 sell 0.50 USDJPY at 108.514 was modified -> sl: 108.562 tp: 107.715
0	21:23:03.059	'16040': modify order #1562249 sell 0.50 USDJPY at 108.514 sl: 108.562 tp: 107.715 -> sl: 108.511 tp: 107.715
0	21:23:03.214	'16040': order #1562249 sell 0.50 USDJPY at 108.514 was modified -> sl: 108.511 tp: 107.715
0	21:25:14.926	'16040': order #1562249 sell 0.50 USDJPY at 108.514 closed due stop-loss at price 108.511
0	21:30:18.714	System to be shutdown, request for close GemFX MT4
0	21:30:19.267	GemFX MT4 build 950 stopped because system shutdown
0	21:57:43.819	GemFX MT4 build 950 started (GemTrade Co., Ltd.)
0	21:57:43.819	Windows 10 Home (x64 based PC), IE 12.62, UAC, 8 x Intel Core i7-3770  @ 3.40GHz, RAM: 13560 / 16327 Mb, HDD: 142255 / 228383 Mb, GMT+09:00
0	21:57:43.819	Data Folder: C:\Users\koichi\AppData\Roaming\MetaQuotes\Terminal\250ECE632D67BAE8424D7871E3ED5548
2	21:57:45.006	Custom indicator Otyame005_Super_Bollinger USDJPY,H1: loaded successfully
2	21:57:45.006	Custom indicator 23Signal_Price-v1 USDJPY,H1: loaded successfully
2	21:57:45.006	Custom indicator chikou_span_attacker USDJPY,H1: loaded successfully
2	21:57:45.022	Custom indicator PZ_Harmonic USDJPY,H1: loaded successfully
2	21:57:45.022	Custom indicator Otyame013_RCI_Signal USDJPY,H1: loaded successfully
2	21:57:45.209	Custom indicator Span_model USDJPY,Daily: loaded successfully
2	21:57:45.209	Custom indicator ___MAÅôAngle_45_TAKE USDJPY,Daily: loaded successfully
2	21:57:45.209	Custom indicator 23Signal_Price-v1 USDJPY,Daily: loaded successfully
2	21:57:45.225	Custom indicator Max_Pivot USDJPY,Daily: loaded successfully
2	21:57:45.225	Custom indicator Max_Line USDJPY,Daily: loaded successfully
2	21:57:45.225	Custom indicator Otyame013_RCI_Signal USDJPY,Daily: loaded successfully
2	21:57:45.350	Custom indicator Otyame005_Super_Bollinger EURUSD,H1: loaded successfully
2	21:57:45.350	Custom indicator 23Signal_Price-v1 EURUSD,H1: loaded successfully
2	21:57:45.350	Custom indicator chikou_span_attacker EURUSD,H1: loaded successfully
2	21:57:45.350	Custom indicator PZ_Harmonic EURUSD,H1: loaded successfully
2	21:57:45.350	Custom indicator Otyame013_RCI_Signal EURUSD,H1: loaded successfully
2	21:57:45.522	Custom indicator Span_model EURUSD,M5: loaded successfully
2	21:57:45.522	Custom indicator 23Signal_Price-v1 EURUSD,M5: loaded successfully
2	21:57:45.537	Custom indicator ___MAÅôAngle_45_TAKE EURUSD,M5: loaded successfully
2	21:57:45.537	Custom indicator Max_Pivot EURUSD,M5: loaded successfully
2	21:57:45.537	Custom indicator Max_Line EURUSD,M5: loaded successfully
2	21:57:45.537	Custom indicator Otyame013_RCI_Signal EURUSD,M5: loaded successfully
2	21:57:45.897	Custom indicator Otyame005_Super_Bollinger EURJPY,H1: loaded successfully
2	21:57:45.897	Custom indicator 23Signal_Price-v1 EURJPY,H1: loaded successfully
2	21:57:45.913	Custom indicator chikou_span_attacker EURJPY,H1: loaded successfully
2	21:57:45.913	Custom indicator PZ_Harmonic EURJPY,H1: loaded successfully
2	21:57:45.913	Custom indicator Otyame013_RCI_Signal EURJPY,H1: loaded successfully
2	21:57:46.084	Custom indicator Span_model EURJPY,Daily: loaded successfully
2	21:57:46.084	Custom indicator 23Signal_Price-v1 EURJPY,Daily: loaded successfully
2	21:57:46.084	Custom indicator ___MAÅôAngle_45_TAKE EURJPY,Daily: loaded successfully
2	21:57:46.084	Custom indicator Max_Pivot EURJPY,Daily: loaded successfully
2	21:57:46.100	Custom indicator Max_Line EURJPY,Daily: loaded successfully
2	21:57:46.100	Custom indicator EWPro EURJPY,Daily: loaded successfully
2	21:57:46.100	Custom indicator Elliott_Wave_Oscillator-Arrows2 EURJPY,Daily: loaded successfully
2	21:57:46.100	Custom indicator Otyame013_RCI_Signal EURJPY,Daily: loaded successfully
2	21:57:46.256	Custom indicator Otyame005_Super_Bollinger GBPUSD,H1: loaded successfully
2	21:57:46.256	Custom indicator 23Signal_Price-v1 GBPUSD,H1: loaded successfully
2	21:57:46.256	Custom indicator chikou_span_attacker GBPUSD,H1: loaded successfully
2	21:57:46.256	Custom indicator PZ_Harmonic GBPUSD,H1: loaded successfully
2	21:57:46.272	Custom indicator Otyame013_RCI_Signal GBPUSD,H1: loaded successfully
2	21:57:46.444	Custom indicator Span_model GBPUSD,M5: loaded successfully
2	21:57:46.444	Custom indicator 23Signal_Price-v1 GBPUSD,M5: loaded successfully
2	21:57:46.444	Custom indicator ___MAÅôAngle_45_TAKE GBPUSD,M5: loaded successfully
2	21:57:46.444	Custom indicator Max_Pivot GBPUSD,M5: loaded successfully
2	21:57:46.459	Custom indicator Max_Line GBPUSD,M5: loaded successfully
2	21:57:46.459	Custom indicator EWPro GBPUSD,M5: loaded successfully
2	21:57:46.459	Custom indicator Elliott_Wave_Oscillator-Arrows2 GBPUSD,M5: loaded successfully
2	21:57:46.459	Custom indicator Otyame013_RCI_Signal GBPUSD,M5: loaded successfully
2	21:57:46.913	Custom indicator Otyame005_Super_Bollinger GBPJPY,H1: loaded successfully
2	21:57:46.913	Custom indicator 23Signal_Price-v1 GBPJPY,H1: loaded successfully
2	21:57:46.913	Custom indicator chikou_span_attacker GBPJPY,H1: loaded successfully
2	21:57:46.913	Custom indicator PZ_Harmonic GBPJPY,H1: loaded successfully
2	21:57:46.928	Custom indicator RSI GBPJPY,H1: loaded successfully
2	21:57:46.928	Custom indicator Otyame013_RCI_Signal GBPJPY,H1: loaded successfully
2	21:57:47.131	Custom indicator Span_model GBPJPY,M5: loaded successfully
2	21:57:47.131	Custom indicator 23Signal_Price-v1 GBPJPY,M5: loaded successfully
2	21:57:47.131	Custom indicator ___MAÅôAngle_45_TAKE GBPJPY,M5: loaded successfully
2	21:57:47.131	Custom indicator Max_Sign GBPJPY,M5: loaded successfully
2	21:57:47.131	Custom indicator Max_Pivot GBPJPY,M5: loaded successfully
2	21:57:47.147	Custom indicator Max_Line GBPJPY,M5: loaded successfully
2	21:57:47.147	Custom indicator Otyame013_RCI_Signal GBPJPY,M5: loaded successfully
2	21:57:47.475	Custom indicator Otyame005_Super_Bollinger AUDUSD,H1: loaded successfully
2	21:57:47.491	Custom indicator 23Signal_Price-v1 AUDUSD,H1: loaded successfully
2	21:57:47.491	Custom indicator chikou_span_attacker AUDUSD,H1: loaded successfully
2	21:57:47.553	Custom indicator Span_model AUDUSD,M5: loaded successfully
2	21:57:47.553	Custom indicator 23Signal_Price-v1 AUDUSD,M5: loaded successfully
2	21:57:47.553	Custom indicator ___MAÅôAngle_45_TAKE AUDUSD,M5: loaded successfully
2	21:57:47.553	Custom indicator Max_Pivot AUDUSD,M5: loaded successfully
2	21:57:47.569	Custom indicator Max_Line AUDUSD,M5: loaded successfully
2	21:57:47.569	Custom indicator EWPro AUDUSD,M5: loaded successfully
2	21:57:47.569	Custom indicator Elliott_Wave_Oscillator-Arrows2 AUDUSD,M5: loaded successfully
2	21:57:47.569	Custom indicator Elliott_Wave_Oscillator AUDUSD,M5: loaded successfully
2	21:57:47.772	Custom indicator Economic_indicator EURUSD,M5: loaded successfully
0	21:57:49.491	'16040': login on GemForex-Live through DC1 (ping: 73.32 ms)
0	21:57:50.444	'16040': login datacenter on GemForex-Live through DC1 (ping: 73.32 ms)
0	21:57:50.662	'16040': previous successful authorization performed from 119.242.14.176
0	21:58:14.986	'16040': ping to current access point DC1 is 74.28 ms
0	22:01:09.878	'16040': instant order buy 0.50 GBPUSD at 1.40940 sl: 0.00000 tp: 0.00000
0	22:01:10.050	'16040': order was opened : #1562957 buy 0.50 GBPUSD at 1.40940 sl: 0.00000 tp: 0.00000
0	22:01:15.454	'16040': modify order #1562957 buy 0.50 GBPUSD at 1.40940 sl: 0.00000 tp: 0.00000 -> sl: 1.40842 tp: 0.00000
0	22:01:15.610	'16040': order #1562957 buy 0.50 GBPUSD at 1.40940 was modified -> sl: 1.40842 tp: 0.00000
0	22:13:35.378	'16040': close order #1562957 buy 0.50 GBPUSD at 1.40940 sl: 1.40842 tp: 0.00000 at price 1.40984
0	22:13:35.566	'16040': order #1562957 buy 0.50 GBPUSD at 1.40940 sl: 1.40842 tp: 0.00000 closed at price 1.40984
0	22:20:10.714	'16040': instant order buy 0.50 GBPUSD at 1.41091 sl: 0.00000 tp: 0.00000
0	22:20:10.870	'16040': order was opened : #1563225 buy 0.50 GBPUSD at 1.41091 sl: 0.00000 tp: 0.00000
0	22:20:37.014	'16040': modify order #1563225 buy 0.50 GBPUSD at 1.41091 sl: 0.00000 tp: 0.00000 -> sl: 1.40895 tp: 0.00000
0	22:20:37.232	'16040': order #1563225 buy 0.50 GBPUSD at 1.41091 was modified -> sl: 1.40895 tp: 0.00000
0	22:21:37.154	'16040': modify order #1563225 buy 0.50 GBPUSD at 1.41091 sl: 1.40895 tp: 0.00000 -> sl: 1.40895 tp: 1.41354
0	22:21:37.326	'16040': order #1563225 buy 0.50 GBPUSD at 1.41091 was modified -> sl: 1.40895 tp: 1.41354
0	22:25:27.607	'16040': modify order #1563225 buy 0.50 GBPUSD at 1.41091 sl: 1.40895 tp: 1.41354 -> sl: 1.40907 tp: 1.41354
0	22:25:27.810	'16040': order #1563225 buy 0.50 GBPUSD at 1.41091 was modified -> sl: 1.40907 tp: 1.41354
0	22:35:23.536	'16040': instant order buy 0.50 GBPUSD at 1.41032 sl: 0.00000 tp: 0.00000
0	22:35:24.194	'16040': order was opened : #1563358 buy 0.50 GBPUSD at 1.41032 sl: 0.00000 tp: 0.00000
0	22:37:58.793	'16040': modify order #1563225 buy 0.50 GBPUSD at 1.41091 sl: 1.40907 tp: 1.41354 -> sl: 1.40849 tp: 1.41354
0	22:37:58.930	'16040': order #1563225 buy 0.50 GBPUSD at 1.41091 was modified -> sl: 1.40849 tp: 1.41354
0	22:53:59.241	'16040': modify order #1563225 buy 0.50 GBPUSD at 1.41091 sl: 1.40849 tp: 1.41354 -> sl: 1.40801 tp: 1.41354
0	22:53:59.382	'16040': order #1563225 buy 0.50 GBPUSD at 1.41091 was modified -> sl: 1.40801 tp: 1.41354
0	22:54:55.675	'16040': modify order #1563225 buy 0.50 GBPUSD at 1.41091 sl: 1.40801 tp: 1.41354 -> sl: 1.40720 tp: 1.41354
0	22:54:55.852	'16040': order #1563225 buy 0.50 GBPUSD at 1.41091 was modified -> sl: 1.40720 tp: 1.41354
0	23:06:49.951	'16040': instant order buy 0.50 GBPUSD at 1.40937 sl: 0.00000 tp: 0.00000
0	23:06:50.106	'16040': order was opened : #1563638 buy 0.50 GBPUSD at 1.40937 sl: 0.00000 tp: 0.00000
2	23:48:53.482	Script 3_Close_All GBPUSD,M5: loaded successfully
0	23:48:53.483	'16040': close order #1563638 buy 0.50 GBPUSD at 1.40937 sl: 0.00000 tp: 0.00000 at price 1.41043
0	23:48:53.669	'16040': order #1563638 buy 0.50 GBPUSD at 1.40937 sl: 0.00000 tp: 0.00000 closed at price 1.41043
0	23:48:53.669	'16040': close order #1563358 buy 0.50 GBPUSD at 1.41032 sl: 0.00000 tp: 0.00000 at price 1.41043
0	23:48:53.823	'16040': order #1563358 buy 0.50 GBPUSD at 1.41032 sl: 0.00000 tp: 0.00000 closed at price 1.41043
0	23:48:53.823	'16040': close order #1563225 buy 0.50 GBPUSD at 1.41091 sl: 1.40720 tp: 1.41354 at price 1.41043
0	23:48:53.981	'16040': order #1563225 buy 0.50 GBPUSD at 1.41091 sl: 1.40720 tp: 1.41354 closed at price 1.41043
2	23:48:53.981	Script 3_Close_All GBPUSD,M5: removed
