0	22:41:11.366	GemFX MT4 build 971 started (GemTrade Co., Ltd.)
0	22:41:11.366	Windows 10 Home (x64 based PC), IE 15.20, UAC, 8 x Intel Core i7-3770  @ 3.40GHz, RAM: 13515 / 16327 Mb, HDD: 133016 / 228383 Mb, GMT+09:00
0	22:41:11.366	Data Folder: C:\Users\koichi\AppData\Roaming\MetaQuotes\Terminal\250ECE632D67BAE8424D7871E3ED5548
2	22:41:12.491	Custom indicator Otyame005_Super_Bollinger USDJPY,H1: loaded successfully
2	22:41:12.538	Custom indicator 23Signal_Price-v1 USDJPY,H1: loaded successfully
2	22:41:12.538	Custom indicator chikou_span_attacker USDJPY,H1: loaded successfully
2	22:41:12.553	Custom indicator PZ_Harmonic USDJPY,H1: loaded successfully
2	22:41:12.694	Custom indicator 23Signal_Price-v1 USDJPY,M5: loaded successfully
2	22:41:12.694	Custom indicator Max_Pivot USDJPY,M5: loaded successfully
2	22:41:12.694	Custom indicator Max_Line USDJPY,M5: loaded successfully
2	22:41:12.709	Custom indicator Otyame001_Ichimoku_Shift USDJPY,M5: loaded successfully
2	22:41:12.709	Custom indicator Otyame021_Price_Line USDJPY,M5: loaded successfully
2	22:41:12.709	Custom indicator Otyame005_Super_Bollinger USDJPY,M5: loaded successfully
2	22:41:12.928	Custom indicator Otyame005_Super_Bollinger EURUSD,H1: loaded successfully
2	22:41:12.959	Custom indicator 23Signal_Price-v1 EURUSD,H1: loaded successfully
2	22:41:12.975	Custom indicator chikou_span_attacker EURUSD,H1: loaded successfully
2	22:41:12.975	Custom indicator PZ_Harmonic EURUSD,H1: loaded successfully
2	22:41:13.116	Custom indicator 23Signal_Price-v1 EURUSD,M5: loaded successfully
2	22:41:13.116	Custom indicator Max_Pivot EURUSD,M5: loaded successfully
2	22:41:13.116	Custom indicator Max_Line EURUSD,M5: loaded successfully
2	22:41:13.131	Custom indicator Otyame001_Ichimoku_Shift EURUSD,M5: loaded successfully
2	22:41:13.131	Custom indicator Otyame021_Price_Line EURUSD,M5: loaded successfully
2	22:41:13.147	Custom indicator Otyame005_Super_Bollinger EURUSD,M5: loaded successfully
2	22:41:13.350	Custom indicator Otyame005_Super_Bollinger EURJPY,H1: loaded successfully
2	22:41:13.381	Custom indicator 23Signal_Price-v1 EURJPY,H1: loaded successfully
2	22:41:13.397	Custom indicator chikou_span_attacker EURJPY,H1: loaded successfully
2	22:41:13.397	Custom indicator PZ_Harmonic EURJPY,H1: loaded successfully
2	22:41:13.538	Custom indicator 23Signal_Price-v1 EURJPY,M5: loaded successfully
2	22:41:13.538	Custom indicator Max_Pivot EURJPY,M5: loaded successfully
2	22:41:13.538	Custom indicator Max_Line EURJPY,M5: loaded successfully
2	22:41:13.553	Custom indicator Otyame001_Ichimoku_Shift EURJPY,M5: loaded successfully
2	22:41:13.553	Custom indicator Otyame021_Price_Line EURJPY,M5: loaded successfully
2	22:41:13.569	Custom indicator Otyame005_Super_Bollinger EURJPY,M5: loaded successfully
2	22:41:13.772	Custom indicator Otyame005_Super_Bollinger GBPUSD,H1: loaded successfully
2	22:41:13.819	Custom indicator 23Signal_Price-v1 GBPUSD,H1: loaded successfully
2	22:41:13.819	Custom indicator chikou_span_attacker GBPUSD,H1: loaded successfully
2	22:41:13.819	Custom indicator PZ_Harmonic GBPUSD,H1: loaded successfully
2	22:41:13.959	Custom indicator 23Signal_Price-v1 GBPUSD,M5: loaded successfully
2	22:41:13.959	Custom indicator Max_Pivot GBPUSD,M5: loaded successfully
2	22:41:13.975	Custom indicator Max_Line GBPUSD,M5: loaded successfully
2	22:41:13.975	Custom indicator Otyame001_Ichimoku_Shift GBPUSD,M5: loaded successfully
2	22:41:13.991	Custom indicator Otyame021_Price_Line GBPUSD,M5: loaded successfully
2	22:41:13.991	Custom indicator Otyame005_Super_Bollinger GBPUSD,M5: loaded successfully
2	22:41:14.194	Custom indicator Otyame005_Super_Bollinger GBPJPY,H1: loaded successfully
2	22:41:14.241	Custom indicator 23Signal_Price-v1 GBPJPY,H1: loaded successfully
2	22:41:14.241	Custom indicator chikou_span_attacker GBPJPY,H1: loaded successfully
2	22:41:14.256	Custom indicator PZ_Harmonic GBPJPY,H1: loaded successfully
2	22:41:14.397	Custom indicator 23Signal_Price-v1 GBPJPY,M5: loaded successfully
2	22:41:14.397	Custom indicator Max_Pivot GBPJPY,M5: loaded successfully
2	22:41:14.397	Custom indicator Max_Line GBPJPY,M5: loaded successfully
2	22:41:14.397	Custom indicator Otyame001_Ichimoku_Shift GBPJPY,M5: loaded successfully
2	22:41:14.413	Custom indicator Otyame021_Price_Line GBPJPY,M5: loaded successfully
2	22:41:14.413	Custom indicator Otyame005_Super_Bollinger GBPJPY,M5: loaded successfully
2	22:41:14.631	Custom indicator Otyame005_Super_Bollinger AUDUSD,H1: loaded successfully
2	22:41:14.663	Custom indicator 23Signal_Price-v1 AUDUSD,H1: loaded successfully
2	22:41:14.678	Custom indicator chikou_span_attacker AUDUSD,H1: loaded successfully
2	22:41:14.678	Custom indicator PZ_Harmonic AUDUSD,H1: loaded successfully
2	22:41:14.803	Custom indicator 23Signal_Price-v1 AUDUSD,M5: loaded successfully
2	22:41:14.819	Custom indicator Max_Pivot AUDUSD,M5: loaded successfully
2	22:41:14.819	Custom indicator Max_Line AUDUSD,M5: loaded successfully
2	22:41:14.819	Custom indicator Otyame001_Ichimoku_Shift AUDUSD,M5: loaded successfully
2	22:41:14.834	Custom indicator Otyame021_Price_Line AUDUSD,M5: loaded successfully
2	22:41:14.834	Custom indicator Otyame005_Super_Bollinger AUDUSD,M5: loaded successfully
2	22:41:15.038	Custom indicator Otyame005_Super_Bollinger GBPAUD,H1: loaded successfully
2	22:41:15.084	Custom indicator 23Signal_Price-v1 GBPAUD,H1: loaded successfully
2	22:41:15.084	Custom indicator chikou_span_attacker GBPAUD,H1: loaded successfully
2	22:41:15.100	Custom indicator PZ_Harmonic GBPAUD,H1: loaded successfully
2	22:41:15.209	Custom indicator 23Signal_Price-v1 GBPAUD,M5: loaded successfully
2	22:41:15.209	Custom indicator Max_Pivot GBPAUD,M5: loaded successfully
2	22:41:15.225	Custom indicator Max_Line GBPAUD,M5: loaded successfully
2	22:41:15.225	Custom indicator Otyame001_Ichimoku_Shift GBPAUD,M5: loaded successfully
2	22:41:15.241	Custom indicator Otyame021_Price_Line GBPAUD,M5: loaded successfully
2	22:41:15.241	Custom indicator Otyame005_Super_Bollinger GBPAUD,M5: loaded successfully
2	22:41:15.366	Custom indicator Economic_indicator USDCHF,H1: loaded successfully
0	22:41:17.527	'16040': login on GemForex-Live through DC1 (ping: 74.00 ms)
0	22:41:18.615	'16040': login datacenter on GemForex-Live through DC1 (ping: 74.00 ms)
0	22:41:18.890	'16040': previous successful authorization performed from 119.242.37.68
0	22:42:01.505	'16040': ping to current access point DC1 is 80.09 ms
0	22:57:10.514	'16040': instant order sell 0.10 GBPJPY at 134.245 sl: 0.000 tp: 0.000
0	22:57:10.664	'16040': order was opened : #2989948 sell 0.10 GBPJPY at 134.245 sl: 0.000 tp: 0.000
0	23:02:32.496	'16040': order #2989948 sell 0.10 GBPJPY at 134.245 closed due stop-loss at price 134.470
0	23:03:51.399	'16040': instant order buy 0.10 EURUSD at 1.10180 sl: 0.00000 tp: 0.00000
0	23:03:51.561	'16040': order was opened : #2991603 buy 0.10 EURUSD at 1.10180 sl: 0.00000 tp: 0.00000
1	23:04:33.157	'16040': modification of order #2991603 buy 0.10 EURUSD at 1.10180 sl: 0.00000 tp: 0.00000 -> sl: 1.10160 tp: 0.00000 failed [Invalid S/L or T/P]
1	23:04:33.157	'16040': modification of order #2991603 buy 0.10 EURUSD at 1.10180 sl: 0.00000 tp: 0.00000 -> sl: 1.10107 tp: 0.00000 failed [Invalid S/L or T/P]
0	23:17:16.943	'16040': order #2991603 buy 0.10 EURUSD at 1.10180 closed due stop-loss at price 1.10070
