0	00:56:42.027	System to be shutdown, request for close GemFX MT4
0	00:56:42.233	GemFX MT4 build 950 stopped because system shutdown
0	12:00:31.101	GemFX MT4 build 950 started (GemTrade Co., Ltd.)
0	12:00:31.101	Windows 10 Home (x64 based PC), IE 12.62, UAC, 8 x Intel Core i7-3770  @ 3.40GHz, RAM: 13551 / 16327 Mb, HDD: 146826 / 228383 Mb, GMT+09:00
0	12:00:31.101	Data Folder: C:\Users\koichi\AppData\Roaming\MetaQuotes\Terminal\250ECE632D67BAE8424D7871E3ED5548
2	12:00:31.585	Custom indicator Otyame005_Super_Bollinger USDJPY,H1: loaded successfully
2	12:00:31.585	Custom indicator 23Signal_Price-v1 USDJPY,H1: loaded successfully
2	12:00:31.585	Custom indicator chikou_span_attacker USDJPY,H1: loaded successfully
2	12:00:31.632	Custom indicator Span_model USDJPY,M5: loaded successfully
2	12:00:31.632	Custom indicator ___MAÅôAngle_45_TAKE USDJPY,M5: loaded successfully
2	12:00:31.632	Custom indicator 23Signal_Price-v1 USDJPY,M5: loaded successfully
2	12:00:31.648	Custom indicator Max_Pivot USDJPY,M5: loaded successfully
2	12:00:31.648	Custom indicator Max_Line USDJPY,M5: loaded successfully
2	12:00:31.648	Custom indicator Elliott_Wave_Oscillator-Arrows2 USDJPY,M5: loaded successfully
2	12:00:31.648	Custom indicator EWPro USDJPY,M5: loaded successfully
2	12:00:31.664	Custom indicator Elliott_Wave_Oscillator USDJPY,M5: loaded successfully
2	12:00:31.773	Custom indicator Otyame005_Super_Bollinger EURUSD,H1: loaded successfully
2	12:00:31.773	Custom indicator 23Signal_Price-v1 EURUSD,H1: loaded successfully
2	12:00:31.773	Custom indicator chikou_span_attacker EURUSD,H1: loaded successfully
2	12:00:31.820	Custom indicator Span_model EURUSD,M5: loaded successfully
2	12:00:31.820	Custom indicator 23Signal_Price-v1 EURUSD,M5: loaded successfully
2	12:00:31.820	Custom indicator ___MAÅôAngle_45_TAKE EURUSD,M5: loaded successfully
2	12:00:31.820	Custom indicator Max_Pivot EURUSD,M5: loaded successfully
2	12:00:31.835	Custom indicator Max_Line EURUSD,M5: loaded successfully
2	12:00:31.835	Custom indicator Elliott_Wave_Oscillator-Arrows2 EURUSD,M5: loaded successfully
2	12:00:31.835	Custom indicator EWPro EURUSD,M5: loaded successfully
2	12:00:31.835	Custom indicator Elliott_Wave_Oscillator EURUSD,M5: loaded successfully
2	12:00:31.960	Custom indicator Otyame005_Super_Bollinger EURJPY,H1: loaded successfully
2	12:00:31.960	Custom indicator 23Signal_Price-v1 EURJPY,H1: loaded successfully
2	12:00:31.960	Custom indicator chikou_span_attacker EURJPY,H1: loaded successfully
2	12:00:32.007	Custom indicator Span_model EURJPY,M5: loaded successfully
2	12:00:32.007	Custom indicator 23Signal_Price-v1 EURJPY,M5: loaded successfully
2	12:00:32.007	Custom indicator ___MAÅôAngle_45_TAKE EURJPY,M5: loaded successfully
2	12:00:32.007	Custom indicator Max_Pivot EURJPY,M5: loaded successfully
2	12:00:32.023	Custom indicator Max_Line EURJPY,M5: loaded successfully
2	12:00:32.023	Custom indicator EWPro EURJPY,M5: loaded successfully
2	12:00:32.023	Custom indicator Elliott_Wave_Oscillator-Arrows2 EURJPY,M5: loaded successfully
2	12:00:32.023	Custom indicator Elliott_Wave_Oscillator EURJPY,M5: loaded successfully
2	12:00:32.132	Custom indicator Otyame005_Super_Bollinger GBPUSD,H1: loaded successfully
2	12:00:32.132	Custom indicator 23Signal_Price-v1 GBPUSD,H1: loaded successfully
2	12:00:32.148	Custom indicator chikou_span_attacker GBPUSD,H1: loaded successfully
2	12:00:32.195	Custom indicator Span_model GBPUSD,M5: loaded successfully
2	12:00:32.195	Custom indicator 23Signal_Price-v1 GBPUSD,M5: loaded successfully
2	12:00:32.195	Custom indicator ___MAÅôAngle_45_TAKE GBPUSD,M5: loaded successfully
2	12:00:32.195	Custom indicator Max_Pivot GBPUSD,M5: loaded successfully
2	12:00:32.195	Custom indicator Max_Line GBPUSD,M5: loaded successfully
2	12:00:32.195	Custom indicator EWPro GBPUSD,M5: loaded successfully
2	12:00:32.210	Custom indicator Elliott_Wave_Oscillator-Arrows2 GBPUSD,M5: loaded successfully
2	12:00:32.210	Custom indicator Elliott_Wave_Oscillator GBPUSD,M5: loaded successfully
2	12:00:32.320	Custom indicator Otyame005_Super_Bollinger GBPJPY,H1: loaded successfully
2	12:00:32.320	Custom indicator 23Signal_Price-v1 GBPJPY,H1: loaded successfully
2	12:00:32.335	Custom indicator chikou_span_attacker GBPJPY,H1: loaded successfully
2	12:00:32.382	Custom indicator Span_model GBPJPY,M5: loaded successfully
2	12:00:32.382	Custom indicator 23Signal_Price-v1 GBPJPY,M5: loaded successfully
2	12:00:32.382	Custom indicator ___MAÅôAngle_45_TAKE GBPJPY,M5: loaded successfully
2	12:00:32.382	Custom indicator Max_Sign GBPJPY,M5: loaded successfully
2	12:00:32.382	Custom indicator Max_Pivot GBPJPY,M5: loaded successfully
2	12:00:32.382	Custom indicator Max_Line GBPJPY,M5: loaded successfully
2	12:00:32.382	Custom indicator EWPro GBPJPY,M5: loaded successfully
2	12:00:32.398	Custom indicator Elliott_Wave_Oscillator-Arrows2 GBPJPY,M5: loaded successfully
2	12:00:32.398	Custom indicator Elliott_Wave_Oscillator GBPJPY,M5: loaded successfully
2	12:00:32.507	Custom indicator Otyame005_Super_Bollinger AUDUSD,H1: loaded successfully
2	12:00:32.507	Custom indicator 23Signal_Price-v1 AUDUSD,H1: loaded successfully
2	12:00:32.523	Custom indicator chikou_span_attacker AUDUSD,H1: loaded successfully
2	12:00:32.570	Custom indicator Span_model AUDUSD,M5: loaded successfully
2	12:00:32.570	Custom indicator 23Signal_Price-v1 AUDUSD,M5: loaded successfully
2	12:00:32.570	Custom indicator ___MAÅôAngle_45_TAKE AUDUSD,M5: loaded successfully
2	12:00:32.570	Custom indicator Max_Pivot AUDUSD,M5: loaded successfully
2	12:00:32.570	Custom indicator Max_Line AUDUSD,M5: loaded successfully
2	12:00:32.570	Custom indicator EWPro AUDUSD,M5: loaded successfully
2	12:00:32.585	Custom indicator Elliott_Wave_Oscillator-Arrows2 AUDUSD,M5: loaded successfully
2	12:00:32.585	Custom indicator Elliott_Wave_Oscillator AUDUSD,M5: loaded successfully
2	12:00:32.695	Custom indicator Economic_indicator EURUSD,H1: loaded successfully
0	12:00:34.601	'16040': login on GemForex-Live through DC1 (ping: 80.74 ms)
0	12:00:35.539	'16040': login datacenter on GemForex-Live through DC1 (ping: 80.74 ms)
0	12:00:35.745	'16040': previous successful authorization performed from 119.242.14.176
0	12:00:58.567	'16040': ping to current access point DC1 is 80.97 ms
0	12:16:13.874	System to be shutdown, request for close GemFX MT4
0	12:16:14.061	GemFX MT4 build 950 stopped because system shutdown
