0	07:01:20.548	GemFX MT4 build 950 started (GemTrade Co., Ltd.)
0	07:01:20.548	Windows 10 Home (x64 based PC), IE 12.62, UAC, 8 x Intel Core i7-3770  @ 3.40GHz, RAM: 13651 / 16327 Mb, HDD: 148090 / 228383 Mb, GMT+09:00
0	07:01:20.548	Data Folder: C:\Users\koichi\AppData\Roaming\MetaQuotes\Terminal\250ECE632D67BAE8424D7871E3ED5548
2	07:01:21.954	Custom indicator Otyame005_Super_Bollinger USDJPY,H1: loaded successfully
2	07:01:21.954	Custom indicator 23Signal_Price-v1 USDJPY,H1: loaded successfully
2	07:01:21.954	Custom indicator chikou_span_attacker USDJPY,H1: loaded successfully
2	07:01:22.032	Custom indicator Span_model USDJPY,M5: loaded successfully
2	07:01:22.032	Custom indicator ___MA™Angle_45_TAKE USDJPY,M5: loaded successfully
2	07:01:22.032	Custom indicator 23Signal_Price-v1 USDJPY,M5: loaded successfully
2	07:01:22.032	Custom indicator Max_Pivot USDJPY,M5: loaded successfully
2	07:01:22.032	Custom indicator Max_Line USDJPY,M5: loaded successfully
2	07:01:22.048	Custom indicator Elliott_Wave_Oscillator-Arrows2 USDJPY,M5: loaded successfully
2	07:01:22.048	Custom indicator EWPro USDJPY,M5: loaded successfully
2	07:01:22.048	Custom indicator Elliott_Wave_Oscillator USDJPY,M5: loaded successfully
2	07:01:22.142	Custom indicator Otyame005_Super_Bollinger EURUSD,H1: loaded successfully
2	07:01:22.142	Custom indicator 23Signal_Price-v1 EURUSD,H1: loaded successfully
2	07:01:22.157	Custom indicator chikou_span_attacker EURUSD,H1: loaded successfully
2	07:01:22.220	Custom indicator Span_model EURUSD,M5: loaded successfully
2	07:01:22.220	Custom indicator 23Signal_Price-v1 EURUSD,M5: loaded successfully
2	07:01:22.220	Custom indicator ___MA™Angle_45_TAKE EURUSD,M5: loaded successfully
2	07:01:22.220	Custom indicator Max_Pivot EURUSD,M5: loaded successfully
2	07:01:22.220	Custom indicator Max_Line EURUSD,M5: loaded successfully
2	07:01:22.235	Custom indicator Elliott_Wave_Oscillator-Arrows2 EURUSD,M5: loaded successfully
2	07:01:22.235	Custom indicator EWPro EURUSD,M5: loaded successfully
2	07:01:22.235	Custom indicator Elliott_Wave_Oscillator EURUSD,M5: loaded successfully
2	07:01:22.329	Custom indicator Otyame005_Super_Bollinger EURJPY,H1: loaded successfully
2	07:01:22.345	Custom indicator 23Signal_Price-v1 EURJPY,H1: loaded successfully
2	07:01:22.345	Custom indicator chikou_span_attacker EURJPY,H1: loaded successfully
2	07:01:22.407	Custom indicator Span_model EURJPY,M5: loaded successfully
2	07:01:22.407	Custom indicator 23Signal_Price-v1 EURJPY,M5: loaded successfully
2	07:01:22.407	Custom indicator ___MA™Angle_45_TAKE EURJPY,M5: loaded successfully
2	07:01:22.407	Custom indicator Max_Pivot EURJPY,M5: loaded successfully
2	07:01:22.407	Custom indicator Max_Line EURJPY,M5: loaded successfully
2	07:01:22.423	Custom indicator EWPro EURJPY,M5: loaded successfully
2	07:01:22.423	Custom indicator Elliott_Wave_Oscillator-Arrows2 EURJPY,M5: loaded successfully
2	07:01:22.423	Custom indicator Elliott_Wave_Oscillator EURJPY,M5: loaded successfully
2	07:01:22.517	Custom indicator Otyame005_Super_Bollinger GBPUSD,H1: loaded successfully
2	07:01:22.532	Custom indicator 23Signal_Price-v1 GBPUSD,H1: loaded successfully
2	07:01:22.532	Custom indicator chikou_span_attacker GBPUSD,H1: loaded successfully
2	07:01:22.595	Custom indicator Span_model GBPUSD,M5: loaded successfully
2	07:01:22.595	Custom indicator 23Signal_Price-v1 GBPUSD,M5: loaded successfully
2	07:01:22.595	Custom indicator ___MA™Angle_45_TAKE GBPUSD,M5: loaded successfully
2	07:01:22.610	Custom indicator Max_Pivot GBPUSD,M5: loaded successfully
2	07:01:22.610	Custom indicator Max_Line GBPUSD,M5: loaded successfully
2	07:01:22.610	Custom indicator EWPro GBPUSD,M5: loaded successfully
2	07:01:22.610	Custom indicator Elliott_Wave_Oscillator-Arrows2 GBPUSD,M5: loaded successfully
2	07:01:22.626	Custom indicator Elliott_Wave_Oscillator GBPUSD,M5: loaded successfully
2	07:01:22.720	Custom indicator Otyame005_Super_Bollinger GBPJPY,H1: loaded successfully
2	07:01:22.720	Custom indicator 23Signal_Price-v1 GBPJPY,H1: loaded successfully
2	07:01:22.720	Custom indicator chikou_span_attacker GBPJPY,H1: loaded successfully
2	07:01:22.813	Custom indicator Span_model GBPJPY,M5: loaded successfully
2	07:01:22.813	Custom indicator 23Signal_Price-v1 GBPJPY,M5: loaded successfully
2	07:01:22.813	Custom indicator ___MA™Angle_45_TAKE GBPJPY,M5: loaded successfully
2	07:01:22.813	Custom indicator Max_Sign GBPJPY,M5: loaded successfully
2	07:01:22.813	Custom indicator Max_Pivot GBPJPY,M5: loaded successfully
2	07:01:22.813	Custom indicator Max_Line GBPJPY,M5: loaded successfully
2	07:01:22.829	Custom indicator EWPro GBPJPY,M5: loaded successfully
2	07:01:22.829	Custom indicator Elliott_Wave_Oscillator-Arrows2 GBPJPY,M5: loaded successfully
2	07:01:22.829	Custom indicator Elliott_Wave_Oscillator GBPJPY,M5: loaded successfully
2	07:01:22.938	Custom indicator Otyame005_Super_Bollinger AUDUSD,H1: loaded successfully
2	07:01:22.938	Custom indicator 23Signal_Price-v1 AUDUSD,H1: loaded successfully
2	07:01:22.938	Custom indicator chikou_span_attacker AUDUSD,H1: loaded successfully
2	07:01:23.001	Custom indicator Span_model AUDUSD,M15: loaded successfully
2	07:01:23.001	Custom indicator 23Signal_Price-v1 AUDUSD,M15: loaded successfully
2	07:01:23.001	Custom indicator ___MA™Angle_45_TAKE AUDUSD,M15: loaded successfully
2	07:01:23.001	Custom indicator Max_Pivot AUDUSD,M15: loaded successfully
2	07:01:23.017	Custom indicator Max_Line AUDUSD,M15: loaded successfully
2	07:01:23.017	Custom indicator EWPro AUDUSD,M15: loaded successfully
2	07:01:23.017	Custom indicator Elliott_Wave_Oscillator-Arrows2 AUDUSD,M15: loaded successfully
2	07:01:23.032	Custom indicator Elliott_Wave_Oscillator AUDUSD,M15: loaded successfully
2	07:01:23.110	Custom indicator Economic_indicator EURUSD,H1: loaded successfully
0	07:13:07.529	GemFX MT4 build 950 started (GemTrade Co., Ltd.)
0	07:13:07.529	Windows 10 Home (x64 based PC), IE 12.62, UAC, 8 x Intel Core i7-3770  @ 3.40GHz, RAM: 13142 / 16327 Mb, HDD: 148062 / 228383 Mb, GMT+09:00
0	07:13:07.529	Data Folder: C:\Users\koichi\AppData\Roaming\MetaQuotes\Terminal\250ECE632D67BAE8424D7871E3ED5548
2	07:13:07.979	Custom indicator Otyame005_Super_Bollinger USDJPY,H1: loaded successfully
2	07:13:07.979	Custom indicator 23Signal_Price-v1 USDJPY,H1: loaded successfully
2	07:13:07.995	Custom indicator chikou_span_attacker USDJPY,H1: loaded successfully
2	07:13:08.026	Custom indicator Span_model USDJPY,M5: loaded successfully
2	07:13:08.026	Custom indicator ___MA™Angle_45_TAKE USDJPY,M5: loaded successfully
2	07:13:08.026	Custom indicator 23Signal_Price-v1 USDJPY,M5: loaded successfully
2	07:13:08.026	Custom indicator Max_Pivot USDJPY,M5: loaded successfully
2	07:13:08.026	Custom indicator Max_Line USDJPY,M5: loaded successfully
2	07:13:08.042	Custom indicator Elliott_Wave_Oscillator-Arrows2 USDJPY,M5: loaded successfully
2	07:13:08.042	Custom indicator EWPro USDJPY,M5: loaded successfully
2	07:13:08.042	Custom indicator Elliott_Wave_Oscillator USDJPY,M5: loaded successfully
2	07:13:08.135	Custom indicator Otyame005_Super_Bollinger EURUSD,H1: loaded successfully
2	07:13:08.135	Custom indicator 23Signal_Price-v1 EURUSD,H1: loaded successfully
2	07:13:08.151	Custom indicator chikou_span_attacker EURUSD,H1: loaded successfully
2	07:13:08.182	Custom indicator Span_model EURUSD,M5: loaded successfully
2	07:13:08.182	Custom indicator 23Signal_Price-v1 EURUSD,M5: loaded successfully
2	07:13:08.182	Custom indicator ___MA™Angle_45_TAKE EURUSD,M5: loaded successfully
2	07:13:08.182	Custom indicator Max_Pivot EURUSD,M5: loaded successfully
2	07:13:08.198	Custom indicator Max_Line EURUSD,M5: loaded successfully
2	07:13:08.198	Custom indicator Elliott_Wave_Oscillator-Arrows2 EURUSD,M5: loaded successfully
2	07:13:08.198	Custom indicator EWPro EURUSD,M5: loaded successfully
2	07:13:08.198	Custom indicator Elliott_Wave_Oscillator EURUSD,M5: loaded successfully
2	07:13:08.307	Custom indicator Otyame005_Super_Bollinger EURJPY,H1: loaded successfully
2	07:13:08.307	Custom indicator 23Signal_Price-v1 EURJPY,H1: loaded successfully
2	07:13:08.307	Custom indicator chikou_span_attacker EURJPY,H1: loaded successfully
2	07:13:08.338	Custom indicator Span_model EURJPY,M5: loaded successfully
2	07:13:08.338	Custom indicator 23Signal_Price-v1 EURJPY,M5: loaded successfully
2	07:13:08.338	Custom indicator ___MA™Angle_45_TAKE EURJPY,M5: loaded successfully
2	07:13:08.354	Custom indicator Max_Pivot EURJPY,M5: loaded successfully
2	07:13:08.354	Custom indicator Max_Line EURJPY,M5: loaded successfully
2	07:13:08.354	Custom indicator EWPro EURJPY,M5: loaded successfully
2	07:13:08.354	Custom indicator Elliott_Wave_Oscillator-Arrows2 EURJPY,M5: loaded successfully
2	07:13:08.370	Custom indicator Elliott_Wave_Oscillator EURJPY,M5: loaded successfully
2	07:13:08.448	Custom indicator Otyame005_Super_Bollinger GBPUSD,H1: loaded successfully
2	07:13:08.463	Custom indicator 23Signal_Price-v1 GBPUSD,H1: loaded successfully
2	07:13:08.463	Custom indicator chikou_span_attacker GBPUSD,H1: loaded successfully
2	07:13:08.495	Custom indicator Span_model GBPUSD,M5: loaded successfully
2	07:13:08.495	Custom indicator 23Signal_Price-v1 GBPUSD,M5: loaded successfully
2	07:13:08.495	Custom indicator ___MA™Angle_45_TAKE GBPUSD,M5: loaded successfully
2	07:13:08.510	Custom indicator Max_Pivot GBPUSD,M5: loaded successfully
2	07:13:08.510	Custom indicator Max_Line GBPUSD,M5: loaded successfully
2	07:13:08.510	Custom indicator EWPro GBPUSD,M5: loaded successfully
2	07:13:08.510	Custom indicator Elliott_Wave_Oscillator-Arrows2 GBPUSD,M5: loaded successfully
2	07:13:08.526	Custom indicator Elliott_Wave_Oscillator GBPUSD,M5: loaded successfully
2	07:13:08.620	Custom indicator Otyame005_Super_Bollinger GBPJPY,H1: loaded successfully
2	07:13:08.620	Custom indicator 23Signal_Price-v1 GBPJPY,H1: loaded successfully
2	07:13:08.620	Custom indicator chikou_span_attacker GBPJPY,H1: loaded successfully
2	07:13:08.651	Custom indicator Span_model GBPJPY,M5: loaded successfully
2	07:13:08.651	Custom indicator 23Signal_Price-v1 GBPJPY,M5: loaded successfully
2	07:13:08.651	Custom indicator ___MA™Angle_45_TAKE GBPJPY,M5: loaded successfully
2	07:13:08.667	Custom indicator Max_Sign GBPJPY,M5: loaded successfully
2	07:13:08.667	Custom indicator Max_Pivot GBPJPY,M5: loaded successfully
2	07:13:08.667	Custom indicator Max_Line GBPJPY,M5: loaded successfully
2	07:13:08.667	Custom indicator EWPro GBPJPY,M5: loaded successfully
2	07:13:08.667	Custom indicator Elliott_Wave_Oscillator-Arrows2 GBPJPY,M5: loaded successfully
2	07:13:08.682	Custom indicator Elliott_Wave_Oscillator GBPJPY,M5: loaded successfully
2	07:13:08.776	Custom indicator Otyame005_Super_Bollinger AUDUSD,H1: loaded successfully
2	07:13:08.776	Custom indicator 23Signal_Price-v1 AUDUSD,H1: loaded successfully
2	07:13:08.776	Custom indicator chikou_span_attacker AUDUSD,H1: loaded successfully
2	07:13:08.823	Custom indicator Span_model AUDUSD,M15: loaded successfully
2	07:13:08.823	Custom indicator 23Signal_Price-v1 AUDUSD,M15: loaded successfully
2	07:13:08.823	Custom indicator ___MA™Angle_45_TAKE AUDUSD,M15: loaded successfully
2	07:13:08.823	Custom indicator Max_Pivot AUDUSD,M15: loaded successfully
2	07:13:08.838	Custom indicator Max_Line AUDUSD,M15: loaded successfully
2	07:13:08.838	Custom indicator EWPro AUDUSD,M15: loaded successfully
2	07:13:08.838	Custom indicator Elliott_Wave_Oscillator-Arrows2 AUDUSD,M15: loaded successfully
2	07:13:08.838	Custom indicator Elliott_Wave_Oscillator AUDUSD,M15: loaded successfully
2	07:13:08.932	Custom indicator Economic_indicator EURUSD,H1: loaded successfully
0	19:17:53.999	GemFX MT4 build 950 started (GemTrade Co., Ltd.)
0	19:17:53.999	Windows 10 Home (x64 based PC), IE 12.62, UAC, 8 x Intel Core i7-3770  @ 3.40GHz, RAM: 13932 / 16327 Mb, HDD: 148127 / 228383 Mb, GMT+09:00
0	19:17:53.999	Data Folder: C:\Users\koichi\AppData\Roaming\MetaQuotes\Terminal\250ECE632D67BAE8424D7871E3ED5548
2	19:17:55.280	Custom indicator Otyame005_Super_Bollinger USDJPY,H1: loaded successfully
2	19:17:55.280	Custom indicator 23Signal_Price-v1 USDJPY,H1: loaded successfully
2	19:17:55.280	Custom indicator chikou_span_attacker USDJPY,H1: loaded successfully
2	19:17:55.358	Custom indicator Span_model USDJPY,M5: loaded successfully
2	19:17:55.358	Custom indicator ___MA™Angle_45_TAKE USDJPY,M5: loaded successfully
2	19:17:55.358	Custom indicator 23Signal_Price-v1 USDJPY,M5: loaded successfully
2	19:17:55.358	Custom indicator Max_Pivot USDJPY,M5: loaded successfully
2	19:17:55.358	Custom indicator Max_Line USDJPY,M5: loaded successfully
2	19:17:55.358	Custom indicator Elliott_Wave_Oscillator-Arrows2 USDJPY,M5: loaded successfully
2	19:17:55.374	Custom indicator EWPro USDJPY,M5: loaded successfully
2	19:17:55.374	Custom indicator Elliott_Wave_Oscillator USDJPY,M5: loaded successfully
2	19:17:55.483	Custom indicator Otyame005_Super_Bollinger EURUSD,H1: loaded successfully
2	19:17:55.483	Custom indicator 23Signal_Price-v1 EURUSD,H1: loaded successfully
2	19:17:55.483	Custom indicator chikou_span_attacker EURUSD,H1: loaded successfully
2	19:17:55.546	Custom indicator Span_model EURUSD,M5: loaded successfully
2	19:17:55.562	Custom indicator 23Signal_Price-v1 EURUSD,M5: loaded successfully
2	19:17:55.562	Custom indicator ___MA™Angle_45_TAKE EURUSD,M5: loaded successfully
2	19:17:55.562	Custom indicator Max_Pivot EURUSD,M5: loaded successfully
2	19:17:55.562	Custom indicator Max_Line EURUSD,M5: loaded successfully
2	19:17:55.562	Custom indicator Elliott_Wave_Oscillator-Arrows2 EURUSD,M5: loaded successfully
2	19:17:55.577	Custom indicator EWPro EURUSD,M5: loaded successfully
2	19:17:55.577	Custom indicator Elliott_Wave_Oscillator EURUSD,M5: loaded successfully
2	19:17:55.671	Custom indicator Otyame005_Super_Bollinger EURJPY,H1: loaded successfully
2	19:17:55.671	Custom indicator 23Signal_Price-v1 EURJPY,H1: loaded successfully
2	19:17:55.687	Custom indicator chikou_span_attacker EURJPY,H1: loaded successfully
2	19:17:55.749	Custom indicator Span_model EURJPY,M5: loaded successfully
2	19:17:55.749	Custom indicator 23Signal_Price-v1 EURJPY,M5: loaded successfully
2	19:17:55.749	Custom indicator ___MA™Angle_45_TAKE EURJPY,M5: loaded successfully
2	19:17:55.749	Custom indicator Max_Pivot EURJPY,M5: loaded successfully
2	19:17:55.749	Custom indicator Max_Line EURJPY,M5: loaded successfully
2	19:17:55.749	Custom indicator EWPro EURJPY,M5: loaded successfully
2	19:17:55.765	Custom indicator Elliott_Wave_Oscillator-Arrows2 EURJPY,M5: loaded successfully
2	19:17:55.765	Custom indicator Elliott_Wave_Oscillator EURJPY,M5: loaded successfully
2	19:17:55.858	Custom indicator Otyame005_Super_Bollinger GBPUSD,H1: loaded successfully
2	19:17:55.858	Custom indicator 23Signal_Price-v1 GBPUSD,H1: loaded successfully
2	19:17:55.874	Custom indicator chikou_span_attacker GBPUSD,H1: loaded successfully
2	19:17:55.937	Custom indicator Span_model GBPUSD,M5: loaded successfully
2	19:17:55.937	Custom indicator 23Signal_Price-v1 GBPUSD,M5: loaded successfully
2	19:17:55.937	Custom indicator ___MA™Angle_45_TAKE GBPUSD,M5: loaded successfully
2	19:17:55.952	Custom indicator Max_Pivot GBPUSD,M5: loaded successfully
2	19:17:55.952	Custom indicator Max_Line GBPUSD,M5: loaded successfully
2	19:17:55.952	Custom indicator EWPro GBPUSD,M5: loaded successfully
2	19:17:55.952	Custom indicator Elliott_Wave_Oscillator-Arrows2 GBPUSD,M5: loaded successfully
2	19:17:55.968	Custom indicator Elliott_Wave_Oscillator GBPUSD,M5: loaded successfully
2	19:17:56.062	Custom indicator Otyame005_Super_Bollinger GBPJPY,H1: loaded successfully
2	19:17:56.062	Custom indicator 23Signal_Price-v1 GBPJPY,H1: loaded successfully
2	19:17:56.062	Custom indicator chikou_span_attacker GBPJPY,H1: loaded successfully
2	19:17:56.155	Custom indicator Span_model GBPJPY,M5: loaded successfully
2	19:17:56.155	Custom indicator 23Signal_Price-v1 GBPJPY,M5: loaded successfully
2	19:17:56.155	Custom indicator ___MA™Angle_45_TAKE GBPJPY,M5: loaded successfully
2	19:17:56.155	Custom indicator Max_Sign GBPJPY,M5: loaded successfully
2	19:17:56.155	Custom indicator Max_Pivot GBPJPY,M5: loaded successfully
2	19:17:56.155	Custom indicator Max_Line GBPJPY,M5: loaded successfully
2	19:17:56.155	Custom indicator EWPro GBPJPY,M5: loaded successfully
2	19:17:56.171	Custom indicator Elliott_Wave_Oscillator-Arrows2 GBPJPY,M5: loaded successfully
2	19:17:56.171	Custom indicator Elliott_Wave_Oscillator GBPJPY,M5: loaded successfully
2	19:17:56.265	Custom indicator Otyame005_Super_Bollinger AUDUSD,H1: loaded successfully
2	19:17:56.265	Custom indicator 23Signal_Price-v1 AUDUSD,H1: loaded successfully
2	19:17:56.280	Custom indicator chikou_span_attacker AUDUSD,H1: loaded successfully
2	19:17:56.343	Custom indicator Span_model AUDUSD,M15: loaded successfully
2	19:17:56.343	Custom indicator 23Signal_Price-v1 AUDUSD,M15: loaded successfully
2	19:17:56.343	Custom indicator ___MA™Angle_45_TAKE AUDUSD,M15: loaded successfully
2	19:17:56.343	Custom indicator Max_Pivot AUDUSD,M15: loaded successfully
2	19:17:56.343	Custom indicator Max_Line AUDUSD,M15: loaded successfully
2	19:17:56.359	Custom indicator EWPro AUDUSD,M15: loaded successfully
2	19:17:56.359	Custom indicator Elliott_Wave_Oscillator-Arrows2 AUDUSD,M15: loaded successfully
2	19:17:56.359	Custom indicator Elliott_Wave_Oscillator AUDUSD,M15: loaded successfully
2	19:17:56.452	Custom indicator Economic_indicator EURUSD,H1: loaded successfully
0	19:17:58.452	'16040': login on GemForex-Live through DC1 (ping: 79.81 ms)
0	19:17:59.374	'16040': login datacenter on GemForex-Live through DC1 (ping: 79.81 ms)
0	19:17:59.590	'16040': previous successful authorization performed from 49.97.58.183
0	19:18:22.315	'16040': ping to current access point DC1 is 73.75 ms
0	22:07:41.478	'16040': instant order sell 1.00 GBPUSD at 1.40722 sl: 0.00000 tp: 0.00000
0	22:07:41.607	'16040': order was opened : #1374543 sell 1.00 GBPUSD at 1.40722 sl: 0.00000 tp: 0.00000
0	22:08:02.258	'16040': modify order #1374543 sell 1.00 GBPUSD at 1.40722 sl: 0.00000 tp: 0.00000 -> sl: 1.40849 tp: 0.00000
0	22:08:02.405	'16040': order #1374543 sell 1.00 GBPUSD at 1.40722 was modified -> sl: 1.40849 tp: 0.00000
0	22:17:24.094	'16040': close order #1374543 sell 1.00 GBPUSD at 1.40722 sl: 1.40849 tp: 0.00000 at price 1.40608
0	22:17:24.226	'16040': order #1374543 sell 1.00 GBPUSD at 1.40722 sl: 1.40849 tp: 0.00000 closed at price 1.40608
0	22:31:37.645	'16040': instant order sell 1.00 GBPUSD at 1.40685 sl: 0.00000 tp: 0.00000
0	22:31:37.814	'16040': order was opened : #1374774 sell 1.00 GBPUSD at 1.40685 sl: 0.00000 tp: 0.00000
0	22:31:45.162	'16040': modify order #1374774 sell 1.00 GBPUSD at 1.40685 sl: 0.00000 tp: 0.00000 -> sl: 1.40752 tp: 0.00000
0	22:31:45.302	'16040': order #1374774 sell 1.00 GBPUSD at 1.40685 was modified -> sl: 1.40752 tp: 0.00000
0	22:31:48.133	'16040': modify order #1374774 sell 1.00 GBPUSD at 1.40685 sl: 1.40752 tp: 0.00000 -> sl: 1.40766 tp: 0.00000
0	22:31:48.283	'16040': order #1374774 sell 1.00 GBPUSD at 1.40685 was modified -> sl: 1.40766 tp: 0.00000
0	22:32:07.428	'16040': modify order #1374774 sell 1.00 GBPUSD at 1.40685 sl: 1.40766 tp: 0.00000 -> sl: 1.40789 tp: 0.00000
0	22:32:07.607	'16040': order #1374774 sell 1.00 GBPUSD at 1.40685 was modified -> sl: 1.40789 tp: 0.00000
0	22:37:17.694	'16040': modify order #1374774 sell 1.00 GBPUSD at 1.40685 sl: 1.40789 tp: 0.00000 -> sl: 1.40746 tp: 0.00000
0	22:37:17.876	'16040': order #1374774 sell 1.00 GBPUSD at 1.40685 was modified -> sl: 1.40746 tp: 0.00000
0	22:37:20.944	'16040': modify order #1374774 sell 1.00 GBPUSD at 1.40685 sl: 1.40746 tp: 0.00000 -> sl: 1.40755 tp: 0.00000
0	22:37:21.120	'16040': order #1374774 sell 1.00 GBPUSD at 1.40685 was modified -> sl: 1.40755 tp: 0.00000
0	22:41:13.638	'16040': close order #1374774 sell 1.00 GBPUSD at 1.40685 sl: 1.40755 tp: 0.00000 at price 1.40687
0	22:41:13.812	'16040': order #1374774 sell 1.00 GBPUSD at 1.40685 sl: 1.40755 tp: 0.00000 closed at price 1.40687
0	22:48:07.565	'16040': instant order sell 0.50 EURUSD at 1.10587 sl: 0.00000 tp: 0.00000
0	22:48:07.731	'16040': requote 1.10583 / 1.10603 for open sell 0.50 EURUSD at 1.10587 sl: 0.00000 tp: 0.00000
0	22:48:09.649	'16040': instant order sell 0.50 EURUSD at 1.10583 sl: 0.00000 tp: 0.00000
0	22:48:09.803	'16040': order was opened : #1374893 sell 0.50 EURUSD at 1.10583 sl: 0.00000 tp: 0.00000
0	22:48:28.470	'16040': modify order #1374893 sell 0.50 EURUSD at 1.10583 sl: 0.00000 tp: 0.00000 -> sl: 1.10648 tp: 0.00000
0	22:48:28.587	'16040': order #1374893 sell 0.50 EURUSD at 1.10583 was modified -> sl: 1.10648 tp: 0.00000
0	22:48:30.631	'16040': modify order #1374893 sell 0.50 EURUSD at 1.10583 sl: 1.10648 tp: 0.00000 -> sl: 1.10655 tp: 0.00000
0	22:48:30.800	'16040': order #1374893 sell 0.50 EURUSD at 1.10583 was modified -> sl: 1.10655 tp: 0.00000
0	22:59:32.353	'16040': order #1374893 sell 0.50 EURUSD at 1.10583 closed due stop-loss at price 1.10655
0	23:00:13.481	'16040': instant order buy 1.00 USDJPY at 113.723 sl: 0.000 tp: 0.000
0	23:00:13.665	'16040': order was opened : #1374950 buy 1.00 USDJPY at 113.723 sl: 0.000 tp: 0.000
0	23:07:04.486	'16040': modify order #1374950 buy 1.00 USDJPY at 113.723 sl: 0.000 tp: 0.000 -> sl: 113.662 tp: 0.000
0	23:07:04.636	'16040': order #1374950 buy 1.00 USDJPY at 113.723 was modified -> sl: 113.662 tp: 0.000
0	23:12:52.775	'16040': modify order #1374950 buy 1.00 USDJPY at 113.723 sl: 113.662 tp: 0.000 -> sl: 113.717 tp: 0.000
0	23:12:52.925	'16040': order #1374950 buy 1.00 USDJPY at 113.723 was modified -> sl: 113.717 tp: 0.000
0	23:21:27.928	'16040': modify order #1374950 buy 1.00 USDJPY at 113.723 sl: 113.717 tp: 0.000 -> sl: 113.763 tp: 0.000
0	23:21:28.063	'16040': order #1374950 buy 1.00 USDJPY at 113.723 was modified -> sl: 113.763 tp: 0.000
0	23:22:21.184	'16040': modify order #1374950 buy 1.00 USDJPY at 113.723 sl: 113.763 tp: 0.000 -> sl: 113.763 tp: 113.880
0	23:22:21.321	'16040': order #1374950 buy 1.00 USDJPY at 113.723 was modified -> sl: 113.763 tp: 113.880
0	23:23:12.942	'16040': order #1374950 buy 1.00 USDJPY at 113.723 closed due stop-loss at price 113.763
0	23:35:41.432	'16040': instant order sell 1.00 EURUSD at 1.10637 sl: 0.00000 tp: 0.00000
0	23:35:41.569	'16040': order was opened : #1375154 sell 1.00 EURUSD at 1.10637 sl: 0.00000 tp: 0.00000
0	23:46:36.834	'16040': close order #1375154 sell 1.00 EURUSD at 1.10637 sl: 0.00000 tp: 0.00000 at price 1.10632
0	23:46:36.971	'16040': order #1375154 sell 1.00 EURUSD at 1.10637 sl: 0.00000 tp: 0.00000 closed at price 1.10632
