2	00:03:45.029	Custom indicator Otyame005_Super_Bollinger USDJPY,H1: removed
2	00:03:45.029	Custom indicator 23Signal_Price-v1 USDJPY,H1: removed
2	00:03:45.029	Custom indicator chikou_span_attacker USDJPY,H1: removed
2	00:03:45.029	Custom indicator PZ_Harmonic USDJPY,H1: removed
2	00:03:45.035	Custom indicator Span_model USDJPY,M5: removed
2	00:03:45.036	Custom indicator ___MAÅôAngle_45_TAKE USDJPY,M5: removed
2	00:03:45.036	Custom indicator 23Signal_Price-v1 USDJPY,M5: removed
2	00:03:45.036	Custom indicator Max_Pivot USDJPY,M5: removed
2	00:03:45.036	Custom indicator Max_Line USDJPY,M5: removed
2	00:03:45.037	Custom indicator Elliott_Wave_Oscillator-Arrows2 USDJPY,M5: removed
2	00:03:45.037	Custom indicator EWPro USDJPY,M5: removed
2	00:03:45.038	Custom indicator RCI USDJPY,M5: removed
2	00:03:45.038	Custom indicator RCI USDJPY,M5: removed
2	00:03:45.039	Custom indicator RCI USDJPY,M5: removed
2	00:03:45.040	Custom indicator Otyame005_Super_Bollinger EURUSD,H1: removed
2	00:03:45.040	Custom indicator 23Signal_Price-v1 EURUSD,H1: removed
2	00:03:45.040	Custom indicator chikou_span_attacker EURUSD,H1: removed
2	00:03:45.040	Custom indicator PZ_Harmonic EURUSD,H1: removed
2	00:03:45.042	Custom indicator Span_model EURUSD,M5: removed
2	00:03:45.042	Custom indicator 23Signal_Price-v1 EURUSD,M5: removed
2	00:03:45.042	Custom indicator ___MAÅôAngle_45_TAKE EURUSD,M5: removed
2	00:03:45.042	Custom indicator Max_Pivot EURUSD,M5: removed
2	00:03:45.042	Custom indicator Max_Line EURUSD,M5: removed
2	00:03:45.043	Custom indicator Elliott_Wave_Oscillator-Arrows2 EURUSD,M5: removed
2	00:03:45.043	Custom indicator EWPro EURUSD,M5: removed
2	00:03:45.043	Custom indicator Elliott_Wave_Oscillator EURUSD,M5: removed
2	00:03:45.045	Custom indicator Otyame005_Super_Bollinger EURJPY,H1: removed
2	00:03:45.045	Custom indicator 23Signal_Price-v1 EURJPY,H1: removed
2	00:03:45.045	Custom indicator chikou_span_attacker EURJPY,H1: removed
2	00:03:45.046	Custom indicator PZ_Harmonic EURJPY,H1: removed
2	00:03:45.046	Custom indicator Span_model EURJPY,M5: removed
2	00:03:45.046	Custom indicator 23Signal_Price-v1 EURJPY,M5: removed
2	00:03:45.046	Custom indicator ___MAÅôAngle_45_TAKE EURJPY,M5: removed
2	00:03:45.046	Custom indicator Max_Pivot EURJPY,M5: removed
2	00:03:45.047	Custom indicator Max_Line EURJPY,M5: removed
2	00:03:45.047	Custom indicator EWPro EURJPY,M5: removed
2	00:03:45.047	Custom indicator Elliott_Wave_Oscillator-Arrows2 EURJPY,M5: removed
2	00:03:45.048	Custom indicator Elliott_Wave_Oscillator EURJPY,M5: removed
2	00:03:45.049	Custom indicator Otyame005_Super_Bollinger GBPUSD,H1: removed
2	00:03:45.049	Custom indicator 23Signal_Price-v1 GBPUSD,H1: removed
2	00:03:45.050	Custom indicator chikou_span_attacker GBPUSD,H1: removed
2	00:03:45.050	Custom indicator PZ_Harmonic GBPUSD,H1: removed
2	00:03:45.051	Custom indicator Span_model GBPUSD,M5: removed
2	00:03:45.051	Custom indicator 23Signal_Price-v1 GBPUSD,M5: removed
2	00:03:45.051	Custom indicator ___MAÅôAngle_45_TAKE GBPUSD,M5: removed
2	00:03:45.051	Custom indicator Max_Pivot GBPUSD,M5: removed
2	00:03:45.051	Custom indicator Max_Line GBPUSD,M5: removed
2	00:03:45.051	Custom indicator EWPro GBPUSD,M5: removed
2	00:03:45.052	Custom indicator Elliott_Wave_Oscillator-Arrows2 GBPUSD,M5: removed
2	00:03:45.052	Custom indicator Elliott_Wave_Oscillator GBPUSD,M5: removed
2	00:03:45.053	Custom indicator Otyame013_RCI_Signal GBPUSD,M5: removed
2	00:03:45.058	Custom indicator Otyame005_Super_Bollinger GBPJPY,H1: removed
2	00:03:45.058	Custom indicator 23Signal_Price-v1 GBPJPY,H1: removed
2	00:03:45.059	Custom indicator chikou_span_attacker GBPJPY,H1: removed
2	00:03:45.059	Custom indicator PZ_Harmonic GBPJPY,H1: removed
2	00:03:45.060	Custom indicator RSI GBPJPY,H1: removed
2	00:03:45.060	Custom indicator Span_model GBPJPY,M5: removed
2	00:03:45.061	Custom indicator 23Signal_Price-v1 GBPJPY,M5: removed
2	00:03:45.061	Custom indicator ___MAÅôAngle_45_TAKE GBPJPY,M5: removed
2	00:03:45.061	Custom indicator Max_Sign GBPJPY,M5: removed
2	00:03:45.061	Custom indicator Max_Pivot GBPJPY,M5: removed
2	00:03:45.061	Custom indicator Max_Line GBPJPY,M5: removed
2	00:03:45.061	Custom indicator EWPro GBPJPY,M5: removed
2	00:03:45.062	Custom indicator Elliott_Wave_Oscillator-Arrows2 GBPJPY,M5: removed
2	00:03:45.062	Custom indicator Elliott_Wave_Oscillator GBPJPY,M5: removed
2	00:03:45.064	Custom indicator Otyame005_Super_Bollinger AUDUSD,H1: removed
2	00:03:45.064	Custom indicator 23Signal_Price-v1 AUDUSD,H1: removed
2	00:03:45.064	Custom indicator chikou_span_attacker AUDUSD,H1: removed
2	00:03:45.065	Custom indicator Span_model AUDUSD,M5: removed
2	00:03:45.065	Custom indicator 23Signal_Price-v1 AUDUSD,M5: removed
2	00:03:45.065	Custom indicator ___MAÅôAngle_45_TAKE AUDUSD,M5: removed
2	00:03:45.065	Custom indicator Max_Pivot AUDUSD,M5: removed
2	00:03:45.066	Custom indicator Max_Line AUDUSD,M5: removed
2	00:03:45.066	Custom indicator EWPro AUDUSD,M5: removed
2	00:03:45.066	Custom indicator Elliott_Wave_Oscillator-Arrows2 AUDUSD,M5: removed
2	00:03:45.067	Custom indicator Elliott_Wave_Oscillator AUDUSD,M5: removed
2	00:03:45.069	Custom indicator Economic_indicator EURUSD,H1: removed
0	00:03:45.196	GemFX MT4 build 950 stopped
0	00:11:42.872	GemFX MT4 build 950 started (GemTrade Co., Ltd.)
0	00:11:42.872	Windows 10 Home (x64 based PC), IE 12.62, UAC, 8 x Intel Core i7-3770  @ 3.40GHz, RAM: 11346 / 16327 Mb, HDD: 146082 / 228383 Mb, GMT+09:00
0	00:11:42.872	Data Folder: C:\Users\koichi\AppData\Roaming\MetaQuotes\Terminal\250ECE632D67BAE8424D7871E3ED5548
2	00:11:43.219	Custom indicator Otyame005_Super_Bollinger USDJPY,H1: loaded successfully
2	00:11:43.220	Custom indicator 23Signal_Price-v1 USDJPY,H1: loaded successfully
2	00:11:43.224	Custom indicator chikou_span_attacker USDJPY,H1: loaded successfully
2	00:11:43.228	Custom indicator PZ_Harmonic USDJPY,H1: loaded successfully
2	00:11:43.258	Custom indicator Span_model USDJPY,M5: loaded successfully
2	00:11:43.260	Custom indicator ___MAÅôAngle_45_TAKE USDJPY,M5: loaded successfully
2	00:11:43.261	Custom indicator 23Signal_Price-v1 USDJPY,M5: loaded successfully
2	00:11:43.262	Custom indicator Max_Pivot USDJPY,M5: loaded successfully
2	00:11:43.266	Custom indicator Max_Line USDJPY,M5: loaded successfully
2	00:11:43.272	Custom indicator Elliott_Wave_Oscillator-Arrows2 USDJPY,M5: loaded successfully
2	00:11:43.274	Custom indicator EWPro USDJPY,M5: loaded successfully
2	00:11:43.278	Custom indicator RCI USDJPY,M5: loaded successfully
2	00:11:43.282	Custom indicator RCI USDJPY,M5: loaded successfully
2	00:11:43.285	Custom indicator RCI USDJPY,M5: loaded successfully
2	00:11:43.486	Custom indicator Otyame005_Super_Bollinger EURUSD,H1: loaded successfully
2	00:11:43.488	Custom indicator 23Signal_Price-v1 EURUSD,H1: loaded successfully
2	00:11:43.491	Custom indicator chikou_span_attacker EURUSD,H1: loaded successfully
2	00:11:43.495	Custom indicator PZ_Harmonic EURUSD,H1: loaded successfully
2	00:11:43.532	Custom indicator Span_model EURUSD,M5: loaded successfully
2	00:11:43.533	Custom indicator 23Signal_Price-v1 EURUSD,M5: loaded successfully
2	00:11:43.534	Custom indicator ___MAÅôAngle_45_TAKE EURUSD,M5: loaded successfully
2	00:11:43.535	Custom indicator Max_Pivot EURUSD,M5: loaded successfully
2	00:11:43.539	Custom indicator Max_Line EURUSD,M5: loaded successfully
2	00:11:43.544	Custom indicator Elliott_Wave_Oscillator-Arrows2 EURUSD,M5: loaded successfully
2	00:11:43.546	Custom indicator EWPro EURUSD,M5: loaded successfully
2	00:11:43.551	Custom indicator Elliott_Wave_Oscillator EURUSD,M5: loaded successfully
2	00:11:43.689	Custom indicator Otyame005_Super_Bollinger EURJPY,H1: loaded successfully
2	00:11:43.690	Custom indicator 23Signal_Price-v1 EURJPY,H1: loaded successfully
2	00:11:43.694	Custom indicator chikou_span_attacker EURJPY,H1: loaded successfully
2	00:11:43.697	Custom indicator PZ_Harmonic EURJPY,H1: loaded successfully
2	00:11:43.734	Custom indicator Span_model EURJPY,M5: loaded successfully
2	00:11:43.736	Custom indicator 23Signal_Price-v1 EURJPY,M5: loaded successfully
2	00:11:43.737	Custom indicator ___MAÅôAngle_45_TAKE EURJPY,M5: loaded successfully
2	00:11:43.738	Custom indicator Max_Pivot EURJPY,M5: loaded successfully
2	00:11:43.742	Custom indicator Max_Line EURJPY,M5: loaded successfully
2	00:11:43.744	Custom indicator EWPro EURJPY,M5: loaded successfully
2	00:11:43.749	Custom indicator Elliott_Wave_Oscillator-Arrows2 EURJPY,M5: loaded successfully
2	00:11:43.754	Custom indicator Elliott_Wave_Oscillator EURJPY,M5: loaded successfully
2	00:11:43.888	Custom indicator Otyame005_Super_Bollinger GBPUSD,H1: loaded successfully
2	00:11:43.890	Custom indicator 23Signal_Price-v1 GBPUSD,H1: loaded successfully
2	00:11:43.893	Custom indicator chikou_span_attacker GBPUSD,H1: loaded successfully
2	00:11:43.897	Custom indicator PZ_Harmonic GBPUSD,H1: loaded successfully
2	00:11:43.935	Custom indicator Span_model GBPUSD,M5: loaded successfully
2	00:11:43.937	Custom indicator 23Signal_Price-v1 GBPUSD,M5: loaded successfully
2	00:11:43.938	Custom indicator ___MAÅôAngle_45_TAKE GBPUSD,M5: loaded successfully
2	00:11:43.939	Custom indicator Max_Pivot GBPUSD,M5: loaded successfully
2	00:11:43.944	Custom indicator Max_Line GBPUSD,M5: loaded successfully
2	00:11:43.946	Custom indicator EWPro GBPUSD,M5: loaded successfully
2	00:11:43.952	Custom indicator Elliott_Wave_Oscillator-Arrows2 GBPUSD,M5: loaded successfully
2	00:11:43.958	Custom indicator Elliott_Wave_Oscillator GBPUSD,M5: loaded successfully
2	00:11:43.963	Custom indicator Otyame013_RCI_Signal GBPUSD,M5: loaded successfully
2	00:11:44.306	Custom indicator Otyame005_Super_Bollinger GBPJPY,H1: loaded successfully
2	00:11:44.308	Custom indicator 23Signal_Price-v1 GBPJPY,H1: loaded successfully
2	00:11:44.312	Custom indicator chikou_span_attacker GBPJPY,H1: loaded successfully
2	00:11:44.315	Custom indicator PZ_Harmonic GBPJPY,H1: loaded successfully
2	00:11:44.320	Custom indicator RSI GBPJPY,H1: loaded successfully
2	00:11:44.363	Custom indicator Span_model GBPJPY,M5: loaded successfully
2	00:11:44.365	Custom indicator 23Signal_Price-v1 GBPJPY,M5: loaded successfully
2	00:11:44.366	Custom indicator ___MAÅôAngle_45_TAKE GBPJPY,M5: loaded successfully
2	00:11:44.367	Custom indicator Max_Sign GBPJPY,M5: loaded successfully
2	00:11:44.369	Custom indicator Max_Pivot GBPJPY,M5: loaded successfully
2	00:11:44.372	Custom indicator Max_Line GBPJPY,M5: loaded successfully
2	00:11:44.375	Custom indicator EWPro GBPJPY,M5: loaded successfully
2	00:11:44.380	Custom indicator Elliott_Wave_Oscillator-Arrows2 GBPJPY,M5: loaded successfully
2	00:11:44.385	Custom indicator Elliott_Wave_Oscillator GBPJPY,M5: loaded successfully
2	00:11:44.525	Custom indicator Otyame005_Super_Bollinger AUDUSD,H1: loaded successfully
2	00:11:44.527	Custom indicator 23Signal_Price-v1 AUDUSD,H1: loaded successfully
2	00:11:44.531	Custom indicator chikou_span_attacker AUDUSD,H1: loaded successfully
2	00:11:44.570	Custom indicator Span_model AUDUSD,M5: loaded successfully
2	00:11:44.571	Custom indicator 23Signal_Price-v1 AUDUSD,M5: loaded successfully
2	00:11:44.572	Custom indicator ___MAÅôAngle_45_TAKE AUDUSD,M5: loaded successfully
2	00:11:44.573	Custom indicator Max_Pivot AUDUSD,M5: loaded successfully
2	00:11:44.577	Custom indicator Max_Line AUDUSD,M5: loaded successfully
2	00:11:44.579	Custom indicator EWPro AUDUSD,M5: loaded successfully
2	00:11:44.585	Custom indicator Elliott_Wave_Oscillator-Arrows2 AUDUSD,M5: loaded successfully
2	00:11:44.590	Custom indicator Elliott_Wave_Oscillator AUDUSD,M5: loaded successfully
2	00:11:44.726	Custom indicator Economic_indicator EURUSD,H1: loaded successfully
0	00:11:46.301	'16040': login on GemForex-Live through DC1 (ping: 74.61 ms)
0	00:11:47.237	'16040': login datacenter on GemForex-Live through DC1 (ping: 74.61 ms)
0	00:11:47.428	'16040': previous successful authorization performed from 119.242.14.176
0	00:12:09.172	'16040': ping to current access point DC1 is 76.69 ms
0	00:39:16.662	System to be shutdown, request for close GemFX MT4
0	00:39:17.011	GemFX MT4 build 950 stopped because system shutdown
0	19:09:24.634	GemFX MT4 build 950 started (GemTrade Co., Ltd.)
0	19:09:24.634	Windows 10 Home (x64 based PC), IE 12.62, UAC, 8 x Intel Core i7-3770  @ 3.40GHz, RAM: 13703 / 16327 Mb, HDD: 146277 / 228383 Mb, GMT+09:00
0	19:09:24.634	Data Folder: C:\Users\koichi\AppData\Roaming\MetaQuotes\Terminal\250ECE632D67BAE8424D7871E3ED5548
2	19:09:25.244	Custom indicator Otyame005_Super_Bollinger USDJPY,H1: loaded successfully
2	19:09:25.244	Custom indicator 23Signal_Price-v1 USDJPY,H1: loaded successfully
2	19:09:25.244	Custom indicator chikou_span_attacker USDJPY,H1: loaded successfully
2	19:09:25.244	Custom indicator PZ_Harmonic USDJPY,H1: loaded successfully
2	19:09:25.306	Custom indicator Span_model USDJPY,M5: loaded successfully
2	19:09:25.306	Custom indicator ___MAÅôAngle_45_TAKE USDJPY,M5: loaded successfully
2	19:09:25.306	Custom indicator 23Signal_Price-v1 USDJPY,M5: loaded successfully
2	19:09:25.306	Custom indicator Max_Pivot USDJPY,M5: loaded successfully
2	19:09:25.306	Custom indicator Max_Line USDJPY,M5: loaded successfully
2	19:09:25.322	Custom indicator Elliott_Wave_Oscillator-Arrows2 USDJPY,M5: loaded successfully
2	19:09:25.322	Custom indicator EWPro USDJPY,M5: loaded successfully
2	19:09:25.322	Custom indicator RCI USDJPY,M5: loaded successfully
2	19:09:25.322	Custom indicator RCI USDJPY,M5: loaded successfully
2	19:09:25.338	Custom indicator RCI USDJPY,M5: loaded successfully
2	19:09:25.541	Custom indicator Otyame005_Super_Bollinger EURUSD,H1: loaded successfully
2	19:09:25.541	Custom indicator 23Signal_Price-v1 EURUSD,H1: loaded successfully
2	19:09:25.541	Custom indicator chikou_span_attacker EURUSD,H1: loaded successfully
2	19:09:25.541	Custom indicator PZ_Harmonic EURUSD,H1: loaded successfully
2	19:09:25.603	Custom indicator Span_model EURUSD,M5: loaded successfully
2	19:09:25.603	Custom indicator 23Signal_Price-v1 EURUSD,M5: loaded successfully
2	19:09:25.603	Custom indicator ___MAÅôAngle_45_TAKE EURUSD,M5: loaded successfully
2	19:09:25.603	Custom indicator Max_Pivot EURUSD,M5: loaded successfully
2	19:09:25.603	Custom indicator Max_Line EURUSD,M5: loaded successfully
2	19:09:25.619	Custom indicator Elliott_Wave_Oscillator-Arrows2 EURUSD,M5: loaded successfully
2	19:09:25.619	Custom indicator EWPro EURUSD,M5: loaded successfully
2	19:09:25.619	Custom indicator Elliott_Wave_Oscillator EURUSD,M5: loaded successfully
2	19:09:25.759	Custom indicator Otyame005_Super_Bollinger EURJPY,H1: loaded successfully
2	19:09:25.759	Custom indicator 23Signal_Price-v1 EURJPY,H1: loaded successfully
2	19:09:25.759	Custom indicator chikou_span_attacker EURJPY,H1: loaded successfully
2	19:09:25.775	Custom indicator PZ_Harmonic EURJPY,H1: loaded successfully
2	19:09:25.822	Custom indicator Span_model EURJPY,M5: loaded successfully
2	19:09:25.822	Custom indicator 23Signal_Price-v1 EURJPY,M5: loaded successfully
2	19:09:25.822	Custom indicator ___MAÅôAngle_45_TAKE EURJPY,M5: loaded successfully
2	19:09:25.822	Custom indicator Max_Pivot EURJPY,M5: loaded successfully
2	19:09:25.822	Custom indicator Max_Line EURJPY,M5: loaded successfully
2	19:09:25.838	Custom indicator EWPro EURJPY,M5: loaded successfully
2	19:09:25.838	Custom indicator Elliott_Wave_Oscillator-Arrows2 EURJPY,M5: loaded successfully
2	19:09:25.838	Custom indicator Elliott_Wave_Oscillator EURJPY,M5: loaded successfully
2	19:09:25.978	Custom indicator Otyame005_Super_Bollinger GBPUSD,H1: loaded successfully
2	19:09:25.978	Custom indicator 23Signal_Price-v1 GBPUSD,H1: loaded successfully
2	19:09:25.978	Custom indicator chikou_span_attacker GBPUSD,H1: loaded successfully
2	19:09:25.978	Custom indicator PZ_Harmonic GBPUSD,H1: loaded successfully
2	19:09:26.041	Custom indicator Span_model GBPUSD,M5: loaded successfully
2	19:09:26.041	Custom indicator 23Signal_Price-v1 GBPUSD,M5: loaded successfully
2	19:09:26.041	Custom indicator ___MAÅôAngle_45_TAKE GBPUSD,M5: loaded successfully
2	19:09:26.041	Custom indicator Max_Pivot GBPUSD,M5: loaded successfully
2	19:09:26.056	Custom indicator Max_Line GBPUSD,M5: loaded successfully
2	19:09:26.056	Custom indicator EWPro GBPUSD,M5: loaded successfully
2	19:09:26.056	Custom indicator Elliott_Wave_Oscillator-Arrows2 GBPUSD,M5: loaded successfully
2	19:09:26.056	Custom indicator Elliott_Wave_Oscillator GBPUSD,M5: loaded successfully
2	19:09:26.072	Custom indicator Otyame013_RCI_Signal GBPUSD,M5: loaded successfully
2	19:09:26.400	Custom indicator Otyame005_Super_Bollinger GBPJPY,H1: loaded successfully
2	19:09:26.400	Custom indicator 23Signal_Price-v1 GBPJPY,H1: loaded successfully
2	19:09:26.400	Custom indicator chikou_span_attacker GBPJPY,H1: loaded successfully
2	19:09:26.400	Custom indicator PZ_Harmonic GBPJPY,H1: loaded successfully
2	19:09:26.400	Custom indicator RSI GBPJPY,H1: loaded successfully
2	19:09:26.463	Custom indicator Span_model GBPJPY,M5: loaded successfully
2	19:09:26.463	Custom indicator 23Signal_Price-v1 GBPJPY,M5: loaded successfully
2	19:09:26.463	Custom indicator ___MAÅôAngle_45_TAKE GBPJPY,M5: loaded successfully
2	19:09:26.478	Custom indicator Max_Sign GBPJPY,M5: loaded successfully
2	19:09:26.478	Custom indicator Max_Pivot GBPJPY,M5: loaded successfully
2	19:09:26.478	Custom indicator Max_Line GBPJPY,M5: loaded successfully
2	19:09:26.478	Custom indicator EWPro GBPJPY,M5: loaded successfully
2	19:09:26.478	Custom indicator Elliott_Wave_Oscillator-Arrows2 GBPJPY,M5: loaded successfully
2	19:09:26.494	Custom indicator Elliott_Wave_Oscillator GBPJPY,M5: loaded successfully
2	19:09:26.635	Custom indicator Otyame005_Super_Bollinger AUDUSD,H1: loaded successfully
2	19:09:26.635	Custom indicator 23Signal_Price-v1 AUDUSD,H1: loaded successfully
2	19:09:26.635	Custom indicator chikou_span_attacker AUDUSD,H1: loaded successfully
2	19:09:26.697	Custom indicator Span_model AUDUSD,M5: loaded successfully
2	19:09:26.697	Custom indicator 23Signal_Price-v1 AUDUSD,M5: loaded successfully
2	19:09:26.697	Custom indicator ___MAÅôAngle_45_TAKE AUDUSD,M5: loaded successfully
2	19:09:26.697	Custom indicator Max_Pivot AUDUSD,M5: loaded successfully
2	19:09:26.697	Custom indicator Max_Line AUDUSD,M5: loaded successfully
2	19:09:26.697	Custom indicator EWPro AUDUSD,M5: loaded successfully
2	19:09:26.713	Custom indicator Elliott_Wave_Oscillator-Arrows2 AUDUSD,M5: loaded successfully
2	19:09:26.713	Custom indicator Elliott_Wave_Oscillator AUDUSD,M5: loaded successfully
2	19:09:26.853	Custom indicator Economic_indicator EURUSD,H1: loaded successfully
0	19:09:28.653	'16040': login on GemForex-Live through DC1 (ping: 76.69 ms)
0	19:09:29.578	'16040': login datacenter on GemForex-Live through DC1 (ping: 76.69 ms)
0	19:09:29.785	'16040': previous successful authorization performed from 119.242.14.176
0	19:09:52.189	'16040': ping to current access point DC1 is 74.05 ms
0	22:09:40.868	System to be shutdown, request for close GemFX MT4
0	22:09:41.056	GemFX MT4 build 950 stopped because system shutdown
