0	21:26:02.955	GemFX MT4 build 950 started (GemTrade Co., Ltd.)
0	21:26:02.955	Windows 10 Home (x64 based PC), IE 14.06, UAC, 8 x Intel Core i7-3770  @ 3.40GHz, RAM: 11874 / 16327 Mb, HDD: 140584 / 228383 Mb, GMT+09:00
0	21:26:02.955	Data Folder: C:\Users\koichi\AppData\Roaming\MetaQuotes\Terminal\250ECE632D67BAE8424D7871E3ED5548
2	21:26:03.606	Custom indicator Otyame005_Super_Bollinger USDJPY,H4: loaded successfully
2	21:26:03.607	Custom indicator 23Signal_Price-v1 USDJPY,H4: loaded successfully
2	21:26:03.611	Custom indicator chikou_span_attacker USDJPY,H4: loaded successfully
2	21:26:03.615	Custom indicator PZ_Harmonic USDJPY,H4: loaded successfully
2	21:26:03.620	Custom indicator AutoHarmonic_201604 USDJPY,H4: loaded successfully
2	21:26:03.625	Custom indicator Sessions EX USDJPY,H4: loaded successfully
2	21:26:03.626	Custom indicator Max_Pivot USDJPY,H4: loaded successfully
2	21:26:03.630	Custom indicator Max_Line USDJPY,H4: loaded successfully
2	21:26:03.792	Custom indicator Span_model USDJPY,M5: loaded successfully
2	21:26:03.793	Custom indicator 23Signal_Price-v1 USDJPY,M5: loaded successfully
2	21:26:03.794	Custom indicator Max_Pivot USDJPY,M5: loaded successfully
2	21:26:03.798	Custom indicator Max_Line USDJPY,M5: loaded successfully
2	21:26:03.903	Custom indicator Otyame005_Super_Bollinger EURUSD,H1: loaded successfully
2	21:26:03.905	Custom indicator 23Signal_Price-v1 EURUSD,H1: loaded successfully
2	21:26:03.909	Custom indicator chikou_span_attacker EURUSD,H1: loaded successfully
2	21:26:03.913	Custom indicator PZ_Harmonic EURUSD,H1: loaded successfully
2	21:26:03.918	Custom indicator AutoHarmonic_201604 EURUSD,H1: loaded successfully
2	21:26:03.922	Custom indicator Sessions EX EURUSD,H1: loaded successfully
2	21:26:03.924	Custom indicator Max_Pivot EURUSD,H1: loaded successfully
2	21:26:03.927	Custom indicator Max_Line EURUSD,H1: loaded successfully
2	21:26:04.069	Custom indicator Span_model EURUSD,M5: loaded successfully
2	21:26:04.070	Custom indicator 23Signal_Price-v1 EURUSD,M5: loaded successfully
2	21:26:04.072	Custom indicator Max_Pivot EURUSD,M5: loaded successfully
2	21:26:04.076	Custom indicator Max_Line EURUSD,M5: loaded successfully
2	21:26:04.180	Custom indicator Otyame005_Super_Bollinger EURJPY,H1: loaded successfully
2	21:26:04.182	Custom indicator 23Signal_Price-v1 EURJPY,H1: loaded successfully
2	21:26:04.186	Custom indicator chikou_span_attacker EURJPY,H1: loaded successfully
2	21:26:04.190	Custom indicator PZ_Harmonic EURJPY,H1: loaded successfully
2	21:26:04.194	Custom indicator Sessions EX EURJPY,H1: loaded successfully
2	21:26:04.196	Custom indicator Max_Pivot EURJPY,H1: loaded successfully
2	21:26:04.200	Custom indicator Max_Line EURJPY,H1: loaded successfully
2	21:26:04.319	Custom indicator Span_model EURJPY,Weekly: loaded successfully
2	21:26:04.320	Custom indicator 23Signal_Price-v1 EURJPY,Weekly: loaded successfully
2	21:26:04.321	Custom indicator Max_Pivot EURJPY,Weekly: loaded successfully
2	21:26:04.325	Custom indicator Max_Line EURJPY,Weekly: loaded successfully
2	21:26:04.364	Custom indicator Otyame005_Super_Bollinger GBPUSD,H1: loaded successfully
2	21:26:04.366	Custom indicator 23Signal_Price-v1 GBPUSD,H1: loaded successfully
2	21:26:04.370	Custom indicator chikou_span_attacker GBPUSD,H1: loaded successfully
2	21:26:04.374	Custom indicator PZ_Harmonic GBPUSD,H1: loaded successfully
2	21:26:04.379	Custom indicator AutoHarmonic_201604 GBPUSD,H1: loaded successfully
2	21:26:04.383	Custom indicator Sessions EX GBPUSD,H1: loaded successfully
2	21:26:04.385	Custom indicator Max_Pivot GBPUSD,H1: loaded successfully
2	21:26:04.389	Custom indicator Max_Line GBPUSD,H1: loaded successfully
2	21:26:04.532	Custom indicator Span_model GBPUSD,M5: loaded successfully
2	21:26:04.533	Custom indicator 23Signal_Price-v1 GBPUSD,M5: loaded successfully
2	21:26:04.535	Custom indicator Max_Pivot GBPUSD,M5: loaded successfully
2	21:26:04.539	Custom indicator Max_Line GBPUSD,M5: loaded successfully
2	21:26:04.653	Custom indicator Otyame005_Super_Bollinger GBPJPY,H1: loaded successfully
2	21:26:04.654	Custom indicator 23Signal_Price-v1 GBPJPY,H1: loaded successfully
2	21:26:04.659	Custom indicator chikou_span_attacker GBPJPY,H1: loaded successfully
2	21:26:04.663	Custom indicator PZ_Harmonic GBPJPY,H1: loaded successfully
2	21:26:04.668	Custom indicator Sessions EX GBPJPY,H1: loaded successfully
2	21:26:04.669	Custom indicator Max_Pivot GBPJPY,H1: loaded successfully
2	21:26:04.673	Custom indicator Max_Line GBPJPY,H1: loaded successfully
2	21:26:04.791	Custom indicator Span_model GBPJPY,M5: loaded successfully
2	21:26:04.792	Custom indicator 23Signal_Price-v1 GBPJPY,M5: loaded successfully
2	21:26:04.794	Custom indicator Max_Pivot GBPJPY,M5: loaded successfully
2	21:26:04.798	Custom indicator Max_Line GBPJPY,M5: loaded successfully
2	21:26:04.908	Custom indicator Otyame005_Super_Bollinger AUDUSD,H1: loaded successfully
2	21:26:04.910	Custom indicator 23Signal_Price-v1 AUDUSD,H1: loaded successfully
2	21:26:04.914	Custom indicator chikou_span_attacker AUDUSD,H1: loaded successfully
2	21:26:04.918	Custom indicator PZ_Harmonic AUDUSD,H1: loaded successfully
2	21:26:04.923	Custom indicator Sessions EX AUDUSD,H1: loaded successfully
2	21:26:04.924	Custom indicator Max_Pivot AUDUSD,H1: loaded successfully
2	21:26:04.928	Custom indicator Max_Line AUDUSD,H1: loaded successfully
2	21:26:05.047	Custom indicator Span_model AUDUSD,M5: loaded successfully
2	21:26:05.048	Custom indicator 23Signal_Price-v1 AUDUSD,M5: loaded successfully
2	21:26:05.050	Custom indicator Max_Pivot AUDUSD,M5: loaded successfully
2	21:26:05.054	Custom indicator Max_Line AUDUSD,M5: loaded successfully
2	21:26:05.163	Custom indicator Economic_indicator USDCHF,H1: loaded successfully
2	21:26:05.880	Custom indicator 23Signal_Price-v1 USDCHF,M30: loaded successfully
2	21:26:05.882	Custom indicator Max_Pivot USDCHF,M30: loaded successfully
2	21:26:05.887	Custom indicator Max_Line USDCHF,M30: loaded successfully
0	21:26:06.715	'16040': login on GemForex-Live through DC1 (ping: 79.68 ms)
0	21:26:07.680	'16040': login datacenter on GemForex-Live through DC1 (ping: 79.68 ms)
0	21:26:07.899	'16040': previous successful authorization performed from 119.242.37.68
0	21:26:40.571	'16040': ping to current access point DC1 is 78.38 ms
0	21:33:38.576	System to be shutdown, request for close GemFX MT4
0	21:33:38.775	GemFX MT4 build 950 stopped because system shutdown
