0	07:06:59.307	GemFX MT4 build 971 started (GemTrade Co., Ltd.)
0	07:06:59.307	Windows 10 Home (x64 based PC), IE 14.06, UAC, 8 x Intel Core i7-3770  @ 3.40GHz, RAM: 14138 / 16327 Mb, HDD: 138989 / 228383 Mb, GMT+09:00
0	07:06:59.307	Data Folder: C:\Users\koichi\AppData\Roaming\MetaQuotes\Terminal\250ECE632D67BAE8424D7871E3ED5548
2	07:07:01.042	Custom indicator Otyame005_Super_Bollinger USDJPY,H1: loaded successfully
2	07:07:01.088	Custom indicator 23Signal_Price-v1 USDJPY,H1: loaded successfully
2	07:07:01.088	Custom indicator chikou_span_attacker USDJPY,H1: loaded successfully
2	07:07:01.088	Custom indicator PZ_Harmonic USDJPY,H1: loaded successfully
2	07:07:01.104	Custom indicator Otyame021_Price_Line USDJPY,H1: loaded successfully
2	07:07:01.276	Custom indicator 23Signal_Price-v1 USDJPY,M5: loaded successfully
2	07:07:01.276	Custom indicator Max_Pivot USDJPY,M5: loaded successfully
2	07:07:01.276	Custom indicator Max_Line USDJPY,M5: loaded successfully
2	07:07:01.292	Custom indicator Otyame001_Ichimoku_Shift USDJPY,M5: loaded successfully
2	07:07:01.323	Custom indicator #MTF_PSar USDJPY,M5: loaded successfully
2	07:07:01.354	Custom indicator #MTF_PSar USDJPY,M5: loaded successfully
2	07:07:01.370	Custom indicator Otyame021_Price_Line USDJPY,M5: loaded successfully
2	07:07:01.370	Custom indicator Otyame101_Span_model_signal USDJPY,M5: loaded successfully
2	07:07:01.713	Custom indicator Otyame005_Super_Bollinger EURUSD,H1: loaded successfully
2	07:07:01.760	Custom indicator 23Signal_Price-v1 EURUSD,H1: loaded successfully
2	07:07:01.760	Custom indicator chikou_span_attacker EURUSD,H1: loaded successfully
2	07:07:01.776	Custom indicator PZ_Harmonic EURUSD,H1: loaded successfully
2	07:07:01.776	Custom indicator Otyame021_Price_Line EURUSD,H1: loaded successfully
2	07:07:01.963	Custom indicator 23Signal_Price-v1 EURUSD,M5: loaded successfully
2	07:07:01.979	Custom indicator Max_Pivot EURUSD,M5: loaded successfully
2	07:07:01.979	Custom indicator Max_Line EURUSD,M5: loaded successfully
2	07:07:01.979	Custom indicator Otyame001_Ichimoku_Shift EURUSD,M5: loaded successfully
2	07:07:02.026	Custom indicator #MTF_PSar EURUSD,M5: loaded successfully
2	07:07:02.057	Custom indicator #MTF_PSar EURUSD,M5: loaded successfully
2	07:07:02.057	Custom indicator Otyame021_Price_Line EURUSD,M5: loaded successfully
2	07:07:02.073	Custom indicator Otyame101_Span_model_signal EURUSD,M5: loaded successfully
2	07:07:02.417	Custom indicator Otyame005_Super_Bollinger EURJPY,H1: loaded successfully
2	07:07:02.448	Custom indicator 23Signal_Price-v1 EURJPY,H1: loaded successfully
2	07:07:02.463	Custom indicator chikou_span_attacker EURJPY,H1: loaded successfully
2	07:07:02.463	Custom indicator PZ_Harmonic EURJPY,H1: loaded successfully
2	07:07:02.479	Custom indicator Otyame021_Price_Line EURJPY,H1: loaded successfully
2	07:07:02.651	Custom indicator 23Signal_Price-v1 EURJPY,M5: loaded successfully
2	07:07:02.651	Custom indicator Max_Pivot EURJPY,M5: loaded successfully
2	07:07:02.651	Custom indicator Max_Line EURJPY,M5: loaded successfully
2	07:07:02.667	Custom indicator Otyame001_Ichimoku_Shift EURJPY,M5: loaded successfully
2	07:07:02.698	Custom indicator #MTF_PSar EURJPY,M5: loaded successfully
2	07:07:02.729	Custom indicator #MTF_PSar EURJPY,M5: loaded successfully
2	07:07:02.745	Custom indicator Otyame021_Price_Line EURJPY,M5: loaded successfully
2	07:07:02.745	Custom indicator Otyame101_Span_model_signal EURJPY,M5: loaded successfully
2	07:07:03.088	Custom indicator Otyame005_Super_Bollinger GBPUSD,H1: loaded successfully
2	07:07:03.120	Custom indicator 23Signal_Price-v1 GBPUSD,H1: loaded successfully
2	07:07:03.135	Custom indicator chikou_span_attacker GBPUSD,H1: loaded successfully
2	07:07:03.135	Custom indicator PZ_Harmonic GBPUSD,H1: loaded successfully
2	07:07:03.151	Custom indicator Otyame021_Price_Line GBPUSD,H1: loaded successfully
2	07:07:03.323	Custom indicator 23Signal_Price-v1 GBPUSD,M5: loaded successfully
2	07:07:03.323	Custom indicator Max_Pivot GBPUSD,M5: loaded successfully
2	07:07:03.339	Custom indicator Max_Line GBPUSD,M5: loaded successfully
2	07:07:03.339	Custom indicator Otyame001_Ichimoku_Shift GBPUSD,M5: loaded successfully
2	07:07:03.385	Custom indicator #MTF_PSar GBPUSD,M5: loaded successfully
2	07:07:03.417	Custom indicator #MTF_PSar GBPUSD,M5: loaded successfully
2	07:07:03.417	Custom indicator Otyame101_Span_model_signal GBPUSD,M5: loaded successfully
2	07:07:03.714	Custom indicator Otyame005_Super_Bollinger GBPJPY,H1: loaded successfully
2	07:07:03.745	Custom indicator 23Signal_Price-v1 GBPJPY,H1: loaded successfully
2	07:07:03.760	Custom indicator chikou_span_attacker GBPJPY,H1: loaded successfully
2	07:07:03.760	Custom indicator PZ_Harmonic GBPJPY,H1: loaded successfully
2	07:07:03.760	Custom indicator Otyame021_Price_Line GBPJPY,H1: loaded successfully
2	07:07:03.964	Custom indicator 23Signal_Price-v1 GBPJPY,M5: loaded successfully
2	07:07:03.964	Custom indicator Max_Pivot GBPJPY,M5: loaded successfully
2	07:07:03.979	Custom indicator Max_Line GBPJPY,M5: loaded successfully
2	07:07:03.979	Custom indicator Otyame001_Ichimoku_Shift GBPJPY,M5: loaded successfully
2	07:07:04.026	Custom indicator #MTF_PSar GBPJPY,M5: loaded successfully
2	07:07:04.057	Custom indicator #MTF_PSar GBPJPY,M5: loaded successfully
2	07:07:04.057	Custom indicator Otyame021_Price_Line GBPJPY,M5: loaded successfully
2	07:07:04.073	Custom indicator Otyame101_Span_model_signal GBPJPY,M5: loaded successfully
2	07:07:04.417	Custom indicator Otyame005_Super_Bollinger AUDUSD,H1: loaded successfully
2	07:07:04.448	Custom indicator 23Signal_Price-v1 AUDUSD,H1: loaded successfully
2	07:07:04.464	Custom indicator chikou_span_attacker AUDUSD,H1: loaded successfully
2	07:07:04.464	Custom indicator PZ_Harmonic AUDUSD,H1: loaded successfully
2	07:07:04.479	Custom indicator Otyame021_Price_Line AUDUSD,H1: loaded successfully
2	07:07:04.635	Custom indicator 23Signal_Price-v1 AUDUSD,M5: loaded successfully
2	07:07:04.651	Custom indicator Max_Pivot AUDUSD,M5: loaded successfully
2	07:07:04.651	Custom indicator Max_Line AUDUSD,M5: loaded successfully
2	07:07:04.651	Custom indicator Otyame001_Ichimoku_Shift AUDUSD,M5: loaded successfully
2	07:07:04.698	Custom indicator #MTF_PSar AUDUSD,M5: loaded successfully
2	07:07:04.729	Custom indicator #MTF_PSar AUDUSD,M5: loaded successfully
2	07:07:04.745	Custom indicator Otyame021_Price_Line AUDUSD,M5: loaded successfully
2	07:07:04.745	Custom indicator Otyame101_Span_model_signal AUDUSD,M5: loaded successfully
2	07:07:05.089	Custom indicator Otyame005_Super_Bollinger GBPAUD,H1: loaded successfully
2	07:07:05.135	Custom indicator 23Signal_Price-v1 GBPAUD,H1: loaded successfully
2	07:07:05.135	Custom indicator chikou_span_attacker GBPAUD,H1: loaded successfully
2	07:07:05.135	Custom indicator PZ_Harmonic GBPAUD,H1: loaded successfully
2	07:07:05.151	Custom indicator Otyame021_Price_Line GBPAUD,H1: loaded successfully
2	07:07:05.292	Custom indicator 23Signal_Price-v1 GBPAUD,M5: loaded successfully
2	07:07:05.292	Custom indicator Max_Pivot GBPAUD,M5: loaded successfully
2	07:07:05.292	Custom indicator Max_Line GBPAUD,M5: loaded successfully
2	07:07:05.307	Custom indicator Otyame001_Ichimoku_Shift GBPAUD,M5: loaded successfully
2	07:07:05.339	Custom indicator #MTF_PSar GBPAUD,M5: loaded successfully
2	07:07:05.370	Custom indicator #MTF_PSar GBPAUD,M5: loaded successfully
2	07:07:05.385	Custom indicator Otyame021_Price_Line GBPAUD,M5: loaded successfully
2	07:07:05.385	Custom indicator Otyame101_Span_model_signal GBPAUD,M5: loaded successfully
2	07:07:05.557	Custom indicator Economic_indicator USDCHF,H1: loaded successfully
0	07:07:07.929	'16040': login on GemForex-Live through DC1 (ping: 75.81 ms)
0	07:07:08.882	'16040': login datacenter on GemForex-Live through DC1 (ping: 75.81 ms)
0	07:07:09.143	'16040': previous successful authorization performed from 49.97.42.23
0	07:07:41.112	'16040': ping to current access point DC1 is 74.11 ms
0	07:10:24.223	System to be shutdown, request for close GemFX MT4
0	07:10:24.894	GemFX MT4 build 971 stopped because system shutdown
