0	21:02:00.366	GemFX MT4 build 971 started (GemTrade Co., Ltd.)
0	21:02:00.366	Windows 10 Home (x64 based PC), IE 15.20, UAC, 8 x Intel Core i7-3770  @ 3.40GHz, RAM: 13289 / 16327 Mb, HDD: 135329 / 228383 Mb, GMT+09:00
0	21:02:00.366	Data Folder: C:\Users\koichi\AppData\Roaming\MetaQuotes\Terminal\250ECE632D67BAE8424D7871E3ED5548
2	21:02:01.497	Custom indicator Otyame005_Super_Bollinger USDJPY,H1: loaded successfully
2	21:02:01.544	Custom indicator 23Signal_Price-v1 USDJPY,H1: loaded successfully
2	21:02:01.544	Custom indicator chikou_span_attacker USDJPY,H1: loaded successfully
2	21:02:01.565	Custom indicator PZ_Harmonic USDJPY,H1: loaded successfully
2	21:02:01.696	Custom indicator 23Signal_Price-v1 USDJPY,M5: loaded successfully
2	21:02:01.696	Custom indicator Max_Pivot USDJPY,M5: loaded successfully
2	21:02:01.696	Custom indicator Max_Line USDJPY,M5: loaded successfully
2	21:02:01.712	Custom indicator Otyame001_Ichimoku_Shift USDJPY,M5: loaded successfully
2	21:02:01.712	Custom indicator Otyame021_Price_Line USDJPY,M5: loaded successfully
2	21:02:01.727	Custom indicator Otyame005_Super_Bollinger USDJPY,M5: loaded successfully
2	21:02:01.927	Custom indicator Otyame005_Super_Bollinger EURUSD,H1: loaded successfully
2	21:02:01.954	Custom indicator 23Signal_Price-v1 EURUSD,H1: loaded successfully
2	21:02:01.970	Custom indicator chikou_span_attacker EURUSD,H1: loaded successfully
2	21:02:01.970	Custom indicator PZ_Harmonic EURUSD,H1: loaded successfully
2	21:02:02.112	Custom indicator 23Signal_Price-v1 EURUSD,M5: loaded successfully
2	21:02:02.112	Custom indicator Max_Pivot EURUSD,M5: loaded successfully
2	21:02:02.127	Custom indicator Max_Line EURUSD,M5: loaded successfully
2	21:02:02.127	Custom indicator Otyame001_Ichimoku_Shift EURUSD,M5: loaded successfully
2	21:02:02.143	Custom indicator Otyame021_Price_Line EURUSD,M5: loaded successfully
2	21:02:02.143	Custom indicator Otyame005_Super_Bollinger EURUSD,M5: loaded successfully
2	21:02:02.365	Custom indicator Otyame005_Super_Bollinger EURJPY,H1: loaded successfully
2	21:02:02.412	Custom indicator 23Signal_Price-v1 EURJPY,H1: loaded successfully
2	21:02:02.427	Custom indicator chikou_span_attacker EURJPY,H1: loaded successfully
2	21:02:02.427	Custom indicator PZ_Harmonic EURJPY,H1: loaded successfully
2	21:02:02.565	Custom indicator 23Signal_Price-v1 EURJPY,M5: loaded successfully
2	21:02:02.565	Custom indicator Max_Pivot EURJPY,M5: loaded successfully
2	21:02:02.565	Custom indicator Max_Line EURJPY,M5: loaded successfully
2	21:02:02.580	Custom indicator Otyame001_Ichimoku_Shift EURJPY,M5: loaded successfully
2	21:02:02.580	Custom indicator Otyame021_Price_Line EURJPY,M5: loaded successfully
2	21:02:02.596	Custom indicator Otyame005_Super_Bollinger EURJPY,M5: loaded successfully
2	21:02:02.812	Custom indicator Otyame005_Super_Bollinger GBPUSD,H1: loaded successfully
2	21:02:02.858	Custom indicator 23Signal_Price-v1 GBPUSD,H1: loaded successfully
2	21:02:02.866	Custom indicator chikou_span_attacker GBPUSD,H1: loaded successfully
2	21:02:02.866	Custom indicator PZ_Harmonic GBPUSD,H1: loaded successfully
2	21:02:02.998	Custom indicator 23Signal_Price-v1 GBPUSD,M5: loaded successfully
2	21:02:02.998	Custom indicator Max_Pivot GBPUSD,M5: loaded successfully
2	21:02:03.013	Custom indicator Max_Line GBPUSD,M5: loaded successfully
2	21:02:03.013	Custom indicator Otyame001_Ichimoku_Shift GBPUSD,M5: loaded successfully
2	21:02:03.029	Custom indicator Otyame021_Price_Line GBPUSD,M5: loaded successfully
2	21:02:03.029	Custom indicator Otyame005_Super_Bollinger GBPUSD,M5: loaded successfully
2	21:02:03.243	Custom indicator Otyame005_Super_Bollinger GBPJPY,H1: loaded successfully
2	21:02:03.296	Custom indicator 23Signal_Price-v1 GBPJPY,H1: loaded successfully
2	21:02:03.296	Custom indicator chikou_span_attacker GBPJPY,H1: loaded successfully
2	21:02:03.296	Custom indicator PZ_Harmonic GBPJPY,H1: loaded successfully
2	21:02:03.444	Custom indicator 23Signal_Price-v1 GBPJPY,M5: loaded successfully
2	21:02:03.444	Custom indicator Max_Pivot GBPJPY,M5: loaded successfully
2	21:02:03.444	Custom indicator Max_Line GBPJPY,M5: loaded successfully
2	21:02:03.459	Custom indicator Otyame001_Ichimoku_Shift GBPJPY,M5: loaded successfully
2	21:02:03.465	Custom indicator Otyame021_Price_Line GBPJPY,M5: loaded successfully
2	21:02:03.465	Custom indicator Otyame005_Super_Bollinger GBPJPY,M5: loaded successfully
2	21:02:03.681	Custom indicator Otyame005_Super_Bollinger AUDUSD,H1: loaded successfully
2	21:02:03.728	Custom indicator 23Signal_Price-v1 AUDUSD,H1: loaded successfully
2	21:02:03.728	Custom indicator chikou_span_attacker AUDUSD,H1: loaded successfully
2	21:02:03.743	Custom indicator PZ_Harmonic AUDUSD,H1: loaded successfully
2	21:02:03.880	Custom indicator 23Signal_Price-v1 AUDUSD,M5: loaded successfully
2	21:02:03.880	Custom indicator Max_Pivot AUDUSD,M5: loaded successfully
2	21:02:03.880	Custom indicator Max_Line AUDUSD,M5: loaded successfully
2	21:02:03.896	Custom indicator Otyame001_Ichimoku_Shift AUDUSD,M5: loaded successfully
2	21:02:03.896	Custom indicator Otyame021_Price_Line AUDUSD,M5: loaded successfully
2	21:02:03.911	Custom indicator Otyame005_Super_Bollinger AUDUSD,M5: loaded successfully
2	21:02:04.096	Custom indicator Otyame005_Super_Bollinger GBPAUD,H1: loaded successfully
2	21:02:04.143	Custom indicator 23Signal_Price-v1 GBPAUD,H1: loaded successfully
2	21:02:04.143	Custom indicator chikou_span_attacker GBPAUD,H1: loaded successfully
2	21:02:04.161	Custom indicator PZ_Harmonic GBPAUD,H1: loaded successfully
2	21:02:04.265	Custom indicator 23Signal_Price-v1 GBPAUD,M5: loaded successfully
2	21:02:04.281	Custom indicator Max_Pivot GBPAUD,M5: loaded successfully
2	21:02:04.281	Custom indicator Max_Line GBPAUD,M5: loaded successfully
2	21:02:04.281	Custom indicator Otyame001_Ichimoku_Shift GBPAUD,M5: loaded successfully
2	21:02:04.297	Custom indicator Otyame021_Price_Line GBPAUD,M5: loaded successfully
2	21:02:04.297	Custom indicator Otyame005_Super_Bollinger GBPAUD,M5: loaded successfully
2	21:02:04.418	Custom indicator Economic_indicator USDCHF,H1: loaded successfully
0	21:02:06.249	'16040': login on GemForex-Live through DC1 (ping: 75.99 ms)
0	21:02:07.218	'16040': login datacenter on GemForex-Live through DC1 (ping: 75.99 ms)
0	21:02:07.833	'16040': previous successful authorization performed from 61.119.116.154
0	21:02:43.034	'16040': ping to current access point DC1 is 73.59 ms
0	21:14:39.449	System to be shutdown, request for close GemFX MT4
0	21:14:39.637	GemFX MT4 build 971 stopped because system shutdown
