0	07:08:47.726	GemFX MT4 build 1010 started (GemTrade Co., Ltd.)
0	07:08:47.727	Windows 10 Home (x64 based PC), IE 14.21, UAC, 8 x Intel Core i7-3770  @ 3.40GHz, RAM: 12427 / 16327 Mb, HDD: 142789 / 228383 Mb, GMT+09:00
0	07:08:47.727	Data Folder: C:\Users\koichi\AppData\Roaming\MetaQuotes\Terminal\250ECE632D67BAE8424D7871E3ED5548
2	07:08:48.556	Custom indicator Otyame005_Super_Bollinger USDJPY,H1: loaded successfully
2	07:08:48.606	Custom indicator 23Signal_Price-v1 USDJPY,H1: loaded successfully
2	07:08:48.613	Custom indicator chikou_span_attacker USDJPY,H1: loaded successfully
2	07:08:48.619	Custom indicator PZ_Harmonic USDJPY,H1: loaded successfully
2	07:08:48.780	Custom indicator 23Signal_Price-v1 USDJPY,M5: loaded successfully
2	07:08:48.781	Custom indicator Max_Pivot USDJPY,M5: loaded successfully
2	07:08:48.787	Custom indicator Max_Line USDJPY,M5: loaded successfully
2	07:08:48.794	Custom indicator Otyame001_Ichimoku_Shift USDJPY,M5: loaded successfully
2	07:08:48.801	Custom indicator Otyame021_Price_Line USDJPY,M5: loaded successfully
2	07:08:48.807	Custom indicator Otyame005_Super_Bollinger USDJPY,M5: loaded successfully
2	07:08:49.109	Custom indicator Otyame005_Super_Bollinger EURUSD,H1: loaded successfully
2	07:08:49.158	Custom indicator 23Signal_Price-v1 EURUSD,H1: loaded successfully
2	07:08:49.164	Custom indicator chikou_span_attacker EURUSD,H1: loaded successfully
2	07:08:49.171	Custom indicator PZ_Harmonic EURUSD,H1: loaded successfully
2	07:08:49.333	Custom indicator 23Signal_Price-v1 EURUSD,M5: loaded successfully
2	07:08:49.334	Custom indicator Max_Pivot EURUSD,M5: loaded successfully
2	07:08:49.340	Custom indicator Max_Line EURUSD,M5: loaded successfully
2	07:08:49.347	Custom indicator Otyame001_Ichimoku_Shift EURUSD,M5: loaded successfully
2	07:08:49.355	Custom indicator Otyame021_Price_Line EURUSD,M5: loaded successfully
2	07:08:49.361	Custom indicator Otyame005_Super_Bollinger EURUSD,M5: loaded successfully
2	07:08:49.641	Custom indicator Otyame005_Super_Bollinger EURJPY,H1: loaded successfully
2	07:08:49.690	Custom indicator 23Signal_Price-v1 EURJPY,H1: loaded successfully
2	07:08:49.697	Custom indicator chikou_span_attacker EURJPY,H1: loaded successfully
2	07:08:49.703	Custom indicator PZ_Harmonic EURJPY,H1: loaded successfully
2	07:08:49.865	Custom indicator 23Signal_Price-v1 EURJPY,M5: loaded successfully
2	07:08:49.867	Custom indicator Max_Pivot EURJPY,M5: loaded successfully
2	07:08:49.873	Custom indicator Max_Line EURJPY,M5: loaded successfully
2	07:08:49.879	Custom indicator Otyame001_Ichimoku_Shift EURJPY,M5: loaded successfully
2	07:08:49.886	Custom indicator Otyame021_Price_Line EURJPY,M5: loaded successfully
2	07:08:49.892	Custom indicator Otyame005_Super_Bollinger EURJPY,M5: loaded successfully
2	07:08:50.179	Custom indicator Otyame005_Super_Bollinger GBPUSD,H1: loaded successfully
2	07:08:50.228	Custom indicator 23Signal_Price-v1 GBPUSD,H1: loaded successfully
2	07:08:50.235	Custom indicator chikou_span_attacker GBPUSD,H1: loaded successfully
2	07:08:50.242	Custom indicator PZ_Harmonic GBPUSD,H1: loaded successfully
2	07:08:50.405	Custom indicator 23Signal_Price-v1 GBPUSD,M5: loaded successfully
2	07:08:50.407	Custom indicator Max_Pivot GBPUSD,M5: loaded successfully
2	07:08:50.413	Custom indicator Max_Line GBPUSD,M5: loaded successfully
2	07:08:50.419	Custom indicator Otyame001_Ichimoku_Shift GBPUSD,M5: loaded successfully
2	07:08:50.427	Custom indicator Otyame021_Price_Line GBPUSD,M5: loaded successfully
2	07:08:50.433	Custom indicator Otyame005_Super_Bollinger GBPUSD,M5: loaded successfully
2	07:08:50.718	Custom indicator Otyame005_Super_Bollinger GBPJPY,H1: loaded successfully
2	07:08:50.769	Custom indicator 23Signal_Price-v1 GBPJPY,H1: loaded successfully
2	07:08:50.775	Custom indicator chikou_span_attacker GBPJPY,H1: loaded successfully
2	07:08:50.782	Custom indicator PZ_Harmonic GBPJPY,H1: loaded successfully
2	07:08:50.940	Custom indicator 23Signal_Price-v1 GBPJPY,M1: loaded successfully
2	07:08:50.942	Custom indicator Max_Pivot GBPJPY,M1: loaded successfully
2	07:08:50.948	Custom indicator Max_Line GBPJPY,M1: loaded successfully
2	07:08:50.954	Custom indicator Otyame001_Ichimoku_Shift GBPJPY,M1: loaded successfully
2	07:08:50.962	Custom indicator Otyame021_Price_Line GBPJPY,M1: loaded successfully
2	07:08:50.968	Custom indicator Otyame005_Super_Bollinger GBPJPY,M1: loaded successfully
2	07:08:51.699	Custom indicator Otyame005_Super_Bollinger AUDUSD,H1: loaded successfully
2	07:08:51.749	Custom indicator 23Signal_Price-v1 AUDUSD,H1: loaded successfully
2	07:08:51.755	Custom indicator chikou_span_attacker AUDUSD,H1: loaded successfully
2	07:08:51.762	Custom indicator PZ_Harmonic AUDUSD,H1: loaded successfully
2	07:08:51.922	Custom indicator 23Signal_Price-v1 AUDUSD,M5: loaded successfully
2	07:08:51.924	Custom indicator Max_Pivot AUDUSD,M5: loaded successfully
2	07:08:51.930	Custom indicator Max_Line AUDUSD,M5: loaded successfully
2	07:08:51.936	Custom indicator Otyame001_Ichimoku_Shift AUDUSD,M5: loaded successfully
2	07:08:51.943	Custom indicator Otyame021_Price_Line AUDUSD,M5: loaded successfully
2	07:08:51.949	Custom indicator Otyame005_Super_Bollinger AUDUSD,M5: loaded successfully
2	07:08:52.227	Custom indicator Otyame005_Super_Bollinger GBPAUD,H1: loaded successfully
2	07:08:52.277	Custom indicator 23Signal_Price-v1 GBPAUD,H1: loaded successfully
2	07:08:52.283	Custom indicator chikou_span_attacker GBPAUD,H1: loaded successfully
2	07:08:52.290	Custom indicator PZ_Harmonic GBPAUD,H1: loaded successfully
2	07:08:52.440	Custom indicator 23Signal_Price-v1 GBPAUD,M5: loaded successfully
2	07:08:52.441	Custom indicator Max_Pivot GBPAUD,M5: loaded successfully
2	07:08:52.448	Custom indicator Max_Line GBPAUD,M5: loaded successfully
2	07:08:52.454	Custom indicator Otyame001_Ichimoku_Shift GBPAUD,M5: loaded successfully
2	07:08:52.461	Custom indicator Otyame021_Price_Line GBPAUD,M5: loaded successfully
2	07:08:52.467	Custom indicator Otyame005_Super_Bollinger GBPAUD,M5: loaded successfully
0	07:14:50.304	System to be shutdown, request for close GemFX MT4
0	07:14:50.741	GemFX MT4 build 1010 stopped because system shutdown
