0	19:17:39.271	GemFX MT4 build 950 started (GemTrade Co., Ltd.)
0	19:17:39.286	Windows 10 Home (x64 based PC), IE 14.06, UAC, 8 x Intel Core i7-3770  @ 3.40GHz, RAM: 13215 / 16327 Mb, HDD: 141172 / 228383 Mb, GMT+09:00
0	19:17:39.286	Data Folder: C:\Users\koichi\AppData\Roaming\MetaQuotes\Terminal\250ECE632D67BAE8424D7871E3ED5548
2	19:17:40.749	Custom indicator Otyame005_Super_Bollinger USDJPY,H1: loaded successfully
2	19:17:40.751	Custom indicator 23Signal_Price-v1 USDJPY,H1: loaded successfully
2	19:17:40.755	Custom indicator chikou_span_attacker USDJPY,H1: loaded successfully
2	19:17:40.759	Custom indicator PZ_Harmonic USDJPY,H1: loaded successfully
2	19:17:40.764	Custom indicator AutoHarmonic_201604 USDJPY,H1: loaded successfully
2	19:17:40.769	Custom indicator Sessions EX USDJPY,H1: loaded successfully
2	19:17:40.769	Custom indicator Max_Pivot USDJPY,H1: loaded successfully
2	19:17:40.769	Custom indicator Max_Line USDJPY,H1: loaded successfully
2	19:17:40.925	Custom indicator 23Signal_Price-v1 USDJPY,M5: loaded successfully
2	19:17:40.925	Custom indicator Max_Pivot USDJPY,M5: loaded successfully
2	19:17:40.925	Custom indicator Max_Line USDJPY,M5: loaded successfully
2	19:17:40.925	Custom indicator Otyame001_Ichimoku_Shift USDJPY,M5: loaded successfully
2	19:17:40.925	Custom indicator #MTF_PSar USDJPY,M5: loaded successfully
2	19:17:40.925	Custom indicator #MTF_PSar USDJPY,M5: loaded successfully
2	19:17:40.941	Custom indicator Otyame002_MACD USDJPY,M5: loaded successfully
2	19:17:42.129	Custom indicator Otyame005_Super_Bollinger EURUSD,H1: loaded successfully
2	19:17:42.129	Custom indicator 23Signal_Price-v1 EURUSD,H1: loaded successfully
2	19:17:42.129	Custom indicator chikou_span_attacker EURUSD,H1: loaded successfully
2	19:17:42.129	Custom indicator PZ_Harmonic EURUSD,H1: loaded successfully
2	19:17:42.144	Custom indicator AutoHarmonic_201604 EURUSD,H1: loaded successfully
2	19:17:42.144	Custom indicator Sessions EX EURUSD,H1: loaded successfully
2	19:17:42.144	Custom indicator Max_Pivot EURUSD,H1: loaded successfully
2	19:17:42.144	Custom indicator Max_Line EURUSD,H1: loaded successfully
2	19:17:42.301	Custom indicator 23Signal_Price-v1 EURUSD,M5: loaded successfully
2	19:17:42.316	Custom indicator Max_Pivot EURUSD,M5: loaded successfully
2	19:17:42.316	Custom indicator Max_Line EURUSD,M5: loaded successfully
2	19:17:42.316	Custom indicator Max_ColorMA EURUSD,M5: loaded successfully
2	19:17:42.394	Custom indicator Otyame005_Super_Bollinger EURJPY,H1: loaded successfully
2	19:17:42.394	Custom indicator 23Signal_Price-v1 EURJPY,H1: loaded successfully
2	19:17:42.394	Custom indicator chikou_span_attacker EURJPY,H1: loaded successfully
2	19:17:42.410	Custom indicator PZ_Harmonic EURJPY,H1: loaded successfully
2	19:17:42.410	Custom indicator Sessions EX EURJPY,H1: loaded successfully
2	19:17:42.410	Custom indicator Max_Pivot EURJPY,H1: loaded successfully
2	19:17:42.410	Custom indicator Max_Line EURJPY,H1: loaded successfully
2	19:17:42.551	Custom indicator Span_model EURJPY,M5: loaded successfully
2	19:17:42.551	Custom indicator 23Signal_Price-v1 EURJPY,M5: loaded successfully
2	19:17:42.551	Custom indicator Max_Pivot EURJPY,M5: loaded successfully
2	19:17:42.551	Custom indicator Max_Line EURJPY,M5: loaded successfully
2	19:17:42.660	Custom indicator Otyame005_Super_Bollinger GBPUSD,H4: loaded successfully
2	19:17:42.660	Custom indicator 23Signal_Price-v1 GBPUSD,H4: loaded successfully
2	19:17:42.676	Custom indicator chikou_span_attacker GBPUSD,H4: loaded successfully
2	19:17:42.676	Custom indicator PZ_Harmonic GBPUSD,H4: loaded successfully
2	19:17:42.676	Custom indicator AutoHarmonic_201604 GBPUSD,H4: loaded successfully
2	19:17:42.691	Custom indicator Sessions EX GBPUSD,H4: loaded successfully
2	19:17:42.691	Custom indicator Max_Pivot GBPUSD,H4: loaded successfully
2	19:17:42.691	Custom indicator Max_Line GBPUSD,H4: loaded successfully
2	19:17:42.863	Custom indicator Span_model GBPUSD,M5: loaded successfully
2	19:17:42.863	Custom indicator 23Signal_Price-v1 GBPUSD,M5: loaded successfully
2	19:17:42.863	Custom indicator Max_Pivot GBPUSD,M5: loaded successfully
2	19:17:42.863	Custom indicator Max_Line GBPUSD,M5: loaded successfully
2	19:17:42.972	Custom indicator Otyame005_Super_Bollinger GBPJPY,H1: loaded successfully
2	19:17:42.972	Custom indicator 23Signal_Price-v1 GBPJPY,H1: loaded successfully
2	19:17:42.988	Custom indicator chikou_span_attacker GBPJPY,H1: loaded successfully
2	19:17:42.988	Custom indicator PZ_Harmonic GBPJPY,H1: loaded successfully
2	19:17:42.988	Custom indicator Sessions EX GBPJPY,H1: loaded successfully
2	19:17:42.988	Custom indicator Max_Pivot GBPJPY,H1: loaded successfully
2	19:17:43.004	Custom indicator Max_Line GBPJPY,H1: loaded successfully
2	19:17:43.160	Custom indicator Span_model GBPJPY,M5: loaded successfully
2	19:17:43.160	Custom indicator 23Signal_Price-v1 GBPJPY,M5: loaded successfully
2	19:17:43.160	Custom indicator Max_Pivot GBPJPY,M5: loaded successfully
2	19:17:43.160	Custom indicator Max_Line GBPJPY,M5: loaded successfully
2	19:17:43.285	Custom indicator Otyame005_Super_Bollinger AUDUSD,H1: loaded successfully
2	19:17:43.285	Custom indicator 23Signal_Price-v1 AUDUSD,H1: loaded successfully
2	19:17:43.285	Custom indicator chikou_span_attacker AUDUSD,H1: loaded successfully
2	19:17:43.285	Custom indicator PZ_Harmonic AUDUSD,H1: loaded successfully
2	19:17:43.285	Custom indicator Sessions EX AUDUSD,H1: loaded successfully
2	19:17:43.301	Custom indicator Max_Pivot AUDUSD,H1: loaded successfully
2	19:17:43.301	Custom indicator Max_Line AUDUSD,H1: loaded successfully
2	19:17:43.426	Custom indicator Span_model AUDUSD,M5: loaded successfully
2	19:17:43.426	Custom indicator 23Signal_Price-v1 AUDUSD,M5: loaded successfully
2	19:17:43.441	Custom indicator Max_Pivot AUDUSD,M5: loaded successfully
2	19:17:43.441	Custom indicator Max_Line AUDUSD,M5: loaded successfully
2	19:17:43.551	Custom indicator Otyame005_Super_Bollinger GBPAUD,H1: loaded successfully
2	19:17:43.551	Custom indicator 23Signal_Price-v1 GBPAUD,H1: loaded successfully
2	19:17:43.551	Custom indicator chikou_span_attacker GBPAUD,H1: loaded successfully
2	19:17:43.551	Custom indicator PZ_Harmonic GBPAUD,H1: loaded successfully
2	19:17:43.566	Custom indicator AutoHarmonic_201604 GBPAUD,H1: loaded successfully
2	19:17:43.566	Custom indicator Sessions EX GBPAUD,H1: loaded successfully
2	19:17:43.566	Custom indicator Max_Pivot GBPAUD,H1: loaded successfully
2	19:17:43.566	Custom indicator Max_Line GBPAUD,H1: loaded successfully
2	19:17:43.691	Custom indicator Span_model GBPAUD,M5: loaded successfully
2	19:17:43.691	Custom indicator 23Signal_Price-v1 GBPAUD,M5: loaded successfully
2	19:17:43.691	Custom indicator Max_Pivot GBPAUD,M5: loaded successfully
2	19:17:43.691	Custom indicator Max_Line GBPAUD,M5: loaded successfully
2	19:17:43.738	Custom indicator Economic_indicator USDCHF,H1: loaded successfully
2	19:17:44.605	Custom indicator Max_ColorMA GBPJPY,M5: loaded successfully
2	19:17:44.605	Custom indicator Span_model GBPJPY,M5: loaded successfully
2	19:17:44.620	Custom indicator Otyame010_MTF_MACD GBPJPY,M5: loaded successfully
2	19:17:44.620	Custom indicator Otyame002_MACD GBPJPY,M5: loaded successfully
0	19:17:46.943	'16040': login on GemForex-Live through DC1 (ping: 74.45 ms)
0	19:17:47.912	'16040': login datacenter on GemForex-Live through DC1 (ping: 74.45 ms)
0	19:17:48.129	'16040': previous successful authorization performed from 119.242.37.68
0	19:18:20.721	'16040': ping to current access point DC1 is 74.30 ms
2	19:30:14.119	Custom indicator THV Trix v6.01 USDJPY,M5: loaded successfully
2	19:33:28.241	Custom indicator Otyame010_MTF_MACD USDJPY,M5: loaded successfully
2	19:35:48.949	Custom indicator Otyame002_MACD USDJPY,M5: loaded successfully
2	19:36:09.021	Custom indicator Otyame002_MACD USDJPY,M5: removed
2	19:36:15.263	Custom indicator Otyame010_MTF_MACD USDJPY,M5: loaded successfully
2	19:36:51.218	Custom indicator THV Trix v6.01 USDJPY,M5: removed
1	22:03:48.513	'16040': connect failed [âÒê¸ïsí ÅI]
0	22:05:32.978	'16040': login on GemForex-Live through DC1 (ping: n/a)
0	22:05:34.582	'16040': login datacenter on GemForex-Live through DC1 (ping: n/a)
0	22:05:34.814	'16040': previous successful authorization performed from 119.242.37.68
0	22:06:07.769	'16040': ping to current access point DC1 is 86.04 ms
