0	21:01:38.377	GemFX MT4 build 1010 started (GemTrade Co., Ltd.)
0	21:01:38.377	Windows 10 Home (x64 based PC), IE 15.47, UAC, 8 x Intel Core i7-3770  @ 3.40GHz, RAM: 12312 / 16327 Mb, HDD: 125475 / 228383 Mb, GMT+09:00
0	21:01:38.377	Data Folder: C:\Users\koichi\AppData\Roaming\MetaQuotes\Terminal\250ECE632D67BAE8424D7871E3ED5548
2	21:01:39.158	Custom indicator Otyame005_Super_Bollinger USDJPY,H1: loaded successfully
2	21:01:39.205	Custom indicator 23Signal_Price-v1 USDJPY,H1: loaded successfully
2	21:01:39.221	Custom indicator chikou_span_attacker USDJPY,H1: loaded successfully
2	21:01:39.221	Custom indicator PZ_Harmonic USDJPY,H1: loaded successfully
2	21:01:39.393	Custom indicator 23Signal_Price-v1 USDJPY,M5: loaded successfully
2	21:01:39.393	Custom indicator Max_Pivot USDJPY,M5: loaded successfully
2	21:01:39.393	Custom indicator Max_Line USDJPY,M5: loaded successfully
2	21:01:39.408	Custom indicator Otyame001_Ichimoku_Shift USDJPY,M5: loaded successfully
2	21:01:39.408	Custom indicator Otyame021_Price_Line USDJPY,M5: loaded successfully
2	21:01:39.408	Custom indicator Otyame005_Super_Bollinger USDJPY,M5: loaded successfully
2	21:01:39.689	Custom indicator Otyame005_Super_Bollinger EURUSD,H1: loaded successfully
2	21:01:39.736	Custom indicator 23Signal_Price-v1 EURUSD,H1: loaded successfully
2	21:01:39.752	Custom indicator chikou_span_attacker EURUSD,H1: loaded successfully
2	21:01:39.752	Custom indicator PZ_Harmonic EURUSD,H1: loaded successfully
2	21:01:39.924	Custom indicator 23Signal_Price-v1 EURUSD,M5: loaded successfully
2	21:01:39.924	Custom indicator Max_Pivot EURUSD,M5: loaded successfully
2	21:01:39.924	Custom indicator Max_Line EURUSD,M5: loaded successfully
2	21:01:39.939	Custom indicator Otyame001_Ichimoku_Shift EURUSD,M5: loaded successfully
2	21:01:39.939	Custom indicator Otyame021_Price_Line EURUSD,M5: loaded successfully
2	21:01:39.939	Custom indicator Otyame005_Super_Bollinger EURUSD,M5: loaded successfully
2	21:01:40.236	Custom indicator Otyame005_Super_Bollinger EURJPY,H1: loaded successfully
2	21:01:40.283	Custom indicator 23Signal_Price-v1 EURJPY,H1: loaded successfully
2	21:01:40.283	Custom indicator chikou_span_attacker EURJPY,H1: loaded successfully
2	21:01:40.299	Custom indicator PZ_Harmonic EURJPY,H1: loaded successfully
2	21:01:40.455	Custom indicator 23Signal_Price-v1 EURJPY,M5: loaded successfully
2	21:01:40.455	Custom indicator Max_Pivot EURJPY,M5: loaded successfully
2	21:01:40.471	Custom indicator Max_Line EURJPY,M5: loaded successfully
2	21:01:40.471	Custom indicator Otyame001_Ichimoku_Shift EURJPY,M5: loaded successfully
2	21:01:40.471	Custom indicator Otyame021_Price_Line EURJPY,M5: loaded successfully
2	21:01:40.486	Custom indicator Otyame005_Super_Bollinger EURJPY,M5: loaded successfully
2	21:01:40.783	Custom indicator Otyame005_Super_Bollinger GBPUSD,H1: loaded successfully
2	21:01:40.830	Custom indicator 23Signal_Price-v1 GBPUSD,H1: loaded successfully
2	21:01:40.830	Custom indicator chikou_span_attacker GBPUSD,H1: loaded successfully
2	21:01:40.846	Custom indicator PZ_Harmonic GBPUSD,H1: loaded successfully
2	21:01:41.018	Custom indicator 23Signal_Price-v1 GBPUSD,M5: loaded successfully
2	21:01:41.018	Custom indicator Max_Pivot GBPUSD,M5: loaded successfully
2	21:01:41.018	Custom indicator Max_Line GBPUSD,M5: loaded successfully
2	21:01:41.033	Custom indicator Otyame001_Ichimoku_Shift GBPUSD,M5: loaded successfully
2	21:01:41.049	Custom indicator Otyame021_Price_Line GBPUSD,M5: loaded successfully
2	21:01:41.049	Custom indicator Otyame005_Super_Bollinger GBPUSD,M5: loaded successfully
2	21:01:41.330	Custom indicator Otyame005_Super_Bollinger GBPJPY,H1: loaded successfully
2	21:01:41.377	Custom indicator 23Signal_Price-v1 GBPJPY,H1: loaded successfully
2	21:01:41.393	Custom indicator chikou_span_attacker GBPJPY,H1: loaded successfully
2	21:01:41.393	Custom indicator PZ_Harmonic GBPJPY,H1: loaded successfully
2	21:01:41.565	Custom indicator 23Signal_Price-v1 GBPJPY,M1: loaded successfully
2	21:01:41.565	Custom indicator Max_Pivot GBPJPY,M1: loaded successfully
2	21:01:41.565	Custom indicator Max_Line GBPJPY,M1: loaded successfully
2	21:01:41.580	Custom indicator Otyame001_Ichimoku_Shift GBPJPY,M1: loaded successfully
2	21:01:41.580	Custom indicator Otyame021_Price_Line GBPJPY,M1: loaded successfully
2	21:01:41.596	Custom indicator Otyame005_Super_Bollinger GBPJPY,M1: loaded successfully
2	21:01:42.268	Custom indicator Otyame005_Super_Bollinger AUDUSD,H1: loaded successfully
2	21:01:42.315	Custom indicator 23Signal_Price-v1 AUDUSD,H1: loaded successfully
2	21:01:42.315	Custom indicator chikou_span_attacker AUDUSD,H1: loaded successfully
2	21:01:42.330	Custom indicator PZ_Harmonic AUDUSD,H1: loaded successfully
2	21:01:42.486	Custom indicator 23Signal_Price-v1 AUDUSD,M5: loaded successfully
2	21:01:42.486	Custom indicator Max_Pivot AUDUSD,M5: loaded successfully
2	21:01:42.502	Custom indicator Max_Line AUDUSD,M5: loaded successfully
2	21:01:42.502	Custom indicator Otyame001_Ichimoku_Shift AUDUSD,M5: loaded successfully
2	21:01:42.518	Custom indicator Otyame021_Price_Line AUDUSD,M5: loaded successfully
2	21:01:42.518	Custom indicator Otyame005_Super_Bollinger AUDUSD,M5: loaded successfully
2	21:01:42.799	Custom indicator Otyame005_Super_Bollinger GBPAUD,H1: loaded successfully
2	21:01:42.846	Custom indicator 23Signal_Price-v1 GBPAUD,H1: loaded successfully
2	21:01:42.861	Custom indicator chikou_span_attacker GBPAUD,H1: loaded successfully
2	21:01:42.861	Custom indicator PZ_Harmonic GBPAUD,H1: loaded successfully
2	21:01:43.018	Custom indicator 23Signal_Price-v1 GBPAUD,M5: loaded successfully
2	21:01:43.018	Custom indicator Max_Pivot GBPAUD,M5: loaded successfully
2	21:01:43.033	Custom indicator Max_Line GBPAUD,M5: loaded successfully
2	21:01:43.033	Custom indicator Otyame001_Ichimoku_Shift GBPAUD,M5: loaded successfully
2	21:01:43.049	Custom indicator Otyame021_Price_Line GBPAUD,M5: loaded successfully
2	21:01:43.049	Custom indicator Otyame005_Super_Bollinger GBPAUD,M5: loaded successfully
2	21:01:49.268	Custom indicator Otyame005_Super_Bollinger USDJPY,H1: removed
2	21:01:49.268	Custom indicator 23Signal_Price-v1 USDJPY,H1: removed
2	21:01:49.268	Custom indicator chikou_span_attacker USDJPY,H1: removed
2	21:01:49.268	Custom indicator PZ_Harmonic USDJPY,H1: removed
2	21:01:49.284	Custom indicator 23Signal_Price-v1 USDJPY,M5: removed
2	21:01:49.284	Custom indicator Max_Pivot USDJPY,M5: removed
2	21:01:49.284	Custom indicator Max_Line USDJPY,M5: removed
2	21:01:49.284	Custom indicator Otyame001_Ichimoku_Shift USDJPY,M5: removed
2	21:01:49.284	Custom indicator Otyame021_Price_Line USDJPY,M5: removed
2	21:01:49.284	Custom indicator Otyame005_Super_Bollinger USDJPY,M5: removed
2	21:01:49.284	Custom indicator Otyame005_Super_Bollinger EURUSD,H1: removed
2	21:01:49.284	Custom indicator 23Signal_Price-v1 EURUSD,H1: removed
2	21:01:49.284	Custom indicator chikou_span_attacker EURUSD,H1: removed
2	21:01:49.284	Custom indicator PZ_Harmonic EURUSD,H1: removed
2	21:01:49.284	Custom indicator 23Signal_Price-v1 EURUSD,M5: removed
2	21:01:49.284	Custom indicator Max_Pivot EURUSD,M5: removed
2	21:01:49.284	Custom indicator Max_Line EURUSD,M5: removed
2	21:01:49.284	Custom indicator Otyame001_Ichimoku_Shift EURUSD,M5: removed
2	21:01:49.284	Custom indicator Otyame021_Price_Line EURUSD,M5: removed
2	21:01:49.284	Custom indicator Otyame005_Super_Bollinger EURUSD,M5: removed
2	21:01:49.299	Custom indicator Otyame005_Super_Bollinger EURJPY,H1: removed
2	21:01:49.299	Custom indicator 23Signal_Price-v1 EURJPY,H1: removed
2	21:01:49.299	Custom indicator chikou_span_attacker EURJPY,H1: removed
2	21:01:49.299	Custom indicator PZ_Harmonic EURJPY,H1: removed
2	21:01:49.299	Custom indicator 23Signal_Price-v1 EURJPY,M5: removed
2	21:01:49.299	Custom indicator Max_Pivot EURJPY,M5: removed
2	21:01:49.299	Custom indicator Max_Line EURJPY,M5: removed
2	21:01:49.299	Custom indicator Otyame001_Ichimoku_Shift EURJPY,M5: removed
2	21:01:49.299	Custom indicator Otyame021_Price_Line EURJPY,M5: removed
2	21:01:49.299	Custom indicator Otyame005_Super_Bollinger EURJPY,M5: removed
2	21:01:49.299	Custom indicator Otyame005_Super_Bollinger GBPUSD,H1: removed
2	21:01:49.299	Custom indicator 23Signal_Price-v1 GBPUSD,H1: removed
2	21:01:49.299	Custom indicator chikou_span_attacker GBPUSD,H1: removed
2	21:01:49.299	Custom indicator PZ_Harmonic GBPUSD,H1: removed
2	21:01:49.315	Custom indicator 23Signal_Price-v1 GBPUSD,M5: removed
2	21:01:49.315	Custom indicator Max_Pivot GBPUSD,M5: removed
2	21:01:49.315	Custom indicator Max_Line GBPUSD,M5: removed
2	21:01:49.315	Custom indicator Otyame001_Ichimoku_Shift GBPUSD,M5: removed
2	21:01:49.315	Custom indicator Otyame021_Price_Line GBPUSD,M5: removed
2	21:01:49.315	Custom indicator Otyame005_Super_Bollinger GBPUSD,M5: removed
2	21:01:49.315	Custom indicator Otyame005_Super_Bollinger GBPJPY,H1: removed
2	21:01:49.315	Custom indicator 23Signal_Price-v1 GBPJPY,H1: removed
2	21:01:49.315	Custom indicator chikou_span_attacker GBPJPY,H1: removed
2	21:01:49.315	Custom indicator PZ_Harmonic GBPJPY,H1: removed
2	21:01:49.330	Custom indicator 23Signal_Price-v1 GBPJPY,M1: removed
2	21:01:49.330	Custom indicator Max_Pivot GBPJPY,M1: removed
2	21:01:49.330	Custom indicator Max_Line GBPJPY,M1: removed
2	21:01:49.330	Custom indicator Otyame001_Ichimoku_Shift GBPJPY,M1: removed
2	21:01:49.330	Custom indicator Otyame021_Price_Line GBPJPY,M1: removed
2	21:01:49.330	Custom indicator Otyame005_Super_Bollinger GBPJPY,M1: removed
2	21:01:49.346	Custom indicator Otyame005_Super_Bollinger AUDUSD,H1: removed
2	21:01:49.346	Custom indicator 23Signal_Price-v1 AUDUSD,H1: removed
2	21:01:49.346	Custom indicator chikou_span_attacker AUDUSD,H1: removed
2	21:01:49.346	Custom indicator PZ_Harmonic AUDUSD,H1: removed
2	21:01:49.346	Custom indicator 23Signal_Price-v1 AUDUSD,M5: removed
2	21:01:49.346	Custom indicator Max_Pivot AUDUSD,M5: removed
2	21:01:49.346	Custom indicator Max_Line AUDUSD,M5: removed
2	21:01:49.362	Custom indicator Otyame001_Ichimoku_Shift AUDUSD,M5: removed
2	21:01:49.362	Custom indicator Otyame021_Price_Line AUDUSD,M5: removed
2	21:01:49.362	Custom indicator Otyame005_Super_Bollinger AUDUSD,M5: removed
2	21:01:49.362	Custom indicator Otyame005_Super_Bollinger GBPAUD,H1: removed
2	21:01:49.362	Custom indicator 23Signal_Price-v1 GBPAUD,H1: removed
2	21:01:49.362	Custom indicator chikou_span_attacker GBPAUD,H1: removed
2	21:01:49.362	Custom indicator PZ_Harmonic GBPAUD,H1: removed
2	21:01:49.362	Custom indicator 23Signal_Price-v1 GBPAUD,M5: removed
2	21:01:49.362	Custom indicator Max_Pivot GBPAUD,M5: removed
2	21:01:49.362	Custom indicator Max_Line GBPAUD,M5: removed
2	21:01:49.362	Custom indicator Otyame001_Ichimoku_Shift GBPAUD,M5: removed
2	21:01:49.377	Custom indicator Otyame021_Price_Line GBPAUD,M5: removed
2	21:01:49.377	Custom indicator Otyame005_Super_Bollinger GBPAUD,M5: removed
0	21:01:49.674	GemFX MT4 build 1010 stopped
