0	00:06:22.807	'16040': modify order #2286268 sell 0.10 GBPUSD at 1.44742 sl: 1.44915 tp: 1.44006 -> sl: 1.44972 tp: 1.44006
0	00:06:22.979	'16040': order #2286268 sell 0.10 GBPUSD at 1.44742 was modified -> sl: 1.44972 tp: 1.44006
2	00:12:57.184	Custom indicator Otyame005_Super_Bollinger USDJPY,H1: removed
2	00:12:57.184	Custom indicator 23Signal_Price-v1 USDJPY,H1: removed
2	00:12:57.184	Custom indicator chikou_span_attacker USDJPY,H1: removed
2	00:12:57.184	Custom indicator PZ_Harmonic USDJPY,H1: removed
2	00:12:57.184	Custom indicator Max_Pivot USDJPY,H1: removed
2	00:12:57.184	Custom indicator Max_Line USDJPY,H1: removed
2	00:12:57.184	Custom indicator 23Signal_Price-v1 USDJPY,M5: removed
2	00:12:57.184	Custom indicator Max_Pivot USDJPY,M5: removed
2	00:12:57.184	Custom indicator Max_Line USDJPY,M5: removed
2	00:12:57.184	Custom indicator Otyame001_Ichimoku_Shift USDJPY,M5: removed
2	00:12:57.184	Custom indicator #MTF_PSar USDJPY,M5: removed
2	00:12:57.184	Custom indicator #MTF_PSar USDJPY,M5: removed
2	00:12:57.184	Custom indicator Otyame005_Super_Bollinger EURUSD,H1: removed
2	00:12:57.184	Custom indicator 23Signal_Price-v1 EURUSD,H1: removed
2	00:12:57.184	Custom indicator chikou_span_attacker EURUSD,H1: removed
2	00:12:57.184	Custom indicator PZ_Harmonic EURUSD,H1: removed
2	00:12:57.184	Custom indicator Max_Pivot EURUSD,H1: removed
2	00:12:57.184	Custom indicator Max_Line EURUSD,H1: removed
2	00:12:57.184	Custom indicator 23Signal_Price-v1 EURUSD,M5: removed
2	00:12:57.184	Custom indicator Max_Pivot EURUSD,M5: removed
2	00:12:57.184	Custom indicator Max_Line EURUSD,M5: removed
2	00:12:57.184	Custom indicator Otyame001_Ichimoku_Shift EURUSD,M5: removed
2	00:12:57.184	Custom indicator #MTF_PSar EURUSD,M5: removed
2	00:12:57.184	Custom indicator #MTF_PSar EURUSD,M5: removed
2	00:12:57.184	Custom indicator Otyame005_Super_Bollinger EURJPY,H1: removed
2	00:12:57.184	Custom indicator 23Signal_Price-v1 EURJPY,H1: removed
2	00:12:57.184	Custom indicator chikou_span_attacker EURJPY,H1: removed
2	00:12:57.184	Custom indicator PZ_Harmonic EURJPY,H1: removed
2	00:12:57.184	Custom indicator Sessions EX EURJPY,H1: removed
2	00:12:57.184	Custom indicator Max_Pivot EURJPY,H1: removed
2	00:12:57.184	Custom indicator Max_Line EURJPY,H1: removed
2	00:12:57.184	Custom indicator 23Signal_Price-v1 EURJPY,M5: removed
2	00:12:57.184	Custom indicator Max_Pivot EURJPY,M5: removed
2	00:12:57.200	Custom indicator Max_Line EURJPY,M5: removed
2	00:12:57.200	Custom indicator Otyame001_Ichimoku_Shift EURJPY,M5: removed
2	00:12:57.200	Custom indicator #MTF_PSar EURJPY,M5: removed
2	00:12:57.200	Custom indicator #MTF_PSar EURJPY,M5: removed
2	00:12:57.200	Custom indicator Otyame005_Super_Bollinger GBPUSD,H1: removed
2	00:12:57.200	Custom indicator 23Signal_Price-v1 GBPUSD,H1: removed
2	00:12:57.200	Custom indicator chikou_span_attacker GBPUSD,H1: removed
2	00:12:57.200	Custom indicator PZ_Harmonic GBPUSD,H1: removed
2	00:12:57.200	Custom indicator AutoHarmonic_201604 GBPUSD,H1: removed
2	00:12:57.200	Custom indicator Sessions EX GBPUSD,H1: removed
2	00:12:57.200	Custom indicator Max_Pivot GBPUSD,H1: removed
2	00:12:57.200	Custom indicator Max_Line GBPUSD,H1: removed
2	00:12:57.200	Custom indicator 23Signal_Price-v1 GBPUSD,M15: removed
2	00:12:57.200	Custom indicator Max_Pivot GBPUSD,M15: removed
2	00:12:57.200	Custom indicator Max_Line GBPUSD,M15: removed
2	00:12:57.200	Custom indicator Otyame001_Ichimoku_Shift GBPUSD,M15: removed
2	00:12:57.200	Custom indicator #MTF_PSar GBPUSD,M15: removed
2	00:12:57.200	Custom indicator #MTF_PSar GBPUSD,M15: removed
2	00:12:57.200	Custom indicator Otyame005_Super_Bollinger GBPJPY,H1: removed
2	00:12:57.200	Custom indicator 23Signal_Price-v1 GBPJPY,H1: removed
2	00:12:57.200	Custom indicator chikou_span_attacker GBPJPY,H1: removed
2	00:12:57.200	Custom indicator PZ_Harmonic GBPJPY,H1: removed
2	00:12:57.216	Custom indicator Sessions EX GBPJPY,H1: removed
2	00:12:57.216	Custom indicator Max_Pivot GBPJPY,H1: removed
2	00:12:57.216	Custom indicator Max_Line GBPJPY,H1: removed
2	00:12:57.216	Custom indicator 23Signal_Price-v1 GBPJPY,M5: removed
2	00:12:57.216	Custom indicator Max_Pivot GBPJPY,M5: removed
2	00:12:57.216	Custom indicator Max_Line GBPJPY,M5: removed
2	00:12:57.216	Custom indicator Otyame001_Ichimoku_Shift GBPJPY,M5: removed
2	00:12:57.216	Custom indicator #MTF_PSar GBPJPY,M5: removed
2	00:12:57.216	Custom indicator #MTF_PSar GBPJPY,M5: removed
2	00:12:57.216	Custom indicator Otyame005_Super_Bollinger AUDUSD,H1: removed
2	00:12:57.216	Custom indicator 23Signal_Price-v1 AUDUSD,H1: removed
2	00:12:57.216	Custom indicator chikou_span_attacker AUDUSD,H1: removed
2	00:12:57.216	Custom indicator PZ_Harmonic AUDUSD,H1: removed
2	00:12:57.216	Custom indicator Sessions EX AUDUSD,H1: removed
2	00:12:57.216	Custom indicator Max_Pivot AUDUSD,H1: removed
2	00:12:57.216	Custom indicator Max_Line AUDUSD,H1: removed
2	00:12:57.216	Custom indicator Span_model AUDUSD,M5: removed
2	00:12:57.216	Custom indicator 23Signal_Price-v1 AUDUSD,M5: removed
2	00:12:57.216	Custom indicator Max_Pivot AUDUSD,M5: removed
2	00:12:57.216	Custom indicator Max_Line AUDUSD,M5: removed
2	00:12:57.216	Custom indicator Otyame005_Super_Bollinger GBPAUD,H1: removed
2	00:12:57.216	Custom indicator 23Signal_Price-v1 GBPAUD,H1: removed
2	00:12:57.216	Custom indicator chikou_span_attacker GBPAUD,H1: removed
2	00:12:57.231	Custom indicator PZ_Harmonic GBPAUD,H1: removed
2	00:12:57.231	Custom indicator AutoHarmonic_201604 GBPAUD,H1: removed
2	00:12:57.231	Custom indicator Sessions EX GBPAUD,H1: removed
2	00:12:57.231	Custom indicator Max_Pivot GBPAUD,H1: removed
2	00:12:57.231	Custom indicator Max_Line GBPAUD,H1: removed
2	00:12:57.231	Custom indicator Span_model GBPAUD,M5: removed
2	00:12:57.231	Custom indicator 23Signal_Price-v1 GBPAUD,M5: removed
2	00:12:57.231	Custom indicator Max_Pivot GBPAUD,M5: removed
2	00:12:57.231	Custom indicator Max_Line GBPAUD,M5: removed
2	00:12:57.231	Custom indicator Economic_indicator USDCHF,H1: removed
2	00:12:57.231	Custom indicator Max_ColorMA GBPJPY,M5: removed
2	00:12:57.231	Custom indicator Span_model GBPJPY,M5: removed
2	00:12:57.231	Custom indicator Otyame010_MTF_MACD GBPJPY,M5: removed
2	00:12:57.231	Custom indicator Otyame002_MACD GBPJPY,M5: removed
0	00:12:58.137	GemFX MT4 build 950 stopped
