0	00:33:18.910	System to be shutdown, request for close GemFX MT4
0	00:33:19.117	GemFX MT4 build 988 stopped because system shutdown
0	21:58:14.091	GemFX MT4 build 988 started (GemTrade Co., Ltd.)
0	21:58:14.091	Windows 10 Home (x64 based PC), IE 15.94, UAC, 8 x Intel Core i7-3770  @ 3.40GHz, RAM: 13350 / 16327 Mb, HDD: 135867 / 228383 Mb, GMT+09:00
0	21:58:14.091	Data Folder: C:\Users\koichi\AppData\Roaming\MetaQuotes\Terminal\250ECE632D67BAE8424D7871E3ED5548
2	21:58:14.997	Custom indicator Otyame005_Super_Bollinger USDJPY,H1: loaded successfully
2	21:58:15.029	Custom indicator 23Signal_Price-v1 USDJPY,H1: loaded successfully
2	21:58:15.044	Custom indicator chikou_span_attacker USDJPY,H1: loaded successfully
2	21:58:15.044	Custom indicator PZ_Harmonic USDJPY,H1: loaded successfully
2	21:58:15.185	Custom indicator 23Signal_Price-v1 USDJPY,M5: loaded successfully
2	21:58:15.185	Custom indicator Max_Pivot USDJPY,M5: loaded successfully
2	21:58:15.200	Custom indicator Max_Line USDJPY,M5: loaded successfully
2	21:58:15.200	Custom indicator Otyame001_Ichimoku_Shift USDJPY,M5: loaded successfully
2	21:58:15.216	Custom indicator Otyame021_Price_Line USDJPY,M5: loaded successfully
2	21:58:15.216	Custom indicator Otyame005_Super_Bollinger USDJPY,M5: loaded successfully
2	21:58:15.450	Custom indicator Otyame005_Super_Bollinger EURUSD,H1: loaded successfully
2	21:58:15.482	Custom indicator 23Signal_Price-v1 EURUSD,H1: loaded successfully
2	21:58:15.497	Custom indicator chikou_span_attacker EURUSD,H1: loaded successfully
2	21:58:15.497	Custom indicator PZ_Harmonic EURUSD,H1: loaded successfully
2	21:58:15.638	Custom indicator 23Signal_Price-v1 EURUSD,M5: loaded successfully
2	21:58:15.654	Custom indicator Max_Pivot EURUSD,M5: loaded successfully
2	21:58:15.654	Custom indicator Max_Line EURUSD,M5: loaded successfully
2	21:58:15.654	Custom indicator Otyame001_Ichimoku_Shift EURUSD,M5: loaded successfully
2	21:58:15.669	Custom indicator Otyame021_Price_Line EURUSD,M5: loaded successfully
2	21:58:15.669	Custom indicator Otyame005_Super_Bollinger EURUSD,M5: loaded successfully
2	21:58:15.919	Custom indicator Otyame005_Super_Bollinger EURJPY,H1: loaded successfully
2	21:58:15.950	Custom indicator 23Signal_Price-v1 EURJPY,H1: loaded successfully
2	21:58:15.950	Custom indicator chikou_span_attacker EURJPY,H1: loaded successfully
2	21:58:15.966	Custom indicator PZ_Harmonic EURJPY,H1: loaded successfully
2	21:58:16.107	Custom indicator 23Signal_Price-v1 EURJPY,M5: loaded successfully
2	21:58:16.107	Custom indicator Max_Pivot EURJPY,M5: loaded successfully
2	21:58:16.107	Custom indicator Max_Line EURJPY,M5: loaded successfully
2	21:58:16.122	Custom indicator Otyame001_Ichimoku_Shift EURJPY,M5: loaded successfully
2	21:58:16.122	Custom indicator Otyame021_Price_Line EURJPY,M5: loaded successfully
2	21:58:16.138	Custom indicator Otyame005_Super_Bollinger EURJPY,M5: loaded successfully
2	21:58:16.372	Custom indicator Otyame005_Super_Bollinger GBPUSD,H1: loaded successfully
2	21:58:16.419	Custom indicator 23Signal_Price-v1 GBPUSD,H1: loaded successfully
2	21:58:16.419	Custom indicator chikou_span_attacker GBPUSD,H1: loaded successfully
2	21:58:16.419	Custom indicator PZ_Harmonic GBPUSD,H1: loaded successfully
2	21:58:16.575	Custom indicator 23Signal_Price-v1 GBPUSD,M5: loaded successfully
2	21:58:16.575	Custom indicator Max_Pivot GBPUSD,M5: loaded successfully
2	21:58:16.575	Custom indicator Max_Line GBPUSD,M5: loaded successfully
2	21:58:16.575	Custom indicator Otyame001_Ichimoku_Shift GBPUSD,M5: loaded successfully
2	21:58:16.591	Custom indicator Otyame021_Price_Line GBPUSD,M5: loaded successfully
2	21:58:16.591	Custom indicator Otyame005_Super_Bollinger GBPUSD,M5: loaded successfully
2	21:58:16.825	Custom indicator Otyame005_Super_Bollinger GBPJPY,H1: loaded successfully
2	21:58:16.872	Custom indicator 23Signal_Price-v1 GBPJPY,H1: loaded successfully
2	21:58:16.872	Custom indicator chikou_span_attacker GBPJPY,H1: loaded successfully
2	21:58:16.888	Custom indicator PZ_Harmonic GBPJPY,H1: loaded successfully
2	21:58:17.029	Custom indicator 23Signal_Price-v1 GBPJPY,M1: loaded successfully
2	21:58:17.029	Custom indicator Max_Pivot GBPJPY,M1: loaded successfully
2	21:58:17.029	Custom indicator Max_Line GBPJPY,M1: loaded successfully
2	21:58:17.029	Custom indicator Otyame001_Ichimoku_Shift GBPJPY,M1: loaded successfully
2	21:58:17.044	Custom indicator Otyame021_Price_Line GBPJPY,M1: loaded successfully
2	21:58:17.044	Custom indicator Otyame005_Super_Bollinger GBPJPY,M1: loaded successfully
2	21:58:17.638	Custom indicator Otyame005_Super_Bollinger AUDUSD,H1: loaded successfully
2	21:58:17.685	Custom indicator 23Signal_Price-v1 AUDUSD,H1: loaded successfully
2	21:58:17.685	Custom indicator chikou_span_attacker AUDUSD,H1: loaded successfully
2	21:58:17.685	Custom indicator PZ_Harmonic AUDUSD,H1: loaded successfully
2	21:58:17.841	Custom indicator 23Signal_Price-v1 AUDUSD,M5: loaded successfully
2	21:58:17.841	Custom indicator Max_Pivot AUDUSD,M5: loaded successfully
2	21:58:17.841	Custom indicator Max_Line AUDUSD,M5: loaded successfully
2	21:58:17.857	Custom indicator Otyame001_Ichimoku_Shift AUDUSD,M5: loaded successfully
2	21:58:17.857	Custom indicator Otyame021_Price_Line AUDUSD,M5: loaded successfully
2	21:58:17.872	Custom indicator Otyame005_Super_Bollinger AUDUSD,M5: loaded successfully
2	21:58:18.107	Custom indicator Otyame005_Super_Bollinger GBPAUD,H1: loaded successfully
2	21:58:18.138	Custom indicator 23Signal_Price-v1 GBPAUD,H1: loaded successfully
2	21:58:18.154	Custom indicator chikou_span_attacker GBPAUD,H1: loaded successfully
2	21:58:18.154	Custom indicator PZ_Harmonic GBPAUD,H1: loaded successfully
2	21:58:18.294	Custom indicator 23Signal_Price-v1 GBPAUD,M5: loaded successfully
2	21:58:18.294	Custom indicator Max_Pivot GBPAUD,M5: loaded successfully
2	21:58:18.294	Custom indicator Max_Line GBPAUD,M5: loaded successfully
2	21:58:18.310	Custom indicator Otyame001_Ichimoku_Shift GBPAUD,M5: loaded successfully
2	21:58:18.310	Custom indicator Otyame021_Price_Line GBPAUD,M5: loaded successfully
2	21:58:18.326	Custom indicator Otyame005_Super_Bollinger GBPAUD,M5: loaded successfully
2	21:58:18.482	Custom indicator Economic_indicator USDCHF,H1: loaded successfully
0	21:58:20.281	'16040': login on GemForex-Live through DC1 (ping: 76.03 ms)
0	21:58:21.296	'16040': login datacenter on GemForex-Live through DC1 (ping: 76.03 ms)
0	21:58:21.576	'16040': previous successful authorization performed from 61.119.116.154
0	21:59:03.978	'16040': ping to current access point DC1 is 75.21 ms
0	22:02:19.424	'16040': instant order sell 0.50 GBPUSD at 1.33407 sl: 0.00000 tp: 0.00000
1	22:02:19.612	'16040': order sell 0.50 GBPUSD opening at 1.33407 sl: 0.00000 tp: 0.00000 failed [Not enough money]
0	23:47:27.365	System to be shutdown, request for close GemFX MT4
3	23:47:30.475	Main pumping: timeout on stop
3	23:47:33.475	Main pumping: timeout on stop
3	23:47:36.475	Main pumping: timeout on stop
3	23:47:39.475	Main pumping: timeout on stop
3	23:47:42.475	Main pumping: timeout on stop
3	23:47:42.475	Main pumping: terminated
3	23:47:45.475	Data pumping: timeout on stop
3	23:47:48.476	Data pumping: timeout on stop
3	23:47:51.476	Data pumping: timeout on stop
3	23:47:54.476	Data pumping: timeout on stop
3	23:47:57.476	Data pumping: timeout on stop
3	23:47:57.476	Data pumping: terminated
0	23:47:57.616	GemFX MT4 build 988 stopped because system shutdown
