0	16:45:44.693	GemFX MT4 build 1010 started (GemTrade Co., Ltd.)
0	16:45:44.693	Windows 10 Home (x64 based PC), IE 14.21, UAC, 8 x Intel Core i7-3770  @ 3.40GHz, RAM: 12614 / 16327 Mb, HDD: 141308 / 228383 Mb, GMT+09:00
0	16:45:44.693	Data Folder: C:\Users\koichi\AppData\Roaming\MetaQuotes\Terminal\250ECE632D67BAE8424D7871E3ED5548
2	16:45:45.505	Custom indicator Otyame005_Super_Bollinger USDJPY,H1: loaded successfully
2	16:45:45.568	Custom indicator 23Signal_Price-v1 USDJPY,H1: loaded successfully
2	16:45:45.568	Custom indicator chikou_span_attacker USDJPY,H1: loaded successfully
2	16:45:45.584	Custom indicator PZ_Harmonic USDJPY,H1: loaded successfully
2	16:45:45.740	Custom indicator 23Signal_Price-v1 USDJPY,M5: loaded successfully
2	16:45:45.740	Custom indicator Max_Pivot USDJPY,M5: loaded successfully
2	16:45:45.755	Custom indicator Max_Line USDJPY,M5: loaded successfully
2	16:45:45.755	Custom indicator Otyame001_Ichimoku_Shift USDJPY,M5: loaded successfully
2	16:45:45.771	Custom indicator Otyame021_Price_Line USDJPY,M5: loaded successfully
2	16:45:45.771	Custom indicator Otyame005_Super_Bollinger USDJPY,M5: loaded successfully
2	16:45:46.052	Custom indicator Otyame005_Super_Bollinger EURUSD,H1: loaded successfully
2	16:45:46.115	Custom indicator 23Signal_Price-v1 EURUSD,H1: loaded successfully
2	16:45:46.115	Custom indicator chikou_span_attacker EURUSD,H1: loaded successfully
2	16:45:46.130	Custom indicator PZ_Harmonic EURUSD,H1: loaded successfully
2	16:45:46.302	Custom indicator 23Signal_Price-v1 EURUSD,M5: loaded successfully
2	16:45:46.302	Custom indicator Max_Pivot EURUSD,M5: loaded successfully
2	16:45:46.318	Custom indicator Max_Line EURUSD,M5: loaded successfully
2	16:45:46.318	Custom indicator Otyame001_Ichimoku_Shift EURUSD,M5: loaded successfully
2	16:45:46.334	Custom indicator Otyame021_Price_Line EURUSD,M5: loaded successfully
2	16:45:46.334	Custom indicator Otyame005_Super_Bollinger EURUSD,M5: loaded successfully
2	16:45:46.630	Custom indicator Otyame005_Super_Bollinger EURJPY,H1: loaded successfully
2	16:45:46.677	Custom indicator 23Signal_Price-v1 EURJPY,H1: loaded successfully
2	16:45:46.677	Custom indicator chikou_span_attacker EURJPY,H1: loaded successfully
2	16:45:46.694	Custom indicator PZ_Harmonic EURJPY,H1: loaded successfully
2	16:45:46.851	Custom indicator 23Signal_Price-v1 EURJPY,M5: loaded successfully
2	16:45:46.851	Custom indicator Max_Pivot EURJPY,M5: loaded successfully
2	16:45:46.851	Custom indicator Max_Line EURJPY,M5: loaded successfully
2	16:45:46.867	Custom indicator Otyame001_Ichimoku_Shift EURJPY,M5: loaded successfully
2	16:45:46.882	Custom indicator Otyame021_Price_Line EURJPY,M5: loaded successfully
2	16:45:46.882	Custom indicator Otyame005_Super_Bollinger EURJPY,M5: loaded successfully
2	16:45:47.180	Custom indicator Otyame005_Super_Bollinger GBPUSD,H1: loaded successfully
2	16:45:47.258	Custom indicator 23Signal_Price-v1 GBPUSD,H1: loaded successfully
2	16:45:47.274	Custom indicator chikou_span_attacker GBPUSD,H1: loaded successfully
2	16:45:47.274	Custom indicator PZ_Harmonic GBPUSD,H1: loaded successfully
2	16:45:47.446	Custom indicator 23Signal_Price-v1 GBPUSD,M5: loaded successfully
2	16:45:47.446	Custom indicator Max_Pivot GBPUSD,M5: loaded successfully
2	16:45:47.461	Custom indicator Max_Line GBPUSD,M5: loaded successfully
2	16:45:47.461	Custom indicator Otyame001_Ichimoku_Shift GBPUSD,M5: loaded successfully
2	16:45:47.477	Custom indicator Otyame021_Price_Line GBPUSD,M5: loaded successfully
2	16:45:47.477	Custom indicator Otyame005_Super_Bollinger GBPUSD,M5: loaded successfully
2	16:45:47.777	Custom indicator Otyame005_Super_Bollinger GBPJPY,H1: loaded successfully
2	16:45:47.829	Custom indicator 23Signal_Price-v1 GBPJPY,H1: loaded successfully
2	16:45:47.837	Custom indicator chikou_span_attacker GBPJPY,H1: loaded successfully
2	16:45:47.845	Custom indicator PZ_Harmonic GBPJPY,H1: loaded successfully
2	16:45:48.021	Custom indicator 23Signal_Price-v1 GBPJPY,M1: loaded successfully
2	16:45:48.021	Custom indicator Max_Pivot GBPJPY,M1: loaded successfully
2	16:45:48.029	Custom indicator Max_Line GBPJPY,M1: loaded successfully
2	16:45:48.037	Custom indicator Otyame001_Ichimoku_Shift GBPJPY,M1: loaded successfully
2	16:45:48.045	Custom indicator Otyame021_Price_Line GBPJPY,M1: loaded successfully
2	16:45:48.053	Custom indicator Otyame005_Super_Bollinger GBPJPY,M1: loaded successfully
2	16:45:48.823	Custom indicator Otyame005_Super_Bollinger AUDUSD,H1: loaded successfully
2	16:45:48.901	Custom indicator 23Signal_Price-v1 AUDUSD,H1: loaded successfully
2	16:45:48.901	Custom indicator chikou_span_attacker AUDUSD,H1: loaded successfully
2	16:45:48.917	Custom indicator PZ_Harmonic AUDUSD,H1: loaded successfully
2	16:45:49.104	Custom indicator 23Signal_Price-v1 AUDUSD,M5: loaded successfully
2	16:45:49.104	Custom indicator Max_Pivot AUDUSD,M5: loaded successfully
2	16:45:49.120	Custom indicator Max_Line AUDUSD,M5: loaded successfully
2	16:45:49.135	Custom indicator Otyame001_Ichimoku_Shift AUDUSD,M5: loaded successfully
2	16:45:49.135	Custom indicator Otyame021_Price_Line AUDUSD,M5: loaded successfully
2	16:45:49.151	Custom indicator Otyame005_Super_Bollinger AUDUSD,M5: loaded successfully
2	16:45:49.463	Custom indicator Otyame005_Super_Bollinger GBPAUD,H1: loaded successfully
2	16:45:49.510	Custom indicator 23Signal_Price-v1 GBPAUD,H1: loaded successfully
2	16:45:49.526	Custom indicator chikou_span_attacker GBPAUD,H1: loaded successfully
2	16:45:49.526	Custom indicator PZ_Harmonic GBPAUD,H1: loaded successfully
2	16:45:49.691	Custom indicator 23Signal_Price-v1 GBPAUD,M5: loaded successfully
2	16:45:49.691	Custom indicator Max_Pivot GBPAUD,M5: loaded successfully
2	16:45:49.699	Custom indicator Max_Line GBPAUD,M5: loaded successfully
2	16:45:49.703	Custom indicator Otyame001_Ichimoku_Shift GBPAUD,M5: loaded successfully
2	16:45:49.711	Custom indicator Otyame021_Price_Line GBPAUD,M5: loaded successfully
2	16:45:49.719	Custom indicator Otyame005_Super_Bollinger GBPAUD,M5: loaded successfully
0	17:32:56.969	System to be shutdown, request for close GemFX MT4
0	17:32:57.329	GemFX MT4 build 1010 stopped because system shutdown
