0	19:10:31.491	GemFX MT4 build 950 started (GemTrade Co., Ltd.)
0	19:10:31.491	Windows 10 Home (x64 based PC), IE 13.12, UAC, 8 x Intel Core i7-3770  @ 3.40GHz, RAM: 12494 / 16327 Mb, HDD: 140407 / 228383 Mb, GMT+09:00
0	19:10:31.491	Data Folder: C:\Users\koichi\AppData\Roaming\MetaQuotes\Terminal\250ECE632D67BAE8424D7871E3ED5548
2	19:10:32.143	Custom indicator Otyame005_Super_Bollinger USDJPY,H1: loaded successfully
2	19:10:32.143	Custom indicator 23Signal_Price-v1 USDJPY,H1: loaded successfully
2	19:10:32.143	Custom indicator chikou_span_attacker USDJPY,H1: loaded successfully
2	19:10:32.143	Custom indicator PZ_Harmonic USDJPY,H1: loaded successfully
2	19:10:32.159	Custom indicator AutoHarmonic_201604 USDJPY,H1: loaded successfully
2	19:10:32.159	Custom indicator Sessions EX USDJPY,H1: loaded successfully
2	19:10:32.159	Custom indicator Max_Pivot USDJPY,H1: loaded successfully
2	19:10:32.159	Custom indicator Max_Line USDJPY,H1: loaded successfully
2	19:10:32.175	Custom indicator Otyame013_RCI_Signal USDJPY,H1: loaded successfully
2	19:10:32.175	Custom indicator JapanTimes USDJPY,H1: loaded successfully
2	19:10:32.420	Custom indicator Span_model USDJPY,M5: loaded successfully
2	19:10:32.420	Custom indicator ___MAÅôAngle_45_TAKE USDJPY,M5: loaded successfully
2	19:10:32.420	Custom indicator 23Signal_Price-v1 USDJPY,M5: loaded successfully
2	19:10:32.420	Custom indicator Max_Pivot USDJPY,M5: loaded successfully
2	19:10:32.437	Custom indicator Max_Line USDJPY,M5: loaded successfully
2	19:10:32.442	Custom indicator Trade Reviewer_14806E92 USDJPY,M5: loaded successfully
2	19:10:32.442	Custom indicator Sessions EX USDJPY,M5: loaded successfully
2	19:10:32.442	Custom indicator Otyame013_RCI_Signal USDJPY,M5: loaded successfully
2	19:10:33.206	Custom indicator Otyame005_Super_Bollinger EURUSD,H1: loaded successfully
2	19:10:33.206	Custom indicator 23Signal_Price-v1 EURUSD,H1: loaded successfully
2	19:10:33.222	Custom indicator chikou_span_attacker EURUSD,H1: loaded successfully
2	19:10:33.222	Custom indicator PZ_Harmonic EURUSD,H1: loaded successfully
2	19:10:33.222	Custom indicator AutoHarmonic_201604 EURUSD,H1: loaded successfully
2	19:10:33.222	Custom indicator Sessions EX EURUSD,H1: loaded successfully
2	19:10:33.237	Custom indicator Max_Pivot EURUSD,H1: loaded successfully
2	19:10:33.238	Custom indicator Max_Line EURUSD,H1: loaded successfully
2	19:10:33.243	Custom indicator Otyame013_RCI_Signal EURUSD,H1: loaded successfully
2	19:10:33.243	Custom indicator JapanTimes EURUSD,H1: loaded successfully
2	19:10:33.494	Custom indicator Span_model EURUSD,M5: loaded successfully
2	19:10:33.494	Custom indicator 23Signal_Price-v1 EURUSD,M5: loaded successfully
2	19:10:33.494	Custom indicator ___MAÅôAngle_45_TAKE EURUSD,M5: loaded successfully
2	19:10:33.494	Custom indicator Max_Pivot EURUSD,M5: loaded successfully
2	19:10:33.494	Custom indicator Max_Line EURUSD,M5: loaded successfully
2	19:10:33.510	Custom indicator Trade Reviewer_14806E92 EURUSD,M5: loaded successfully
2	19:10:33.510	Custom indicator Trade Reviewer_14806E92 EURUSD,M5: loaded successfully
2	19:10:33.526	Custom indicator Otyame013_RCI_Signal EURUSD,M5: loaded successfully
2	19:10:34.457	Custom indicator Otyame005_Super_Bollinger EURJPY,H1: loaded successfully
2	19:10:34.457	Custom indicator 23Signal_Price-v1 EURJPY,H1: loaded successfully
2	19:10:34.457	Custom indicator chikou_span_attacker EURJPY,H1: loaded successfully
2	19:10:34.457	Custom indicator PZ_Harmonic EURJPY,H1: loaded successfully
2	19:10:34.457	Custom indicator AutoHarmonic_201604 EURJPY,H1: loaded successfully
2	19:10:34.472	Custom indicator Sessions EX EURJPY,H1: loaded successfully
2	19:10:34.472	Custom indicator Max_Pivot EURJPY,H1: loaded successfully
2	19:10:34.472	Custom indicator Max_Line EURJPY,H1: loaded successfully
2	19:10:34.472	Custom indicator Otyame013_RCI_Signal EURJPY,H1: loaded successfully
2	19:10:34.488	Custom indicator JapanTimes EURJPY,H1: loaded successfully
2	19:10:34.726	Custom indicator Span_model EURJPY,M5: loaded successfully
2	19:10:34.742	Custom indicator 23Signal_Price-v1 EURJPY,M5: loaded successfully
2	19:10:34.742	Custom indicator ___MAÅôAngle_45_TAKE EURJPY,M5: loaded successfully
2	19:10:34.742	Custom indicator Max_Pivot EURJPY,M5: loaded successfully
2	19:10:34.742	Custom indicator Max_Line EURJPY,M5: loaded successfully
2	19:10:34.742	Custom indicator EWPro EURJPY,M5: loaded successfully
2	19:10:34.757	Custom indicator Trade Reviewer_14806E92 EURJPY,M5: loaded successfully
2	19:10:34.757	Custom indicator Otyame013_RCI_Signal EURJPY,M5: loaded successfully
2	19:10:35.659	Custom indicator Otyame005_Super_Bollinger GBPUSD,H1: loaded successfully
2	19:10:35.659	Custom indicator 23Signal_Price-v1 GBPUSD,H1: loaded successfully
2	19:10:35.659	Custom indicator chikou_span_attacker GBPUSD,H1: loaded successfully
2	19:10:35.675	Custom indicator PZ_Harmonic GBPUSD,H1: loaded successfully
2	19:10:35.675	Custom indicator AutoHarmonic_201604 GBPUSD,H1: loaded successfully
2	19:10:35.675	Custom indicator Sessions EX GBPUSD,H1: loaded successfully
2	19:10:35.675	Custom indicator Max_Pivot GBPUSD,H1: loaded successfully
2	19:10:35.691	Custom indicator Max_Line GBPUSD,H1: loaded successfully
2	19:10:35.691	Custom indicator Otyame013_RCI_Signal GBPUSD,H1: loaded successfully
2	19:10:35.691	Custom indicator JapanTimes GBPUSD,H1: loaded successfully
2	19:10:35.938	Custom indicator Span_model GBPUSD,M5: loaded successfully
2	19:10:35.938	Custom indicator 23Signal_Price-v1 GBPUSD,M5: loaded successfully
2	19:10:35.938	Custom indicator ___MAÅôAngle_45_TAKE GBPUSD,M5: loaded successfully
2	19:10:35.938	Custom indicator Max_Pivot GBPUSD,M5: loaded successfully
2	19:10:35.955	Custom indicator Max_Line GBPUSD,M5: loaded successfully
2	19:10:35.955	Custom indicator EWPro GBPUSD,M5: loaded successfully
2	19:10:35.959	Custom indicator Trade Reviewer_14806E92 GBPUSD,M5: loaded successfully
2	19:10:35.959	Custom indicator Otyame013_RCI_Signal GBPUSD,M5: loaded successfully
2	19:10:36.875	Custom indicator Otyame005_Super_Bollinger GBPJPY,H1: loaded successfully
2	19:10:36.875	Custom indicator 23Signal_Price-v1 GBPJPY,H1: loaded successfully
2	19:10:36.875	Custom indicator chikou_span_attacker GBPJPY,H1: loaded successfully
2	19:10:36.891	Custom indicator PZ_Harmonic GBPJPY,H1: loaded successfully
2	19:10:36.891	Custom indicator AutoHarmonic_201604 GBPJPY,H1: loaded successfully
2	19:10:36.891	Custom indicator Sessions EX GBPJPY,H1: loaded successfully
2	19:10:36.891	Custom indicator Max_Pivot GBPJPY,H1: loaded successfully
2	19:10:36.907	Custom indicator Max_Line GBPJPY,H1: loaded successfully
2	19:10:36.907	Custom indicator Otyame013_RCI_Signal GBPJPY,H1: loaded successfully
2	19:10:36.907	Custom indicator JapanTimes GBPJPY,H1: loaded successfully
2	19:10:37.160	Custom indicator Span_model GBPJPY,M5: loaded successfully
2	19:10:37.160	Custom indicator 23Signal_Price-v1 GBPJPY,M5: loaded successfully
2	19:10:37.160	Custom indicator ___MAÅôAngle_45_TAKE GBPJPY,M5: loaded successfully
2	19:10:37.160	Custom indicator Max_Sign GBPJPY,M5: loaded successfully
2	19:10:37.160	Custom indicator Max_Pivot GBPJPY,M5: loaded successfully
2	19:10:37.160	Custom indicator Max_Line GBPJPY,M5: loaded successfully
2	19:10:37.175	Custom indicator Trade Reviewer_14806E92 GBPJPY,M5: loaded successfully
2	19:10:37.175	Custom indicator Otyame013_RCI_Signal GBPJPY,M5: loaded successfully
2	19:10:37.921	Custom indicator Otyame005_Super_Bollinger AUDUSD,H1: loaded successfully
2	19:10:37.923	Custom indicator 23Signal_Price-v1 AUDUSD,H1: loaded successfully
2	19:10:37.927	Custom indicator chikou_span_attacker AUDUSD,H1: loaded successfully
2	19:10:37.927	Custom indicator PZ_Harmonic AUDUSD,H1: loaded successfully
2	19:10:37.927	Custom indicator AutoHarmonic_201604 AUDUSD,H1: loaded successfully
2	19:10:37.927	Custom indicator Sessions EX AUDUSD,H1: loaded successfully
2	19:10:37.927	Custom indicator Max_Pivot AUDUSD,H1: loaded successfully
2	19:10:37.943	Custom indicator Max_Line AUDUSD,H1: loaded successfully
2	19:10:37.943	Custom indicator Otyame013_RCI_Signal AUDUSD,H1: loaded successfully
2	19:10:37.943	Custom indicator JapanTimes AUDUSD,H1: loaded successfully
2	19:10:38.206	Custom indicator Span_model AUDUSD,M5: loaded successfully
2	19:10:38.206	Custom indicator 23Signal_Price-v1 AUDUSD,M5: loaded successfully
2	19:10:38.206	Custom indicator ___MAÅôAngle_45_TAKE AUDUSD,M5: loaded successfully
2	19:10:38.206	Custom indicator Max_Pivot AUDUSD,M5: loaded successfully
2	19:10:38.206	Custom indicator Max_Line AUDUSD,M5: loaded successfully
2	19:10:38.221	Custom indicator Trade Reviewer_14806E92 AUDUSD,M5: loaded successfully
2	19:10:38.221	Custom indicator Otyame013_RCI_Signal AUDUSD,M5: loaded successfully
2	19:10:38.922	Custom indicator Economic_indicator USDCHF,H1: loaded successfully
0	19:10:40.429	'16040': login on GemForex-Live through DC1 (ping: 74.14 ms)
0	19:10:41.292	'16040': login datacenter on GemForex-Live through DC1 (ping: 74.14 ms)
0	19:10:41.513	'16040': previous successful authorization performed from 119.242.37.68
0	19:11:18.789	'16040': ping to current access point DC1 is 72.97 ms
2	19:11:32.055	Custom indicator Otyame005_Super_Bollinger USDJPY,H1: removed
2	19:11:32.055	Custom indicator 23Signal_Price-v1 USDJPY,H1: removed
2	19:11:32.055	Custom indicator chikou_span_attacker USDJPY,H1: removed
2	19:11:32.055	Custom indicator PZ_Harmonic USDJPY,H1: removed
2	19:11:32.070	Custom indicator AutoHarmonic_201604 USDJPY,H1: removed
2	19:11:32.070	Custom indicator Sessions EX USDJPY,H1: removed
2	19:11:32.070	Custom indicator Max_Pivot USDJPY,H1: removed
2	19:11:32.070	Custom indicator Max_Line USDJPY,H1: removed
2	19:11:32.070	Custom indicator Otyame013_RCI_Signal USDJPY,H1: removed
2	19:11:32.070	Custom indicator JapanTimes USDJPY,H1: removed
2	19:11:32.074	Custom indicator Span_model USDJPY,M5: removed
2	19:11:32.074	Custom indicator ___MAÅôAngle_45_TAKE USDJPY,M5: removed
2	19:11:32.074	Custom indicator 23Signal_Price-v1 USDJPY,M5: removed
2	19:11:32.074	Custom indicator Max_Pivot USDJPY,M5: removed
2	19:11:32.075	Custom indicator Max_Line USDJPY,M5: removed
2	19:11:32.075	Custom indicator Trade Reviewer_14806E92 USDJPY,M5: removed
2	19:11:32.075	Custom indicator Sessions EX USDJPY,M5: removed
2	19:11:32.075	Custom indicator Otyame013_RCI_Signal USDJPY,M5: removed
2	19:11:32.075	Custom indicator Otyame005_Super_Bollinger EURUSD,H1: removed
2	19:11:32.075	Custom indicator 23Signal_Price-v1 EURUSD,H1: removed
2	19:11:32.075	Custom indicator chikou_span_attacker EURUSD,H1: removed
2	19:11:32.075	Custom indicator PZ_Harmonic EURUSD,H1: removed
2	19:11:32.075	Custom indicator AutoHarmonic_201604 EURUSD,H1: removed
2	19:11:32.075	Custom indicator Sessions EX EURUSD,H1: removed
2	19:11:32.075	Custom indicator Max_Pivot EURUSD,H1: removed
2	19:11:32.075	Custom indicator Max_Line EURUSD,H1: removed
2	19:11:32.075	Custom indicator Otyame013_RCI_Signal EURUSD,H1: removed
2	19:11:32.075	Custom indicator JapanTimes EURUSD,H1: removed
2	19:11:32.075	Custom indicator Span_model EURUSD,M5: removed
2	19:11:32.075	Custom indicator 23Signal_Price-v1 EURUSD,M5: removed
2	19:11:32.075	Custom indicator ___MAÅôAngle_45_TAKE EURUSD,M5: removed
2	19:11:32.075	Custom indicator Max_Pivot EURUSD,M5: removed
2	19:11:32.075	Custom indicator Max_Line EURUSD,M5: removed
2	19:11:32.075	Custom indicator Trade Reviewer_14806E92 EURUSD,M5: removed
2	19:11:32.075	Custom indicator Trade Reviewer_14806E92 EURUSD,M5: removed
2	19:11:32.075	Custom indicator Otyame013_RCI_Signal EURUSD,M5: removed
2	19:11:32.075	Custom indicator Otyame005_Super_Bollinger EURJPY,H1: removed
2	19:11:32.075	Custom indicator 23Signal_Price-v1 EURJPY,H1: removed
2	19:11:32.075	Custom indicator chikou_span_attacker EURJPY,H1: removed
2	19:11:32.075	Custom indicator PZ_Harmonic EURJPY,H1: removed
2	19:11:32.075	Custom indicator AutoHarmonic_201604 EURJPY,H1: removed
2	19:11:32.075	Custom indicator Sessions EX EURJPY,H1: removed
2	19:11:32.075	Custom indicator Max_Pivot EURJPY,H1: removed
2	19:11:32.075	Custom indicator Max_Line EURJPY,H1: removed
2	19:11:32.075	Custom indicator Otyame013_RCI_Signal EURJPY,H1: removed
2	19:11:32.075	Custom indicator JapanTimes EURJPY,H1: removed
2	19:11:32.091	Custom indicator Span_model EURJPY,M5: removed
2	19:11:32.091	Custom indicator 23Signal_Price-v1 EURJPY,M5: removed
2	19:11:32.091	Custom indicator ___MAÅôAngle_45_TAKE EURJPY,M5: removed
2	19:11:32.091	Custom indicator Max_Pivot EURJPY,M5: removed
2	19:11:32.091	Custom indicator Max_Line EURJPY,M5: removed
2	19:11:32.091	Custom indicator EWPro EURJPY,M5: removed
2	19:11:32.091	Custom indicator Trade Reviewer_14806E92 EURJPY,M5: removed
2	19:11:32.091	Custom indicator Otyame013_RCI_Signal EURJPY,M5: removed
2	19:11:32.091	Custom indicator Otyame005_Super_Bollinger GBPUSD,H1: removed
2	19:11:32.091	Custom indicator 23Signal_Price-v1 GBPUSD,H1: removed
2	19:11:32.091	Custom indicator chikou_span_attacker GBPUSD,H1: removed
2	19:11:32.091	Custom indicator PZ_Harmonic GBPUSD,H1: removed
2	19:11:32.091	Custom indicator AutoHarmonic_201604 GBPUSD,H1: removed
2	19:11:32.091	Custom indicator Sessions EX GBPUSD,H1: removed
2	19:11:32.091	Custom indicator Max_Pivot GBPUSD,H1: removed
2	19:11:32.091	Custom indicator Max_Line GBPUSD,H1: removed
2	19:11:32.091	Custom indicator Otyame013_RCI_Signal GBPUSD,H1: removed
2	19:11:32.091	Custom indicator JapanTimes GBPUSD,H1: removed
2	19:11:32.091	Custom indicator Span_model GBPUSD,M5: removed
2	19:11:32.091	Custom indicator 23Signal_Price-v1 GBPUSD,M5: removed
2	19:11:32.091	Custom indicator ___MAÅôAngle_45_TAKE GBPUSD,M5: removed
2	19:11:32.091	Custom indicator Max_Pivot GBPUSD,M5: removed
2	19:11:32.091	Custom indicator Max_Line GBPUSD,M5: removed
2	19:11:32.091	Custom indicator EWPro GBPUSD,M5: removed
2	19:11:32.107	Custom indicator Trade Reviewer_14806E92 GBPUSD,M5: removed
2	19:11:32.107	Custom indicator Otyame013_RCI_Signal GBPUSD,M5: removed
2	19:11:32.107	Custom indicator Otyame005_Super_Bollinger GBPJPY,H1: removed
2	19:11:32.107	Custom indicator 23Signal_Price-v1 GBPJPY,H1: removed
2	19:11:32.107	Custom indicator chikou_span_attacker GBPJPY,H1: removed
2	19:11:32.107	Custom indicator PZ_Harmonic GBPJPY,H1: removed
2	19:11:32.107	Custom indicator AutoHarmonic_201604 GBPJPY,H1: removed
2	19:11:32.107	Custom indicator Sessions EX GBPJPY,H1: removed
2	19:11:32.107	Custom indicator Max_Pivot GBPJPY,H1: removed
2	19:11:32.107	Custom indicator Max_Line GBPJPY,H1: removed
2	19:11:32.107	Custom indicator Otyame013_RCI_Signal GBPJPY,H1: removed
2	19:11:32.107	Custom indicator JapanTimes GBPJPY,H1: removed
2	19:11:32.107	Custom indicator Span_model GBPJPY,M5: removed
2	19:11:32.107	Custom indicator 23Signal_Price-v1 GBPJPY,M5: removed
2	19:11:32.107	Custom indicator ___MAÅôAngle_45_TAKE GBPJPY,M5: removed
2	19:11:32.107	Custom indicator Max_Sign GBPJPY,M5: removed
2	19:11:32.107	Custom indicator Max_Pivot GBPJPY,M5: removed
2	19:11:32.107	Custom indicator Max_Line GBPJPY,M5: removed
2	19:11:32.107	Custom indicator Trade Reviewer_14806E92 GBPJPY,M5: removed
2	19:11:32.107	Custom indicator Otyame013_RCI_Signal GBPJPY,M5: removed
2	19:11:32.107	Custom indicator Otyame005_Super_Bollinger AUDUSD,H1: removed
2	19:11:32.107	Custom indicator 23Signal_Price-v1 AUDUSD,H1: removed
2	19:11:32.107	Custom indicator chikou_span_attacker AUDUSD,H1: removed
2	19:11:32.122	Custom indicator PZ_Harmonic AUDUSD,H1: removed
2	19:11:32.122	Custom indicator AutoHarmonic_201604 AUDUSD,H1: removed
2	19:11:32.122	Custom indicator Sessions EX AUDUSD,H1: removed
2	19:11:32.122	Custom indicator Max_Pivot AUDUSD,H1: removed
2	19:11:32.122	Custom indicator Max_Line AUDUSD,H1: removed
2	19:11:32.122	Custom indicator Otyame013_RCI_Signal AUDUSD,H1: removed
2	19:11:32.122	Custom indicator JapanTimes AUDUSD,H1: removed
2	19:11:32.122	Custom indicator Span_model AUDUSD,M5: removed
2	19:11:32.122	Custom indicator 23Signal_Price-v1 AUDUSD,M5: removed
2	19:11:32.122	Custom indicator ___MAÅôAngle_45_TAKE AUDUSD,M5: removed
2	19:11:32.122	Custom indicator Max_Pivot AUDUSD,M5: removed
2	19:11:32.122	Custom indicator Max_Line AUDUSD,M5: removed
2	19:11:32.122	Custom indicator Trade Reviewer_14806E92 AUDUSD,M5: removed
2	19:11:32.122	Custom indicator Otyame013_RCI_Signal AUDUSD,M5: removed
2	19:11:32.122	Custom indicator Economic_indicator USDCHF,H1: removed
0	19:11:32.278	GemFX MT4 build 950 stopped
