0	16:08:59.516	GemFX MT4 build 1045 started (GemTrade Co., Ltd.)
0	16:08:59.516	Windows 10 Home (x64 based PC), IE 11.00, UAC, 8 x Intel Core i7-3770  @ 3.40GHz, RAM: 12170 / 16327 Mb, HDD: 116341 / 228383 Mb, GMT+09:00
0	16:08:59.516	Data Folder: C:\Users\koichi\AppData\Roaming\MetaQuotes\Terminal\250ECE632D67BAE8424D7871E3ED5548
2	16:09:00.886	Custom indicator Otyame005_Super_Bollinger USDJPY,H1: loaded successfully
2	16:09:00.929	Custom indicator 23Signal_Price-v1 USDJPY,H1: loaded successfully
2	16:09:00.938	Custom indicator chikou_span_attacker USDJPY,H1: loaded successfully
2	16:09:00.948	Custom indicator PZ_Harmonic USDJPY,H1: loaded successfully
2	16:09:01.116	Custom indicator 23Signal_Price-v1 USDJPY,M5: loaded successfully
2	16:09:01.118	Custom indicator Max_Pivot USDJPY,M5: loaded successfully
2	16:09:01.127	Custom indicator Max_Line USDJPY,M5: loaded successfully
2	16:09:01.136	Custom indicator Otyame001_Ichimoku_Shift USDJPY,M5: loaded successfully
2	16:09:01.147	Custom indicator Otyame021_Price_Line USDJPY,M5: loaded successfully
2	16:09:01.156	Custom indicator Otyame005_Super_Bollinger USDJPY,M5: loaded successfully
2	16:09:01.443	Custom indicator Otyame005_Super_Bollinger EURUSD,H1: loaded successfully
2	16:09:01.484	Custom indicator 23Signal_Price-v1 EURUSD,H1: loaded successfully
2	16:09:01.495	Custom indicator chikou_span_attacker EURUSD,H1: loaded successfully
2	16:09:01.504	Custom indicator PZ_Harmonic EURUSD,H1: loaded successfully
2	16:09:01.681	Custom indicator 23Signal_Price-v1 EURUSD,M5: loaded successfully
2	16:09:01.683	Custom indicator Max_Pivot EURUSD,M5: loaded successfully
2	16:09:01.692	Custom indicator Max_Line EURUSD,M5: loaded successfully
2	16:09:01.701	Custom indicator Otyame001_Ichimoku_Shift EURUSD,M5: loaded successfully
2	16:09:01.713	Custom indicator Otyame021_Price_Line EURUSD,M5: loaded successfully
2	16:09:01.722	Custom indicator Otyame005_Super_Bollinger EURUSD,M5: loaded successfully
2	16:09:02.011	Custom indicator Otyame005_Super_Bollinger EURJPY,H1: loaded successfully
2	16:09:02.052	Custom indicator 23Signal_Price-v1 EURJPY,H1: loaded successfully
2	16:09:02.062	Custom indicator chikou_span_attacker EURJPY,H1: loaded successfully
2	16:09:02.072	Custom indicator PZ_Harmonic EURJPY,H1: loaded successfully
2	16:09:02.262	Custom indicator 23Signal_Price-v1 EURJPY,M5: loaded successfully
2	16:09:02.265	Custom indicator Max_Pivot EURJPY,M5: loaded successfully
2	16:09:02.274	Custom indicator Max_Line EURJPY,M5: loaded successfully
2	16:09:02.285	Custom indicator Otyame001_Ichimoku_Shift EURJPY,M5: loaded successfully
2	16:09:02.296	Custom indicator Otyame021_Price_Line EURJPY,M5: loaded successfully
2	16:09:02.305	Custom indicator Otyame005_Super_Bollinger EURJPY,M5: loaded successfully
2	16:09:02.610	Custom indicator Otyame005_Super_Bollinger GBPUSD,H1: loaded successfully
2	16:09:02.651	Custom indicator 23Signal_Price-v1 GBPUSD,H1: loaded successfully
2	16:09:02.661	Custom indicator chikou_span_attacker GBPUSD,H1: loaded successfully
2	16:09:02.670	Custom indicator PZ_Harmonic GBPUSD,H1: loaded successfully
2	16:09:02.841	Custom indicator 23Signal_Price-v1 GBPUSD,M5: loaded successfully
2	16:09:02.844	Custom indicator Max_Pivot GBPUSD,M5: loaded successfully
2	16:09:02.853	Custom indicator Max_Line GBPUSD,M5: loaded successfully
2	16:09:02.862	Custom indicator Otyame001_Ichimoku_Shift GBPUSD,M5: loaded successfully
2	16:09:02.873	Custom indicator Otyame021_Price_Line GBPUSD,M5: loaded successfully
2	16:09:02.882	Custom indicator Otyame005_Super_Bollinger GBPUSD,M5: loaded successfully
2	16:09:03.170	Custom indicator Otyame005_Super_Bollinger GBPJPY,H1: loaded successfully
2	16:09:03.212	Custom indicator 23Signal_Price-v1 GBPJPY,H1: loaded successfully
2	16:09:03.222	Custom indicator chikou_span_attacker GBPJPY,H1: loaded successfully
2	16:09:03.232	Custom indicator PZ_Harmonic GBPJPY,H1: loaded successfully
2	16:09:03.408	Custom indicator 23Signal_Price-v1 GBPJPY,M1: loaded successfully
2	16:09:03.410	Custom indicator Max_Pivot GBPJPY,M1: loaded successfully
2	16:09:03.419	Custom indicator Max_Line GBPJPY,M1: loaded successfully
2	16:09:03.429	Custom indicator Otyame001_Ichimoku_Shift GBPJPY,M1: loaded successfully
2	16:09:03.440	Custom indicator Otyame021_Price_Line GBPJPY,M1: loaded successfully
2	16:09:03.450	Custom indicator Otyame005_Super_Bollinger GBPJPY,M1: loaded successfully
2	16:09:04.119	Custom indicator Otyame005_Super_Bollinger AUDUSD,H1: loaded successfully
2	16:09:04.161	Custom indicator 23Signal_Price-v1 AUDUSD,H1: loaded successfully
2	16:09:04.170	Custom indicator chikou_span_attacker AUDUSD,H1: loaded successfully
2	16:09:04.180	Custom indicator PZ_Harmonic AUDUSD,H1: loaded successfully
2	16:09:04.348	Custom indicator 23Signal_Price-v1 AUDUSD,M5: loaded successfully
2	16:09:04.350	Custom indicator Max_Pivot AUDUSD,M5: loaded successfully
2	16:09:04.360	Custom indicator Max_Line AUDUSD,M5: loaded successfully
2	16:09:04.369	Custom indicator Otyame001_Ichimoku_Shift AUDUSD,M5: loaded successfully
2	16:09:04.380	Custom indicator Otyame021_Price_Line AUDUSD,M5: loaded successfully
2	16:09:04.389	Custom indicator Otyame005_Super_Bollinger AUDUSD,M5: loaded successfully
2	16:09:04.679	Custom indicator Otyame005_Super_Bollinger GBPAUD,H1: loaded successfully
2	16:09:04.721	Custom indicator 23Signal_Price-v1 GBPAUD,H1: loaded successfully
2	16:09:04.730	Custom indicator chikou_span_attacker GBPAUD,H1: loaded successfully
2	16:09:04.740	Custom indicator PZ_Harmonic GBPAUD,H1: loaded successfully
2	16:09:04.897	Custom indicator 23Signal_Price-v1 GBPAUD,M5: loaded successfully
2	16:09:04.900	Custom indicator Max_Pivot GBPAUD,M5: loaded successfully
2	16:09:04.909	Custom indicator Max_Line GBPAUD,M5: loaded successfully
2	16:09:04.918	Custom indicator Otyame001_Ichimoku_Shift GBPAUD,M5: loaded successfully
2	16:09:04.930	Custom indicator Otyame021_Price_Line GBPAUD,M5: loaded successfully
2	16:09:04.939	Custom indicator Otyame005_Super_Bollinger GBPAUD,M5: loaded successfully
0	16:53:30.466	System to be shutdown, request for close GemFX MT4
0	16:53:31.091	GemFX MT4 build 1045 stopped because system shutdown
