0	13:04:30.565	GemFX MT4 build 1090 started (GemTrade Co., Ltd.)
0	13:04:30.565	Windows 10 Home (x64 based PC), IE 11.00, UAC, 8 x Intel Core i7-3770  @ 3.40GHz, RAM: 11653 / 16324 Mb, HDD: 95642 / 228050 Mb, GMT+09:00
0	13:04:30.565	Data Folder: C:\Users\koichi\AppData\Roaming\MetaQuotes\Terminal\250ECE632D67BAE8424D7871E3ED5548
2	13:04:32.014	Custom indicator Otyame005_Super_Bollinger USDJPY,H1: loaded successfully
2	13:04:32.058	Custom indicator 23Signal_Price-v1 USDJPY,H1: loaded successfully
2	13:04:32.074	Custom indicator chikou_span_attacker USDJPY,H1: loaded successfully
2	13:04:32.090	Custom indicator PZ_Harmonic USDJPY,H1: loaded successfully
2	13:04:32.370	Custom indicator 23Signal_Price-v1 USDJPY,M5: loaded successfully
2	13:04:32.372	Custom indicator Max_Pivot USDJPY,M5: loaded successfully
2	13:04:32.393	Custom indicator Max_Line USDJPY,M5: loaded successfully
2	13:04:32.414	Custom indicator Otyame001_Ichimoku_Shift USDJPY,M5: loaded successfully
2	13:04:32.441	Custom indicator Otyame005_Super_Bollinger USDJPY,M5: loaded successfully
2	13:04:32.747	Custom indicator Otyame005_Super_Bollinger EURUSD,H1: loaded successfully
2	13:04:32.798	Custom indicator 23Signal_Price-v1 EURUSD,H1: loaded successfully
2	13:04:32.816	Custom indicator chikou_span_attacker EURUSD,H1: loaded successfully
2	13:04:32.835	Custom indicator PZ_Harmonic EURUSD,H1: loaded successfully
2	13:04:33.029	Custom indicator 23Signal_Price-v1 EURUSD,M5: loaded successfully
2	13:04:33.031	Custom indicator Max_Pivot EURUSD,M5: loaded successfully
2	13:04:33.043	Custom indicator Max_Line EURUSD,M5: loaded successfully
2	13:04:33.056	Custom indicator Otyame001_Ichimoku_Shift EURUSD,M5: loaded successfully
2	13:04:33.068	Custom indicator Otyame005_Super_Bollinger EURUSD,M5: loaded successfully
2	13:04:33.281	Custom indicator Otyame005_Super_Bollinger EURJPY,H1: loaded successfully
2	13:04:33.322	Custom indicator 23Signal_Price-v1 EURJPY,H1: loaded successfully
2	13:04:33.335	Custom indicator chikou_span_attacker EURJPY,H1: loaded successfully
2	13:04:33.348	Custom indicator PZ_Harmonic EURJPY,H1: loaded successfully
2	13:04:33.529	Custom indicator 23Signal_Price-v1 EURJPY,M5: loaded successfully
2	13:04:33.531	Custom indicator Max_Pivot EURJPY,M5: loaded successfully
2	13:04:33.544	Custom indicator Max_Line EURJPY,M5: loaded successfully
2	13:04:33.556	Custom indicator Otyame001_Ichimoku_Shift EURJPY,M5: loaded successfully
2	13:04:33.568	Custom indicator Otyame005_Super_Bollinger EURJPY,M5: loaded successfully
2	13:04:33.778	Custom indicator Otyame005_Super_Bollinger GBPUSD,H1: loaded successfully
2	13:04:33.817	Custom indicator 23Signal_Price-v1 GBPUSD,H1: loaded successfully
2	13:04:33.830	Custom indicator chikou_span_attacker GBPUSD,H1: loaded successfully
2	13:04:33.843	Custom indicator PZ_Harmonic GBPUSD,H1: loaded successfully
2	13:04:34.019	Custom indicator 23Signal_Price-v1 GBPUSD,M5: loaded successfully
2	13:04:34.020	Custom indicator Max_Pivot GBPUSD,M5: loaded successfully
2	13:04:34.033	Custom indicator Max_Line GBPUSD,M5: loaded successfully
2	13:04:34.046	Custom indicator Otyame001_Ichimoku_Shift GBPUSD,M5: loaded successfully
2	13:04:34.059	Custom indicator Otyame005_Super_Bollinger GBPUSD,M5: loaded successfully
2	13:04:34.270	Custom indicator Otyame005_Super_Bollinger GBPJPY,H1: loaded successfully
2	13:04:34.308	Custom indicator 23Signal_Price-v1 GBPJPY,H1: loaded successfully
2	13:04:34.320	Custom indicator chikou_span_attacker GBPJPY,H1: loaded successfully
2	13:04:34.333	Custom indicator PZ_Harmonic GBPJPY,H1: loaded successfully
2	13:04:34.506	Custom indicator 23Signal_Price-v1 GBPJPY,M1: loaded successfully
2	13:04:34.508	Custom indicator Max_Pivot GBPJPY,M1: loaded successfully
2	13:04:34.519	Custom indicator Max_Line GBPJPY,M1: loaded successfully
2	13:04:34.531	Custom indicator Otyame001_Ichimoku_Shift GBPJPY,M1: loaded successfully
2	13:04:34.542	Custom indicator Otyame005_Super_Bollinger GBPJPY,M1: loaded successfully
2	13:04:35.073	Custom indicator Otyame005_Super_Bollinger AUDUSD,H1: loaded successfully
2	13:04:35.112	Custom indicator 23Signal_Price-v1 AUDUSD,H1: loaded successfully
2	13:04:35.125	Custom indicator chikou_span_attacker AUDUSD,H1: loaded successfully
2	13:04:35.138	Custom indicator PZ_Harmonic AUDUSD,H1: loaded successfully
2	13:04:35.312	Custom indicator 23Signal_Price-v1 AUDUSD,M5: loaded successfully
2	13:04:35.313	Custom indicator Max_Pivot AUDUSD,M5: loaded successfully
2	13:04:35.325	Custom indicator Max_Line AUDUSD,M5: loaded successfully
2	13:04:35.337	Custom indicator Otyame001_Ichimoku_Shift AUDUSD,M5: loaded successfully
2	13:04:35.348	Custom indicator Otyame005_Super_Bollinger AUDUSD,M5: loaded successfully
2	13:04:35.556	Custom indicator Otyame005_Super_Bollinger GBPAUD,H1: loaded successfully
2	13:04:35.594	Custom indicator 23Signal_Price-v1 GBPAUD,H1: loaded successfully
2	13:04:35.606	Custom indicator chikou_span_attacker GBPAUD,H1: loaded successfully
2	13:04:35.618	Custom indicator PZ_Harmonic GBPAUD,H1: loaded successfully
2	13:04:35.780	Custom indicator 23Signal_Price-v1 GBPAUD,M5: loaded successfully
2	13:04:35.782	Custom indicator Max_Pivot GBPAUD,M5: loaded successfully
2	13:04:35.793	Custom indicator Max_Line GBPAUD,M5: loaded successfully
2	13:04:35.805	Custom indicator Otyame001_Ichimoku_Shift GBPAUD,M5: loaded successfully
2	13:04:35.815	Custom indicator Otyame005_Super_Bollinger GBPAUD,M5: loaded successfully
0	17:38:22.079	GemFX MT4 build 1090 stopped because system shutdown
