0	01:21:03.553	GemFX MT4 build 1090 stopped because system shutdown
0	22:22:25.222	GemFX MT4 build 1090 started (GemTrade Co., Ltd.)
0	22:22:25.222	Windows 10 Home (x64 based PC), IE 11.00, UAC, 8 x Intel Core i7-3770  @ 3.40GHz, RAM: 10510 / 16324 Mb, HDD: 91148 / 228050 Mb, GMT+09:00
0	22:22:25.222	Data Folder: C:\Users\koichi\AppData\Roaming\MetaQuotes\Terminal\250ECE632D67BAE8424D7871E3ED5548
2	22:22:26.487	Custom indicator Otyame005_Super_Bollinger USDJPY,H1: loaded successfully
2	22:22:26.541	Custom indicator 23Signal_Price-v1 USDJPY,H1: loaded successfully
2	22:22:26.562	Custom indicator chikou_span_attacker USDJPY,H1: loaded successfully
2	22:22:26.577	Custom indicator PZ_Harmonic USDJPY,H1: loaded successfully
2	22:22:26.845	Custom indicator 23Signal_Price-v1 USDJPY,M5: loaded successfully
2	22:22:26.847	Custom indicator Max_Pivot USDJPY,M5: loaded successfully
2	22:22:26.867	Custom indicator Max_Line USDJPY,M5: loaded successfully
2	22:22:26.889	Custom indicator Otyame001_Ichimoku_Shift USDJPY,M5: loaded successfully
2	22:22:26.909	Custom indicator Otyame005_Super_Bollinger USDJPY,M5: loaded successfully
2	22:22:27.247	Custom indicator Otyame005_Super_Bollinger EURUSD,H1: loaded successfully
2	22:22:27.314	Custom indicator 23Signal_Price-v1 EURUSD,H1: loaded successfully
2	22:22:27.334	Custom indicator chikou_span_attacker EURUSD,H1: loaded successfully
2	22:22:27.352	Custom indicator PZ_Harmonic EURUSD,H1: loaded successfully
2	22:22:27.604	Custom indicator 23Signal_Price-v1 EURUSD,M5: loaded successfully
2	22:22:27.607	Custom indicator Max_Pivot EURUSD,M5: loaded successfully
2	22:22:27.622	Custom indicator Max_Line EURUSD,M5: loaded successfully
2	22:22:27.640	Custom indicator Otyame001_Ichimoku_Shift EURUSD,M5: loaded successfully
2	22:22:27.656	Custom indicator Otyame005_Super_Bollinger EURUSD,M5: loaded successfully
2	22:22:27.906	Custom indicator Otyame005_Super_Bollinger EURJPY,H1: loaded successfully
2	22:22:27.953	Custom indicator 23Signal_Price-v1 EURJPY,H1: loaded successfully
2	22:22:27.967	Custom indicator chikou_span_attacker EURJPY,H1: loaded successfully
2	22:22:27.980	Custom indicator PZ_Harmonic EURJPY,H1: loaded successfully
2	22:22:28.170	Custom indicator 23Signal_Price-v1 EURJPY,M5: loaded successfully
2	22:22:28.172	Custom indicator Max_Pivot EURJPY,M5: loaded successfully
2	22:22:28.184	Custom indicator Max_Line EURJPY,M5: loaded successfully
2	22:22:28.196	Custom indicator Otyame001_Ichimoku_Shift EURJPY,M5: loaded successfully
2	22:22:28.208	Custom indicator Otyame005_Super_Bollinger EURJPY,M5: loaded successfully
2	22:22:28.433	Custom indicator Otyame005_Super_Bollinger GBPUSD,H1: loaded successfully
2	22:22:28.476	Custom indicator 23Signal_Price-v1 GBPUSD,H1: loaded successfully
2	22:22:28.489	Custom indicator chikou_span_attacker GBPUSD,H1: loaded successfully
2	22:22:28.502	Custom indicator PZ_Harmonic GBPUSD,H1: loaded successfully
2	22:22:28.691	Custom indicator 23Signal_Price-v1 GBPUSD,M5: loaded successfully
2	22:22:28.693	Custom indicator Max_Pivot GBPUSD,M5: loaded successfully
2	22:22:28.705	Custom indicator Max_Line GBPUSD,M5: loaded successfully
2	22:22:28.717	Custom indicator Otyame001_Ichimoku_Shift GBPUSD,M5: loaded successfully
2	22:22:28.730	Custom indicator Otyame005_Super_Bollinger GBPUSD,M5: loaded successfully
2	22:22:28.955	Custom indicator Otyame005_Super_Bollinger GBPJPY,H1: loaded successfully
2	22:22:28.997	Custom indicator 23Signal_Price-v1 GBPJPY,H1: loaded successfully
2	22:22:29.009	Custom indicator chikou_span_attacker GBPJPY,H1: loaded successfully
2	22:22:29.022	Custom indicator PZ_Harmonic GBPJPY,H1: loaded successfully
2	22:22:29.209	Custom indicator 23Signal_Price-v1 GBPJPY,M1: loaded successfully
2	22:22:29.211	Custom indicator Max_Pivot GBPJPY,M1: loaded successfully
2	22:22:29.226	Custom indicator Max_Line GBPJPY,M1: loaded successfully
2	22:22:29.242	Custom indicator Otyame001_Ichimoku_Shift GBPJPY,M1: loaded successfully
2	22:22:29.255	Custom indicator Otyame005_Super_Bollinger GBPJPY,M1: loaded successfully
2	22:22:29.829	Custom indicator Otyame005_Super_Bollinger AUDUSD,H1: loaded successfully
2	22:22:29.871	Custom indicator 23Signal_Price-v1 AUDUSD,H1: loaded successfully
2	22:22:29.884	Custom indicator chikou_span_attacker AUDUSD,H1: loaded successfully
2	22:22:29.897	Custom indicator PZ_Harmonic AUDUSD,H1: loaded successfully
2	22:22:30.083	Custom indicator 23Signal_Price-v1 AUDUSD,M5: loaded successfully
2	22:22:30.085	Custom indicator Max_Pivot AUDUSD,M5: loaded successfully
2	22:22:30.098	Custom indicator Max_Line AUDUSD,M5: loaded successfully
2	22:22:30.110	Custom indicator Otyame001_Ichimoku_Shift AUDUSD,M5: loaded successfully
2	22:22:30.123	Custom indicator Otyame005_Super_Bollinger AUDUSD,M5: loaded successfully
2	22:22:30.353	Custom indicator Otyame005_Super_Bollinger GBPAUD,H1: loaded successfully
2	22:22:30.395	Custom indicator 23Signal_Price-v1 GBPAUD,H1: loaded successfully
2	22:22:30.408	Custom indicator chikou_span_attacker GBPAUD,H1: loaded successfully
2	22:22:30.421	Custom indicator PZ_Harmonic GBPAUD,H1: loaded successfully
2	22:22:30.598	Custom indicator 23Signal_Price-v1 GBPAUD,M5: loaded successfully
2	22:22:30.599	Custom indicator Max_Pivot GBPAUD,M5: loaded successfully
2	22:22:30.612	Custom indicator Max_Line GBPAUD,M5: loaded successfully
2	22:22:30.624	Custom indicator Otyame001_Ichimoku_Shift GBPAUD,M5: loaded successfully
2	22:22:30.637	Custom indicator Otyame005_Super_Bollinger GBPAUD,M5: loaded successfully
