0	17:07:48.100	XM MT4 build 950 started (Trading Point Of Financial Instruments Ltd)
0	17:07:48.100	Windows 10 Home (x64 based PC), IE 13.23, UAC, 8 x Intel Core i7-3770  @ 3.40GHz, RAM: 13005 / 16327 Mb, HDD: 121140 / 228383 Mb, GMT+09:00
0	17:07:48.100	Data Folder: C:\Users\koichi\AppData\Roaming\MetaQuotes\Terminal\010BF99D307F164FBA643D16B4B111BD
2	17:07:48.694	Custom indicator Max_Sign EURJPY,M1: loaded successfully
2	17:07:48.709	Custom indicator Max_ColorMA EURJPY,M1: loaded successfully
2	17:07:48.709	Custom indicator Max_ColorMA EURJPY,M1: loaded successfully
2	17:07:48.709	Custom indicator Max_Pivot EURJPY,M1: loaded successfully
2	17:07:48.709	Custom indicator MAX_MTFMA_ƒ¿ EURJPY,M1: loaded successfully
2	17:07:48.709	Custom indicator Max_Line EURJPY,M1: loaded successfully
2	17:07:48.959	Custom indicator Max_Sign USDJPY,M15: loaded successfully
2	17:07:48.959	Custom indicator Max_ColorMA USDJPY,M15: loaded successfully
2	17:07:48.959	Custom indicator Max_ColorMA USDJPY,M15: loaded successfully
2	17:07:48.959	Custom indicator Max_Pivot USDJPY,M15: loaded successfully
2	17:07:48.959	Custom indicator MAX_MTFMA_ƒ¿ USDJPY,M15: loaded successfully
2	17:07:48.959	Custom indicator Max_Line USDJPY,M15: loaded successfully
2	17:07:49.069	Custom indicator Max_Sign EURUSD,M5: loaded successfully
2	17:07:49.069	Custom indicator Max_ColorMA EURUSD,M5: loaded successfully
2	17:07:49.069	Custom indicator Max_ColorMA EURUSD,M5: loaded successfully
2	17:07:49.069	Custom indicator Max_Pivot EURUSD,M5: loaded successfully
2	17:07:49.084	Custom indicator MAX_MTFMA_ƒ¿ EURUSD,M5: loaded successfully
2	17:07:49.084	Custom indicator Max_Line EURUSD,M5: loaded successfully
2	17:07:49.084	Custom indicator 23Signal_Price-v1 EURUSD,M5: loaded successfully
2	17:07:49.084	Custom indicator Otyame021_Price_Line EURUSD,M5: loaded successfully
2	17:07:49.600	Custom indicator Max_Sign GBPUSD,M1: loaded successfully
2	17:07:49.600	Custom indicator Max_ColorMA GBPUSD,M1: loaded successfully
2	17:07:49.600	Custom indicator Max_ColorMA GBPUSD,M1: loaded successfully
2	17:07:49.600	Custom indicator Max_Pivot GBPUSD,M1: loaded successfully
2	17:07:49.600	Custom indicator MAX_MTFMA_ƒ¿ GBPUSD,M1: loaded successfully
2	17:07:49.600	Custom indicator Max_Line GBPUSD,M1: loaded successfully
2	17:07:49.850	Custom indicator Max_Sign GBPJPY,M15: loaded successfully
2	17:07:49.850	Custom indicator Max_ColorMA GBPJPY,M15: loaded successfully
2	17:07:49.850	Custom indicator Max_ColorMA GBPJPY,M15: loaded successfully
2	17:07:49.850	Custom indicator Max_Pivot GBPJPY,M15: loaded successfully
2	17:07:49.866	Custom indicator MAX_MTFMA_ƒ¿ GBPJPY,M15: loaded successfully
2	17:07:49.866	Custom indicator Max_Line GBPJPY,M15: loaded successfully
2	17:07:49.975	Custom indicator Max_Sign AUDUSD,M15: loaded successfully
2	17:07:49.975	Custom indicator Max_ColorMA AUDUSD,M15: loaded successfully
2	17:07:49.975	Custom indicator Max_ColorMA AUDUSD,M15: loaded successfully
2	17:07:49.991	Custom indicator Max_Pivot AUDUSD,M15: loaded successfully
2	17:07:49.991	Custom indicator MAX_MTFMA_ƒ¿ AUDUSD,M15: loaded successfully
2	17:07:49.991	Custom indicator Max_Line AUDUSD,M15: loaded successfully
2	17:07:50.100	Custom indicator Max_Sign EURGBP,M15: loaded successfully
2	17:07:50.100	Custom indicator Max_ColorMA EURGBP,M15: loaded successfully
2	17:07:50.116	Custom indicator Max_ColorMA EURGBP,M15: loaded successfully
2	17:07:50.116	Custom indicator Max_Pivot EURGBP,M15: loaded successfully
2	17:07:50.116	Custom indicator Max_Line EURGBP,M15: loaded successfully
2	17:07:50.116	Custom indicator 23Signal_Price-v1 EURGBP,M15: loaded successfully
2	17:07:50.116	Custom indicator 00-DispTrade_v102 EURGBP,M15: loaded successfully
0	17:18:37.133	System to be shutdown, request for close XM MT4
0	17:18:37.180	XM MT4 build 950 stopped because system shutdown
