0	07:18:09.812	XM MT4 build 950 started (Trading Point Of Financial Instruments Ltd)
0	07:18:09.812	Windows 10 Home (x64 based PC), IE 13.12, UAC, 8 x Intel Core i7-3770  @ 3.40GHz, RAM: 12239 / 16327 Mb, HDD: 141760 / 228383 Mb, GMT+09:00
0	07:18:09.812	Data Folder: C:\Users\koichi\AppData\Roaming\MetaQuotes\Terminal\010BF99D307F164FBA643D16B4B111BD
2	07:18:10.403	Custom indicator Max_Sign EURJPY,M1: loaded successfully
2	07:18:10.405	Custom indicator Max_ColorMA EURJPY,M1: loaded successfully
2	07:18:10.406	Custom indicator Max_ColorMA EURJPY,M1: loaded successfully
2	07:18:10.407	Custom indicator Max_Pivot EURJPY,M1: loaded successfully
2	07:18:10.412	Custom indicator MAX_MTFMA_ƒ¿ EURJPY,M1: loaded successfully
2	07:18:10.417	Custom indicator Max_Line EURJPY,M1: loaded successfully
2	07:18:10.575	Custom indicator Max_Sign USDJPY,M15: loaded successfully
2	07:18:10.576	Custom indicator Max_ColorMA USDJPY,M15: loaded successfully
2	07:18:10.578	Custom indicator Max_ColorMA USDJPY,M15: loaded successfully
2	07:18:10.579	Custom indicator Max_Pivot USDJPY,M15: loaded successfully
2	07:18:10.584	Custom indicator MAX_MTFMA_ƒ¿ USDJPY,M15: loaded successfully
2	07:18:10.588	Custom indicator Max_Line USDJPY,M15: loaded successfully
2	07:18:10.689	Custom indicator Max_Sign EURUSD,M5: loaded successfully
2	07:18:10.691	Custom indicator Max_ColorMA EURUSD,M5: loaded successfully
2	07:18:10.692	Custom indicator Max_ColorMA EURUSD,M5: loaded successfully
2	07:18:10.693	Custom indicator Max_Pivot EURUSD,M5: loaded successfully
2	07:18:10.699	Custom indicator MAX_MTFMA_ƒ¿ EURUSD,M5: loaded successfully
2	07:18:10.703	Custom indicator Max_Line EURUSD,M5: loaded successfully
2	07:18:10.882	Custom indicator Max_Sign GBPUSD,M1: loaded successfully
2	07:18:10.884	Custom indicator Max_ColorMA GBPUSD,M1: loaded successfully
2	07:18:10.885	Custom indicator Max_ColorMA GBPUSD,M1: loaded successfully
2	07:18:10.886	Custom indicator Max_Pivot GBPUSD,M1: loaded successfully
2	07:18:10.892	Custom indicator MAX_MTFMA_ƒ¿ GBPUSD,M1: loaded successfully
2	07:18:10.895	Custom indicator Max_Line GBPUSD,M1: loaded successfully
2	07:18:11.066	Custom indicator Max_Sign GBPJPY,M15: loaded successfully
2	07:18:11.067	Custom indicator Max_ColorMA GBPJPY,M15: loaded successfully
2	07:18:11.069	Custom indicator Max_ColorMA GBPJPY,M15: loaded successfully
2	07:18:11.070	Custom indicator Max_Pivot GBPJPY,M15: loaded successfully
2	07:18:11.075	Custom indicator MAX_MTFMA_ƒ¿ GBPJPY,M15: loaded successfully
2	07:18:11.079	Custom indicator Max_Line GBPJPY,M15: loaded successfully
2	07:18:11.179	Custom indicator Max_Sign AUDUSD,M15: loaded successfully
2	07:18:11.180	Custom indicator Max_ColorMA AUDUSD,M15: loaded successfully
2	07:18:11.182	Custom indicator Max_ColorMA AUDUSD,M15: loaded successfully
2	07:18:11.184	Custom indicator Max_Pivot AUDUSD,M15: loaded successfully
2	07:18:11.189	Custom indicator MAX_MTFMA_ƒ¿ AUDUSD,M15: loaded successfully
2	07:18:11.192	Custom indicator Max_Line AUDUSD,M15: loaded successfully
2	07:18:11.295	Custom indicator Max_Sign EURGBP,M15: loaded successfully
2	07:18:11.296	Custom indicator Max_ColorMA EURGBP,M15: loaded successfully
2	07:18:11.297	Custom indicator Max_ColorMA EURGBP,M15: loaded successfully
2	07:18:11.299	Custom indicator Max_Pivot EURGBP,M15: loaded successfully
2	07:18:11.303	Custom indicator Max_Line EURGBP,M15: loaded successfully
2	07:18:11.305	Custom indicator 23Signal_Price-v1 EURGBP,M15: loaded successfully
2	07:18:11.309	Custom indicator 00-DispTrade_v102 EURGBP,M15: loaded successfully
0	07:18:12.487	'1025330': login on XM.COM-Real 7 through REAL07 - DC09 (ping: 263.73 ms)
0	07:18:14.826	'1025330': login datacenter on XM.COM-Real 7 through REAL07 - DC09 (ping: 263.73 ms)
0	07:18:15.405	'1025330': previous successful authorization performed from 119.242.37.68
0	07:18:36.536	'1025330': auto connecting to a better access point REAL07 - DC13 (ping is 234.22 ms)
0	07:18:37.203	'1025330': login on XM.COM-Real 7 through REAL07 - DC13 (ping: 234.22 ms)
0	07:18:38.694	'1025330': login datacenter on XM.COM-Real 7 through REAL07 - DC13 (ping: 234.22 ms)
0	07:18:39.018	'1025330': previous successful authorization performed from 119.242.37.68
