0	20:34:10.973	XM MT4 build 950 started (Trading Point Of Financial Instruments Ltd)
0	20:34:10.973	Windows 10 Home (x64 based PC), IE 14.06, UAC, 8 x Intel Core i7-3770  @ 3.40GHz, RAM: 12720 / 16327 Mb, HDD: 140047 / 228383 Mb, GMT+09:00
0	20:34:10.973	Data Folder: C:\Users\koichi\AppData\Roaming\MetaQuotes\Terminal\010BF99D307F164FBA643D16B4B111BD
2	20:34:11.863	Custom indicator Max_Sign EURJPY,M1: loaded successfully
2	20:34:11.879	Custom indicator Max_ColorMA EURJPY,M1: loaded successfully
2	20:34:11.879	Custom indicator Max_ColorMA EURJPY,M1: loaded successfully
2	20:34:11.879	Custom indicator Max_Pivot EURJPY,M1: loaded successfully
2	20:34:11.879	Custom indicator MAX_MTFMA_ƒ¿ EURJPY,M1: loaded successfully
2	20:34:11.879	Custom indicator Max_Line EURJPY,M1: loaded successfully
2	20:34:12.068	Custom indicator Max_Sign USDJPY,M15: loaded successfully
2	20:34:12.068	Custom indicator Max_ColorMA USDJPY,M15: loaded successfully
2	20:34:12.068	Custom indicator Max_ColorMA USDJPY,M15: loaded successfully
2	20:34:12.084	Custom indicator Max_Pivot USDJPY,M15: loaded successfully
2	20:34:12.084	Custom indicator MAX_MTFMA_ƒ¿ USDJPY,M15: loaded successfully
2	20:34:12.084	Custom indicator Max_Line USDJPY,M15: loaded successfully
2	20:34:12.209	Custom indicator Max_Sign EURUSD,M5: loaded successfully
2	20:34:12.209	Custom indicator Max_ColorMA EURUSD,M5: loaded successfully
2	20:34:12.209	Custom indicator Max_ColorMA EURUSD,M5: loaded successfully
2	20:34:12.209	Custom indicator Max_Pivot EURUSD,M5: loaded successfully
2	20:34:12.225	Custom indicator MAX_MTFMA_ƒ¿ EURUSD,M5: loaded successfully
2	20:34:12.225	Custom indicator Max_Line EURUSD,M5: loaded successfully
2	20:34:12.412	Custom indicator Max_Sign GBPUSD,M1: loaded successfully
2	20:34:12.412	Custom indicator Max_ColorMA GBPUSD,M1: loaded successfully
2	20:34:12.428	Custom indicator Max_ColorMA GBPUSD,M1: loaded successfully
2	20:34:12.428	Custom indicator Max_Pivot GBPUSD,M1: loaded successfully
2	20:34:12.428	Custom indicator MAX_MTFMA_ƒ¿ GBPUSD,M1: loaded successfully
2	20:34:12.428	Custom indicator Max_Line GBPUSD,M1: loaded successfully
2	20:34:12.631	Custom indicator Max_Sign GBPJPY,M15: loaded successfully
2	20:34:12.631	Custom indicator Max_ColorMA GBPJPY,M15: loaded successfully
2	20:34:12.631	Custom indicator Max_ColorMA GBPJPY,M15: loaded successfully
2	20:34:12.631	Custom indicator Max_Pivot GBPJPY,M15: loaded successfully
2	20:34:12.647	Custom indicator MAX_MTFMA_ƒ¿ GBPJPY,M15: loaded successfully
2	20:34:12.647	Custom indicator Max_Line GBPJPY,M15: loaded successfully
2	20:34:12.756	Custom indicator Max_Sign AUDUSD,M15: loaded successfully
2	20:34:12.756	Custom indicator Max_ColorMA AUDUSD,M15: loaded successfully
2	20:34:12.756	Custom indicator Max_ColorMA AUDUSD,M15: loaded successfully
2	20:34:12.772	Custom indicator Max_Pivot AUDUSD,M15: loaded successfully
2	20:34:12.772	Custom indicator MAX_MTFMA_ƒ¿ AUDUSD,M15: loaded successfully
2	20:34:12.772	Custom indicator Max_Line AUDUSD,M15: loaded successfully
2	20:34:12.897	Custom indicator Max_Sign EURGBP,M15: loaded successfully
2	20:34:12.897	Custom indicator Max_ColorMA EURGBP,M15: loaded successfully
2	20:34:12.897	Custom indicator Max_ColorMA EURGBP,M15: loaded successfully
2	20:34:12.897	Custom indicator Max_Pivot EURGBP,M15: loaded successfully
2	20:34:12.897	Custom indicator Max_Line EURGBP,M15: loaded successfully
2	20:34:12.897	Custom indicator 23Signal_Price-v1 EURGBP,M15: loaded successfully
2	20:34:12.897	Custom indicator 00-DispTrade_v102 EURGBP,M15: loaded successfully
0	20:34:14.077	'1025330': login on XM.COM-Real 7 through REAL07 - DC13 (ping: 234.22 ms)
0	20:34:16.180	'1025330': login datacenter on XM.COM-Real 7 through REAL07 - DC13 (ping: 234.22 ms)
0	20:34:16.474	'1025330': previous successful authorization performed from 119.242.37.68
0	20:34:38.243	'1025330': auto connecting to a better access point REAL07 - DC17 (ping is 247.47 ms)
0	20:34:38.967	'1025330': login on XM.COM-Real 7 through REAL07 - DC17 (ping: 247.47 ms)
0	20:34:40.648	'1025330': login datacenter on XM.COM-Real 7 through REAL07 - DC17 (ping: 247.47 ms)
0	20:34:40.929	'1025330': previous successful authorization performed from 119.242.37.68
2	20:39:08.444	Custom indicator Max_Sign EURJPY,M1: removed
2	20:39:08.445	Custom indicator Max_ColorMA EURJPY,M1: removed
2	20:39:08.445	Custom indicator Max_ColorMA EURJPY,M1: removed
2	20:39:08.445	Custom indicator Max_Pivot EURJPY,M1: removed
2	20:39:08.446	Custom indicator MAX_MTFMA_ƒ¿ EURJPY,M1: removed
2	20:39:08.446	Custom indicator Max_Line EURJPY,M1: removed
2	20:39:08.448	Custom indicator Max_Sign USDJPY,M15: removed
2	20:39:08.448	Custom indicator Max_ColorMA USDJPY,M15: removed
2	20:39:08.448	Custom indicator Max_ColorMA USDJPY,M15: removed
2	20:39:08.448	Custom indicator Max_Pivot USDJPY,M15: removed
2	20:39:08.449	Custom indicator MAX_MTFMA_ƒ¿ USDJPY,M15: removed
2	20:39:08.450	Custom indicator Max_Line USDJPY,M15: removed
2	20:39:08.457	Custom indicator Max_Sign EURUSD,M5: removed
2	20:39:08.457	Custom indicator Max_ColorMA EURUSD,M5: removed
2	20:39:08.457	Custom indicator Max_ColorMA EURUSD,M5: removed
2	20:39:08.457	Custom indicator Max_Pivot EURUSD,M5: removed
2	20:39:08.458	Custom indicator MAX_MTFMA_ƒ¿ EURUSD,M5: removed
2	20:39:08.459	Custom indicator Max_Line EURUSD,M5: removed
2	20:39:08.460	Custom indicator Max_Sign GBPUSD,M1: removed
2	20:39:08.460	Custom indicator Max_ColorMA GBPUSD,M1: removed
2	20:39:08.460	Custom indicator Max_ColorMA GBPUSD,M1: removed
2	20:39:08.461	Custom indicator Max_Pivot GBPUSD,M1: removed
2	20:39:08.461	Custom indicator MAX_MTFMA_ƒ¿ GBPUSD,M1: removed
2	20:39:08.462	Custom indicator Max_Line GBPUSD,M1: removed
2	20:39:08.468	Custom indicator Max_Sign GBPJPY,M15: removed
2	20:39:08.468	Custom indicator Max_ColorMA GBPJPY,M15: removed
2	20:39:08.468	Custom indicator Max_ColorMA GBPJPY,M15: removed
2	20:39:08.468	Custom indicator Max_Pivot GBPJPY,M15: removed
2	20:39:08.469	Custom indicator MAX_MTFMA_ƒ¿ GBPJPY,M15: removed
2	20:39:08.469	Custom indicator Max_Line GBPJPY,M15: removed
2	20:39:08.477	Custom indicator Max_Sign AUDUSD,M15: removed
2	20:39:08.477	Custom indicator Max_ColorMA AUDUSD,M15: removed
2	20:39:08.477	Custom indicator Max_ColorMA AUDUSD,M15: removed
2	20:39:08.477	Custom indicator Max_Pivot AUDUSD,M15: removed
2	20:39:08.478	Custom indicator MAX_MTFMA_ƒ¿ AUDUSD,M15: removed
2	20:39:08.479	Custom indicator Max_Line AUDUSD,M15: removed
2	20:39:08.481	Custom indicator Max_Sign EURGBP,M15: removed
2	20:39:08.481	Custom indicator Max_ColorMA EURGBP,M15: removed
2	20:39:08.481	Custom indicator Max_ColorMA EURGBP,M15: removed
2	20:39:08.481	Custom indicator Max_Pivot EURGBP,M15: removed
2	20:39:08.482	Custom indicator Max_Line EURGBP,M15: removed
2	20:39:08.482	Custom indicator 23Signal_Price-v1 EURGBP,M15: removed
2	20:39:08.483	Custom indicator 00-DispTrade_v102 EURGBP,M15: removed
0	20:39:08.645	XM MT4 build 950 stopped
0	20:39:15.134	XM MT4 build 950 started (Trading Point Of Financial Instruments Ltd)
0	20:39:15.134	Windows 10 Home (x64 based PC), IE 14.06, UAC, 8 x Intel Core i7-3770  @ 3.40GHz, RAM: 12480 / 16327 Mb, HDD: 139443 / 228383 Mb, GMT+09:00
0	20:39:15.134	Data Folder: C:\Users\koichi\AppData\Roaming\MetaQuotes\Terminal\010BF99D307F164FBA643D16B4B111BD
2	20:39:15.698	Custom indicator Max_Sign EURJPY,M1: loaded successfully
2	20:39:15.700	Custom indicator Max_ColorMA EURJPY,M1: loaded successfully
2	20:39:15.701	Custom indicator Max_ColorMA EURJPY,M1: loaded successfully
2	20:39:15.703	Custom indicator Max_Pivot EURJPY,M1: loaded successfully
2	20:39:15.708	Custom indicator MAX_MTFMA_ƒ¿ EURJPY,M1: loaded successfully
2	20:39:15.711	Custom indicator Max_Line EURJPY,M1: loaded successfully
2	20:39:15.880	Custom indicator Max_Sign USDJPY,M15: loaded successfully
2	20:39:15.882	Custom indicator Max_ColorMA USDJPY,M15: loaded successfully
2	20:39:15.883	Custom indicator Max_ColorMA USDJPY,M15: loaded successfully
2	20:39:15.884	Custom indicator Max_Pivot USDJPY,M15: loaded successfully
2	20:39:15.890	Custom indicator MAX_MTFMA_ƒ¿ USDJPY,M15: loaded successfully
2	20:39:15.895	Custom indicator Max_Line USDJPY,M15: loaded successfully
2	20:39:15.984	Custom indicator Max_Sign EURUSD,M5: loaded successfully
2	20:39:15.986	Custom indicator Max_ColorMA EURUSD,M5: loaded successfully
2	20:39:15.987	Custom indicator Max_ColorMA EURUSD,M5: loaded successfully
2	20:39:15.988	Custom indicator Max_Pivot EURUSD,M5: loaded successfully
2	20:39:15.994	Custom indicator MAX_MTFMA_ƒ¿ EURUSD,M5: loaded successfully
2	20:39:15.998	Custom indicator Max_Line EURUSD,M5: loaded successfully
2	20:39:16.157	Custom indicator Max_Sign GBPUSD,M1: loaded successfully
2	20:39:16.159	Custom indicator Max_ColorMA GBPUSD,M1: loaded successfully
2	20:39:16.160	Custom indicator Max_ColorMA GBPUSD,M1: loaded successfully
2	20:39:16.161	Custom indicator Max_Pivot GBPUSD,M1: loaded successfully
2	20:39:16.167	Custom indicator MAX_MTFMA_ƒ¿ GBPUSD,M1: loaded successfully
2	20:39:16.170	Custom indicator Max_Line GBPUSD,M1: loaded successfully
2	20:39:16.353	Custom indicator Max_Sign GBPJPY,M15: loaded successfully
2	20:39:16.354	Custom indicator Max_ColorMA GBPJPY,M15: loaded successfully
2	20:39:16.356	Custom indicator Max_ColorMA GBPJPY,M15: loaded successfully
2	20:39:16.357	Custom indicator Max_Pivot GBPJPY,M15: loaded successfully
2	20:39:16.363	Custom indicator MAX_MTFMA_ƒ¿ GBPJPY,M15: loaded successfully
2	20:39:16.367	Custom indicator Max_Line GBPJPY,M15: loaded successfully
2	20:39:16.475	Custom indicator Max_Sign AUDUSD,M15: loaded successfully
2	20:39:16.476	Custom indicator Max_ColorMA AUDUSD,M15: loaded successfully
2	20:39:16.478	Custom indicator Max_ColorMA AUDUSD,M15: loaded successfully
2	20:39:16.479	Custom indicator Max_Pivot AUDUSD,M15: loaded successfully
2	20:39:16.485	Custom indicator MAX_MTFMA_ƒ¿ AUDUSD,M15: loaded successfully
2	20:39:16.488	Custom indicator Max_Line AUDUSD,M15: loaded successfully
2	20:39:16.582	Custom indicator Max_Sign EURGBP,M15: loaded successfully
2	20:39:16.583	Custom indicator Max_ColorMA EURGBP,M15: loaded successfully
2	20:39:16.585	Custom indicator Max_ColorMA EURGBP,M15: loaded successfully
2	20:39:16.586	Custom indicator Max_Pivot EURGBP,M15: loaded successfully
2	20:39:16.590	Custom indicator Max_Line EURGBP,M15: loaded successfully
2	20:39:16.592	Custom indicator 23Signal_Price-v1 EURGBP,M15: loaded successfully
2	20:39:16.596	Custom indicator 00-DispTrade_v102 EURGBP,M15: loaded successfully
0	20:39:17.713	'1025330': login on XM.COM-Real 7 through REAL07 - DC17 (ping: 247.47 ms)
0	20:39:19.552	'1025330': login datacenter on XM.COM-Real 7 through REAL07 - DC17 (ping: 247.47 ms)
0	20:39:19.833	'1025330': previous successful authorization performed from 119.242.37.68
2	20:39:49.619	Custom indicator 23Signal_Price-v1 EURUSD,M5: loaded successfully
2	20:40:12.486	Custom indicator Otyame021_Price_Line EURUSD,M5: loaded successfully
2	20:41:50.676	Custom indicator MAX_MTFMA_ƒ¿ EURUSD,M5: removed
