0	22:06:38.521	XM MT4 build 950 started (Trading Point Of Financial Instruments Ltd)
0	22:06:38.521	Windows 10 Home (x64 based PC), IE 14.06, UAC, 8 x Intel Core i7-3770  @ 3.40GHz, RAM: 11068 / 16327 Mb, HDD: 141980 / 228383 Mb, GMT+09:00
0	22:06:38.521	Data Folder: C:\Users\koichi\AppData\Roaming\MetaQuotes\Terminal\010BF99D307F164FBA643D16B4B111BD
2	22:06:42.239	Custom indicator Max_Sign EURJPY,M1: loaded successfully
2	22:06:42.240	Custom indicator Max_ColorMA EURJPY,M1: loaded successfully
2	22:06:42.241	Custom indicator Max_ColorMA EURJPY,M1: loaded successfully
2	22:06:42.243	Custom indicator Max_Pivot EURJPY,M1: loaded successfully
2	22:06:42.248	Custom indicator MAX_MTFMA_ƒ¿ EURJPY,M1: loaded successfully
2	22:06:42.252	Custom indicator Max_Line EURJPY,M1: loaded successfully
2	22:06:42.445	Custom indicator Max_Sign USDJPY,M15: loaded successfully
2	22:06:42.446	Custom indicator Max_ColorMA USDJPY,M15: loaded successfully
2	22:06:42.448	Custom indicator Max_ColorMA USDJPY,M15: loaded successfully
2	22:06:42.449	Custom indicator Max_Pivot USDJPY,M15: loaded successfully
2	22:06:42.454	Custom indicator MAX_MTFMA_ƒ¿ USDJPY,M15: loaded successfully
2	22:06:42.458	Custom indicator Max_Line USDJPY,M15: loaded successfully
2	22:06:42.566	Custom indicator Max_Sign EURUSD,M5: loaded successfully
2	22:06:42.568	Custom indicator Max_ColorMA EURUSD,M5: loaded successfully
2	22:06:42.569	Custom indicator Max_ColorMA EURUSD,M5: loaded successfully
2	22:06:42.570	Custom indicator Max_Pivot EURUSD,M5: loaded successfully
2	22:06:42.576	Custom indicator MAX_MTFMA_ƒ¿ EURUSD,M5: loaded successfully
2	22:06:42.580	Custom indicator Max_Line EURUSD,M5: loaded successfully
2	22:06:42.581	Custom indicator 23Signal_Price-v1 EURUSD,M5: loaded successfully
2	22:06:42.586	Custom indicator Otyame021_Price_Line EURUSD,M5: loaded successfully
2	22:06:43.061	Custom indicator Max_Sign GBPUSD,M1: loaded successfully
2	22:06:43.062	Custom indicator Max_ColorMA GBPUSD,M1: loaded successfully
2	22:06:43.064	Custom indicator Max_ColorMA GBPUSD,M1: loaded successfully
2	22:06:43.065	Custom indicator Max_Pivot GBPUSD,M1: loaded successfully
2	22:06:43.070	Custom indicator MAX_MTFMA_ƒ¿ GBPUSD,M1: loaded successfully
2	22:06:43.074	Custom indicator Max_Line GBPUSD,M1: loaded successfully
2	22:06:43.266	Custom indicator Max_Sign GBPJPY,M15: loaded successfully
2	22:06:43.267	Custom indicator Max_ColorMA GBPJPY,M15: loaded successfully
2	22:06:43.269	Custom indicator Max_ColorMA GBPJPY,M15: loaded successfully
2	22:06:43.270	Custom indicator Max_Pivot GBPJPY,M15: loaded successfully
2	22:06:43.276	Custom indicator MAX_MTFMA_ƒ¿ GBPJPY,M15: loaded successfully
2	22:06:43.279	Custom indicator Max_Line GBPJPY,M15: loaded successfully
2	22:06:43.386	Custom indicator Max_Sign AUDUSD,M15: loaded successfully
2	22:06:43.387	Custom indicator Max_ColorMA AUDUSD,M15: loaded successfully
2	22:06:43.389	Custom indicator Max_ColorMA AUDUSD,M15: loaded successfully
2	22:06:43.390	Custom indicator Max_Pivot AUDUSD,M15: loaded successfully
2	22:06:43.395	Custom indicator MAX_MTFMA_ƒ¿ AUDUSD,M15: loaded successfully
2	22:06:43.399	Custom indicator Max_Line AUDUSD,M15: loaded successfully
2	22:06:43.510	Custom indicator Max_Sign EURGBP,M15: loaded successfully
2	22:06:43.512	Custom indicator Max_ColorMA EURGBP,M15: loaded successfully
2	22:06:43.513	Custom indicator Max_ColorMA EURGBP,M15: loaded successfully
2	22:06:43.514	Custom indicator Max_Pivot EURGBP,M15: loaded successfully
2	22:06:43.518	Custom indicator Max_Line EURGBP,M15: loaded successfully
2	22:06:43.520	Custom indicator 23Signal_Price-v1 EURGBP,M15: loaded successfully
2	22:06:43.524	Custom indicator 00-DispTrade_v102 EURGBP,M15: loaded successfully
0	22:06:44.730	'1025330': login on XM.COM-Real 7 through REAL07 - DC17 (ping: 247.47 ms)
0	22:06:47.270	'1025330': login datacenter on XM.COM-Real 7 through REAL07 - DC17 (ping: 247.47 ms)
0	22:06:47.538	'1025330': previous successful authorization performed from 119.242.37.68
0	22:07:09.835	'1025330': auto connecting to a better access point REAL07 - DC02 (ping is 223.02 ms)
0	22:07:10.578	'1025330': login on XM.COM-Real 7 through REAL07 - DC02 (ping: 223.02 ms)
0	22:07:12.351	'1025330': previous successful authorization performed from 119.242.37.68
