0	00:08:39.844	XM MT4 build 950 started (Trading Point Of Financial Instruments Ltd)
0	00:08:39.844	Windows 10 Home (x64 based PC), IE 13.12, UAC, 8 x Intel Core i7-3770  @ 3.40GHz, RAM: 12924 / 16327 Mb, HDD: 142697 / 228383 Mb, GMT+09:00
0	00:08:39.844	Data Folder: C:\Users\koichi\AppData\Roaming\MetaQuotes\Terminal\010BF99D307F164FBA643D16B4B111BD
2	00:08:40.627	Custom indicator Max_Sign EURJPY,M1: loaded successfully
2	00:08:40.628	Custom indicator Max_ColorMA EURJPY,M1: loaded successfully
2	00:08:40.630	Custom indicator Max_ColorMA EURJPY,M1: loaded successfully
2	00:08:40.631	Custom indicator Max_Pivot EURJPY,M1: loaded successfully
2	00:08:40.638	Custom indicator MAX_MTFMA_ƒ¿ EURJPY,M1: loaded successfully
2	00:08:40.642	Custom indicator Max_Line EURJPY,M1: loaded successfully
2	00:08:40.815	Custom indicator Max_Sign USDJPY,M15: loaded successfully
2	00:08:40.817	Custom indicator Max_ColorMA USDJPY,M15: loaded successfully
2	00:08:40.818	Custom indicator Max_ColorMA USDJPY,M15: loaded successfully
2	00:08:40.819	Custom indicator Max_Pivot USDJPY,M15: loaded successfully
2	00:08:40.823	Custom indicator Max_Line USDJPY,M15: loaded successfully
2	00:08:40.825	Custom indicator 23Signal_Price-v1 USDJPY,M15: loaded successfully
2	00:08:40.979	Custom indicator Max_Sign EURUSD,M5: loaded successfully
2	00:08:40.980	Custom indicator Max_ColorMA EURUSD,M5: loaded successfully
2	00:08:40.982	Custom indicator Max_ColorMA EURUSD,M5: loaded successfully
2	00:08:40.983	Custom indicator Max_Pivot EURUSD,M5: loaded successfully
2	00:08:40.990	Custom indicator MAX_MTFMA_ƒ¿ EURUSD,M5: loaded successfully
2	00:08:40.995	Custom indicator Max_Line EURUSD,M5: loaded successfully
2	00:08:41.185	Custom indicator Max_Sign GBPUSD,M15: loaded successfully
2	00:08:41.187	Custom indicator Max_ColorMA GBPUSD,M15: loaded successfully
2	00:08:41.188	Custom indicator Max_ColorMA GBPUSD,M15: loaded successfully
2	00:08:41.189	Custom indicator Max_Pivot GBPUSD,M15: loaded successfully
2	00:08:41.193	Custom indicator Max_Line GBPUSD,M15: loaded successfully
2	00:08:41.195	Custom indicator 23Signal_Price-v1 GBPUSD,M15: loaded successfully
2	00:08:41.345	Custom indicator Max_Sign GBPJPY,M15: loaded successfully
2	00:08:41.346	Custom indicator Max_ColorMA GBPJPY,M15: loaded successfully
2	00:08:41.347	Custom indicator Max_ColorMA GBPJPY,M15: loaded successfully
2	00:08:41.349	Custom indicator Max_Pivot GBPJPY,M15: loaded successfully
2	00:08:41.353	Custom indicator Max_Line GBPJPY,M15: loaded successfully
2	00:08:41.354	Custom indicator 23Signal_Price-v1 GBPJPY,M15: loaded successfully
2	00:08:41.506	Custom indicator Max_Sign AUDUSD,M15: loaded successfully
2	00:08:41.507	Custom indicator Max_ColorMA AUDUSD,M15: loaded successfully
2	00:08:41.508	Custom indicator Max_ColorMA AUDUSD,M15: loaded successfully
2	00:08:41.510	Custom indicator Max_Pivot AUDUSD,M15: loaded successfully
2	00:08:41.515	Custom indicator Max_Line AUDUSD,M15: loaded successfully
2	00:08:41.516	Custom indicator 23Signal_Price-v1 AUDUSD,M15: loaded successfully
2	00:08:41.670	Custom indicator Max_Sign EURGBP,M15: loaded successfully
2	00:08:41.671	Custom indicator Max_ColorMA EURGBP,M15: loaded successfully
2	00:08:41.672	Custom indicator Max_ColorMA EURGBP,M15: loaded successfully
2	00:08:41.674	Custom indicator Max_Pivot EURGBP,M15: loaded successfully
2	00:08:41.678	Custom indicator Max_Line EURGBP,M15: loaded successfully
2	00:08:41.679	Custom indicator 23Signal_Price-v1 EURGBP,M15: loaded successfully
2	00:08:41.684	Custom indicator 00-DispTrade_v102 EURGBP,M15: loaded successfully
0	00:08:43.077	'1025330': login on XM.COM-Real 7 through REAL07 - DC05 (ping: 259.43 ms)
0	00:08:45.164	'1025330': login datacenter on XM.COM-Real 7 through REAL07 - DC05 (ping: 259.43 ms)
0	00:08:45.523	'1025330': previous successful authorization performed from 119.242.37.68
0	00:09:08.420	'1025330': auto connecting to a better access point REAL07 - DC13 (ping is 249.99 ms)
0	00:09:09.154	'1025330': login on XM.COM-Real 7 through REAL07 - DC13 (ping: 249.99 ms)
0	00:09:10.713	'1025330': login datacenter on XM.COM-Real 7 through REAL07 - DC13 (ping: 249.99 ms)
0	00:09:11.020	'1025330': previous successful authorization performed from 119.242.37.68
2	00:44:14.948	Custom indicator Max_Sign GBPUSD,M1: removed
2	00:44:14.948	Custom indicator Max_ColorMA GBPUSD,M1: removed
2	00:44:14.948	Custom indicator Max_ColorMA GBPUSD,M1: removed
2	00:44:14.948	Custom indicator Max_Pivot GBPUSD,M1: removed
2	00:44:14.948	Custom indicator Max_Line GBPUSD,M1: removed
2	00:44:14.948	Custom indicator 23Signal_Price-v1 GBPUSD,M1: removed
2	00:44:14.948	Custom indicator Max_Sign GBPUSD,M1: loaded successfully
2	00:44:14.948	Custom indicator Max_ColorMA GBPUSD,M1: loaded successfully
2	00:44:14.948	Custom indicator Max_ColorMA GBPUSD,M1: loaded successfully
2	00:44:14.948	Custom indicator Max_Pivot GBPUSD,M1: loaded successfully
2	00:44:14.963	Custom indicator MAX_MTFMA_ƒ¿ GBPUSD,M1: loaded successfully
2	00:44:14.963	Custom indicator Max_Line GBPUSD,M1: loaded successfully
0	00:45:27.716	System to be shutdown, request for close XM MT4
0	00:45:27.935	XM MT4 build 950 stopped because system shutdown
0	14:59:39.755	XM MT4 build 950 started (Trading Point Of Financial Instruments Ltd)
0	14:59:39.755	Windows 10 Home (x64 based PC), IE 13.12, UAC, 8 x Intel Core i7-3770  @ 3.40GHz, RAM: 10262 / 16327 Mb, HDD: 142577 / 228383 Mb, GMT+09:00
0	14:59:39.755	Data Folder: C:\Users\koichi\AppData\Roaming\MetaQuotes\Terminal\010BF99D307F164FBA643D16B4B111BD
2	14:59:40.485	Custom indicator Max_Sign EURJPY,M1: loaded successfully
2	14:59:40.486	Custom indicator Max_ColorMA EURJPY,M1: loaded successfully
2	14:59:40.487	Custom indicator Max_ColorMA EURJPY,M1: loaded successfully
2	14:59:40.489	Custom indicator Max_Pivot EURJPY,M1: loaded successfully
2	14:59:40.494	Custom indicator MAX_MTFMA_ƒ¿ EURJPY,M1: loaded successfully
2	14:59:40.498	Custom indicator Max_Line EURJPY,M1: loaded successfully
2	14:59:40.658	Custom indicator Max_Sign USDJPY,M15: loaded successfully
2	14:59:40.660	Custom indicator Max_ColorMA USDJPY,M15: loaded successfully
2	14:59:40.661	Custom indicator Max_ColorMA USDJPY,M15: loaded successfully
2	14:59:40.662	Custom indicator Max_Pivot USDJPY,M15: loaded successfully
2	14:59:40.666	Custom indicator Max_Line USDJPY,M15: loaded successfully
2	14:59:40.668	Custom indicator 23Signal_Price-v1 USDJPY,M15: loaded successfully
2	14:59:40.816	Custom indicator Max_Sign EURUSD,M5: loaded successfully
2	14:59:40.818	Custom indicator Max_ColorMA EURUSD,M5: loaded successfully
2	14:59:40.819	Custom indicator Max_ColorMA EURUSD,M5: loaded successfully
2	14:59:40.820	Custom indicator Max_Pivot EURUSD,M5: loaded successfully
2	14:59:40.826	Custom indicator MAX_MTFMA_ƒ¿ EURUSD,M5: loaded successfully
2	14:59:40.829	Custom indicator Max_Line EURUSD,M5: loaded successfully
2	14:59:41.002	Custom indicator Max_Sign GBPUSD,M1: loaded successfully
2	14:59:41.003	Custom indicator Max_ColorMA GBPUSD,M1: loaded successfully
2	14:59:41.005	Custom indicator Max_ColorMA GBPUSD,M1: loaded successfully
2	14:59:41.006	Custom indicator Max_Pivot GBPUSD,M1: loaded successfully
2	14:59:41.011	Custom indicator MAX_MTFMA_ƒ¿ GBPUSD,M1: loaded successfully
2	14:59:41.015	Custom indicator Max_Line GBPUSD,M1: loaded successfully
2	14:59:41.179	Custom indicator Max_Sign GBPJPY,M15: loaded successfully
2	14:59:41.180	Custom indicator Max_ColorMA GBPJPY,M15: loaded successfully
2	14:59:41.181	Custom indicator Max_ColorMA GBPJPY,M15: loaded successfully
2	14:59:41.183	Custom indicator Max_Pivot GBPJPY,M15: loaded successfully
2	14:59:41.187	Custom indicator Max_Line GBPJPY,M15: loaded successfully
2	14:59:41.188	Custom indicator 23Signal_Price-v1 GBPJPY,M15: loaded successfully
2	14:59:41.333	Custom indicator Max_Sign AUDUSD,M15: loaded successfully
2	14:59:41.334	Custom indicator Max_ColorMA AUDUSD,M15: loaded successfully
2	14:59:41.336	Custom indicator Max_ColorMA AUDUSD,M15: loaded successfully
2	14:59:41.337	Custom indicator Max_Pivot AUDUSD,M15: loaded successfully
2	14:59:41.341	Custom indicator Max_Line AUDUSD,M15: loaded successfully
2	14:59:41.342	Custom indicator 23Signal_Price-v1 AUDUSD,M15: loaded successfully
2	14:59:41.489	Custom indicator Max_Sign EURGBP,M15: loaded successfully
2	14:59:41.490	Custom indicator Max_ColorMA EURGBP,M15: loaded successfully
2	14:59:41.492	Custom indicator Max_ColorMA EURGBP,M15: loaded successfully
2	14:59:41.493	Custom indicator Max_Pivot EURGBP,M15: loaded successfully
2	14:59:41.497	Custom indicator Max_Line EURGBP,M15: loaded successfully
2	14:59:41.498	Custom indicator 23Signal_Price-v1 EURGBP,M15: loaded successfully
2	14:59:41.502	Custom indicator 00-DispTrade_v102 EURGBP,M15: loaded successfully
0	14:59:42.756	'1025330': login on XM.COM-Real 7 through REAL07 - DC13 (ping: 249.99 ms)
0	14:59:44.655	'1025330': login datacenter on XM.COM-Real 7 through REAL07 - DC13 (ping: 249.99 ms)
0	14:59:44.967	'1025330': previous successful authorization performed from 119.242.37.68
0	15:00:07.374	'1025330': auto connecting to a better access point REAL07 - DC07 (ping is 262.38 ms)
0	15:00:08.125	'1025330': login on XM.COM-Real 7 through REAL07 - DC07 (ping: 262.38 ms)
0	15:00:10.166	'1025330': login datacenter on XM.COM-Real 7 through REAL07 - DC07 (ping: 262.38 ms)
0	15:00:10.791	'1025330': previous successful authorization performed from 119.242.37.68
2	15:00:43.349	Custom indicator Max_Sign USDJPY,M15: removed
2	15:00:43.349	Custom indicator Max_ColorMA USDJPY,M15: removed
2	15:00:43.349	Custom indicator Max_ColorMA USDJPY,M15: removed
2	15:00:43.349	Custom indicator Max_Pivot USDJPY,M15: removed
2	15:00:43.350	Custom indicator Max_Line USDJPY,M15: removed
2	15:00:43.350	Custom indicator 23Signal_Price-v1 USDJPY,M15: removed
2	15:00:43.353	Custom indicator Max_Sign USDJPY,M15: loaded successfully
2	15:00:43.354	Custom indicator Max_ColorMA USDJPY,M15: loaded successfully
2	15:00:43.356	Custom indicator Max_ColorMA USDJPY,M15: loaded successfully
2	15:00:43.357	Custom indicator Max_Pivot USDJPY,M15: loaded successfully
2	15:00:43.363	Custom indicator MAX_MTFMA_ƒ¿ USDJPY,M15: loaded successfully
2	15:00:43.367	Custom indicator Max_Line USDJPY,M15: loaded successfully
2	15:01:09.022	Custom indicator Max_Sign EURUSD,M5: removed
2	15:01:09.022	Custom indicator Max_ColorMA EURUSD,M5: removed
2	15:01:09.023	Custom indicator Max_ColorMA EURUSD,M5: removed
2	15:01:09.023	Custom indicator Max_Pivot EURUSD,M5: removed
2	15:01:09.023	Custom indicator MAX_MTFMA_ƒ¿ EURUSD,M5: removed
2	15:01:09.024	Custom indicator Max_Line EURUSD,M5: removed
2	15:01:09.026	Custom indicator Max_Sign EURUSD,M5: loaded successfully
2	15:01:09.027	Custom indicator Max_ColorMA EURUSD,M5: loaded successfully
2	15:01:09.028	Custom indicator Max_ColorMA EURUSD,M5: loaded successfully
2	15:01:09.029	Custom indicator Max_Pivot EURUSD,M5: loaded successfully
2	15:01:09.036	Custom indicator MAX_MTFMA_ƒ¿ EURUSD,M5: loaded successfully
2	15:01:09.039	Custom indicator Max_Line EURUSD,M5: loaded successfully
2	15:02:47.497	Custom indicator Max_Sign GBPUSD,M1: removed
2	15:02:47.497	Custom indicator Max_ColorMA GBPUSD,M1: removed
2	15:02:47.497	Custom indicator Max_ColorMA GBPUSD,M1: removed
2	15:02:47.497	Custom indicator Max_Pivot GBPUSD,M1: removed
2	15:02:47.498	Custom indicator MAX_MTFMA_ƒ¿ GBPUSD,M1: removed
2	15:02:47.498	Custom indicator Max_Line GBPUSD,M1: removed
2	15:02:47.500	Custom indicator Max_Sign GBPUSD,M1: loaded successfully
2	15:02:47.502	Custom indicator Max_ColorMA GBPUSD,M1: loaded successfully
2	15:02:47.504	Custom indicator Max_ColorMA GBPUSD,M1: loaded successfully
2	15:02:47.505	Custom indicator Max_Pivot GBPUSD,M1: loaded successfully
2	15:02:47.512	Custom indicator MAX_MTFMA_ƒ¿ GBPUSD,M1: loaded successfully
2	15:02:47.517	Custom indicator Max_Line GBPUSD,M1: loaded successfully
2	15:03:37.135	Custom indicator Max_Sign GBPJPY,M15: removed
2	15:03:37.135	Custom indicator Max_ColorMA GBPJPY,M15: removed
2	15:03:37.135	Custom indicator Max_ColorMA GBPJPY,M15: removed
2	15:03:37.135	Custom indicator Max_Pivot GBPJPY,M15: removed
2	15:03:37.136	Custom indicator Max_Line GBPJPY,M15: removed
2	15:03:37.136	Custom indicator 23Signal_Price-v1 GBPJPY,M15: removed
2	15:03:37.138	Custom indicator Max_Sign GBPJPY,M15: loaded successfully
2	15:03:37.140	Custom indicator Max_ColorMA GBPJPY,M15: loaded successfully
2	15:03:37.141	Custom indicator Max_ColorMA GBPJPY,M15: loaded successfully
2	15:03:37.142	Custom indicator Max_Pivot GBPJPY,M15: loaded successfully
2	15:03:37.149	Custom indicator MAX_MTFMA_ƒ¿ GBPJPY,M15: loaded successfully
2	15:03:37.152	Custom indicator Max_Line GBPJPY,M15: loaded successfully
2	15:04:19.577	Custom indicator Max_Sign AUDUSD,M15: removed
2	15:04:19.577	Custom indicator Max_ColorMA AUDUSD,M15: removed
2	15:04:19.577	Custom indicator Max_ColorMA AUDUSD,M15: removed
2	15:04:19.577	Custom indicator Max_Pivot AUDUSD,M15: removed
2	15:04:19.578	Custom indicator Max_Line AUDUSD,M15: removed
2	15:04:19.578	Custom indicator 23Signal_Price-v1 AUDUSD,M15: removed
2	15:04:19.580	Custom indicator Max_Sign AUDUSD,M15: loaded successfully
2	15:04:19.583	Custom indicator Max_ColorMA AUDUSD,M15: loaded successfully
2	15:04:19.584	Custom indicator Max_ColorMA AUDUSD,M15: loaded successfully
2	15:04:19.586	Custom indicator Max_Pivot AUDUSD,M15: loaded successfully
2	15:04:19.592	Custom indicator MAX_MTFMA_ƒ¿ AUDUSD,M15: loaded successfully
2	15:04:19.597	Custom indicator Max_Line AUDUSD,M15: loaded successfully
0	16:42:41.760	System to be shutdown, request for close XM MT4
0	16:42:42.014	XM MT4 build 950 stopped because system shutdown
0	21:19:39.843	XM MT4 build 950 started (Trading Point Of Financial Instruments Ltd)
0	21:19:39.843	Windows 10 Home (x64 based PC), IE 13.12, UAC, 8 x Intel Core i7-3770  @ 3.40GHz, RAM: 12584 / 16327 Mb, HDD: 142525 / 228383 Mb, GMT+09:00
0	21:19:39.843	Data Folder: C:\Users\koichi\AppData\Roaming\MetaQuotes\Terminal\010BF99D307F164FBA643D16B4B111BD
2	21:19:40.491	Custom indicator Max_Sign EURJPY,M1: loaded successfully
2	21:19:40.491	Custom indicator Max_ColorMA EURJPY,M1: loaded successfully
2	21:19:40.491	Custom indicator Max_ColorMA EURJPY,M1: loaded successfully
2	21:19:40.491	Custom indicator Max_Pivot EURJPY,M1: loaded successfully
2	21:19:40.491	Custom indicator MAX_MTFMA_ƒ¿ EURJPY,M1: loaded successfully
2	21:19:40.507	Custom indicator Max_Line EURJPY,M1: loaded successfully
2	21:19:40.663	Custom indicator Max_Sign USDJPY,M15: loaded successfully
2	21:19:40.663	Custom indicator Max_ColorMA USDJPY,M15: loaded successfully
2	21:19:40.663	Custom indicator Max_ColorMA USDJPY,M15: loaded successfully
2	21:19:40.663	Custom indicator Max_Pivot USDJPY,M15: loaded successfully
2	21:19:40.663	Custom indicator MAX_MTFMA_ƒ¿ USDJPY,M15: loaded successfully
2	21:19:40.679	Custom indicator Max_Line USDJPY,M15: loaded successfully
2	21:19:40.772	Custom indicator Max_Sign EURUSD,M5: loaded successfully
2	21:19:40.772	Custom indicator Max_ColorMA EURUSD,M5: loaded successfully
2	21:19:40.772	Custom indicator Max_ColorMA EURUSD,M5: loaded successfully
2	21:19:40.772	Custom indicator Max_Pivot EURUSD,M5: loaded successfully
2	21:19:40.788	Custom indicator MAX_MTFMA_ƒ¿ EURUSD,M5: loaded successfully
2	21:19:40.788	Custom indicator Max_Line EURUSD,M5: loaded successfully
2	21:19:40.975	Custom indicator Max_Sign GBPUSD,M1: loaded successfully
2	21:19:40.975	Custom indicator Max_ColorMA GBPUSD,M1: loaded successfully
2	21:19:40.975	Custom indicator Max_ColorMA GBPUSD,M1: loaded successfully
2	21:19:40.975	Custom indicator Max_Pivot GBPUSD,M1: loaded successfully
2	21:19:40.975	Custom indicator MAX_MTFMA_ƒ¿ GBPUSD,M1: loaded successfully
2	21:19:40.975	Custom indicator Max_Line GBPUSD,M1: loaded successfully
2	21:19:41.147	Custom indicator Max_Sign GBPJPY,M15: loaded successfully
2	21:19:41.163	Custom indicator Max_ColorMA GBPJPY,M15: loaded successfully
2	21:19:41.163	Custom indicator Max_ColorMA GBPJPY,M15: loaded successfully
2	21:19:41.163	Custom indicator Max_Pivot GBPJPY,M15: loaded successfully
2	21:19:41.163	Custom indicator MAX_MTFMA_ƒ¿ GBPJPY,M15: loaded successfully
2	21:19:41.163	Custom indicator Max_Line GBPJPY,M15: loaded successfully
2	21:19:41.272	Custom indicator Max_Sign AUDUSD,M15: loaded successfully
2	21:19:41.272	Custom indicator Max_ColorMA AUDUSD,M15: loaded successfully
2	21:19:41.272	Custom indicator Max_ColorMA AUDUSD,M15: loaded successfully
2	21:19:41.272	Custom indicator Max_Pivot AUDUSD,M15: loaded successfully
2	21:19:41.272	Custom indicator MAX_MTFMA_ƒ¿ AUDUSD,M15: loaded successfully
2	21:19:41.272	Custom indicator Max_Line AUDUSD,M15: loaded successfully
2	21:19:41.397	Custom indicator Max_Sign EURGBP,M15: loaded successfully
2	21:19:41.397	Custom indicator Max_ColorMA EURGBP,M15: loaded successfully
2	21:19:41.397	Custom indicator Max_ColorMA EURGBP,M15: loaded successfully
2	21:19:41.397	Custom indicator Max_Pivot EURGBP,M15: loaded successfully
2	21:19:41.413	Custom indicator Max_Line EURGBP,M15: loaded successfully
2	21:19:41.413	Custom indicator 23Signal_Price-v1 EURGBP,M15: loaded successfully
2	21:19:41.413	Custom indicator 00-DispTrade_v102 EURGBP,M15: loaded successfully
0	21:19:42.637	'1025330': login on XM.COM-Real 7 through REAL07 - DC07 (ping: 262.38 ms)
0	21:19:45.008	'1025330': login datacenter on XM.COM-Real 7 through REAL07 - DC07 (ping: 262.38 ms)
0	21:19:45.596	'1025330': previous successful authorization performed from 119.242.37.68
0	21:20:07.372	'1025330': auto connecting to a better access point REAL07 - DC09 (ping is 263.73 ms)
0	21:20:08.164	'1025330': login on XM.COM-Real 7 through REAL07 - DC09 (ping: 263.73 ms)
0	21:20:10.190	'1025330': login datacenter on XM.COM-Real 7 through REAL07 - DC09 (ping: 263.73 ms)
0	21:20:10.748	'1025330': previous successful authorization performed from 119.242.37.68
0	23:41:13.987	System to be shutdown, request for close XM MT4
0	23:41:14.175	XM MT4 build 950 stopped because system shutdown
