0	18:33:56.887	XM MT4 build 950 started (Trading Point Of Financial Instruments Ltd)
0	18:33:56.887	Windows 10 Home (x64 based PC), IE 14.06, UAC, 8 x Intel Core i7-3770  @ 3.40GHz, RAM: 12916 / 16327 Mb, HDD: 139966 / 228383 Mb, GMT+09:00
0	18:33:56.887	Data Folder: C:\Users\koichi\AppData\Roaming\MetaQuotes\Terminal\010BF99D307F164FBA643D16B4B111BD
2	18:34:00.533	Custom indicator Max_Sign EURJPY,M1: loaded successfully
2	18:34:00.533	Custom indicator Max_ColorMA EURJPY,M1: loaded successfully
2	18:34:00.533	Custom indicator Max_ColorMA EURJPY,M1: loaded successfully
2	18:34:00.533	Custom indicator Max_Pivot EURJPY,M1: loaded successfully
2	18:34:00.533	Custom indicator MAX_MTFMA_ƒ¿ EURJPY,M1: loaded successfully
2	18:34:00.549	Custom indicator Max_Line EURJPY,M1: loaded successfully
2	18:34:00.749	Custom indicator Max_Sign USDJPY,M15: loaded successfully
2	18:34:00.749	Custom indicator Max_ColorMA USDJPY,M15: loaded successfully
2	18:34:00.749	Custom indicator Max_ColorMA USDJPY,M15: loaded successfully
2	18:34:00.764	Custom indicator Max_Pivot USDJPY,M15: loaded successfully
2	18:34:00.764	Custom indicator MAX_MTFMA_ƒ¿ USDJPY,M15: loaded successfully
2	18:34:00.764	Custom indicator Max_Line USDJPY,M15: loaded successfully
2	18:34:00.879	Custom indicator Max_Sign EURUSD,M5: loaded successfully
2	18:34:00.879	Custom indicator Max_ColorMA EURUSD,M5: loaded successfully
2	18:34:00.879	Custom indicator Max_ColorMA EURUSD,M5: loaded successfully
2	18:34:00.879	Custom indicator Max_Pivot EURUSD,M5: loaded successfully
2	18:34:00.879	Custom indicator MAX_MTFMA_ƒ¿ EURUSD,M5: loaded successfully
2	18:34:00.895	Custom indicator Max_Line EURUSD,M5: loaded successfully
2	18:34:00.895	Custom indicator 23Signal_Price-v1 EURUSD,M5: loaded successfully
2	18:34:00.895	Custom indicator Otyame021_Price_Line EURUSD,M5: loaded successfully
2	18:34:01.381	Custom indicator Max_Sign GBPUSD,M1: loaded successfully
2	18:34:01.383	Custom indicator Max_ColorMA GBPUSD,M1: loaded successfully
2	18:34:01.384	Custom indicator Max_ColorMA GBPUSD,M1: loaded successfully
2	18:34:01.385	Custom indicator Max_Pivot GBPUSD,M1: loaded successfully
2	18:34:01.391	Custom indicator MAX_MTFMA_ƒ¿ GBPUSD,M1: loaded successfully
2	18:34:01.395	Custom indicator Max_Line GBPUSD,M1: loaded successfully
2	18:34:01.609	Custom indicator Max_Sign GBPJPY,M15: loaded successfully
2	18:34:01.611	Custom indicator Max_ColorMA GBPJPY,M15: loaded successfully
2	18:34:01.612	Custom indicator Max_ColorMA GBPJPY,M15: loaded successfully
2	18:34:01.613	Custom indicator Max_Pivot GBPJPY,M15: loaded successfully
2	18:34:01.618	Custom indicator MAX_MTFMA_ƒ¿ GBPJPY,M15: loaded successfully
2	18:34:01.622	Custom indicator Max_Line GBPJPY,M15: loaded successfully
2	18:34:01.728	Custom indicator Max_Sign AUDUSD,M15: loaded successfully
2	18:34:01.730	Custom indicator Max_ColorMA AUDUSD,M15: loaded successfully
2	18:34:01.731	Custom indicator Max_ColorMA AUDUSD,M15: loaded successfully
2	18:34:01.732	Custom indicator Max_Pivot AUDUSD,M15: loaded successfully
2	18:34:01.734	Custom indicator MAX_MTFMA_ƒ¿ AUDUSD,M15: loaded successfully
2	18:34:01.734	Custom indicator Max_Line AUDUSD,M15: loaded successfully
2	18:34:01.843	Custom indicator Max_Sign EURGBP,M15: loaded successfully
2	18:34:01.843	Custom indicator Max_ColorMA EURGBP,M15: loaded successfully
2	18:34:01.859	Custom indicator Max_ColorMA EURGBP,M15: loaded successfully
2	18:34:01.859	Custom indicator Max_Pivot EURGBP,M15: loaded successfully
2	18:34:01.859	Custom indicator Max_Line EURGBP,M15: loaded successfully
2	18:34:01.859	Custom indicator 23Signal_Price-v1 EURGBP,M15: loaded successfully
2	18:34:01.859	Custom indicator 00-DispTrade_v102 EURGBP,M15: loaded successfully
0	18:34:03.116	'1025330': login on XM.COM-Real 7 through REAL07 - DC02 (ping: 223.02 ms)
0	18:34:05.713	'1025330': previous successful authorization performed from 61.119.116.154
0	18:34:33.017	'1025330': auto connecting to a better access point REAL07 - DC01 (ping is 221.89 ms)
0	18:34:33.733	'1025330': login on XM.COM-Real 7 through REAL07 - DC01 (ping: 221.89 ms)
0	18:34:35.539	'1025330': login datacenter on XM.COM-Real 7 through REAL07 - DC01 (ping: 221.89 ms)
0	18:34:36.055	'1025330': previous successful authorization performed from 119.242.37.68
