0	17:10:26.614	XM MT4 build 950 started (Trading Point Of Financial Instruments Ltd)
0	17:10:26.614	Windows 10 Home (x64 based PC), IE 13.23, UAC, 8 x Intel Core i7-3770  @ 3.40GHz, RAM: 12309 / 16327 Mb, HDD: 121511 / 228383 Mb, GMT+09:00
0	17:10:26.614	Data Folder: C:\Users\koichi\AppData\Roaming\MetaQuotes\Terminal\010BF99D307F164FBA643D16B4B111BD
2	17:10:27.630	Custom indicator Max_Sign EURJPY,M1: loaded successfully
2	17:10:27.630	Custom indicator Max_ColorMA EURJPY,M1: loaded successfully
2	17:10:27.630	Custom indicator Max_ColorMA EURJPY,M1: loaded successfully
2	17:10:27.630	Custom indicator Max_Pivot EURJPY,M1: loaded successfully
2	17:10:27.630	Custom indicator MAX_MTFMA_ƒ¿ EURJPY,M1: loaded successfully
2	17:10:27.645	Custom indicator Max_Line EURJPY,M1: loaded successfully
2	17:10:27.895	Custom indicator Max_Sign USDJPY,M15: loaded successfully
2	17:10:27.895	Custom indicator Max_ColorMA USDJPY,M15: loaded successfully
2	17:10:27.895	Custom indicator Max_ColorMA USDJPY,M15: loaded successfully
2	17:10:27.895	Custom indicator Max_Pivot USDJPY,M15: loaded successfully
2	17:10:27.911	Custom indicator MAX_MTFMA_ƒ¿ USDJPY,M15: loaded successfully
2	17:10:27.911	Custom indicator Max_Line USDJPY,M15: loaded successfully
2	17:10:28.020	Custom indicator Max_Sign EURUSD,M5: loaded successfully
2	17:10:28.020	Custom indicator Max_ColorMA EURUSD,M5: loaded successfully
2	17:10:28.036	Custom indicator Max_ColorMA EURUSD,M5: loaded successfully
2	17:10:28.036	Custom indicator Max_Pivot EURUSD,M5: loaded successfully
2	17:10:28.036	Custom indicator MAX_MTFMA_ƒ¿ EURUSD,M5: loaded successfully
2	17:10:28.036	Custom indicator Max_Line EURUSD,M5: loaded successfully
2	17:10:28.036	Custom indicator 23Signal_Price-v1 EURUSD,M5: loaded successfully
2	17:10:28.052	Custom indicator Otyame021_Price_Line EURUSD,M5: loaded successfully
2	17:10:28.520	Custom indicator Max_Sign GBPUSD,M1: loaded successfully
2	17:10:28.520	Custom indicator Max_ColorMA GBPUSD,M1: loaded successfully
2	17:10:28.520	Custom indicator Max_ColorMA GBPUSD,M1: loaded successfully
2	17:10:28.520	Custom indicator Max_Pivot GBPUSD,M1: loaded successfully
2	17:10:28.536	Custom indicator MAX_MTFMA_ƒ¿ GBPUSD,M1: loaded successfully
2	17:10:28.536	Custom indicator Max_Line GBPUSD,M1: loaded successfully
2	17:10:28.770	Custom indicator Max_Sign GBPJPY,M15: loaded successfully
2	17:10:28.770	Custom indicator Max_ColorMA GBPJPY,M15: loaded successfully
2	17:10:28.770	Custom indicator Max_ColorMA GBPJPY,M15: loaded successfully
2	17:10:28.770	Custom indicator Max_Pivot GBPJPY,M15: loaded successfully
2	17:10:28.786	Custom indicator MAX_MTFMA_ƒ¿ GBPJPY,M15: loaded successfully
2	17:10:28.786	Custom indicator Max_Line GBPJPY,M15: loaded successfully
2	17:10:28.895	Custom indicator Max_Sign AUDUSD,M15: loaded successfully
2	17:10:28.895	Custom indicator Max_ColorMA AUDUSD,M15: loaded successfully
2	17:10:28.895	Custom indicator Max_ColorMA AUDUSD,M15: loaded successfully
2	17:10:28.895	Custom indicator Max_Pivot AUDUSD,M15: loaded successfully
2	17:10:28.895	Custom indicator MAX_MTFMA_ƒ¿ AUDUSD,M15: loaded successfully
2	17:10:28.911	Custom indicator Max_Line AUDUSD,M15: loaded successfully
2	17:10:29.020	Custom indicator Max_Sign EURGBP,M15: loaded successfully
2	17:10:29.020	Custom indicator Max_ColorMA EURGBP,M15: loaded successfully
2	17:10:29.036	Custom indicator Max_ColorMA EURGBP,M15: loaded successfully
2	17:10:29.036	Custom indicator Max_Pivot EURGBP,M15: loaded successfully
2	17:10:29.036	Custom indicator Max_Line EURGBP,M15: loaded successfully
2	17:10:29.036	Custom indicator 23Signal_Price-v1 EURGBP,M15: loaded successfully
2	17:10:29.036	Custom indicator 00-DispTrade_v102 EURGBP,M15: loaded successfully
0	17:16:31.650	System to be shutdown, request for close XM MT4
0	17:16:31.697	XM MT4 build 950 stopped because system shutdown
