0	14:57:53.355	XM MT4 build 950 started (Trading Point Of Financial Instruments Ltd)
0	14:57:53.355	Windows 10 Home (x64 based PC), IE 13.23, UAC, 8 x Intel Core i7-3770  @ 3.40GHz, RAM: 12507 / 16327 Mb, HDD: 121480 / 228383 Mb, GMT+09:00
0	14:57:53.355	Data Folder: C:\Users\koichi\AppData\Roaming\MetaQuotes\Terminal\010BF99D307F164FBA643D16B4B111BD
2	14:57:53.991	Custom indicator Max_Sign EURJPY,M1: loaded successfully
2	14:57:53.995	Custom indicator Max_ColorMA EURJPY,M1: loaded successfully
2	14:57:53.995	Custom indicator Max_ColorMA EURJPY,M1: loaded successfully
2	14:57:53.999	Custom indicator Max_Pivot EURJPY,M1: loaded successfully
2	14:57:54.003	Custom indicator MAX_MTFMA_ƒ¿ EURJPY,M1: loaded successfully
2	14:57:54.007	Custom indicator Max_Line EURJPY,M1: loaded successfully
2	14:57:54.251	Custom indicator Max_Sign USDJPY,M15: loaded successfully
2	14:57:54.255	Custom indicator Max_ColorMA USDJPY,M15: loaded successfully
2	14:57:54.255	Custom indicator Max_ColorMA USDJPY,M15: loaded successfully
2	14:57:54.255	Custom indicator Max_Pivot USDJPY,M15: loaded successfully
2	14:57:54.263	Custom indicator MAX_MTFMA_ƒ¿ USDJPY,M15: loaded successfully
2	14:57:54.267	Custom indicator Max_Line USDJPY,M15: loaded successfully
2	14:57:54.367	Custom indicator Max_Sign EURUSD,M5: loaded successfully
2	14:57:54.371	Custom indicator Max_ColorMA EURUSD,M5: loaded successfully
2	14:57:54.371	Custom indicator Max_ColorMA EURUSD,M5: loaded successfully
2	14:57:54.371	Custom indicator Max_Pivot EURUSD,M5: loaded successfully
2	14:57:54.379	Custom indicator MAX_MTFMA_ƒ¿ EURUSD,M5: loaded successfully
2	14:57:54.383	Custom indicator Max_Line EURUSD,M5: loaded successfully
2	14:57:54.383	Custom indicator 23Signal_Price-v1 EURUSD,M5: loaded successfully
2	14:57:54.391	Custom indicator Otyame021_Price_Line EURUSD,M5: loaded successfully
2	14:57:54.907	Custom indicator Max_Sign GBPUSD,M1: loaded successfully
2	14:57:54.907	Custom indicator Max_ColorMA GBPUSD,M1: loaded successfully
2	14:57:54.911	Custom indicator Max_ColorMA GBPUSD,M1: loaded successfully
2	14:57:54.911	Custom indicator Max_Pivot GBPUSD,M1: loaded successfully
2	14:57:54.915	Custom indicator MAX_MTFMA_ƒ¿ GBPUSD,M1: loaded successfully
2	14:57:54.919	Custom indicator Max_Line GBPUSD,M1: loaded successfully
2	14:57:55.159	Custom indicator Max_Sign GBPJPY,M15: loaded successfully
2	14:57:55.159	Custom indicator Max_ColorMA GBPJPY,M15: loaded successfully
2	14:57:55.163	Custom indicator Max_ColorMA GBPJPY,M15: loaded successfully
2	14:57:55.163	Custom indicator Max_Pivot GBPJPY,M15: loaded successfully
2	14:57:55.167	Custom indicator MAX_MTFMA_ƒ¿ GBPJPY,M15: loaded successfully
2	14:57:55.171	Custom indicator Max_Line GBPJPY,M15: loaded successfully
2	14:57:55.275	Custom indicator Max_Sign AUDUSD,M15: loaded successfully
2	14:57:55.279	Custom indicator Max_ColorMA AUDUSD,M15: loaded successfully
2	14:57:55.279	Custom indicator Max_ColorMA AUDUSD,M15: loaded successfully
2	14:57:55.279	Custom indicator Max_Pivot AUDUSD,M15: loaded successfully
2	14:57:55.287	Custom indicator MAX_MTFMA_ƒ¿ AUDUSD,M15: loaded successfully
2	14:57:55.291	Custom indicator Max_Line AUDUSD,M15: loaded successfully
2	14:57:55.395	Custom indicator Max_Sign EURGBP,M15: loaded successfully
2	14:57:55.395	Custom indicator Max_ColorMA EURGBP,M15: loaded successfully
2	14:57:55.399	Custom indicator Max_ColorMA EURGBP,M15: loaded successfully
2	14:57:55.399	Custom indicator Max_Pivot EURGBP,M15: loaded successfully
2	14:57:55.403	Custom indicator Max_Line EURGBP,M15: loaded successfully
2	14:57:55.403	Custom indicator 23Signal_Price-v1 EURGBP,M15: loaded successfully
2	14:57:55.407	Custom indicator 00-DispTrade_v102 EURGBP,M15: loaded successfully
0	15:46:28.252	System to be shutdown, request for close XM MT4
0	15:46:28.308	XM MT4 build 950 stopped because system shutdown
