0	23:57:17.827	XM MT4 build 1031 started (Trading Point Of Financial Instruments Ltd)
0	23:57:17.827	Windows 10 Home (x64 based PC), IE 11.00, UAC, 8 x Intel Core i7-3770  @ 3.40GHz, RAM: 10173 / 16324 Mb, HDD: 88523 / 228050 Mb, GMT+09:00
0	23:57:17.827	Data Folder: C:\Users\koichi\AppData\Roaming\MetaQuotes\Terminal\010BF99D307F164FBA643D16B4B111BD
2	23:57:19.552	Custom indicator Max_Sign EURJPY,M1: loaded successfully
2	23:57:19.554	Custom indicator Max_ColorMA EURJPY,M1: loaded successfully
2	23:57:19.556	Custom indicator Max_ColorMA EURJPY,M1: loaded successfully
2	23:57:19.557	Custom indicator Max_Pivot EURJPY,M1: loaded successfully
2	23:57:19.567	Custom indicator MAX_MTFMA_ƒ¿ EURJPY,M1: loaded successfully
2	23:57:19.576	Custom indicator Max_Line EURJPY,M1: loaded successfully
2	23:57:19.907	Custom indicator Max_Sign USDJPY,M15: loaded successfully
2	23:57:19.909	Custom indicator Max_ColorMA USDJPY,M15: loaded successfully
2	23:57:19.910	Custom indicator Max_ColorMA USDJPY,M15: loaded successfully
2	23:57:19.912	Custom indicator Max_Pivot USDJPY,M15: loaded successfully
2	23:57:19.924	Custom indicator MAX_MTFMA_ƒ¿ USDJPY,M15: loaded successfully
2	23:57:19.932	Custom indicator Max_Line USDJPY,M15: loaded successfully
2	23:57:20.102	Custom indicator Max_Sign EURUSD,M5: loaded successfully
2	23:57:20.104	Custom indicator Max_ColorMA EURUSD,M5: loaded successfully
2	23:57:20.106	Custom indicator Max_ColorMA EURUSD,M5: loaded successfully
2	23:57:20.108	Custom indicator Max_Pivot EURUSD,M5: loaded successfully
2	23:57:20.119	Custom indicator MAX_MTFMA_ƒ¿ EURUSD,M5: loaded successfully
2	23:57:20.127	Custom indicator Max_Line EURUSD,M5: loaded successfully
2	23:57:20.183	Custom indicator 23Signal_Price-v1 EURUSD,M5: loaded successfully
2	23:57:20.517	Custom indicator Max_Sign GBPUSD,M1: loaded successfully
2	23:57:20.518	Custom indicator Max_ColorMA GBPUSD,M1: loaded successfully
2	23:57:20.520	Custom indicator Max_ColorMA GBPUSD,M1: loaded successfully
2	23:57:20.522	Custom indicator Max_Pivot GBPUSD,M1: loaded successfully
2	23:57:20.532	Custom indicator MAX_MTFMA_ƒ¿ GBPUSD,M1: loaded successfully
2	23:57:20.540	Custom indicator Max_Line GBPUSD,M1: loaded successfully
2	23:57:20.931	Custom indicator Max_Sign GBPJPY,M15: loaded successfully
2	23:57:20.932	Custom indicator Max_ColorMA GBPJPY,M15: loaded successfully
2	23:57:20.934	Custom indicator Max_ColorMA GBPJPY,M15: loaded successfully
2	23:57:20.936	Custom indicator Max_Pivot GBPJPY,M15: loaded successfully
2	23:57:20.946	Custom indicator MAX_MTFMA_ƒ¿ GBPJPY,M15: loaded successfully
2	23:57:20.954	Custom indicator Max_Line GBPJPY,M15: loaded successfully
2	23:57:21.126	Custom indicator Max_Sign AUDUSD,M15: loaded successfully
2	23:57:21.128	Custom indicator Max_ColorMA AUDUSD,M15: loaded successfully
2	23:57:21.130	Custom indicator Max_ColorMA AUDUSD,M15: loaded successfully
2	23:57:21.131	Custom indicator Max_Pivot AUDUSD,M15: loaded successfully
2	23:57:21.144	Custom indicator MAX_MTFMA_ƒ¿ AUDUSD,M15: loaded successfully
2	23:57:21.152	Custom indicator Max_Line AUDUSD,M15: loaded successfully
2	23:57:21.330	Custom indicator Max_Sign EURGBP,M15: loaded successfully
2	23:57:21.332	Custom indicator Max_ColorMA EURGBP,M15: loaded successfully
2	23:57:21.334	Custom indicator Max_ColorMA EURGBP,M15: loaded successfully
2	23:57:21.336	Custom indicator Max_Pivot EURGBP,M15: loaded successfully
2	23:57:21.344	Custom indicator Max_Line EURGBP,M15: loaded successfully
2	23:57:21.397	Custom indicator 23Signal_Price-v1 EURGBP,M15: loaded successfully
2	23:57:21.406	Custom indicator 00-DispTrade_v102 EURGBP,M15: loaded successfully
0	23:57:27.462	LiveUpdate: updater - started for 'D:\xm\XM MT4(MAX)'
0	23:57:27.463	LiveUpdate: updater - start admin updater
0	23:57:29.965	LiveUpdate: admin updater - started for 'D:\xm\XM MT4(MAX)'
0	23:57:29.966	LiveUpdate: admin updater - try to close terminal
0	23:57:52.469	LiveUpdate: process 20452 is still working
0	23:57:52.469	LiveUpdate: process 20452 terminated
0	23:57:53.489	LiveUpdate: admin updater - files update started
0	23:57:53.545	LiveUpdate: copied from 'C:\Users\koichi\AppData\Roaming\MetaQuotes\WebInstall\mt4clw\metaeditor.exe' to 'D:\xm\XM MT4(MAX)\metaeditor.exe'
0	23:57:53.555	LiveUpdate: copied from 'C:\Users\koichi\AppData\Roaming\MetaQuotes\WebInstall\mt4clw\terminal.exe' to 'D:\xm\XM MT4(MAX)\terminal.exe'
0	23:57:53.555	LiveUpdate: admin updater - files update finished
0	23:57:53.555	LiveUpdate: admin updater - clean obsolete data
0	23:57:53.557	LiveUpdate: admin updater - finished for 'D:\xm\XM MT4(MAX)'
0	23:57:53.566	LiveUpdate: updater - start terminal
0	23:57:53.856	LiveUpdate: updater - finished for 'D:\xm\XM MT4(MAX)'
0	23:57:57.184	LiveUpdate: update C:\Users\koichi\AppData\Roaming\MetaQuotes\Terminal\010BF99D307F164FBA643D16B4B111BD\MQL4 folder started
0	23:57:57.359	LiveUpdate: update C:\Users\koichi\AppData\Roaming\MetaQuotes\Terminal\010BF99D307F164FBA643D16B4B111BD\MQL4 folder finished
0	23:57:57.666	XM MT4 build 1170 started (Trading Point Of Financial Instruments Ltd)
0	23:57:57.666	Windows 10 Home x64, IE 11, UAC, 8 x Intel Core i7-3770  @ 3.40GHz, Memory: 10195 / 16324 Mb, Disk: 86 / 222 Gb, GMT+9
0	23:57:57.666	Data Folder: C:\Users\koichi\AppData\Roaming\MetaQuotes\Terminal\010BF99D307F164FBA643D16B4B111BD
0	23:57:57.970	Sources recompilation started
0	23:58:09.150	Sources recompilation finished (28 compiled in 11171 msec)
2	23:58:10.198	Custom indicator Max_Sign EURJPY,M1: loaded successfully
2	23:58:10.219	Custom indicator Max_ColorMA EURJPY,M1: loaded successfully
2	23:58:10.240	Custom indicator Max_ColorMA EURJPY,M1: loaded successfully
2	23:58:10.259	Custom indicator Max_Pivot EURJPY,M1: loaded successfully
2	23:58:10.271	Custom indicator MAX_MTFMA_ƒ¿ EURJPY,M1: loaded successfully
2	23:58:10.281	Custom indicator Max_Line EURJPY,M1: loaded successfully
2	23:58:10.621	Custom indicator Max_Sign USDJPY,M15: loaded successfully
2	23:58:10.642	Custom indicator Max_ColorMA USDJPY,M15: loaded successfully
2	23:58:10.663	Custom indicator Max_ColorMA USDJPY,M15: loaded successfully
2	23:58:10.682	Custom indicator Max_Pivot USDJPY,M15: loaded successfully
2	23:58:10.695	Custom indicator MAX_MTFMA_ƒ¿ USDJPY,M15: loaded successfully
2	23:58:10.705	Custom indicator Max_Line USDJPY,M15: loaded successfully
2	23:58:10.887	Custom indicator Max_Sign EURUSD,M5: loaded successfully
2	23:58:10.908	Custom indicator Max_ColorMA EURUSD,M5: loaded successfully
2	23:58:10.929	Custom indicator Max_ColorMA EURUSD,M5: loaded successfully
2	23:58:10.948	Custom indicator Max_Pivot EURUSD,M5: loaded successfully
2	23:58:10.960	Custom indicator MAX_MTFMA_ƒ¿ EURUSD,M5: loaded successfully
2	23:58:10.970	Custom indicator Max_Line EURUSD,M5: loaded successfully
2	23:58:11.060	Custom indicator 23Signal_Price-v1 EURUSD,M5: loaded successfully
2	23:58:11.355	Custom indicator Max_Sign GBPUSD,M1: loaded successfully
2	23:58:11.376	Custom indicator Max_ColorMA GBPUSD,M1: loaded successfully
2	23:58:11.396	Custom indicator Max_ColorMA GBPUSD,M1: loaded successfully
2	23:58:11.416	Custom indicator Max_Pivot GBPUSD,M1: loaded successfully
2	23:58:11.428	Custom indicator MAX_MTFMA_ƒ¿ GBPUSD,M1: loaded successfully
2	23:58:11.438	Custom indicator Max_Line GBPUSD,M1: loaded successfully
2	23:58:11.797	Custom indicator Max_Sign GBPJPY,M15: loaded successfully
2	23:58:11.818	Custom indicator Max_ColorMA GBPJPY,M15: loaded successfully
2	23:58:11.839	Custom indicator Max_ColorMA GBPJPY,M15: loaded successfully
2	23:58:11.859	Custom indicator Max_Pivot GBPJPY,M15: loaded successfully
2	23:58:11.874	Custom indicator MAX_MTFMA_ƒ¿ GBPJPY,M15: loaded successfully
2	23:58:11.886	Custom indicator Max_Line GBPJPY,M15: loaded successfully
2	23:58:12.069	Custom indicator Max_Sign AUDUSD,M15: loaded successfully
2	23:58:12.090	Custom indicator Max_ColorMA AUDUSD,M15: loaded successfully
2	23:58:12.110	Custom indicator Max_ColorMA AUDUSD,M15: loaded successfully
2	23:58:12.130	Custom indicator Max_Pivot AUDUSD,M15: loaded successfully
2	23:58:12.142	Custom indicator MAX_MTFMA_ƒ¿ AUDUSD,M15: loaded successfully
2	23:58:12.151	Custom indicator Max_Line AUDUSD,M15: loaded successfully
2	23:58:12.349	Custom indicator Max_Sign EURGBP,M15: loaded successfully
2	23:58:12.370	Custom indicator Max_ColorMA EURGBP,M15: loaded successfully
2	23:58:12.390	Custom indicator Max_ColorMA EURGBP,M15: loaded successfully
2	23:58:12.410	Custom indicator Max_Pivot EURGBP,M15: loaded successfully
2	23:58:12.420	Custom indicator Max_Line EURGBP,M15: loaded successfully
2	23:58:12.511	Custom indicator 23Signal_Price-v1 EURGBP,M15: loaded successfully
2	23:58:12.524	Custom indicator 00-DispTrade_v102 EURGBP,M15: loaded successfully
