0	13:03:14.209	Custom indicator Otyame005_Super_Bollinger USDJPY,H1: loaded successfully
0	13:03:14.240	Custom indicator 23Signal_Price-v1 USDJPY,H1: loaded successfully
0	13:03:14.256	Custom indicator chikou_span_attacker USDJPY,H1: loaded successfully
0	13:03:14.271	Custom indicator PZ_Harmonic USDJPY,H1: loaded successfully
0	13:03:14.302	Otyame005_Super_Bollinger USDJPY,H1: initialized
0	13:03:14.302	23Signal_Price-v1 USDJPY,H1: initialized
0	13:03:14.318	chikou_span_attacker USDJPY,H1: initialized
0	13:03:14.349	PZ_Harmonic USDJPY,H1: initialized
0	13:03:14.537	Custom indicator 23Signal_Price-v1 USDJPY,M5: loaded successfully
0	13:03:14.537	Custom indicator Max_Pivot USDJPY,M5: loaded successfully
0	13:03:14.568	Custom indicator Max_Line USDJPY,M5: loaded successfully
0	13:03:14.584	Custom indicator Otyame001_Ichimoku_Shift USDJPY,M5: loaded successfully
0	13:03:14.599	Custom indicator Otyame005_Super_Bollinger USDJPY,M5: loaded successfully
0	13:03:14.599	23Signal_Price-v1 USDJPY,M5: initialized
0	13:03:14.599	Max_Pivot USDJPY,M5: initialized
0	13:03:14.631	Max_Line USDJPY,M5: initialized
0	13:03:14.646	Otyame001_Ichimoku_Shift USDJPY,M5: initialized
0	13:03:14.662	Otyame005_Super_Bollinger USDJPY,M5: initialized
0	13:03:14.927	Custom indicator Otyame005_Super_Bollinger EURUSD,H1: loaded successfully
0	13:03:14.990	Custom indicator 23Signal_Price-v1 EURUSD,H1: loaded successfully
0	13:03:15.006	Custom indicator chikou_span_attacker EURUSD,H1: loaded successfully
0	13:03:15.021	Custom indicator PZ_Harmonic EURUSD,H1: loaded successfully
0	13:03:15.037	Otyame005_Super_Bollinger EURUSD,H1: initialized
0	13:03:15.037	23Signal_Price-v1 EURUSD,H1: initialized
0	13:03:15.052	chikou_span_attacker EURUSD,H1: initialized
0	13:03:15.084	PZ_Harmonic EURUSD,H1: initialized
0	13:03:15.240	Custom indicator 23Signal_Price-v1 EURUSD,M5: loaded successfully
0	13:03:15.240	Custom indicator Max_Pivot EURUSD,M5: loaded successfully
0	13:03:15.256	Custom indicator Max_Line EURUSD,M5: loaded successfully
0	13:03:15.271	Custom indicator Otyame001_Ichimoku_Shift EURUSD,M5: loaded successfully
0	13:03:15.287	Custom indicator Otyame005_Super_Bollinger EURUSD,M5: loaded successfully
0	13:03:15.287	23Signal_Price-v1 EURUSD,M5: initialized
0	13:03:15.287	Max_Pivot EURUSD,M5: initialized
0	13:03:15.302	Max_Line EURUSD,M5: initialized
0	13:03:15.302	Otyame001_Ichimoku_Shift EURUSD,M5: initialized
0	13:03:15.318	Otyame005_Super_Bollinger EURUSD,M5: initialized
0	13:03:15.521	Custom indicator Otyame005_Super_Bollinger EURJPY,H1: loaded successfully
0	13:03:15.568	Custom indicator 23Signal_Price-v1 EURJPY,H1: loaded successfully
0	13:03:15.568	Custom indicator chikou_span_attacker EURJPY,H1: loaded successfully
0	13:03:15.584	Custom indicator PZ_Harmonic EURJPY,H1: loaded successfully
0	13:03:15.599	Otyame005_Super_Bollinger EURJPY,H1: initialized
0	13:03:15.599	23Signal_Price-v1 EURJPY,H1: initialized
0	13:03:15.615	chikou_span_attacker EURJPY,H1: initialized
0	13:03:15.646	PZ_Harmonic EURJPY,H1: initialized
0	13:03:15.787	Custom indicator 23Signal_Price-v1 EURJPY,M5: loaded successfully
0	13:03:15.787	Custom indicator Max_Pivot EURJPY,M5: loaded successfully
0	13:03:15.787	Custom indicator Max_Line EURJPY,M5: loaded successfully
0	13:03:15.802	Custom indicator Otyame001_Ichimoku_Shift EURJPY,M5: loaded successfully
0	13:03:15.818	Custom indicator Otyame005_Super_Bollinger EURJPY,M5: loaded successfully
0	13:03:15.818	23Signal_Price-v1 EURJPY,M5: initialized
0	13:03:15.818	Max_Pivot EURJPY,M5: initialized
0	13:03:15.834	Max_Line EURJPY,M5: initialized
0	13:03:15.849	Otyame001_Ichimoku_Shift EURJPY,M5: initialized
0	13:03:15.849	Otyame005_Super_Bollinger EURJPY,M5: initialized
0	13:03:16.052	Custom indicator Otyame005_Super_Bollinger GBPUSD,H1: loaded successfully
0	13:03:16.084	Custom indicator 23Signal_Price-v1 GBPUSD,H1: loaded successfully
0	13:03:16.099	Custom indicator chikou_span_attacker GBPUSD,H1: loaded successfully
0	13:03:16.115	Custom indicator PZ_Harmonic GBPUSD,H1: loaded successfully
0	13:03:16.131	Otyame005_Super_Bollinger GBPUSD,H1: initialized
0	13:03:16.131	23Signal_Price-v1 GBPUSD,H1: initialized
0	13:03:16.146	chikou_span_attacker GBPUSD,H1: initialized
0	13:03:16.162	PZ_Harmonic GBPUSD,H1: initialized
0	13:03:16.318	Custom indicator 23Signal_Price-v1 GBPUSD,M5: loaded successfully
0	13:03:16.318	Custom indicator Max_Pivot GBPUSD,M5: loaded successfully
0	13:03:16.334	Custom indicator Max_Line GBPUSD,M5: loaded successfully
0	13:03:16.334	Custom indicator Otyame001_Ichimoku_Shift GBPUSD,M5: loaded successfully
0	13:03:16.349	Custom indicator Otyame005_Super_Bollinger GBPUSD,M5: loaded successfully
0	13:03:16.349	23Signal_Price-v1 GBPUSD,M5: initialized
0	13:03:16.349	Max_Pivot GBPUSD,M5: initialized
0	13:03:16.365	Max_Line GBPUSD,M5: initialized
0	13:03:16.381	Otyame001_Ichimoku_Shift GBPUSD,M5: initialized
0	13:03:16.381	Otyame005_Super_Bollinger GBPUSD,M5: initialized
0	13:03:16.584	Custom indicator Otyame005_Super_Bollinger GBPJPY,H1: loaded successfully
0	13:03:16.631	Custom indicator 23Signal_Price-v1 GBPJPY,H1: loaded successfully
0	13:03:16.631	Custom indicator chikou_span_attacker GBPJPY,H1: loaded successfully
0	13:03:16.646	Custom indicator PZ_Harmonic GBPJPY,H1: loaded successfully
0	13:03:16.662	Otyame005_Super_Bollinger GBPJPY,H1: initialized
0	13:03:16.662	23Signal_Price-v1 GBPJPY,H1: initialized
0	13:03:16.677	chikou_span_attacker GBPJPY,H1: initialized
0	13:03:16.693	PZ_Harmonic GBPJPY,H1: initialized
0	13:03:16.849	Custom indicator 23Signal_Price-v1 GBPJPY,M1: loaded successfully
0	13:03:16.849	Custom indicator Max_Pivot GBPJPY,M1: loaded successfully
0	13:03:16.849	Custom indicator Max_Line GBPJPY,M1: loaded successfully
0	13:03:16.865	Custom indicator Otyame001_Ichimoku_Shift GBPJPY,M1: loaded successfully
0	13:03:16.881	Custom indicator Otyame005_Super_Bollinger GBPJPY,M1: loaded successfully
0	13:03:16.881	23Signal_Price-v1 GBPJPY,M1: initialized
0	13:03:16.881	Max_Pivot GBPJPY,M1: initialized
0	13:03:16.896	Max_Line GBPJPY,M1: initialized
0	13:03:16.912	Otyame001_Ichimoku_Shift GBPJPY,M1: initialized
0	13:03:16.912	Otyame005_Super_Bollinger GBPJPY,M1: initialized
0	13:03:17.443	Custom indicator Otyame005_Super_Bollinger AUDUSD,H1: loaded successfully
0	13:03:17.490	Custom indicator 23Signal_Price-v1 AUDUSD,H1: loaded successfully
0	13:03:17.506	Custom indicator chikou_span_attacker AUDUSD,H1: loaded successfully
0	13:03:17.506	Custom indicator PZ_Harmonic AUDUSD,H1: loaded successfully
0	13:03:17.521	Otyame005_Super_Bollinger AUDUSD,H1: initialized
0	13:03:17.521	23Signal_Price-v1 AUDUSD,H1: initialized
0	13:03:17.537	chikou_span_attacker AUDUSD,H1: initialized
0	13:03:17.568	PZ_Harmonic AUDUSD,H1: initialized
0	13:03:17.709	Custom indicator 23Signal_Price-v1 AUDUSD,M5: loaded successfully
0	13:03:17.709	Custom indicator Max_Pivot AUDUSD,M5: loaded successfully
0	13:03:17.724	Custom indicator Max_Line AUDUSD,M5: loaded successfully
0	13:03:17.724	Custom indicator Otyame001_Ichimoku_Shift AUDUSD,M5: loaded successfully
0	13:03:17.740	Custom indicator Otyame005_Super_Bollinger AUDUSD,M5: loaded successfully
0	13:03:17.740	23Signal_Price-v1 AUDUSD,M5: initialized
0	13:03:17.740	Max_Pivot AUDUSD,M5: initialized
0	13:03:17.756	Max_Line AUDUSD,M5: initialized
0	13:03:17.771	Otyame001_Ichimoku_Shift AUDUSD,M5: initialized
0	13:03:17.771	Otyame005_Super_Bollinger AUDUSD,M5: initialized
0	13:03:17.974	Custom indicator Otyame005_Super_Bollinger GBPAUD,H1: loaded successfully
0	13:03:18.006	Custom indicator 23Signal_Price-v1 GBPAUD,H1: loaded successfully
0	13:03:18.021	Custom indicator chikou_span_attacker GBPAUD,H1: loaded successfully
0	13:03:18.037	Custom indicator PZ_Harmonic GBPAUD,H1: loaded successfully
0	13:03:18.052	Otyame005_Super_Bollinger GBPAUD,H1: initialized
0	13:03:18.052	23Signal_Price-v1 GBPAUD,H1: initialized
0	13:03:18.068	chikou_span_attacker GBPAUD,H1: initialized
0	13:03:18.084	PZ_Harmonic GBPAUD,H1: initialized
0	13:03:18.209	Custom indicator 23Signal_Price-v1 GBPAUD,M5: loaded successfully
0	13:03:18.209	Custom indicator Max_Pivot GBPAUD,M5: loaded successfully
0	13:03:18.224	Custom indicator Max_Line GBPAUD,M5: loaded successfully
0	13:03:18.240	Custom indicator Otyame001_Ichimoku_Shift GBPAUD,M5: loaded successfully
0	13:03:18.256	Custom indicator Otyame005_Super_Bollinger GBPAUD,M5: loaded successfully
0	13:03:18.256	23Signal_Price-v1 GBPAUD,M5: initialized
0	13:03:18.256	Max_Pivot GBPAUD,M5: initialized
0	13:03:18.271	Max_Line GBPAUD,M5: initialized
0	13:03:18.271	Otyame001_Ichimoku_Shift GBPAUD,M5: initialized
0	13:03:18.287	Otyame005_Super_Bollinger GBPAUD,M5: initialized
0	13:14:19.582	Otyame005_Super_Bollinger USDJPY,H1: uninit reason 9
0	13:14:19.582	23Signal_Price-v1 USDJPY,H1: deinitialized
0	13:14:19.582	23Signal_Price-v1 USDJPY,H1: uninit reason 9
0	13:14:19.582	chikou_span_attacker USDJPY,H1: uninit reason 9
0	13:14:19.582	PZ_Harmonic USDJPY,H1: uninit reason 9
0	13:14:19.582	23Signal_Price-v1 USDJPY,M5: deinitialized
0	13:14:19.582	23Signal_Price-v1 USDJPY,M5: uninit reason 9
0	13:14:19.582	Max_Pivot USDJPY,M5: deinitialized
0	13:14:19.582	Max_Pivot USDJPY,M5: uninit reason 9
0	13:14:19.582	Max_Line USDJPY,M5: uninit reason 9
0	13:14:19.582	Otyame001_Ichimoku_Shift USDJPY,M5: uninit reason 9
0	13:14:19.582	Otyame005_Super_Bollinger USDJPY,M5: uninit reason 9
0	13:14:19.582	Otyame005_Super_Bollinger EURUSD,H1: uninit reason 9
0	13:14:19.582	23Signal_Price-v1 EURUSD,H1: deinitialized
0	13:14:19.582	23Signal_Price-v1 EURUSD,H1: uninit reason 9
0	13:14:19.582	chikou_span_attacker EURUSD,H1: uninit reason 9
0	13:14:19.582	PZ_Harmonic EURUSD,H1: uninit reason 9
0	13:14:19.582	23Signal_Price-v1 EURUSD,M5: deinitialized
0	13:14:19.582	23Signal_Price-v1 EURUSD,M5: uninit reason 9
0	13:14:19.582	Max_Pivot EURUSD,M5: deinitialized
0	13:14:19.582	Max_Pivot EURUSD,M5: uninit reason 9
0	13:14:19.582	Max_Line EURUSD,M5: uninit reason 9
0	13:14:19.582	Otyame001_Ichimoku_Shift EURUSD,M5: uninit reason 9
0	13:14:19.582	Otyame005_Super_Bollinger EURUSD,M5: uninit reason 9
0	13:14:19.582	Otyame005_Super_Bollinger EURJPY,H1: uninit reason 9
0	13:14:19.582	23Signal_Price-v1 EURJPY,H1: deinitialized
0	13:14:19.582	23Signal_Price-v1 EURJPY,H1: uninit reason 9
0	13:14:19.582	chikou_span_attacker EURJPY,H1: uninit reason 9
0	13:14:19.582	PZ_Harmonic EURJPY,H1: uninit reason 9
0	13:14:19.582	23Signal_Price-v1 EURJPY,M5: deinitialized
0	13:14:19.582	23Signal_Price-v1 EURJPY,M5: uninit reason 9
0	13:14:19.582	Max_Pivot EURJPY,M5: deinitialized
0	13:14:19.582	Max_Pivot EURJPY,M5: uninit reason 9
0	13:14:19.582	Max_Line EURJPY,M5: uninit reason 9
0	13:14:19.582	Otyame001_Ichimoku_Shift EURJPY,M5: uninit reason 9
0	13:14:19.582	Otyame005_Super_Bollinger EURJPY,M5: uninit reason 9
0	13:14:19.582	Otyame005_Super_Bollinger GBPUSD,H1: uninit reason 9
0	13:14:19.582	23Signal_Price-v1 GBPUSD,H1: deinitialized
0	13:14:19.582	23Signal_Price-v1 GBPUSD,H1: uninit reason 9
0	13:14:19.598	chikou_span_attacker GBPUSD,H1: uninit reason 9
0	13:14:19.598	PZ_Harmonic GBPUSD,H1: uninit reason 9
0	13:14:19.598	23Signal_Price-v1 GBPUSD,M5: deinitialized
0	13:14:19.598	23Signal_Price-v1 GBPUSD,M5: uninit reason 9
0	13:14:19.598	Max_Pivot GBPUSD,M5: deinitialized
0	13:14:19.598	Max_Pivot GBPUSD,M5: uninit reason 9
0	13:14:19.598	Max_Line GBPUSD,M5: uninit reason 9
0	13:14:19.598	Otyame001_Ichimoku_Shift GBPUSD,M5: uninit reason 9
0	13:14:19.598	Otyame005_Super_Bollinger GBPUSD,M5: uninit reason 9
0	13:14:19.598	Otyame005_Super_Bollinger GBPJPY,H1: uninit reason 9
0	13:14:19.598	23Signal_Price-v1 GBPJPY,H1: deinitialized
0	13:14:19.598	23Signal_Price-v1 GBPJPY,H1: uninit reason 9
0	13:14:19.598	chikou_span_attacker GBPJPY,H1: uninit reason 9
0	13:14:19.598	PZ_Harmonic GBPJPY,H1: uninit reason 9
0	13:14:19.598	23Signal_Price-v1 GBPJPY,M1: deinitialized
0	13:14:19.598	23Signal_Price-v1 GBPJPY,M1: uninit reason 9
0	13:14:19.598	Max_Pivot GBPJPY,M1: deinitialized
0	13:14:19.598	Max_Pivot GBPJPY,M1: uninit reason 9
0	13:14:19.598	Max_Line GBPJPY,M1: uninit reason 9
0	13:14:19.598	Otyame001_Ichimoku_Shift GBPJPY,M1: uninit reason 9
0	13:14:19.598	Otyame005_Super_Bollinger GBPJPY,M1: uninit reason 9
0	13:14:19.598	Otyame005_Super_Bollinger AUDUSD,H1: uninit reason 9
0	13:14:19.598	23Signal_Price-v1 AUDUSD,H1: deinitialized
0	13:14:19.598	23Signal_Price-v1 AUDUSD,H1: uninit reason 9
0	13:14:19.598	chikou_span_attacker AUDUSD,H1: uninit reason 9
0	13:14:19.598	PZ_Harmonic AUDUSD,H1: uninit reason 9
0	13:14:19.598	23Signal_Price-v1 AUDUSD,M5: deinitialized
0	13:14:19.598	23Signal_Price-v1 AUDUSD,M5: uninit reason 9
0	13:14:19.598	Max_Pivot AUDUSD,M5: deinitialized
0	13:14:19.598	Max_Pivot AUDUSD,M5: uninit reason 9
0	13:14:19.598	Max_Line AUDUSD,M5: uninit reason 9
0	13:14:19.598	Otyame001_Ichimoku_Shift AUDUSD,M5: uninit reason 9
0	13:14:19.598	Otyame005_Super_Bollinger AUDUSD,M5: uninit reason 9
0	13:14:19.598	Otyame005_Super_Bollinger GBPAUD,H1: uninit reason 9
0	13:14:19.598	23Signal_Price-v1 GBPAUD,H1: deinitialized
0	13:14:19.598	23Signal_Price-v1 GBPAUD,H1: uninit reason 9
0	13:14:19.598	chikou_span_attacker GBPAUD,H1: uninit reason 9
0	13:14:19.598	PZ_Harmonic GBPAUD,H1: uninit reason 9
0	13:14:19.598	23Signal_Price-v1 GBPAUD,M5: deinitialized
0	13:14:19.598	23Signal_Price-v1 GBPAUD,M5: uninit reason 9
0	13:14:19.613	Max_Pivot GBPAUD,M5: deinitialized
0	13:14:19.613	Max_Pivot GBPAUD,M5: uninit reason 9
0	13:14:19.613	Max_Line GBPAUD,M5: uninit reason 9
0	13:14:19.613	Otyame001_Ichimoku_Shift GBPAUD,M5: uninit reason 9
0	13:14:19.613	Otyame005_Super_Bollinger GBPAUD,M5: uninit reason 9
0	13:14:19.660	Custom indicator Otyame005_Super_Bollinger USDJPY,H1: removed
0	13:14:19.660	Custom indicator 23Signal_Price-v1 USDJPY,H1: removed
0	13:14:19.676	Custom indicator chikou_span_attacker USDJPY,H1: removed
0	13:14:19.676	Custom indicator PZ_Harmonic USDJPY,H1: removed
0	13:14:19.676	Custom indicator 23Signal_Price-v1 USDJPY,M5: removed
0	13:14:19.676	Custom indicator Max_Pivot USDJPY,M5: removed
0	13:14:19.676	Custom indicator Max_Line USDJPY,M5: removed
0	13:14:19.676	Custom indicator Otyame001_Ichimoku_Shift USDJPY,M5: removed
0	13:14:19.676	Custom indicator Otyame005_Super_Bollinger USDJPY,M5: removed
0	13:14:19.691	Custom indicator Otyame005_Super_Bollinger EURUSD,H1: removed
0	13:14:19.691	Custom indicator 23Signal_Price-v1 EURUSD,H1: removed
0	13:14:19.691	Custom indicator chikou_span_attacker EURUSD,H1: removed
0	13:14:19.691	Custom indicator PZ_Harmonic EURUSD,H1: removed
0	13:14:19.691	Custom indicator 23Signal_Price-v1 EURUSD,M5: removed
0	13:14:19.691	Custom indicator Max_Pivot EURUSD,M5: removed
0	13:14:19.691	Custom indicator Max_Line EURUSD,M5: removed
0	13:14:19.691	Custom indicator Otyame001_Ichimoku_Shift EURUSD,M5: removed
0	13:14:19.691	Custom indicator Otyame005_Super_Bollinger EURUSD,M5: removed
0	13:14:19.707	Custom indicator Otyame005_Super_Bollinger EURJPY,H1: removed
0	13:14:19.707	Custom indicator 23Signal_Price-v1 EURJPY,H1: removed
0	13:14:19.707	Custom indicator chikou_span_attacker EURJPY,H1: removed
0	13:14:19.707	Custom indicator PZ_Harmonic EURJPY,H1: removed
0	13:14:19.707	Custom indicator 23Signal_Price-v1 EURJPY,M5: removed
0	13:14:19.707	Custom indicator Max_Pivot EURJPY,M5: removed
0	13:14:19.707	Custom indicator Max_Line EURJPY,M5: removed
0	13:14:19.707	Custom indicator Otyame001_Ichimoku_Shift EURJPY,M5: removed
0	13:14:19.707	Custom indicator Otyame005_Super_Bollinger EURJPY,M5: removed
0	13:14:19.723	Custom indicator Otyame005_Super_Bollinger GBPUSD,H1: removed
0	13:14:19.723	Custom indicator 23Signal_Price-v1 GBPUSD,H1: removed
0	13:14:19.723	Custom indicator chikou_span_attacker GBPUSD,H1: removed
0	13:14:19.723	Custom indicator PZ_Harmonic GBPUSD,H1: removed
0	13:14:19.723	Custom indicator 23Signal_Price-v1 GBPUSD,M5: removed
0	13:14:19.723	Custom indicator Max_Pivot GBPUSD,M5: removed
0	13:14:19.738	Custom indicator Max_Line GBPUSD,M5: removed
0	13:14:19.738	Custom indicator Otyame001_Ichimoku_Shift GBPUSD,M5: removed
0	13:14:19.738	Custom indicator Otyame005_Super_Bollinger GBPUSD,M5: removed
0	13:14:19.738	Custom indicator Otyame005_Super_Bollinger GBPJPY,H1: removed
0	13:14:19.738	Custom indicator 23Signal_Price-v1 GBPJPY,H1: removed
0	13:14:19.738	Custom indicator chikou_span_attacker GBPJPY,H1: removed
0	13:14:19.738	Custom indicator PZ_Harmonic GBPJPY,H1: removed
0	13:14:19.754	Custom indicator 23Signal_Price-v1 GBPJPY,M1: removed
0	13:14:19.754	Custom indicator Max_Pivot GBPJPY,M1: removed
0	13:14:19.754	Custom indicator Max_Line GBPJPY,M1: removed
0	13:14:19.754	Custom indicator Otyame001_Ichimoku_Shift GBPJPY,M1: removed
0	13:14:19.754	Custom indicator Otyame005_Super_Bollinger GBPJPY,M1: removed
0	13:14:19.769	Custom indicator Otyame005_Super_Bollinger AUDUSD,H1: removed
0	13:14:19.769	Custom indicator 23Signal_Price-v1 AUDUSD,H1: removed
0	13:14:19.769	Custom indicator chikou_span_attacker AUDUSD,H1: removed
0	13:14:19.785	Custom indicator PZ_Harmonic AUDUSD,H1: removed
0	13:14:19.785	Custom indicator 23Signal_Price-v1 AUDUSD,M5: removed
0	13:14:19.785	Custom indicator Max_Pivot AUDUSD,M5: removed
0	13:14:19.785	Custom indicator Max_Line AUDUSD,M5: removed
0	13:14:19.785	Custom indicator Otyame001_Ichimoku_Shift AUDUSD,M5: removed
0	13:14:19.801	Custom indicator Otyame005_Super_Bollinger AUDUSD,M5: removed
0	13:14:19.801	Custom indicator Otyame005_Super_Bollinger GBPAUD,H1: removed
0	13:14:19.801	Custom indicator 23Signal_Price-v1 GBPAUD,H1: removed
0	13:14:19.801	Custom indicator chikou_span_attacker GBPAUD,H1: removed
0	13:14:19.801	Custom indicator PZ_Harmonic GBPAUD,H1: removed
0	13:14:19.816	Custom indicator 23Signal_Price-v1 GBPAUD,M5: removed
0	13:14:19.816	Custom indicator Max_Pivot GBPAUD,M5: removed
0	13:14:19.816	Custom indicator Max_Line GBPAUD,M5: removed
0	13:14:19.816	Custom indicator Otyame001_Ichimoku_Shift GBPAUD,M5: removed
0	13:14:19.816	Custom indicator Otyame005_Super_Bollinger GBPAUD,M5: removed
0	13:17:36.698	Custom indicator Otyame005_Super_Bollinger USDJPY,H1: loaded successfully
0	13:17:36.760	Custom indicator 23Signal_Price-v1 USDJPY,H1: loaded successfully
0	13:17:36.776	Custom indicator chikou_span_attacker USDJPY,H1: loaded successfully
0	13:17:36.792	Custom indicator PZ_Harmonic USDJPY,H1: loaded successfully
0	13:17:36.823	Otyame005_Super_Bollinger USDJPY,H1: initialized
0	13:17:36.823	23Signal_Price-v1 USDJPY,H1: initialized
0	13:17:36.838	chikou_span_attacker USDJPY,H1: initialized
0	13:17:36.870	PZ_Harmonic USDJPY,H1: initialized
0	13:17:37.010	Custom indicator 23Signal_Price-v1 USDJPY,M5: loaded successfully
0	13:17:37.010	Custom indicator Max_Pivot USDJPY,M5: loaded successfully
0	13:17:37.026	Custom indicator Max_Line USDJPY,M5: loaded successfully
0	13:17:37.057	Custom indicator Otyame001_Ichimoku_Shift USDJPY,M5: loaded successfully
0	13:17:37.073	Custom indicator Otyame005_Super_Bollinger USDJPY,M5: loaded successfully
0	13:17:37.073	23Signal_Price-v1 USDJPY,M5: initialized
0	13:17:37.073	Max_Pivot USDJPY,M5: initialized
0	13:17:37.088	Max_Line USDJPY,M5: initialized
0	13:17:37.104	Otyame001_Ichimoku_Shift USDJPY,M5: initialized
0	13:17:37.135	Otyame005_Super_Bollinger USDJPY,M5: initialized
0	13:17:37.417	Custom indicator Otyame005_Super_Bollinger EURUSD,H1: loaded successfully
0	13:17:37.479	Custom indicator 23Signal_Price-v1 EURUSD,H1: loaded successfully
0	13:17:37.495	Custom indicator chikou_span_attacker EURUSD,H1: loaded successfully
0	13:17:37.510	Custom indicator PZ_Harmonic EURUSD,H1: loaded successfully
0	13:17:37.526	Otyame005_Super_Bollinger EURUSD,H1: initialized
0	13:17:37.526	23Signal_Price-v1 EURUSD,H1: initialized
0	13:17:37.557	chikou_span_attacker EURUSD,H1: initialized
0	13:17:37.588	PZ_Harmonic EURUSD,H1: initialized
0	13:17:37.698	Custom indicator 23Signal_Price-v1 EURUSD,M5: loaded successfully
0	13:17:37.698	Custom indicator Max_Pivot EURUSD,M5: loaded successfully
0	13:17:37.713	Custom indicator Max_Line EURUSD,M5: loaded successfully
0	13:17:37.729	Custom indicator Otyame001_Ichimoku_Shift EURUSD,M5: loaded successfully
0	13:17:37.745	Custom indicator Otyame005_Super_Bollinger EURUSD,M5: loaded successfully
0	13:17:37.745	23Signal_Price-v1 EURUSD,M5: initialized
0	13:17:37.745	Max_Pivot EURUSD,M5: initialized
0	13:17:37.760	Max_Line EURUSD,M5: initialized
0	13:17:37.760	Otyame001_Ichimoku_Shift EURUSD,M5: initialized
0	13:17:37.776	Otyame005_Super_Bollinger EURUSD,M5: initialized
0	13:17:37.979	Custom indicator Otyame005_Super_Bollinger EURJPY,H1: loaded successfully
0	13:17:38.010	Custom indicator 23Signal_Price-v1 EURJPY,H1: loaded successfully
0	13:17:38.026	Custom indicator chikou_span_attacker EURJPY,H1: loaded successfully
0	13:17:38.042	Custom indicator PZ_Harmonic EURJPY,H1: loaded successfully
0	13:17:38.057	Otyame005_Super_Bollinger EURJPY,H1: initialized
0	13:17:38.057	23Signal_Price-v1 EURJPY,H1: initialized
0	13:17:38.057	chikou_span_attacker EURJPY,H1: initialized
0	13:17:38.088	PZ_Harmonic EURJPY,H1: initialized
0	13:17:38.182	Custom indicator 23Signal_Price-v1 EURJPY,M5: loaded successfully
0	13:17:38.182	Custom indicator Max_Pivot EURJPY,M5: loaded successfully
0	13:17:38.198	Custom indicator Max_Line EURJPY,M5: loaded successfully
0	13:17:38.213	Custom indicator Otyame001_Ichimoku_Shift EURJPY,M5: loaded successfully
0	13:17:38.213	Custom indicator Otyame005_Super_Bollinger EURJPY,M5: loaded successfully
0	13:17:38.213	23Signal_Price-v1 EURJPY,M5: initialized
0	13:17:38.213	Max_Pivot EURJPY,M5: initialized
0	13:17:38.229	Max_Line EURJPY,M5: initialized
0	13:17:38.245	Otyame001_Ichimoku_Shift EURJPY,M5: initialized
0	13:17:38.245	Otyame005_Super_Bollinger EURJPY,M5: initialized
0	13:17:38.448	Custom indicator Otyame005_Super_Bollinger GBPUSD,H1: loaded successfully
0	13:17:38.479	Custom indicator 23Signal_Price-v1 GBPUSD,H1: loaded successfully
0	13:17:38.495	Custom indicator chikou_span_attacker GBPUSD,H1: loaded successfully
0	13:17:38.510	Custom indicator PZ_Harmonic GBPUSD,H1: loaded successfully
0	13:17:38.526	Otyame005_Super_Bollinger GBPUSD,H1: initialized
0	13:17:38.526	23Signal_Price-v1 GBPUSD,H1: initialized
0	13:17:38.526	chikou_span_attacker GBPUSD,H1: initialized
0	13:17:38.557	PZ_Harmonic GBPUSD,H1: initialized
0	13:17:38.651	Custom indicator 23Signal_Price-v1 GBPUSD,M5: loaded successfully
0	13:17:38.651	Custom indicator Max_Pivot GBPUSD,M5: loaded successfully
0	13:17:38.667	Custom indicator Max_Line GBPUSD,M5: loaded successfully
0	13:17:38.682	Custom indicator Otyame001_Ichimoku_Shift GBPUSD,M5: loaded successfully
0	13:17:38.698	Custom indicator Otyame005_Super_Bollinger GBPUSD,M5: loaded successfully
0	13:17:38.698	23Signal_Price-v1 GBPUSD,M5: initialized
0	13:17:38.698	Max_Pivot GBPUSD,M5: initialized
0	13:17:38.713	Max_Line GBPUSD,M5: initialized
0	13:17:38.713	Otyame001_Ichimoku_Shift GBPUSD,M5: initialized
0	13:17:38.729	Otyame005_Super_Bollinger GBPUSD,M5: initialized
0	13:17:38.932	Custom indicator Otyame005_Super_Bollinger GBPJPY,H1: loaded successfully
0	13:17:38.963	Custom indicator 23Signal_Price-v1 GBPJPY,H1: loaded successfully
0	13:17:38.979	Custom indicator chikou_span_attacker GBPJPY,H1: loaded successfully
0	13:17:38.995	Custom indicator PZ_Harmonic GBPJPY,H1: loaded successfully
0	13:17:39.010	Otyame005_Super_Bollinger GBPJPY,H1: initialized
0	13:17:39.010	23Signal_Price-v1 GBPJPY,H1: initialized
0	13:17:39.010	chikou_span_attacker GBPJPY,H1: initialized
0	13:17:39.042	PZ_Harmonic GBPJPY,H1: initialized
0	13:17:39.135	Custom indicator 23Signal_Price-v1 GBPJPY,M1: loaded successfully
0	13:17:39.135	Custom indicator Max_Pivot GBPJPY,M1: loaded successfully
0	13:17:39.151	Custom indicator Max_Line GBPJPY,M1: loaded successfully
0	13:17:39.167	Custom indicator Otyame001_Ichimoku_Shift GBPJPY,M1: loaded successfully
0	13:17:39.167	Custom indicator Otyame005_Super_Bollinger GBPJPY,M1: loaded successfully
0	13:17:39.182	23Signal_Price-v1 GBPJPY,M1: initialized
0	13:17:39.182	Max_Pivot GBPJPY,M1: initialized
0	13:17:39.182	Max_Line GBPJPY,M1: initialized
0	13:17:39.198	Otyame001_Ichimoku_Shift GBPJPY,M1: initialized
0	13:17:39.213	Otyame005_Super_Bollinger GBPJPY,M1: initialized
0	13:17:39.729	Custom indicator Otyame005_Super_Bollinger AUDUSD,H1: loaded successfully
0	13:17:39.776	Custom indicator 23Signal_Price-v1 AUDUSD,H1: loaded successfully
0	13:17:39.791	Custom indicator chikou_span_attacker AUDUSD,H1: loaded successfully
0	13:17:39.807	Custom indicator PZ_Harmonic AUDUSD,H1: loaded successfully
0	13:17:39.807	Otyame005_Super_Bollinger AUDUSD,H1: initialized
0	13:17:39.807	23Signal_Price-v1 AUDUSD,H1: initialized
0	13:17:39.823	chikou_span_attacker AUDUSD,H1: initialized
0	13:17:39.838	PZ_Harmonic AUDUSD,H1: initialized
0	13:17:39.948	Custom indicator 23Signal_Price-v1 AUDUSD,M5: loaded successfully
0	13:17:39.948	Custom indicator Max_Pivot AUDUSD,M5: loaded successfully
0	13:17:39.948	Custom indicator Max_Line AUDUSD,M5: loaded successfully
0	13:17:39.963	Custom indicator Otyame001_Ichimoku_Shift AUDUSD,M5: loaded successfully
0	13:17:39.979	Custom indicator Otyame005_Super_Bollinger AUDUSD,M5: loaded successfully
0	13:17:39.979	23Signal_Price-v1 AUDUSD,M5: initialized
0	13:17:39.979	Max_Pivot AUDUSD,M5: initialized
0	13:17:39.995	Max_Line AUDUSD,M5: initialized
0	13:17:40.010	Otyame001_Ichimoku_Shift AUDUSD,M5: initialized
0	13:17:40.010	Otyame005_Super_Bollinger AUDUSD,M5: initialized
0	13:17:40.213	Custom indicator Otyame005_Super_Bollinger GBPAUD,H1: loaded successfully
0	13:17:40.245	Custom indicator 23Signal_Price-v1 GBPAUD,H1: loaded successfully
0	13:17:40.260	Custom indicator chikou_span_attacker GBPAUD,H1: loaded successfully
0	13:17:40.276	Custom indicator PZ_Harmonic GBPAUD,H1: loaded successfully
0	13:17:40.291	Otyame005_Super_Bollinger GBPAUD,H1: initialized
0	13:17:40.291	23Signal_Price-v1 GBPAUD,H1: initialized
0	13:17:40.291	chikou_span_attacker GBPAUD,H1: initialized
0	13:17:40.323	PZ_Harmonic GBPAUD,H1: initialized
0	13:17:40.416	Custom indicator 23Signal_Price-v1 GBPAUD,M5: loaded successfully
0	13:17:40.416	Custom indicator Max_Pivot GBPAUD,M5: loaded successfully
0	13:17:40.416	Custom indicator Max_Line GBPAUD,M5: loaded successfully
0	13:17:40.432	Custom indicator Otyame001_Ichimoku_Shift GBPAUD,M5: loaded successfully
0	13:17:40.448	Custom indicator Otyame005_Super_Bollinger GBPAUD,M5: loaded successfully
0	13:17:40.448	23Signal_Price-v1 GBPAUD,M5: initialized
0	13:17:40.448	Max_Pivot GBPAUD,M5: initialized
0	13:17:40.463	Max_Line GBPAUD,M5: initialized
0	13:17:40.463	Otyame001_Ichimoku_Shift GBPAUD,M5: initialized
0	13:17:40.479	Otyame005_Super_Bollinger GBPAUD,M5: initialized
0	13:24:32.173	Otyame005_Super_Bollinger USDJPY,H1: uninit reason 9
0	13:24:32.173	23Signal_Price-v1 USDJPY,H1: deinitialized
0	13:24:32.173	23Signal_Price-v1 USDJPY,H1: uninit reason 9
0	13:24:32.173	chikou_span_attacker USDJPY,H1: uninit reason 9
0	13:24:32.173	PZ_Harmonic USDJPY,H1: uninit reason 9
0	13:24:32.173	23Signal_Price-v1 USDJPY,M5: deinitialized
0	13:24:32.173	23Signal_Price-v1 USDJPY,M5: uninit reason 9
0	13:24:32.173	Max_Pivot USDJPY,M5: deinitialized
0	13:24:32.173	Max_Pivot USDJPY,M5: uninit reason 9
0	13:24:32.173	Max_Line USDJPY,M5: uninit reason 9
0	13:24:32.173	Otyame001_Ichimoku_Shift USDJPY,M5: uninit reason 9
0	13:24:32.173	Otyame005_Super_Bollinger USDJPY,M5: uninit reason 9
0	13:24:32.173	Otyame005_Super_Bollinger EURUSD,H1: uninit reason 9
0	13:24:32.173	23Signal_Price-v1 EURUSD,H1: deinitialized
0	13:24:32.173	23Signal_Price-v1 EURUSD,H1: uninit reason 9
0	13:24:32.173	chikou_span_attacker EURUSD,H1: uninit reason 9
0	13:24:32.173	PZ_Harmonic EURUSD,H1: uninit reason 9
0	13:24:32.173	23Signal_Price-v1 EURUSD,M5: deinitialized
0	13:24:32.173	23Signal_Price-v1 EURUSD,M5: uninit reason 9
0	13:24:32.173	Max_Pivot EURUSD,M5: deinitialized
0	13:24:32.173	Max_Pivot EURUSD,M5: uninit reason 9
0	13:24:32.173	Max_Line EURUSD,M5: uninit reason 9
0	13:24:32.173	Otyame001_Ichimoku_Shift EURUSD,M5: uninit reason 9
0	13:24:32.173	Otyame005_Super_Bollinger EURUSD,M5: uninit reason 9
0	13:24:32.173	Otyame005_Super_Bollinger EURJPY,H1: uninit reason 9
0	13:24:32.173	23Signal_Price-v1 EURJPY,H1: deinitialized
0	13:24:32.173	23Signal_Price-v1 EURJPY,H1: uninit reason 9
0	13:24:32.173	chikou_span_attacker EURJPY,H1: uninit reason 9
0	13:24:32.173	PZ_Harmonic EURJPY,H1: uninit reason 9
0	13:24:32.173	23Signal_Price-v1 EURJPY,M5: deinitialized
0	13:24:32.173	23Signal_Price-v1 EURJPY,M5: uninit reason 9
0	13:24:32.173	Max_Pivot EURJPY,M5: deinitialized
0	13:24:32.173	Max_Pivot EURJPY,M5: uninit reason 9
0	13:24:32.173	Max_Line EURJPY,M5: uninit reason 9
0	13:24:32.173	Otyame001_Ichimoku_Shift EURJPY,M5: uninit reason 9
0	13:24:32.173	Otyame005_Super_Bollinger EURJPY,M5: uninit reason 9
0	13:24:32.173	Otyame005_Super_Bollinger GBPUSD,H1: uninit reason 9
0	13:24:32.173	23Signal_Price-v1 GBPUSD,H1: deinitialized
0	13:24:32.173	23Signal_Price-v1 GBPUSD,H1: uninit reason 9
0	13:24:32.189	chikou_span_attacker GBPUSD,H1: uninit reason 9
0	13:24:32.189	PZ_Harmonic GBPUSD,H1: uninit reason 9
0	13:24:32.189	23Signal_Price-v1 GBPUSD,M5: deinitialized
0	13:24:32.189	23Signal_Price-v1 GBPUSD,M5: uninit reason 9
0	13:24:32.189	Max_Pivot GBPUSD,M5: deinitialized
0	13:24:32.189	Max_Pivot GBPUSD,M5: uninit reason 9
0	13:24:32.189	Max_Line GBPUSD,M5: uninit reason 9
0	13:24:32.189	Otyame001_Ichimoku_Shift GBPUSD,M5: uninit reason 9
0	13:24:32.189	Otyame005_Super_Bollinger GBPUSD,M5: uninit reason 9
0	13:24:32.189	Otyame005_Super_Bollinger GBPJPY,H1: uninit reason 9
0	13:24:32.189	23Signal_Price-v1 GBPJPY,H1: deinitialized
0	13:24:32.189	23Signal_Price-v1 GBPJPY,H1: uninit reason 9
0	13:24:32.189	chikou_span_attacker GBPJPY,H1: uninit reason 9
0	13:24:32.189	PZ_Harmonic GBPJPY,H1: uninit reason 9
0	13:24:32.189	23Signal_Price-v1 GBPJPY,M1: deinitialized
0	13:24:32.189	23Signal_Price-v1 GBPJPY,M1: uninit reason 9
0	13:24:32.189	Max_Pivot GBPJPY,M1: deinitialized
0	13:24:32.189	Max_Pivot GBPJPY,M1: uninit reason 9
0	13:24:32.189	Max_Line GBPJPY,M1: uninit reason 9
0	13:24:32.189	Otyame001_Ichimoku_Shift GBPJPY,M1: uninit reason 9
0	13:24:32.189	Otyame005_Super_Bollinger GBPJPY,M1: uninit reason 9
0	13:24:32.189	Otyame005_Super_Bollinger AUDUSD,H1: uninit reason 9
0	13:24:32.189	23Signal_Price-v1 AUDUSD,H1: deinitialized
0	13:24:32.189	23Signal_Price-v1 AUDUSD,H1: uninit reason 9
0	13:24:32.189	chikou_span_attacker AUDUSD,H1: uninit reason 9
0	13:24:32.189	PZ_Harmonic AUDUSD,H1: uninit reason 9
0	13:24:32.189	23Signal_Price-v1 AUDUSD,M5: deinitialized
0	13:24:32.189	23Signal_Price-v1 AUDUSD,M5: uninit reason 9
0	13:24:32.189	Max_Pivot AUDUSD,M5: deinitialized
0	13:24:32.189	Max_Pivot AUDUSD,M5: uninit reason 9
0	13:24:32.189	Max_Line AUDUSD,M5: uninit reason 9
0	13:24:32.189	Otyame001_Ichimoku_Shift AUDUSD,M5: uninit reason 9
0	13:24:32.189	Otyame005_Super_Bollinger AUDUSD,M5: uninit reason 9
0	13:24:32.189	Otyame005_Super_Bollinger GBPAUD,H1: uninit reason 9
0	13:24:32.189	23Signal_Price-v1 GBPAUD,H1: deinitialized
0	13:24:32.189	23Signal_Price-v1 GBPAUD,H1: uninit reason 9
0	13:24:32.189	chikou_span_attacker GBPAUD,H1: uninit reason 9
0	13:24:32.189	PZ_Harmonic GBPAUD,H1: uninit reason 9
0	13:24:32.189	23Signal_Price-v1 GBPAUD,M5: deinitialized
0	13:24:32.189	23Signal_Price-v1 GBPAUD,M5: uninit reason 9
0	13:24:32.204	Max_Pivot GBPAUD,M5: deinitialized
0	13:24:32.204	Max_Pivot GBPAUD,M5: uninit reason 9
0	13:24:32.204	Max_Line GBPAUD,M5: uninit reason 9
0	13:24:32.204	Otyame001_Ichimoku_Shift GBPAUD,M5: uninit reason 9
0	13:24:32.204	Otyame005_Super_Bollinger GBPAUD,M5: uninit reason 9
0	13:24:32.267	Custom indicator Otyame005_Super_Bollinger USDJPY,H1: removed
0	13:24:32.267	Custom indicator 23Signal_Price-v1 USDJPY,H1: removed
0	13:24:32.267	Custom indicator chikou_span_attacker USDJPY,H1: removed
0	13:24:32.267	Custom indicator PZ_Harmonic USDJPY,H1: removed
0	13:24:32.267	Custom indicator 23Signal_Price-v1 USDJPY,M5: removed
0	13:24:32.267	Custom indicator Max_Pivot USDJPY,M5: removed
0	13:24:32.282	Custom indicator Max_Line USDJPY,M5: removed
0	13:24:32.282	Custom indicator Otyame001_Ichimoku_Shift USDJPY,M5: removed
0	13:24:32.282	Custom indicator Otyame005_Super_Bollinger USDJPY,M5: removed
0	13:24:32.282	Custom indicator Otyame005_Super_Bollinger EURUSD,H1: removed
0	13:24:32.282	Custom indicator 23Signal_Price-v1 EURUSD,H1: removed
0	13:24:32.282	Custom indicator chikou_span_attacker EURUSD,H1: removed
0	13:24:32.298	Custom indicator PZ_Harmonic EURUSD,H1: removed
0	13:24:32.298	Custom indicator 23Signal_Price-v1 EURUSD,M5: removed
0	13:24:32.298	Custom indicator Max_Pivot EURUSD,M5: removed
0	13:24:32.298	Custom indicator Max_Line EURUSD,M5: removed
0	13:24:32.298	Custom indicator Otyame001_Ichimoku_Shift EURUSD,M5: removed
0	13:24:32.298	Custom indicator Otyame005_Super_Bollinger EURUSD,M5: removed
0	13:24:32.298	Custom indicator Otyame005_Super_Bollinger EURJPY,H1: removed
0	13:24:32.298	Custom indicator 23Signal_Price-v1 EURJPY,H1: removed
0	13:24:32.298	Custom indicator chikou_span_attacker EURJPY,H1: removed
0	13:24:32.314	Custom indicator PZ_Harmonic EURJPY,H1: removed
0	13:24:32.314	Custom indicator 23Signal_Price-v1 EURJPY,M5: removed
0	13:24:32.314	Custom indicator Max_Pivot EURJPY,M5: removed
0	13:24:32.314	Custom indicator Max_Line EURJPY,M5: removed
0	13:24:32.314	Custom indicator Otyame001_Ichimoku_Shift EURJPY,M5: removed
0	13:24:32.314	Custom indicator Otyame005_Super_Bollinger EURJPY,M5: removed
0	13:24:32.314	Custom indicator Otyame005_Super_Bollinger GBPUSD,H1: removed
0	13:24:32.314	Custom indicator 23Signal_Price-v1 GBPUSD,H1: removed
0	13:24:32.329	Custom indicator chikou_span_attacker GBPUSD,H1: removed
0	13:24:32.329	Custom indicator PZ_Harmonic GBPUSD,H1: removed
0	13:24:32.329	Custom indicator 23Signal_Price-v1 GBPUSD,M5: removed
0	13:24:32.329	Custom indicator Max_Pivot GBPUSD,M5: removed
0	13:24:32.345	Custom indicator Max_Line GBPUSD,M5: removed
0	13:24:32.345	Custom indicator Otyame001_Ichimoku_Shift GBPUSD,M5: removed
0	13:24:32.345	Custom indicator Otyame005_Super_Bollinger GBPUSD,M5: removed
0	13:24:32.345	Custom indicator Otyame005_Super_Bollinger GBPJPY,H1: removed
0	13:24:32.345	Custom indicator 23Signal_Price-v1 GBPJPY,H1: removed
0	13:24:32.345	Custom indicator chikou_span_attacker GBPJPY,H1: removed
0	13:24:32.345	Custom indicator PZ_Harmonic GBPJPY,H1: removed
0	13:24:32.361	Custom indicator 23Signal_Price-v1 GBPJPY,M1: removed
0	13:24:32.361	Custom indicator Max_Pivot GBPJPY,M1: removed
0	13:24:32.361	Custom indicator Max_Line GBPJPY,M1: removed
0	13:24:32.361	Custom indicator Otyame001_Ichimoku_Shift GBPJPY,M1: removed
0	13:24:32.361	Custom indicator Otyame005_Super_Bollinger GBPJPY,M1: removed
0	13:24:32.376	Custom indicator Otyame005_Super_Bollinger AUDUSD,H1: removed
0	13:24:32.376	Custom indicator 23Signal_Price-v1 AUDUSD,H1: removed
0	13:24:32.376	Custom indicator chikou_span_attacker AUDUSD,H1: removed
0	13:24:32.376	Custom indicator PZ_Harmonic AUDUSD,H1: removed
0	13:24:32.392	Custom indicator 23Signal_Price-v1 AUDUSD,M5: removed
0	13:24:32.392	Custom indicator Max_Pivot AUDUSD,M5: removed
0	13:24:32.392	Custom indicator Max_Line AUDUSD,M5: removed
0	13:24:32.392	Custom indicator Otyame001_Ichimoku_Shift AUDUSD,M5: removed
0	13:24:32.392	Custom indicator Otyame005_Super_Bollinger AUDUSD,M5: removed
0	13:24:32.407	Custom indicator Otyame005_Super_Bollinger GBPAUD,H1: removed
0	13:24:32.407	Custom indicator 23Signal_Price-v1 GBPAUD,H1: removed
0	13:24:32.407	Custom indicator chikou_span_attacker GBPAUD,H1: removed
0	13:24:32.407	Custom indicator PZ_Harmonic GBPAUD,H1: removed
0	13:24:32.423	Custom indicator 23Signal_Price-v1 GBPAUD,M5: removed
0	13:24:32.423	Custom indicator Max_Pivot GBPAUD,M5: removed
0	13:24:32.423	Custom indicator Max_Line GBPAUD,M5: removed
0	13:24:32.423	Custom indicator Otyame001_Ichimoku_Shift GBPAUD,M5: removed
0	13:24:32.423	Custom indicator Otyame005_Super_Bollinger GBPAUD,M5: removed
0	16:41:04.241	Custom indicator Otyame005_Super_Bollinger USDJPY,H1: loaded successfully
0	16:41:04.312	Custom indicator 23Signal_Price-v1 USDJPY,H1: loaded successfully
0	16:41:04.331	Custom indicator chikou_span_attacker USDJPY,H1: loaded successfully
0	16:41:04.350	Custom indicator PZ_Harmonic USDJPY,H1: loaded successfully
0	16:41:04.371	Otyame005_Super_Bollinger USDJPY,H1: initialized
0	16:41:04.371	23Signal_Price-v1 USDJPY,H1: initialized
0	16:41:04.393	chikou_span_attacker USDJPY,H1: initialized
0	16:41:04.427	PZ_Harmonic USDJPY,H1: initialized
0	16:41:04.605	Custom indicator 23Signal_Price-v1 USDJPY,M5: loaded successfully
0	16:41:04.607	Custom indicator Max_Pivot USDJPY,M5: loaded successfully
0	16:41:04.628	Custom indicator Max_Line USDJPY,M5: loaded successfully
0	16:41:04.649	Custom indicator Otyame001_Ichimoku_Shift USDJPY,M5: loaded successfully
0	16:41:04.669	Custom indicator Otyame005_Super_Bollinger USDJPY,M5: loaded successfully
0	16:41:04.671	23Signal_Price-v1 USDJPY,M5: initialized
0	16:41:04.671	Max_Pivot USDJPY,M5: initialized
0	16:41:04.692	Max_Line USDJPY,M5: initialized
0	16:41:04.709	Otyame001_Ichimoku_Shift USDJPY,M5: initialized
0	16:41:04.726	Otyame005_Super_Bollinger USDJPY,M5: initialized
0	16:41:04.988	Custom indicator Otyame005_Super_Bollinger EURUSD,H1: loaded successfully
0	16:41:05.039	Custom indicator 23Signal_Price-v1 EURUSD,H1: loaded successfully
0	16:41:05.054	Custom indicator chikou_span_attacker EURUSD,H1: loaded successfully
0	16:41:05.069	Custom indicator PZ_Harmonic EURUSD,H1: loaded successfully
0	16:41:05.083	Otyame005_Super_Bollinger EURUSD,H1: initialized
0	16:41:05.083	23Signal_Price-v1 EURUSD,H1: initialized
0	16:41:05.097	chikou_span_attacker EURUSD,H1: initialized
0	16:41:05.119	PZ_Harmonic EURUSD,H1: initialized
0	16:41:05.253	Custom indicator 23Signal_Price-v1 EURUSD,M5: loaded successfully
0	16:41:05.255	Custom indicator Max_Pivot EURUSD,M5: loaded successfully
0	16:41:05.268	Custom indicator Max_Line EURUSD,M5: loaded successfully
0	16:41:05.280	Custom indicator Otyame001_Ichimoku_Shift EURUSD,M5: loaded successfully
0	16:41:05.292	Custom indicator Otyame005_Super_Bollinger EURUSD,M5: loaded successfully
0	16:41:05.294	23Signal_Price-v1 EURUSD,M5: initialized
0	16:41:05.294	Max_Pivot EURUSD,M5: initialized
0	16:41:05.308	Max_Line EURUSD,M5: initialized
0	16:41:05.319	Otyame001_Ichimoku_Shift EURUSD,M5: initialized
0	16:41:05.330	Otyame005_Super_Bollinger EURUSD,M5: initialized
0	16:41:05.546	Custom indicator Otyame005_Super_Bollinger EURJPY,H1: loaded successfully
0	16:41:05.588	Custom indicator 23Signal_Price-v1 EURJPY,H1: loaded successfully
0	16:41:05.600	Custom indicator chikou_span_attacker EURJPY,H1: loaded successfully
0	16:41:05.613	Custom indicator PZ_Harmonic EURJPY,H1: loaded successfully
0	16:41:05.626	Otyame005_Super_Bollinger EURJPY,H1: initialized
0	16:41:05.626	23Signal_Price-v1 EURJPY,H1: initialized
0	16:41:05.640	chikou_span_attacker EURJPY,H1: initialized
0	16:41:05.663	PZ_Harmonic EURJPY,H1: initialized
0	16:41:05.792	Custom indicator 23Signal_Price-v1 EURJPY,M5: loaded successfully
0	16:41:05.794	Custom indicator Max_Pivot EURJPY,M5: loaded successfully
0	16:41:05.806	Custom indicator Max_Line EURJPY,M5: loaded successfully
0	16:41:05.818	Custom indicator Otyame001_Ichimoku_Shift EURJPY,M5: loaded successfully
0	16:41:05.830	Custom indicator Otyame005_Super_Bollinger EURJPY,M5: loaded successfully
0	16:41:05.832	23Signal_Price-v1 EURJPY,M5: initialized
0	16:41:05.832	Max_Pivot EURJPY,M5: initialized
0	16:41:05.845	Max_Line EURJPY,M5: initialized
0	16:41:05.856	Otyame001_Ichimoku_Shift EURJPY,M5: initialized
0	16:41:05.868	Otyame005_Super_Bollinger EURJPY,M5: initialized
0	16:41:06.074	Custom indicator Otyame005_Super_Bollinger GBPUSD,H1: loaded successfully
0	16:41:06.116	Custom indicator 23Signal_Price-v1 GBPUSD,H1: loaded successfully
0	16:41:06.129	Custom indicator chikou_span_attacker GBPUSD,H1: loaded successfully
0	16:41:06.141	Custom indicator PZ_Harmonic GBPUSD,H1: loaded successfully
0	16:41:06.154	Otyame005_Super_Bollinger GBPUSD,H1: initialized
0	16:41:06.154	23Signal_Price-v1 GBPUSD,H1: initialized
0	16:41:06.168	chikou_span_attacker GBPUSD,H1: initialized
0	16:41:06.190	PZ_Harmonic GBPUSD,H1: initialized
0	16:41:06.324	Custom indicator 23Signal_Price-v1 GBPUSD,M5: loaded successfully
0	16:41:06.326	Custom indicator Max_Pivot GBPUSD,M5: loaded successfully
0	16:41:06.338	Custom indicator Max_Line GBPUSD,M5: loaded successfully
0	16:41:06.350	Custom indicator Otyame001_Ichimoku_Shift GBPUSD,M5: loaded successfully
0	16:41:06.362	Custom indicator Otyame005_Super_Bollinger GBPUSD,M5: loaded successfully
0	16:41:06.364	23Signal_Price-v1 GBPUSD,M5: initialized
0	16:41:06.364	Max_Pivot GBPUSD,M5: initialized
0	16:41:06.376	Max_Line GBPUSD,M5: initialized
0	16:41:06.387	Otyame001_Ichimoku_Shift GBPUSD,M5: initialized
0	16:41:06.397	Otyame005_Super_Bollinger GBPUSD,M5: initialized
0	16:41:06.601	Custom indicator Otyame005_Super_Bollinger GBPJPY,H1: loaded successfully
0	16:41:06.641	Custom indicator 23Signal_Price-v1 GBPJPY,H1: loaded successfully
0	16:41:06.653	Custom indicator chikou_span_attacker GBPJPY,H1: loaded successfully
0	16:41:06.667	Custom indicator PZ_Harmonic GBPJPY,H1: loaded successfully
0	16:41:06.680	Otyame005_Super_Bollinger GBPJPY,H1: initialized
0	16:41:06.680	23Signal_Price-v1 GBPJPY,H1: initialized
0	16:41:06.693	chikou_span_attacker GBPJPY,H1: initialized
0	16:41:06.715	PZ_Harmonic GBPJPY,H1: initialized
0	16:41:06.852	Custom indicator 23Signal_Price-v1 GBPJPY,M1: loaded successfully
0	16:41:06.854	Custom indicator Max_Pivot GBPJPY,M1: loaded successfully
0	16:41:06.866	Custom indicator Max_Line GBPJPY,M1: loaded successfully
0	16:41:06.878	Custom indicator Otyame001_Ichimoku_Shift GBPJPY,M1: loaded successfully
0	16:41:06.890	Custom indicator Otyame005_Super_Bollinger GBPJPY,M1: loaded successfully
0	16:41:06.893	23Signal_Price-v1 GBPJPY,M1: initialized
0	16:41:06.893	Max_Pivot GBPJPY,M1: initialized
0	16:41:06.905	Max_Line GBPJPY,M1: initialized
0	16:41:06.916	Otyame001_Ichimoku_Shift GBPJPY,M1: initialized
0	16:41:06.926	Otyame005_Super_Bollinger GBPJPY,M1: initialized
0	16:41:07.469	Custom indicator Otyame005_Super_Bollinger AUDUSD,H1: loaded successfully
0	16:41:07.509	Custom indicator 23Signal_Price-v1 AUDUSD,H1: loaded successfully
0	16:41:07.522	Custom indicator chikou_span_attacker AUDUSD,H1: loaded successfully
0	16:41:07.534	Custom indicator PZ_Harmonic AUDUSD,H1: loaded successfully
0	16:41:07.548	Otyame005_Super_Bollinger AUDUSD,H1: initialized
0	16:41:07.548	23Signal_Price-v1 AUDUSD,H1: initialized
0	16:41:07.561	chikou_span_attacker AUDUSD,H1: initialized
0	16:41:07.583	PZ_Harmonic AUDUSD,H1: initialized
0	16:41:07.720	Custom indicator 23Signal_Price-v1 AUDUSD,M5: loaded successfully
0	16:41:07.722	Custom indicator Max_Pivot AUDUSD,M5: loaded successfully
0	16:41:07.734	Custom indicator Max_Line AUDUSD,M5: loaded successfully
0	16:41:07.746	Custom indicator Otyame001_Ichimoku_Shift AUDUSD,M5: loaded successfully
0	16:41:07.758	Custom indicator Otyame005_Super_Bollinger AUDUSD,M5: loaded successfully
0	16:41:07.760	23Signal_Price-v1 AUDUSD,M5: initialized
0	16:41:07.760	Max_Pivot AUDUSD,M5: initialized
0	16:41:07.773	Max_Line AUDUSD,M5: initialized
0	16:41:07.783	Otyame001_Ichimoku_Shift AUDUSD,M5: initialized
0	16:41:07.793	Otyame005_Super_Bollinger AUDUSD,M5: initialized
0	16:41:07.999	Custom indicator Otyame005_Super_Bollinger GBPAUD,H1: loaded successfully
0	16:41:08.040	Custom indicator 23Signal_Price-v1 GBPAUD,H1: loaded successfully
0	16:41:08.052	Custom indicator chikou_span_attacker GBPAUD,H1: loaded successfully
0	16:41:08.065	Custom indicator PZ_Harmonic GBPAUD,H1: loaded successfully
0	16:41:08.077	Otyame005_Super_Bollinger GBPAUD,H1: initialized
0	16:41:08.078	23Signal_Price-v1 GBPAUD,H1: initialized
0	16:41:08.091	chikou_span_attacker GBPAUD,H1: initialized
0	16:41:08.113	PZ_Harmonic GBPAUD,H1: initialized
0	16:41:08.239	Custom indicator 23Signal_Price-v1 GBPAUD,M5: loaded successfully
0	16:41:08.241	Custom indicator Max_Pivot GBPAUD,M5: loaded successfully
0	16:41:08.253	Custom indicator Max_Line GBPAUD,M5: loaded successfully
0	16:41:08.265	Custom indicator Otyame001_Ichimoku_Shift GBPAUD,M5: loaded successfully
0	16:41:08.277	Custom indicator Otyame005_Super_Bollinger GBPAUD,M5: loaded successfully
0	16:41:08.278	23Signal_Price-v1 GBPAUD,M5: initialized
0	16:41:08.278	Max_Pivot GBPAUD,M5: initialized
0	16:41:08.291	Max_Line GBPAUD,M5: initialized
0	16:41:08.302	Otyame001_Ichimoku_Shift GBPAUD,M5: initialized
0	16:41:08.312	Otyame005_Super_Bollinger GBPAUD,M5: initialized
