0	19:43:12.734	Custom indicator Otyame005_Super_Bollinger USDJPY,H1: loaded successfully
0	19:43:12.765	Custom indicator 23Signal_Price-v1 USDJPY,H1: loaded successfully
0	19:43:12.781	Custom indicator chikou_span_attacker USDJPY,H1: loaded successfully
0	19:43:12.797	Custom indicator PZ_Harmonic USDJPY,H1: loaded successfully
0	19:43:12.812	Otyame005_Super_Bollinger USDJPY,H1: initialized
0	19:43:12.812	23Signal_Price-v1 USDJPY,H1: initialized
0	19:43:12.828	chikou_span_attacker USDJPY,H1: initialized
0	19:43:12.859	PZ_Harmonic USDJPY,H1: initialized
0	19:43:13.000	Custom indicator 23Signal_Price-v1 USDJPY,M5: loaded successfully
0	19:43:13.000	Custom indicator Max_Pivot USDJPY,M5: loaded successfully
0	19:43:13.015	Custom indicator Max_Line USDJPY,M5: loaded successfully
0	19:43:13.031	Custom indicator Otyame001_Ichimoku_Shift USDJPY,M5: loaded successfully
0	19:43:13.062	Custom indicator Otyame005_Super_Bollinger USDJPY,M5: loaded successfully
0	19:43:13.062	23Signal_Price-v1 USDJPY,M5: initialized
0	19:43:13.062	Max_Pivot USDJPY,M5: initialized
0	19:43:13.078	Max_Line USDJPY,M5: initialized
0	19:43:13.093	Otyame001_Ichimoku_Shift USDJPY,M5: initialized
0	19:43:13.109	Otyame005_Super_Bollinger USDJPY,M5: initialized
0	19:43:13.359	Custom indicator Otyame005_Super_Bollinger EURUSD,H1: loaded successfully
0	19:43:13.437	Custom indicator 23Signal_Price-v1 EURUSD,H1: loaded successfully
0	19:43:13.453	Custom indicator chikou_span_attacker EURUSD,H1: loaded successfully
0	19:43:13.468	Custom indicator PZ_Harmonic EURUSD,H1: loaded successfully
0	19:43:13.500	Otyame005_Super_Bollinger EURUSD,H1: initialized
0	19:43:13.500	23Signal_Price-v1 EURUSD,H1: initialized
0	19:43:13.515	chikou_span_attacker EURUSD,H1: initialized
0	19:43:13.547	PZ_Harmonic EURUSD,H1: initialized
0	19:43:13.703	Custom indicator 23Signal_Price-v1 EURUSD,M5: loaded successfully
0	19:43:13.703	Custom indicator Max_Pivot EURUSD,M5: loaded successfully
0	19:43:13.718	Custom indicator Max_Line EURUSD,M5: loaded successfully
0	19:43:13.734	Custom indicator Otyame001_Ichimoku_Shift EURUSD,M5: loaded successfully
0	19:43:13.750	Custom indicator Otyame005_Super_Bollinger EURUSD,M5: loaded successfully
0	19:43:13.750	23Signal_Price-v1 EURUSD,M5: initialized
0	19:43:13.750	Max_Pivot EURUSD,M5: initialized
0	19:43:13.765	Max_Line EURUSD,M5: initialized
0	19:43:13.781	Otyame001_Ichimoku_Shift EURUSD,M5: initialized
0	19:43:13.797	Otyame005_Super_Bollinger EURUSD,M5: initialized
0	19:43:13.984	Custom indicator Otyame005_Super_Bollinger EURJPY,H1: loaded successfully
0	19:43:14.031	Custom indicator 23Signal_Price-v1 EURJPY,H1: loaded successfully
0	19:43:14.047	Custom indicator chikou_span_attacker EURJPY,H1: loaded successfully
0	19:43:14.062	Custom indicator PZ_Harmonic EURJPY,H1: loaded successfully
0	19:43:14.078	Otyame005_Super_Bollinger EURJPY,H1: initialized
0	19:43:14.078	23Signal_Price-v1 EURJPY,H1: initialized
0	19:43:14.078	chikou_span_attacker EURJPY,H1: initialized
0	19:43:14.109	PZ_Harmonic EURJPY,H1: initialized
0	19:43:14.234	Custom indicator 23Signal_Price-v1 EURJPY,M5: loaded successfully
0	19:43:14.250	Custom indicator Max_Pivot EURJPY,M5: loaded successfully
0	19:43:14.250	Custom indicator Max_Line EURJPY,M5: loaded successfully
0	19:43:14.265	Custom indicator Otyame001_Ichimoku_Shift EURJPY,M5: loaded successfully
0	19:43:14.281	Custom indicator Otyame005_Super_Bollinger EURJPY,M5: loaded successfully
0	19:43:14.281	23Signal_Price-v1 EURJPY,M5: initialized
0	19:43:14.281	Max_Pivot EURJPY,M5: initialized
0	19:43:14.297	Max_Line EURJPY,M5: initialized
0	19:43:14.297	Otyame001_Ichimoku_Shift EURJPY,M5: initialized
0	19:43:14.312	Otyame005_Super_Bollinger EURJPY,M5: initialized
0	19:43:14.500	Custom indicator Otyame005_Super_Bollinger GBPUSD,H1: loaded successfully
0	19:43:14.531	Custom indicator 23Signal_Price-v1 GBPUSD,H1: loaded successfully
0	19:43:14.547	Custom indicator chikou_span_attacker GBPUSD,H1: loaded successfully
0	19:43:14.562	Custom indicator PZ_Harmonic GBPUSD,H1: loaded successfully
0	19:43:14.578	Otyame005_Super_Bollinger GBPUSD,H1: initialized
0	19:43:14.578	23Signal_Price-v1 GBPUSD,H1: initialized
0	19:43:14.593	chikou_span_attacker GBPUSD,H1: initialized
0	19:43:14.625	PZ_Harmonic GBPUSD,H1: initialized
0	19:43:14.750	Custom indicator 23Signal_Price-v1 GBPUSD,M5: loaded successfully
0	19:43:14.750	Custom indicator Max_Pivot GBPUSD,M5: loaded successfully
0	19:43:14.765	Custom indicator Max_Line GBPUSD,M5: loaded successfully
0	19:43:14.781	Custom indicator Otyame001_Ichimoku_Shift GBPUSD,M5: loaded successfully
0	19:43:14.797	Custom indicator Otyame005_Super_Bollinger GBPUSD,M5: loaded successfully
0	19:43:14.797	23Signal_Price-v1 GBPUSD,M5: initialized
0	19:43:14.797	Max_Pivot GBPUSD,M5: initialized
0	19:43:14.812	Max_Line GBPUSD,M5: initialized
0	19:43:14.812	Otyame001_Ichimoku_Shift GBPUSD,M5: initialized
0	19:43:14.828	Otyame005_Super_Bollinger GBPUSD,M5: initialized
0	19:43:15.075	Custom indicator Otyame005_Super_Bollinger GBPJPY,H1: loaded successfully
0	19:43:15.119	Custom indicator 23Signal_Price-v1 GBPJPY,H1: loaded successfully
0	19:43:15.135	Custom indicator chikou_span_attacker GBPJPY,H1: loaded successfully
0	19:43:15.147	Custom indicator PZ_Harmonic GBPJPY,H1: loaded successfully
0	19:43:15.163	Otyame005_Super_Bollinger GBPJPY,H1: initialized
0	19:43:15.163	23Signal_Price-v1 GBPJPY,H1: initialized
0	19:43:15.175	chikou_span_attacker GBPJPY,H1: initialized
0	19:43:15.199	PZ_Harmonic GBPJPY,H1: initialized
0	19:43:15.331	Custom indicator 23Signal_Price-v1 GBPJPY,M1: loaded successfully
0	19:43:15.335	Custom indicator Max_Pivot GBPJPY,M1: loaded successfully
0	19:43:15.347	Custom indicator Max_Line GBPJPY,M1: loaded successfully
0	19:43:15.359	Custom indicator Otyame001_Ichimoku_Shift GBPJPY,M1: loaded successfully
0	19:43:15.371	Custom indicator Otyame005_Super_Bollinger GBPJPY,M1: loaded successfully
0	19:43:15.375	23Signal_Price-v1 GBPJPY,M1: initialized
0	19:43:15.375	Max_Pivot GBPJPY,M1: initialized
0	19:43:15.388	Max_Line GBPJPY,M1: initialized
0	19:43:15.388	Otyame001_Ichimoku_Shift GBPJPY,M1: initialized
0	19:43:15.404	Otyame005_Super_Bollinger GBPJPY,M1: initialized
0	19:43:15.939	Custom indicator Otyame005_Super_Bollinger AUDUSD,H1: loaded successfully
0	19:43:15.989	Custom indicator 23Signal_Price-v1 AUDUSD,H1: loaded successfully
0	19:43:16.006	Custom indicator chikou_span_attacker AUDUSD,H1: loaded successfully
0	19:43:16.022	Custom indicator PZ_Harmonic AUDUSD,H1: loaded successfully
0	19:43:16.038	Otyame005_Super_Bollinger AUDUSD,H1: initialized
0	19:43:16.038	23Signal_Price-v1 AUDUSD,H1: initialized
0	19:43:16.050	chikou_span_attacker AUDUSD,H1: initialized
0	19:43:16.079	PZ_Harmonic AUDUSD,H1: initialized
0	19:43:16.201	Custom indicator 23Signal_Price-v1 AUDUSD,M5: loaded successfully
0	19:43:16.217	Custom indicator Max_Pivot AUDUSD,M5: loaded successfully
0	19:43:16.217	Custom indicator Max_Line AUDUSD,M5: loaded successfully
0	19:43:16.232	Custom indicator Otyame001_Ichimoku_Shift AUDUSD,M5: loaded successfully
0	19:43:16.248	Custom indicator Otyame005_Super_Bollinger AUDUSD,M5: loaded successfully
0	19:43:16.248	23Signal_Price-v1 AUDUSD,M5: initialized
0	19:43:16.248	Max_Pivot AUDUSD,M5: initialized
0	19:43:16.264	Max_Line AUDUSD,M5: initialized
0	19:43:16.264	Otyame001_Ichimoku_Shift AUDUSD,M5: initialized
0	19:43:16.279	Otyame005_Super_Bollinger AUDUSD,M5: initialized
0	19:43:16.467	Custom indicator Otyame005_Super_Bollinger GBPAUD,H1: loaded successfully
0	19:43:16.498	Custom indicator 23Signal_Price-v1 GBPAUD,H1: loaded successfully
0	19:43:16.514	Custom indicator chikou_span_attacker GBPAUD,H1: loaded successfully
0	19:43:16.529	Custom indicator PZ_Harmonic GBPAUD,H1: loaded successfully
0	19:43:16.545	Otyame005_Super_Bollinger GBPAUD,H1: initialized
0	19:43:16.545	23Signal_Price-v1 GBPAUD,H1: initialized
0	19:43:16.561	chikou_span_attacker GBPAUD,H1: initialized
0	19:43:16.576	PZ_Harmonic GBPAUD,H1: initialized
0	19:43:16.701	Custom indicator 23Signal_Price-v1 GBPAUD,M5: loaded successfully
0	19:43:16.701	Custom indicator Max_Pivot GBPAUD,M5: loaded successfully
0	19:43:16.701	Custom indicator Max_Line GBPAUD,M5: loaded successfully
0	19:43:16.717	Custom indicator Otyame001_Ichimoku_Shift GBPAUD,M5: loaded successfully
0	19:43:16.732	Custom indicator Otyame005_Super_Bollinger GBPAUD,M5: loaded successfully
0	19:43:16.732	23Signal_Price-v1 GBPAUD,M5: initialized
0	19:43:16.732	Max_Pivot GBPAUD,M5: initialized
0	19:43:16.748	Max_Line GBPAUD,M5: initialized
0	19:43:16.764	Otyame001_Ichimoku_Shift GBPAUD,M5: initialized
0	19:43:16.764	Otyame005_Super_Bollinger GBPAUD,M5: initialized
0	20:40:49.638	Otyame005_Super_Bollinger USDJPY,H1: uninit reason 9
0	20:40:49.638	23Signal_Price-v1 USDJPY,H1: deinitialized
0	20:40:49.638	23Signal_Price-v1 USDJPY,H1: uninit reason 9
0	20:40:49.638	chikou_span_attacker USDJPY,H1: uninit reason 9
0	20:40:49.638	PZ_Harmonic USDJPY,H1: uninit reason 9
0	20:40:49.638	23Signal_Price-v1 USDJPY,M5: deinitialized
0	20:40:49.638	23Signal_Price-v1 USDJPY,M5: uninit reason 9
0	20:40:49.638	Max_Pivot USDJPY,M5: deinitialized
0	20:40:49.638	Max_Pivot USDJPY,M5: uninit reason 9
0	20:40:49.638	Max_Line USDJPY,M5: uninit reason 9
0	20:40:49.638	Otyame001_Ichimoku_Shift USDJPY,M5: uninit reason 9
0	20:40:49.638	Otyame005_Super_Bollinger USDJPY,M5: uninit reason 9
0	20:40:49.638	Otyame005_Super_Bollinger EURUSD,H1: uninit reason 9
0	20:40:49.638	23Signal_Price-v1 EURUSD,H1: deinitialized
0	20:40:49.638	23Signal_Price-v1 EURUSD,H1: uninit reason 9
0	20:40:49.638	chikou_span_attacker EURUSD,H1: uninit reason 9
0	20:40:49.638	PZ_Harmonic EURUSD,H1: uninit reason 9
0	20:40:49.638	23Signal_Price-v1 EURUSD,M5: deinitialized
0	20:40:49.638	23Signal_Price-v1 EURUSD,M5: uninit reason 9
0	20:40:49.638	Max_Pivot EURUSD,M5: deinitialized
0	20:40:49.638	Max_Pivot EURUSD,M5: uninit reason 9
0	20:40:49.638	Max_Line EURUSD,M5: uninit reason 9
0	20:40:49.638	Otyame001_Ichimoku_Shift EURUSD,M5: uninit reason 9
0	20:40:49.638	Otyame005_Super_Bollinger EURUSD,M5: uninit reason 9
0	20:40:49.638	Otyame005_Super_Bollinger EURJPY,H1: uninit reason 9
0	20:40:49.638	23Signal_Price-v1 EURJPY,H1: deinitialized
0	20:40:49.638	23Signal_Price-v1 EURJPY,H1: uninit reason 9
0	20:40:49.653	chikou_span_attacker EURJPY,H1: uninit reason 9
0	20:40:49.653	PZ_Harmonic EURJPY,H1: uninit reason 9
0	20:40:49.653	23Signal_Price-v1 EURJPY,M5: deinitialized
0	20:40:49.653	23Signal_Price-v1 EURJPY,M5: uninit reason 9
0	20:40:49.653	Max_Pivot EURJPY,M5: deinitialized
0	20:40:49.653	Max_Pivot EURJPY,M5: uninit reason 9
0	20:40:49.653	Max_Line EURJPY,M5: uninit reason 9
0	20:40:49.653	Otyame001_Ichimoku_Shift EURJPY,M5: uninit reason 9
0	20:40:49.653	Otyame005_Super_Bollinger EURJPY,M5: uninit reason 9
0	20:40:49.653	Otyame005_Super_Bollinger GBPUSD,H1: uninit reason 9
0	20:40:49.653	23Signal_Price-v1 GBPUSD,H1: deinitialized
0	20:40:49.653	23Signal_Price-v1 GBPUSD,H1: uninit reason 9
0	20:40:49.653	chikou_span_attacker GBPUSD,H1: uninit reason 9
0	20:40:49.653	PZ_Harmonic GBPUSD,H1: uninit reason 9
0	20:40:49.653	23Signal_Price-v1 GBPUSD,M5: deinitialized
0	20:40:49.653	23Signal_Price-v1 GBPUSD,M5: uninit reason 9
0	20:40:49.653	Max_Pivot GBPUSD,M5: deinitialized
0	20:40:49.653	Max_Pivot GBPUSD,M5: uninit reason 9
0	20:40:49.653	Max_Line GBPUSD,M5: uninit reason 9
0	20:40:49.653	Otyame001_Ichimoku_Shift GBPUSD,M5: uninit reason 9
0	20:40:49.653	Otyame005_Super_Bollinger GBPUSD,M5: uninit reason 9
0	20:40:49.653	Otyame005_Super_Bollinger GBPJPY,H1: uninit reason 9
0	20:40:49.653	23Signal_Price-v1 GBPJPY,H1: deinitialized
0	20:40:49.653	23Signal_Price-v1 GBPJPY,H1: uninit reason 9
0	20:40:49.653	chikou_span_attacker GBPJPY,H1: uninit reason 9
0	20:40:49.653	PZ_Harmonic GBPJPY,H1: uninit reason 9
0	20:40:49.653	23Signal_Price-v1 GBPJPY,M1: deinitialized
0	20:40:49.653	23Signal_Price-v1 GBPJPY,M1: uninit reason 9
0	20:40:49.653	Max_Pivot GBPJPY,M1: deinitialized
0	20:40:49.653	Max_Pivot GBPJPY,M1: uninit reason 9
0	20:40:49.653	Max_Line GBPJPY,M1: uninit reason 9
0	20:40:49.653	Otyame001_Ichimoku_Shift GBPJPY,M1: uninit reason 9
0	20:40:49.653	Otyame005_Super_Bollinger GBPJPY,M1: uninit reason 9
0	20:40:49.653	Otyame005_Super_Bollinger AUDUSD,H1: uninit reason 9
0	20:40:49.653	23Signal_Price-v1 AUDUSD,H1: deinitialized
0	20:40:49.653	23Signal_Price-v1 AUDUSD,H1: uninit reason 9
0	20:40:49.653	chikou_span_attacker AUDUSD,H1: uninit reason 9
0	20:40:49.653	PZ_Harmonic AUDUSD,H1: uninit reason 9
0	20:40:49.653	23Signal_Price-v1 AUDUSD,M5: deinitialized
0	20:40:49.653	23Signal_Price-v1 AUDUSD,M5: uninit reason 9
0	20:40:49.669	Max_Pivot AUDUSD,M5: deinitialized
0	20:40:49.669	Max_Pivot AUDUSD,M5: uninit reason 9
0	20:40:49.669	Max_Line AUDUSD,M5: uninit reason 9
0	20:40:49.669	Otyame001_Ichimoku_Shift AUDUSD,M5: uninit reason 9
0	20:40:49.669	Otyame005_Super_Bollinger AUDUSD,M5: uninit reason 9
0	20:40:49.669	Otyame005_Super_Bollinger GBPAUD,H1: uninit reason 9
0	20:40:49.669	23Signal_Price-v1 GBPAUD,H1: deinitialized
0	20:40:49.669	23Signal_Price-v1 GBPAUD,H1: uninit reason 9
0	20:40:49.669	chikou_span_attacker GBPAUD,H1: uninit reason 9
0	20:40:49.669	PZ_Harmonic GBPAUD,H1: uninit reason 9
0	20:40:49.669	23Signal_Price-v1 GBPAUD,M5: deinitialized
0	20:40:49.669	23Signal_Price-v1 GBPAUD,M5: uninit reason 9
0	20:40:49.669	Max_Pivot GBPAUD,M5: deinitialized
0	20:40:49.669	Max_Pivot GBPAUD,M5: uninit reason 9
0	20:40:49.669	Max_Line GBPAUD,M5: uninit reason 9
0	20:40:49.669	Otyame001_Ichimoku_Shift GBPAUD,M5: uninit reason 9
0	20:40:49.669	Otyame005_Super_Bollinger GBPAUD,M5: uninit reason 9
0	20:40:49.731	Custom indicator Otyame005_Super_Bollinger USDJPY,H1: removed
0	20:40:49.731	Custom indicator 23Signal_Price-v1 USDJPY,H1: removed
0	20:40:49.731	Custom indicator chikou_span_attacker USDJPY,H1: removed
0	20:40:49.731	Custom indicator PZ_Harmonic USDJPY,H1: removed
0	20:40:49.731	Custom indicator 23Signal_Price-v1 USDJPY,M5: removed
0	20:40:49.731	Custom indicator Max_Pivot USDJPY,M5: removed
0	20:40:49.747	Custom indicator Max_Line USDJPY,M5: removed
0	20:40:49.747	Custom indicator Otyame001_Ichimoku_Shift USDJPY,M5: removed
0	20:40:49.747	Custom indicator Otyame005_Super_Bollinger USDJPY,M5: removed
0	20:40:49.763	Custom indicator Otyame005_Super_Bollinger EURUSD,H1: removed
0	20:40:49.763	Custom indicator 23Signal_Price-v1 EURUSD,H1: removed
0	20:40:49.763	Custom indicator chikou_span_attacker EURUSD,H1: removed
0	20:40:49.763	Custom indicator PZ_Harmonic EURUSD,H1: removed
0	20:40:49.763	Custom indicator 23Signal_Price-v1 EURUSD,M5: removed
0	20:40:49.763	Custom indicator Max_Pivot EURUSD,M5: removed
0	20:40:49.763	Custom indicator Max_Line EURUSD,M5: removed
0	20:40:49.763	Custom indicator Otyame001_Ichimoku_Shift EURUSD,M5: removed
0	20:40:49.763	Custom indicator Otyame005_Super_Bollinger EURUSD,M5: removed
0	20:40:49.778	Custom indicator Otyame005_Super_Bollinger EURJPY,H1: removed
0	20:40:49.778	Custom indicator 23Signal_Price-v1 EURJPY,H1: removed
0	20:40:49.778	Custom indicator chikou_span_attacker EURJPY,H1: removed
0	20:40:49.778	Custom indicator PZ_Harmonic EURJPY,H1: removed
0	20:40:49.778	Custom indicator 23Signal_Price-v1 EURJPY,M5: removed
0	20:40:49.778	Custom indicator Max_Pivot EURJPY,M5: removed
0	20:40:49.778	Custom indicator Max_Line EURJPY,M5: removed
0	20:40:49.778	Custom indicator Otyame001_Ichimoku_Shift EURJPY,M5: removed
0	20:40:49.778	Custom indicator Otyame005_Super_Bollinger EURJPY,M5: removed
0	20:40:49.794	Custom indicator Otyame005_Super_Bollinger GBPUSD,H1: removed
0	20:40:49.794	Custom indicator 23Signal_Price-v1 GBPUSD,H1: removed
0	20:40:49.794	Custom indicator chikou_span_attacker GBPUSD,H1: removed
0	20:40:49.794	Custom indicator PZ_Harmonic GBPUSD,H1: removed
0	20:40:49.809	Custom indicator 23Signal_Price-v1 GBPUSD,M5: removed
0	20:40:49.809	Custom indicator Max_Pivot GBPUSD,M5: removed
0	20:40:49.809	Custom indicator Max_Line GBPUSD,M5: removed
0	20:40:49.809	Custom indicator Otyame001_Ichimoku_Shift GBPUSD,M5: removed
0	20:40:49.809	Custom indicator Otyame005_Super_Bollinger GBPUSD,M5: removed
0	20:40:49.809	Custom indicator Otyame005_Super_Bollinger GBPJPY,H1: removed
0	20:40:49.809	Custom indicator 23Signal_Price-v1 GBPJPY,H1: removed
0	20:40:49.809	Custom indicator chikou_span_attacker GBPJPY,H1: removed
0	20:40:49.809	Custom indicator PZ_Harmonic GBPJPY,H1: removed
0	20:40:49.825	Custom indicator 23Signal_Price-v1 GBPJPY,M1: removed
0	20:40:49.825	Custom indicator Max_Pivot GBPJPY,M1: removed
0	20:40:49.825	Custom indicator Max_Line GBPJPY,M1: removed
0	20:40:49.825	Custom indicator Otyame001_Ichimoku_Shift GBPJPY,M1: removed
0	20:40:49.825	Custom indicator Otyame005_Super_Bollinger GBPJPY,M1: removed
0	20:40:49.841	Custom indicator Otyame005_Super_Bollinger AUDUSD,H1: removed
0	20:40:49.841	Custom indicator 23Signal_Price-v1 AUDUSD,H1: removed
0	20:40:49.841	Custom indicator chikou_span_attacker AUDUSD,H1: removed
0	20:40:49.856	Custom indicator PZ_Harmonic AUDUSD,H1: removed
0	20:40:49.856	Custom indicator 23Signal_Price-v1 AUDUSD,M5: removed
0	20:40:49.856	Custom indicator Max_Pivot AUDUSD,M5: removed
0	20:40:49.856	Custom indicator Max_Line AUDUSD,M5: removed
0	20:40:49.856	Custom indicator Otyame001_Ichimoku_Shift AUDUSD,M5: removed
0	20:40:49.856	Custom indicator Otyame005_Super_Bollinger AUDUSD,M5: removed
0	20:40:49.872	Custom indicator Otyame005_Super_Bollinger GBPAUD,H1: removed
0	20:40:49.872	Custom indicator 23Signal_Price-v1 GBPAUD,H1: removed
0	20:40:49.872	Custom indicator chikou_span_attacker GBPAUD,H1: removed
0	20:40:49.872	Custom indicator PZ_Harmonic GBPAUD,H1: removed
0	20:40:49.888	Custom indicator 23Signal_Price-v1 GBPAUD,M5: removed
0	20:40:49.888	Custom indicator Max_Pivot GBPAUD,M5: removed
0	20:40:49.888	Custom indicator Max_Line GBPAUD,M5: removed
0	20:40:49.888	Custom indicator Otyame001_Ichimoku_Shift GBPAUD,M5: removed
0	20:40:49.888	Custom indicator Otyame005_Super_Bollinger GBPAUD,M5: removed
0	20:41:56.405	Custom indicator Otyame005_Super_Bollinger USDJPY,H1: loaded successfully
0	20:41:56.452	Custom indicator 23Signal_Price-v1 USDJPY,H1: loaded successfully
0	20:41:56.467	Custom indicator chikou_span_attacker USDJPY,H1: loaded successfully
0	20:41:56.483	Custom indicator PZ_Harmonic USDJPY,H1: loaded successfully
0	20:41:56.499	Otyame005_Super_Bollinger USDJPY,H1: initialized
0	20:41:56.499	23Signal_Price-v1 USDJPY,H1: initialized
0	20:41:56.514	chikou_span_attacker USDJPY,H1: initialized
0	20:41:56.545	PZ_Harmonic USDJPY,H1: initialized
0	20:41:56.702	Custom indicator 23Signal_Price-v1 USDJPY,M5: loaded successfully
0	20:41:56.717	Custom indicator Max_Pivot USDJPY,M5: loaded successfully
0	20:41:56.733	Custom indicator Max_Line USDJPY,M5: loaded successfully
0	20:41:56.749	Custom indicator Otyame001_Ichimoku_Shift USDJPY,M5: loaded successfully
0	20:41:56.764	Custom indicator Otyame005_Super_Bollinger USDJPY,M5: loaded successfully
0	20:41:56.764	23Signal_Price-v1 USDJPY,M5: initialized
0	20:41:56.764	Max_Pivot USDJPY,M5: initialized
0	20:41:56.795	Max_Line USDJPY,M5: initialized
0	20:41:56.811	Otyame001_Ichimoku_Shift USDJPY,M5: initialized
0	20:41:56.827	Otyame005_Super_Bollinger USDJPY,M5: initialized
0	20:41:57.124	Custom indicator Otyame005_Super_Bollinger EURUSD,H1: loaded successfully
0	20:41:57.202	Custom indicator 23Signal_Price-v1 EURUSD,H1: loaded successfully
0	20:41:57.217	Custom indicator chikou_span_attacker EURUSD,H1: loaded successfully
0	20:41:57.233	Custom indicator PZ_Harmonic EURUSD,H1: loaded successfully
0	20:41:57.249	Otyame005_Super_Bollinger EURUSD,H1: initialized
0	20:41:57.249	23Signal_Price-v1 EURUSD,H1: initialized
0	20:41:57.264	chikou_span_attacker EURUSD,H1: initialized
0	20:41:57.295	PZ_Harmonic EURUSD,H1: initialized
0	20:41:57.436	Custom indicator 23Signal_Price-v1 EURUSD,M5: loaded successfully
0	20:41:57.436	Custom indicator Max_Pivot EURUSD,M5: loaded successfully
0	20:41:57.452	Custom indicator Max_Line EURUSD,M5: loaded successfully
0	20:41:57.467	Custom indicator Otyame001_Ichimoku_Shift EURUSD,M5: loaded successfully
0	20:41:57.483	Custom indicator Otyame005_Super_Bollinger EURUSD,M5: loaded successfully
0	20:41:57.483	23Signal_Price-v1 EURUSD,M5: initialized
0	20:41:57.483	Max_Pivot EURUSD,M5: initialized
0	20:41:57.499	Max_Line EURUSD,M5: initialized
0	20:41:57.514	Otyame001_Ichimoku_Shift EURUSD,M5: initialized
0	20:41:57.514	Otyame005_Super_Bollinger EURUSD,M5: initialized
0	20:41:57.717	Custom indicator Otyame005_Super_Bollinger EURJPY,H1: loaded successfully
0	20:41:57.764	Custom indicator 23Signal_Price-v1 EURJPY,H1: loaded successfully
0	20:41:57.780	Custom indicator chikou_span_attacker EURJPY,H1: loaded successfully
0	20:41:57.795	Custom indicator PZ_Harmonic EURJPY,H1: loaded successfully
0	20:41:57.795	Otyame005_Super_Bollinger EURJPY,H1: initialized
0	20:41:57.795	23Signal_Price-v1 EURJPY,H1: initialized
0	20:41:57.811	chikou_span_attacker EURJPY,H1: initialized
0	20:41:57.842	PZ_Harmonic EURJPY,H1: initialized
0	20:41:57.936	Custom indicator 23Signal_Price-v1 EURJPY,M5: loaded successfully
0	20:41:57.936	Custom indicator Max_Pivot EURJPY,M5: loaded successfully
0	20:41:57.952	Custom indicator Max_Line EURJPY,M5: loaded successfully
0	20:41:57.952	Custom indicator Otyame001_Ichimoku_Shift EURJPY,M5: loaded successfully
0	20:41:57.967	Custom indicator Otyame005_Super_Bollinger EURJPY,M5: loaded successfully
0	20:41:57.967	23Signal_Price-v1 EURJPY,M5: initialized
0	20:41:57.967	Max_Pivot EURJPY,M5: initialized
0	20:41:57.983	Max_Line EURJPY,M5: initialized
0	20:41:57.999	Otyame001_Ichimoku_Shift EURJPY,M5: initialized
0	20:41:57.999	Otyame005_Super_Bollinger EURJPY,M5: initialized
0	20:41:58.186	Custom indicator Otyame005_Super_Bollinger GBPUSD,H1: loaded successfully
0	20:41:58.217	Custom indicator 23Signal_Price-v1 GBPUSD,H1: loaded successfully
0	20:41:58.233	Custom indicator chikou_span_attacker GBPUSD,H1: loaded successfully
0	20:41:58.249	Custom indicator PZ_Harmonic GBPUSD,H1: loaded successfully
0	20:41:58.264	Otyame005_Super_Bollinger GBPUSD,H1: initialized
0	20:41:58.264	23Signal_Price-v1 GBPUSD,H1: initialized
0	20:41:58.280	chikou_span_attacker GBPUSD,H1: initialized
0	20:41:58.295	PZ_Harmonic GBPUSD,H1: initialized
0	20:41:58.389	Custom indicator 23Signal_Price-v1 GBPUSD,M5: loaded successfully
0	20:41:58.389	Custom indicator Max_Pivot GBPUSD,M5: loaded successfully
0	20:41:58.405	Custom indicator Max_Line GBPUSD,M5: loaded successfully
0	20:41:58.420	Custom indicator Otyame001_Ichimoku_Shift GBPUSD,M5: loaded successfully
0	20:41:58.436	Custom indicator Otyame005_Super_Bollinger GBPUSD,M5: loaded successfully
0	20:41:58.436	23Signal_Price-v1 GBPUSD,M5: initialized
0	20:41:58.436	Max_Pivot GBPUSD,M5: initialized
0	20:41:58.452	Max_Line GBPUSD,M5: initialized
0	20:41:58.452	Otyame001_Ichimoku_Shift GBPUSD,M5: initialized
0	20:41:58.467	Otyame005_Super_Bollinger GBPUSD,M5: initialized
0	20:41:58.655	Custom indicator Otyame005_Super_Bollinger GBPJPY,H1: loaded successfully
0	20:41:58.702	Custom indicator 23Signal_Price-v1 GBPJPY,H1: loaded successfully
0	20:41:58.717	Custom indicator chikou_span_attacker GBPJPY,H1: loaded successfully
0	20:41:58.717	Custom indicator PZ_Harmonic GBPJPY,H1: loaded successfully
0	20:41:58.733	Otyame005_Super_Bollinger GBPJPY,H1: initialized
0	20:41:58.733	23Signal_Price-v1 GBPJPY,H1: initialized
0	20:41:58.749	chikou_span_attacker GBPJPY,H1: initialized
0	20:41:58.764	PZ_Harmonic GBPJPY,H1: initialized
0	20:41:58.874	Custom indicator 23Signal_Price-v1 GBPJPY,M1: loaded successfully
0	20:41:58.874	Custom indicator Max_Pivot GBPJPY,M1: loaded successfully
0	20:41:58.889	Custom indicator Max_Line GBPJPY,M1: loaded successfully
0	20:41:58.905	Custom indicator Otyame001_Ichimoku_Shift GBPJPY,M1: loaded successfully
0	20:41:58.905	Custom indicator Otyame005_Super_Bollinger GBPJPY,M1: loaded successfully
0	20:41:58.920	23Signal_Price-v1 GBPJPY,M1: initialized
0	20:41:58.920	Max_Pivot GBPJPY,M1: initialized
0	20:41:58.920	Max_Line GBPJPY,M1: initialized
0	20:41:58.936	Otyame001_Ichimoku_Shift GBPJPY,M1: initialized
0	20:41:58.952	Otyame005_Super_Bollinger GBPJPY,M1: initialized
0	20:41:59.467	Custom indicator Otyame005_Super_Bollinger AUDUSD,H1: loaded successfully
0	20:41:59.514	Custom indicator 23Signal_Price-v1 AUDUSD,H1: loaded successfully
0	20:41:59.530	Custom indicator chikou_span_attacker AUDUSD,H1: loaded successfully
0	20:41:59.545	Custom indicator PZ_Harmonic AUDUSD,H1: loaded successfully
0	20:41:59.545	Otyame005_Super_Bollinger AUDUSD,H1: initialized
0	20:41:59.545	23Signal_Price-v1 AUDUSD,H1: initialized
0	20:41:59.561	chikou_span_attacker AUDUSD,H1: initialized
0	20:41:59.593	PZ_Harmonic AUDUSD,H1: initialized
0	20:41:59.699	Custom indicator 23Signal_Price-v1 AUDUSD,M5: loaded successfully
0	20:41:59.701	Custom indicator Max_Pivot AUDUSD,M5: loaded successfully
0	20:41:59.713	Custom indicator Max_Line AUDUSD,M5: loaded successfully
0	20:41:59.725	Custom indicator Otyame001_Ichimoku_Shift AUDUSD,M5: loaded successfully
0	20:41:59.737	Custom indicator Otyame005_Super_Bollinger AUDUSD,M5: loaded successfully
0	20:41:59.738	23Signal_Price-v1 AUDUSD,M5: initialized
0	20:41:59.738	Max_Pivot AUDUSD,M5: initialized
0	20:41:59.750	Max_Line AUDUSD,M5: initialized
0	20:41:59.761	Otyame001_Ichimoku_Shift AUDUSD,M5: initialized
0	20:41:59.771	Otyame005_Super_Bollinger AUDUSD,M5: initialized
0	20:41:59.964	Custom indicator Otyame005_Super_Bollinger GBPAUD,H1: loaded successfully
0	20:42:00.004	Custom indicator 23Signal_Price-v1 GBPAUD,H1: loaded successfully
0	20:42:00.017	Custom indicator chikou_span_attacker GBPAUD,H1: loaded successfully
0	20:42:00.030	Custom indicator PZ_Harmonic GBPAUD,H1: loaded successfully
0	20:42:00.042	Otyame005_Super_Bollinger GBPAUD,H1: initialized
0	20:42:00.042	23Signal_Price-v1 GBPAUD,H1: initialized
0	20:42:00.055	chikou_span_attacker GBPAUD,H1: initialized
0	20:42:00.076	PZ_Harmonic GBPAUD,H1: initialized
0	20:42:00.179	Custom indicator 23Signal_Price-v1 GBPAUD,M5: loaded successfully
0	20:42:00.181	Custom indicator Max_Pivot GBPAUD,M5: loaded successfully
0	20:42:00.193	Custom indicator Max_Line GBPAUD,M5: loaded successfully
0	20:42:00.206	Custom indicator Otyame001_Ichimoku_Shift GBPAUD,M5: loaded successfully
0	20:42:00.218	Custom indicator Otyame005_Super_Bollinger GBPAUD,M5: loaded successfully
0	20:42:00.219	23Signal_Price-v1 GBPAUD,M5: initialized
0	20:42:00.219	Max_Pivot GBPAUD,M5: initialized
0	20:42:00.233	Max_Line GBPAUD,M5: initialized
0	20:42:00.243	Otyame001_Ichimoku_Shift GBPAUD,M5: initialized
0	20:42:00.254	Otyame005_Super_Bollinger GBPAUD,M5: initialized
0	20:42:14.554	Otyame005_Super_Bollinger USDJPY,H1: uninit reason 9
0	20:42:14.554	23Signal_Price-v1 USDJPY,H1: deinitialized
0	20:42:14.554	23Signal_Price-v1 USDJPY,H1: uninit reason 9
0	20:42:14.554	chikou_span_attacker USDJPY,H1: uninit reason 9
0	20:42:14.554	PZ_Harmonic USDJPY,H1: uninit reason 9
0	20:42:14.554	23Signal_Price-v1 USDJPY,M5: deinitialized
0	20:42:14.554	23Signal_Price-v1 USDJPY,M5: uninit reason 9
0	20:42:14.554	Max_Pivot USDJPY,M5: deinitialized
0	20:42:14.554	Max_Pivot USDJPY,M5: uninit reason 9
0	20:42:14.554	Max_Line USDJPY,M5: uninit reason 9
0	20:42:14.554	Otyame001_Ichimoku_Shift USDJPY,M5: uninit reason 9
0	20:42:14.554	Otyame005_Super_Bollinger USDJPY,M5: uninit reason 9
0	20:42:14.554	Otyame005_Super_Bollinger EURUSD,H1: uninit reason 9
0	20:42:14.554	23Signal_Price-v1 EURUSD,H1: deinitialized
0	20:42:14.554	23Signal_Price-v1 EURUSD,H1: uninit reason 9
0	20:42:14.554	chikou_span_attacker EURUSD,H1: uninit reason 9
0	20:42:14.554	PZ_Harmonic EURUSD,H1: uninit reason 9
0	20:42:14.554	23Signal_Price-v1 EURUSD,M5: deinitialized
0	20:42:14.554	23Signal_Price-v1 EURUSD,M5: uninit reason 9
0	20:42:14.554	Max_Pivot EURUSD,M5: deinitialized
0	20:42:14.554	Max_Pivot EURUSD,M5: uninit reason 9
0	20:42:14.554	Max_Line EURUSD,M5: uninit reason 9
0	20:42:14.554	Otyame001_Ichimoku_Shift EURUSD,M5: uninit reason 9
0	20:42:14.554	Otyame005_Super_Bollinger EURUSD,M5: uninit reason 9
0	20:42:14.554	Otyame005_Super_Bollinger EURJPY,H1: uninit reason 9
0	20:42:14.554	23Signal_Price-v1 EURJPY,H1: deinitialized
0	20:42:14.554	23Signal_Price-v1 EURJPY,H1: uninit reason 9
0	20:42:14.554	chikou_span_attacker EURJPY,H1: uninit reason 9
0	20:42:14.554	PZ_Harmonic EURJPY,H1: uninit reason 9
0	20:42:14.554	23Signal_Price-v1 EURJPY,M5: deinitialized
0	20:42:14.554	23Signal_Price-v1 EURJPY,M5: uninit reason 9
0	20:42:14.554	Max_Pivot EURJPY,M5: deinitialized
0	20:42:14.554	Max_Pivot EURJPY,M5: uninit reason 9
0	20:42:14.554	Max_Line EURJPY,M5: uninit reason 9
0	20:42:14.554	Otyame001_Ichimoku_Shift EURJPY,M5: uninit reason 9
0	20:42:14.554	Otyame005_Super_Bollinger EURJPY,M5: uninit reason 9
0	20:42:14.554	Otyame005_Super_Bollinger GBPUSD,H1: uninit reason 9
0	20:42:14.554	23Signal_Price-v1 GBPUSD,H1: deinitialized
0	20:42:14.554	23Signal_Price-v1 GBPUSD,H1: uninit reason 9
0	20:42:14.569	chikou_span_attacker GBPUSD,H1: uninit reason 9
0	20:42:14.569	PZ_Harmonic GBPUSD,H1: uninit reason 9
0	20:42:14.569	23Signal_Price-v1 GBPUSD,M5: deinitialized
0	20:42:14.569	23Signal_Price-v1 GBPUSD,M5: uninit reason 9
0	20:42:14.569	Max_Pivot GBPUSD,M5: deinitialized
0	20:42:14.569	Max_Pivot GBPUSD,M5: uninit reason 9
0	20:42:14.569	Max_Line GBPUSD,M5: uninit reason 9
0	20:42:14.569	Otyame001_Ichimoku_Shift GBPUSD,M5: uninit reason 9
0	20:42:14.569	Otyame005_Super_Bollinger GBPUSD,M5: uninit reason 9
0	20:42:14.569	Otyame005_Super_Bollinger GBPJPY,H1: uninit reason 9
0	20:42:14.569	23Signal_Price-v1 GBPJPY,H1: deinitialized
0	20:42:14.569	23Signal_Price-v1 GBPJPY,H1: uninit reason 9
0	20:42:14.569	chikou_span_attacker GBPJPY,H1: uninit reason 9
0	20:42:14.569	PZ_Harmonic GBPJPY,H1: uninit reason 9
0	20:42:14.569	23Signal_Price-v1 GBPJPY,M1: deinitialized
0	20:42:14.569	23Signal_Price-v1 GBPJPY,M1: uninit reason 9
0	20:42:14.569	Max_Pivot GBPJPY,M1: deinitialized
0	20:42:14.569	Max_Pivot GBPJPY,M1: uninit reason 9
0	20:42:14.569	Max_Line GBPJPY,M1: uninit reason 9
0	20:42:14.569	Otyame001_Ichimoku_Shift GBPJPY,M1: uninit reason 9
0	20:42:14.569	Otyame005_Super_Bollinger GBPJPY,M1: uninit reason 9
0	20:42:14.569	Otyame005_Super_Bollinger AUDUSD,H1: uninit reason 9
0	20:42:14.569	23Signal_Price-v1 AUDUSD,H1: deinitialized
0	20:42:14.569	23Signal_Price-v1 AUDUSD,H1: uninit reason 9
0	20:42:14.569	chikou_span_attacker AUDUSD,H1: uninit reason 9
0	20:42:14.569	PZ_Harmonic AUDUSD,H1: uninit reason 9
0	20:42:14.569	23Signal_Price-v1 AUDUSD,M5: deinitialized
0	20:42:14.569	23Signal_Price-v1 AUDUSD,M5: uninit reason 9
0	20:42:14.569	Max_Pivot AUDUSD,M5: deinitialized
0	20:42:14.569	Max_Pivot AUDUSD,M5: uninit reason 9
0	20:42:14.569	Max_Line AUDUSD,M5: uninit reason 9
0	20:42:14.569	Otyame001_Ichimoku_Shift AUDUSD,M5: uninit reason 9
0	20:42:14.569	Otyame005_Super_Bollinger AUDUSD,M5: uninit reason 9
0	20:42:14.569	Otyame005_Super_Bollinger GBPAUD,H1: uninit reason 9
0	20:42:14.569	23Signal_Price-v1 GBPAUD,H1: deinitialized
0	20:42:14.569	23Signal_Price-v1 GBPAUD,H1: uninit reason 9
0	20:42:14.569	chikou_span_attacker GBPAUD,H1: uninit reason 9
0	20:42:14.569	PZ_Harmonic GBPAUD,H1: uninit reason 9
0	20:42:14.569	23Signal_Price-v1 GBPAUD,M5: deinitialized
0	20:42:14.569	23Signal_Price-v1 GBPAUD,M5: uninit reason 9
0	20:42:14.569	Max_Pivot GBPAUD,M5: deinitialized
0	20:42:14.569	Max_Pivot GBPAUD,M5: uninit reason 9
0	20:42:14.569	Max_Line GBPAUD,M5: uninit reason 9
0	20:42:14.569	Otyame001_Ichimoku_Shift GBPAUD,M5: uninit reason 9
0	20:42:14.569	Otyame005_Super_Bollinger GBPAUD,M5: uninit reason 9
0	20:42:14.632	Custom indicator Otyame005_Super_Bollinger USDJPY,H1: removed
0	20:42:14.632	Custom indicator 23Signal_Price-v1 USDJPY,H1: removed
0	20:42:14.632	Custom indicator chikou_span_attacker USDJPY,H1: removed
0	20:42:14.648	Custom indicator PZ_Harmonic USDJPY,H1: removed
0	20:42:14.648	Custom indicator 23Signal_Price-v1 USDJPY,M5: removed
0	20:42:14.648	Custom indicator Max_Pivot USDJPY,M5: removed
0	20:42:14.648	Custom indicator Max_Line USDJPY,M5: removed
0	20:42:14.648	Custom indicator Otyame001_Ichimoku_Shift USDJPY,M5: removed
0	20:42:14.648	Custom indicator Otyame005_Super_Bollinger USDJPY,M5: removed
0	20:42:14.663	Custom indicator Otyame005_Super_Bollinger EURUSD,H1: removed
0	20:42:14.663	Custom indicator 23Signal_Price-v1 EURUSD,H1: removed
0	20:42:14.663	Custom indicator chikou_span_attacker EURUSD,H1: removed
0	20:42:14.663	Custom indicator PZ_Harmonic EURUSD,H1: removed
0	20:42:14.663	Custom indicator 23Signal_Price-v1 EURUSD,M5: removed
0	20:42:14.663	Custom indicator Max_Pivot EURUSD,M5: removed
0	20:42:14.663	Custom indicator Max_Line EURUSD,M5: removed
0	20:42:14.663	Custom indicator Otyame001_Ichimoku_Shift EURUSD,M5: removed
0	20:42:14.663	Custom indicator Otyame005_Super_Bollinger EURUSD,M5: removed
0	20:42:14.679	Custom indicator Otyame005_Super_Bollinger EURJPY,H1: removed
0	20:42:14.679	Custom indicator 23Signal_Price-v1 EURJPY,H1: removed
0	20:42:14.679	Custom indicator chikou_span_attacker EURJPY,H1: removed
0	20:42:14.679	Custom indicator PZ_Harmonic EURJPY,H1: removed
0	20:42:14.679	Custom indicator 23Signal_Price-v1 EURJPY,M5: removed
0	20:42:14.679	Custom indicator Max_Pivot EURJPY,M5: removed
0	20:42:14.679	Custom indicator Max_Line EURJPY,M5: removed
0	20:42:14.679	Custom indicator Otyame001_Ichimoku_Shift EURJPY,M5: removed
0	20:42:14.694	Custom indicator Otyame005_Super_Bollinger EURJPY,M5: removed
0	20:42:14.694	Custom indicator Otyame005_Super_Bollinger GBPUSD,H1: removed
0	20:42:14.694	Custom indicator 23Signal_Price-v1 GBPUSD,H1: removed
0	20:42:14.694	Custom indicator chikou_span_attacker GBPUSD,H1: removed
0	20:42:14.694	Custom indicator PZ_Harmonic GBPUSD,H1: removed
0	20:42:14.710	Custom indicator 23Signal_Price-v1 GBPUSD,M5: removed
0	20:42:14.710	Custom indicator Max_Pivot GBPUSD,M5: removed
0	20:42:14.710	Custom indicator Max_Line GBPUSD,M5: removed
0	20:42:14.710	Custom indicator Otyame001_Ichimoku_Shift GBPUSD,M5: removed
0	20:42:14.710	Custom indicator Otyame005_Super_Bollinger GBPUSD,M5: removed
0	20:42:14.710	Custom indicator Otyame005_Super_Bollinger GBPJPY,H1: removed
0	20:42:14.710	Custom indicator 23Signal_Price-v1 GBPJPY,H1: removed
0	20:42:14.726	Custom indicator chikou_span_attacker GBPJPY,H1: removed
0	20:42:14.726	Custom indicator PZ_Harmonic GBPJPY,H1: removed
0	20:42:14.726	Custom indicator 23Signal_Price-v1 GBPJPY,M1: removed
0	20:42:14.726	Custom indicator Max_Pivot GBPJPY,M1: removed
0	20:42:14.726	Custom indicator Max_Line GBPJPY,M1: removed
0	20:42:14.726	Custom indicator Otyame001_Ichimoku_Shift GBPJPY,M1: removed
0	20:42:14.741	Custom indicator Otyame005_Super_Bollinger GBPJPY,M1: removed
0	20:42:14.741	Custom indicator Otyame005_Super_Bollinger AUDUSD,H1: removed
0	20:42:14.741	Custom indicator 23Signal_Price-v1 AUDUSD,H1: removed
0	20:42:14.741	Custom indicator chikou_span_attacker AUDUSD,H1: removed
0	20:42:14.757	Custom indicator PZ_Harmonic AUDUSD,H1: removed
0	20:42:14.757	Custom indicator 23Signal_Price-v1 AUDUSD,M5: removed
0	20:42:14.757	Custom indicator Max_Pivot AUDUSD,M5: removed
0	20:42:14.773	Custom indicator Max_Line AUDUSD,M5: removed
0	20:42:14.773	Custom indicator Otyame001_Ichimoku_Shift AUDUSD,M5: removed
0	20:42:14.773	Custom indicator Otyame005_Super_Bollinger AUDUSD,M5: removed
0	20:42:14.773	Custom indicator Otyame005_Super_Bollinger GBPAUD,H1: removed
0	20:42:14.773	Custom indicator 23Signal_Price-v1 GBPAUD,H1: removed
0	20:42:14.773	Custom indicator chikou_span_attacker GBPAUD,H1: removed
0	20:42:14.788	Custom indicator PZ_Harmonic GBPAUD,H1: removed
0	20:42:14.788	Custom indicator 23Signal_Price-v1 GBPAUD,M5: removed
0	20:42:14.788	Custom indicator Max_Pivot GBPAUD,M5: removed
0	20:42:14.788	Custom indicator Max_Line GBPAUD,M5: removed
0	20:42:14.788	Custom indicator Otyame001_Ichimoku_Shift GBPAUD,M5: removed
0	20:42:14.804	Custom indicator Otyame005_Super_Bollinger GBPAUD,M5: removed
0	20:43:20.875	Custom indicator Otyame005_Super_Bollinger USDJPY,H1: loaded successfully
0	20:43:20.922	Custom indicator 23Signal_Price-v1 USDJPY,H1: loaded successfully
0	20:43:20.937	Custom indicator chikou_span_attacker USDJPY,H1: loaded successfully
0	20:43:20.953	Custom indicator PZ_Harmonic USDJPY,H1: loaded successfully
0	20:43:20.969	Otyame005_Super_Bollinger USDJPY,H1: initialized
0	20:43:20.969	23Signal_Price-v1 USDJPY,H1: initialized
0	20:43:20.984	chikou_span_attacker USDJPY,H1: initialized
0	20:43:21.015	PZ_Harmonic USDJPY,H1: initialized
0	20:43:21.125	Custom indicator 23Signal_Price-v1 USDJPY,M5: loaded successfully
0	20:43:21.125	Custom indicator Max_Pivot USDJPY,M5: loaded successfully
0	20:43:21.140	Custom indicator Max_Line USDJPY,M5: loaded successfully
0	20:43:21.156	Custom indicator Otyame001_Ichimoku_Shift USDJPY,M5: loaded successfully
0	20:43:21.172	Custom indicator Otyame005_Super_Bollinger USDJPY,M5: loaded successfully
0	20:43:21.172	23Signal_Price-v1 USDJPY,M5: initialized
0	20:43:21.172	Max_Pivot USDJPY,M5: initialized
0	20:43:21.187	Max_Line USDJPY,M5: initialized
0	20:43:21.203	Otyame001_Ichimoku_Shift USDJPY,M5: initialized
0	20:43:21.219	Otyame005_Super_Bollinger USDJPY,M5: initialized
0	20:43:21.500	Custom indicator Otyame005_Super_Bollinger EURUSD,H1: loaded successfully
0	20:43:21.562	Custom indicator 23Signal_Price-v1 EURUSD,H1: loaded successfully
0	20:43:21.578	Custom indicator chikou_span_attacker EURUSD,H1: loaded successfully
0	20:43:21.594	Custom indicator PZ_Harmonic EURUSD,H1: loaded successfully
0	20:43:21.609	Otyame005_Super_Bollinger EURUSD,H1: initialized
0	20:43:21.609	23Signal_Price-v1 EURUSD,H1: initialized
0	20:43:21.625	chikou_span_attacker EURUSD,H1: initialized
0	20:43:21.656	PZ_Harmonic EURUSD,H1: initialized
0	20:43:21.781	Custom indicator 23Signal_Price-v1 EURUSD,M5: loaded successfully
0	20:43:21.781	Custom indicator Max_Pivot EURUSD,M5: loaded successfully
0	20:43:21.797	Custom indicator Max_Line EURUSD,M5: loaded successfully
0	20:43:21.812	Custom indicator Otyame001_Ichimoku_Shift EURUSD,M5: loaded successfully
0	20:43:21.828	Custom indicator Otyame005_Super_Bollinger EURUSD,M5: loaded successfully
0	20:43:21.828	23Signal_Price-v1 EURUSD,M5: initialized
0	20:43:21.828	Max_Pivot EURUSD,M5: initialized
0	20:43:21.844	Max_Line EURUSD,M5: initialized
0	20:43:21.859	Otyame001_Ichimoku_Shift EURUSD,M5: initialized
0	20:43:21.875	Otyame005_Super_Bollinger EURUSD,M5: initialized
0	20:43:22.078	Custom indicator Otyame005_Super_Bollinger EURJPY,H1: loaded successfully
0	20:43:22.125	Custom indicator 23Signal_Price-v1 EURJPY,H1: loaded successfully
0	20:43:22.140	Custom indicator chikou_span_attacker EURJPY,H1: loaded successfully
0	20:43:22.140	Custom indicator PZ_Harmonic EURJPY,H1: loaded successfully
0	20:43:22.156	Otyame005_Super_Bollinger EURJPY,H1: initialized
0	20:43:22.156	23Signal_Price-v1 EURJPY,H1: initialized
0	20:43:22.172	chikou_span_attacker EURJPY,H1: initialized
0	20:43:22.187	PZ_Harmonic EURJPY,H1: initialized
0	20:43:22.281	Custom indicator 23Signal_Price-v1 EURJPY,M5: loaded successfully
0	20:43:22.281	Custom indicator Max_Pivot EURJPY,M5: loaded successfully
0	20:43:22.281	Custom indicator Max_Line EURJPY,M5: loaded successfully
0	20:43:22.297	Custom indicator Otyame001_Ichimoku_Shift EURJPY,M5: loaded successfully
0	20:43:22.312	Custom indicator Otyame005_Super_Bollinger EURJPY,M5: loaded successfully
0	20:43:22.312	23Signal_Price-v1 EURJPY,M5: initialized
0	20:43:22.312	Max_Pivot EURJPY,M5: initialized
0	20:43:22.328	Max_Line EURJPY,M5: initialized
0	20:43:22.344	Otyame001_Ichimoku_Shift EURJPY,M5: initialized
0	20:43:22.344	Otyame005_Super_Bollinger EURJPY,M5: initialized
0	20:43:22.531	Custom indicator Otyame005_Super_Bollinger GBPUSD,H1: loaded successfully
0	20:43:22.562	Custom indicator 23Signal_Price-v1 GBPUSD,H1: loaded successfully
0	20:43:22.578	Custom indicator chikou_span_attacker GBPUSD,H1: loaded successfully
0	20:43:22.594	Custom indicator PZ_Harmonic GBPUSD,H1: loaded successfully
0	20:43:22.609	Otyame005_Super_Bollinger GBPUSD,H1: initialized
0	20:43:22.609	23Signal_Price-v1 GBPUSD,H1: initialized
0	20:43:22.609	chikou_span_attacker GBPUSD,H1: initialized
0	20:43:22.640	PZ_Harmonic GBPUSD,H1: initialized
0	20:43:22.719	Custom indicator 23Signal_Price-v1 GBPUSD,M5: loaded successfully
0	20:43:22.719	Custom indicator Max_Pivot GBPUSD,M5: loaded successfully
0	20:43:22.734	Custom indicator Max_Line GBPUSD,M5: loaded successfully
0	20:43:22.750	Custom indicator Otyame001_Ichimoku_Shift GBPUSD,M5: loaded successfully
0	20:43:22.765	Custom indicator Otyame005_Super_Bollinger GBPUSD,M5: loaded successfully
0	20:43:22.765	23Signal_Price-v1 GBPUSD,M5: initialized
0	20:43:22.765	Max_Pivot GBPUSD,M5: initialized
0	20:43:22.765	Max_Line GBPUSD,M5: initialized
0	20:43:22.781	Otyame001_Ichimoku_Shift GBPUSD,M5: initialized
0	20:43:22.797	Otyame005_Super_Bollinger GBPUSD,M5: initialized
0	20:43:22.984	Custom indicator Otyame005_Super_Bollinger GBPJPY,H1: loaded successfully
0	20:43:23.031	Custom indicator 23Signal_Price-v1 GBPJPY,H1: loaded successfully
0	20:43:23.031	Custom indicator chikou_span_attacker GBPJPY,H1: loaded successfully
0	20:43:23.047	Custom indicator PZ_Harmonic GBPJPY,H1: loaded successfully
0	20:43:23.062	Otyame005_Super_Bollinger GBPJPY,H1: initialized
0	20:43:23.062	23Signal_Price-v1 GBPJPY,H1: initialized
0	20:43:23.078	chikou_span_attacker GBPJPY,H1: initialized
0	20:43:23.094	PZ_Harmonic GBPJPY,H1: initialized
0	20:43:23.187	Custom indicator 23Signal_Price-v1 GBPJPY,M1: loaded successfully
0	20:43:23.187	Custom indicator Max_Pivot GBPJPY,M1: loaded successfully
0	20:43:23.203	Custom indicator Max_Line GBPJPY,M1: loaded successfully
0	20:43:23.219	Custom indicator Otyame001_Ichimoku_Shift GBPJPY,M1: loaded successfully
0	20:43:23.219	Custom indicator Otyame005_Super_Bollinger GBPJPY,M1: loaded successfully
0	20:43:23.219	23Signal_Price-v1 GBPJPY,M1: initialized
0	20:43:23.219	Max_Pivot GBPJPY,M1: initialized
0	20:43:23.234	Max_Line GBPJPY,M1: initialized
0	20:43:23.250	Otyame001_Ichimoku_Shift GBPJPY,M1: initialized
0	20:43:23.250	Otyame005_Super_Bollinger GBPJPY,M1: initialized
0	20:43:23.781	Custom indicator Otyame005_Super_Bollinger AUDUSD,H1: loaded successfully
0	20:43:23.828	Custom indicator 23Signal_Price-v1 AUDUSD,H1: loaded successfully
0	20:43:23.828	Custom indicator chikou_span_attacker AUDUSD,H1: loaded successfully
0	20:43:23.844	Custom indicator PZ_Harmonic AUDUSD,H1: loaded successfully
0	20:43:23.859	Otyame005_Super_Bollinger AUDUSD,H1: initialized
0	20:43:23.859	23Signal_Price-v1 AUDUSD,H1: initialized
0	20:43:23.875	chikou_span_attacker AUDUSD,H1: initialized
0	20:43:23.890	PZ_Harmonic AUDUSD,H1: initialized
0	20:43:23.984	Custom indicator 23Signal_Price-v1 AUDUSD,M5: loaded successfully
0	20:43:23.984	Custom indicator Max_Pivot AUDUSD,M5: loaded successfully
0	20:43:24.000	Custom indicator Max_Line AUDUSD,M5: loaded successfully
0	20:43:24.015	Custom indicator Otyame001_Ichimoku_Shift AUDUSD,M5: loaded successfully
0	20:43:24.015	Custom indicator Otyame005_Super_Bollinger AUDUSD,M5: loaded successfully
0	20:43:24.015	23Signal_Price-v1 AUDUSD,M5: initialized
0	20:43:24.015	Max_Pivot AUDUSD,M5: initialized
0	20:43:24.031	Max_Line AUDUSD,M5: initialized
0	20:43:24.047	Otyame001_Ichimoku_Shift AUDUSD,M5: initialized
0	20:43:24.047	Otyame005_Super_Bollinger AUDUSD,M5: initialized
0	20:43:24.250	Custom indicator Otyame005_Super_Bollinger GBPAUD,H1: loaded successfully
0	20:43:24.281	Custom indicator 23Signal_Price-v1 GBPAUD,H1: loaded successfully
0	20:43:24.297	Custom indicator chikou_span_attacker GBPAUD,H1: loaded successfully
0	20:43:24.312	Custom indicator PZ_Harmonic GBPAUD,H1: loaded successfully
0	20:43:24.312	Otyame005_Super_Bollinger GBPAUD,H1: initialized
0	20:43:24.312	23Signal_Price-v1 GBPAUD,H1: initialized
0	20:43:24.328	chikou_span_attacker GBPAUD,H1: initialized
0	20:43:24.344	PZ_Harmonic GBPAUD,H1: initialized
0	20:43:24.437	Custom indicator 23Signal_Price-v1 GBPAUD,M5: loaded successfully
0	20:43:24.437	Custom indicator Max_Pivot GBPAUD,M5: loaded successfully
0	20:43:24.453	Custom indicator Max_Line GBPAUD,M5: loaded successfully
0	20:43:24.469	Custom indicator Otyame001_Ichimoku_Shift GBPAUD,M5: loaded successfully
0	20:43:24.484	Custom indicator Otyame005_Super_Bollinger GBPAUD,M5: loaded successfully
0	20:43:24.484	23Signal_Price-v1 GBPAUD,M5: initialized
0	20:43:24.484	Max_Pivot GBPAUD,M5: initialized
0	20:43:24.484	Max_Line GBPAUD,M5: initialized
0	20:43:24.500	Otyame001_Ichimoku_Shift GBPAUD,M5: initialized
0	20:43:24.516	Otyame005_Super_Bollinger GBPAUD,M5: initialized
0	22:01:49.704	Otyame005_Super_Bollinger USDJPY,H1: uninit reason 9
0	22:01:49.704	23Signal_Price-v1 USDJPY,H1: deinitialized
0	22:01:49.704	23Signal_Price-v1 USDJPY,H1: uninit reason 9
0	22:01:49.704	chikou_span_attacker USDJPY,H1: uninit reason 9
0	22:01:49.704	PZ_Harmonic USDJPY,H1: uninit reason 9
0	22:01:49.704	23Signal_Price-v1 USDJPY,M5: deinitialized
0	22:01:49.704	23Signal_Price-v1 USDJPY,M5: uninit reason 9
0	22:01:49.704	Max_Pivot USDJPY,M5: deinitialized
0	22:01:49.704	Max_Pivot USDJPY,M5: uninit reason 9
0	22:01:49.704	Max_Line USDJPY,M5: uninit reason 9
0	22:01:49.704	Otyame001_Ichimoku_Shift USDJPY,M5: uninit reason 9
0	22:01:49.704	Otyame005_Super_Bollinger USDJPY,M5: uninit reason 9
0	22:01:49.704	Otyame005_Super_Bollinger EURUSD,H1: uninit reason 9
0	22:01:49.704	23Signal_Price-v1 EURUSD,H1: deinitialized
0	22:01:49.704	23Signal_Price-v1 EURUSD,H1: uninit reason 9
0	22:01:49.719	chikou_span_attacker EURUSD,H1: uninit reason 9
0	22:01:49.719	PZ_Harmonic EURUSD,H1: uninit reason 9
0	22:01:49.719	23Signal_Price-v1 EURUSD,M5: deinitialized
0	22:01:49.719	23Signal_Price-v1 EURUSD,M5: uninit reason 9
0	22:01:49.719	Max_Pivot EURUSD,M5: deinitialized
0	22:01:49.719	Max_Pivot EURUSD,M5: uninit reason 9
0	22:01:49.719	Max_Line EURUSD,M5: uninit reason 9
0	22:01:49.719	Otyame001_Ichimoku_Shift EURUSD,M5: uninit reason 9
0	22:01:49.719	Otyame005_Super_Bollinger EURUSD,M5: uninit reason 9
0	22:01:49.719	Otyame005_Super_Bollinger EURJPY,H1: uninit reason 9
0	22:01:49.719	23Signal_Price-v1 EURJPY,H1: deinitialized
0	22:01:49.719	23Signal_Price-v1 EURJPY,H1: uninit reason 9
0	22:01:49.719	chikou_span_attacker EURJPY,H1: uninit reason 9
0	22:01:49.719	PZ_Harmonic EURJPY,H1: uninit reason 9
0	22:01:49.719	23Signal_Price-v1 EURJPY,M5: deinitialized
0	22:01:49.719	23Signal_Price-v1 EURJPY,M5: uninit reason 9
0	22:01:49.719	Max_Pivot EURJPY,M5: deinitialized
0	22:01:49.719	Max_Pivot EURJPY,M5: uninit reason 9
0	22:01:49.719	Max_Line EURJPY,M5: uninit reason 9
0	22:01:49.719	Otyame001_Ichimoku_Shift EURJPY,M5: uninit reason 9
0	22:01:49.719	Otyame005_Super_Bollinger EURJPY,M5: uninit reason 9
0	22:01:49.719	Otyame005_Super_Bollinger GBPUSD,H1: uninit reason 9
0	22:01:49.719	23Signal_Price-v1 GBPUSD,H1: deinitialized
0	22:01:49.719	23Signal_Price-v1 GBPUSD,H1: uninit reason 9
0	22:01:49.719	chikou_span_attacker GBPUSD,H1: uninit reason 9
0	22:01:49.719	PZ_Harmonic GBPUSD,H1: uninit reason 9
0	22:01:49.719	23Signal_Price-v1 GBPUSD,M5: deinitialized
0	22:01:49.719	23Signal_Price-v1 GBPUSD,M5: uninit reason 9
0	22:01:49.719	Max_Pivot GBPUSD,M5: deinitialized
0	22:01:49.719	Max_Pivot GBPUSD,M5: uninit reason 9
0	22:01:49.719	Max_Line GBPUSD,M5: uninit reason 9
0	22:01:49.719	Otyame001_Ichimoku_Shift GBPUSD,M5: uninit reason 9
0	22:01:49.719	Otyame005_Super_Bollinger GBPUSD,M5: uninit reason 9
0	22:01:49.719	Otyame005_Super_Bollinger GBPJPY,H1: uninit reason 9
0	22:01:49.719	23Signal_Price-v1 GBPJPY,H1: deinitialized
0	22:01:49.719	23Signal_Price-v1 GBPJPY,H1: uninit reason 9
0	22:01:49.719	chikou_span_attacker GBPJPY,H1: uninit reason 9
0	22:01:49.719	PZ_Harmonic GBPJPY,H1: uninit reason 9
0	22:01:49.719	23Signal_Price-v1 GBPJPY,M1: deinitialized
0	22:01:49.719	23Signal_Price-v1 GBPJPY,M1: uninit reason 9
0	22:01:49.735	Max_Pivot GBPJPY,M1: deinitialized
0	22:01:49.735	Max_Pivot GBPJPY,M1: uninit reason 9
0	22:01:49.735	Max_Line GBPJPY,M1: uninit reason 9
0	22:01:49.735	Otyame001_Ichimoku_Shift GBPJPY,M1: uninit reason 9
0	22:01:49.735	Otyame005_Super_Bollinger GBPJPY,M1: uninit reason 9
0	22:01:49.735	Otyame005_Super_Bollinger AUDUSD,H1: uninit reason 9
0	22:01:49.735	23Signal_Price-v1 AUDUSD,H1: deinitialized
0	22:01:49.735	23Signal_Price-v1 AUDUSD,H1: uninit reason 9
0	22:01:49.735	chikou_span_attacker AUDUSD,H1: uninit reason 9
0	22:01:49.735	PZ_Harmonic AUDUSD,H1: uninit reason 9
0	22:01:49.735	23Signal_Price-v1 AUDUSD,M5: deinitialized
0	22:01:49.735	23Signal_Price-v1 AUDUSD,M5: uninit reason 9
0	22:01:49.735	Max_Pivot AUDUSD,M5: deinitialized
0	22:01:49.735	Max_Pivot AUDUSD,M5: uninit reason 9
0	22:01:49.735	Max_Line AUDUSD,M5: uninit reason 9
0	22:01:49.735	Otyame001_Ichimoku_Shift AUDUSD,M5: uninit reason 9
0	22:01:49.735	Otyame005_Super_Bollinger AUDUSD,M5: uninit reason 9
0	22:01:49.735	Otyame005_Super_Bollinger GBPAUD,H1: uninit reason 9
0	22:01:49.735	23Signal_Price-v1 GBPAUD,H1: deinitialized
0	22:01:49.735	23Signal_Price-v1 GBPAUD,H1: uninit reason 9
0	22:01:49.735	chikou_span_attacker GBPAUD,H1: uninit reason 9
0	22:01:49.735	PZ_Harmonic GBPAUD,H1: uninit reason 9
0	22:01:49.735	23Signal_Price-v1 GBPAUD,M5: deinitialized
0	22:01:49.735	23Signal_Price-v1 GBPAUD,M5: uninit reason 9
0	22:01:49.735	Max_Pivot GBPAUD,M5: deinitialized
0	22:01:49.735	Max_Pivot GBPAUD,M5: uninit reason 9
0	22:01:49.735	Max_Line GBPAUD,M5: uninit reason 9
0	22:01:49.735	Otyame001_Ichimoku_Shift GBPAUD,M5: uninit reason 9
0	22:01:49.735	Otyame005_Super_Bollinger GBPAUD,M5: uninit reason 9
0	22:01:49.797	Custom indicator Otyame005_Super_Bollinger USDJPY,H1: removed
0	22:01:49.797	Custom indicator 23Signal_Price-v1 USDJPY,H1: removed
0	22:01:49.797	Custom indicator chikou_span_attacker USDJPY,H1: removed
0	22:01:49.797	Custom indicator PZ_Harmonic USDJPY,H1: removed
0	22:01:49.797	Custom indicator 23Signal_Price-v1 USDJPY,M5: removed
0	22:01:49.797	Custom indicator Max_Pivot USDJPY,M5: removed
0	22:01:49.797	Custom indicator Max_Line USDJPY,M5: removed
0	22:01:49.797	Custom indicator Otyame001_Ichimoku_Shift USDJPY,M5: removed
0	22:01:49.797	Custom indicator Otyame005_Super_Bollinger USDJPY,M5: removed
0	22:01:49.813	Custom indicator Otyame005_Super_Bollinger EURUSD,H1: removed
0	22:01:49.813	Custom indicator 23Signal_Price-v1 EURUSD,H1: removed
0	22:01:49.813	Custom indicator chikou_span_attacker EURUSD,H1: removed
0	22:01:49.813	Custom indicator PZ_Harmonic EURUSD,H1: removed
0	22:01:49.813	Custom indicator 23Signal_Price-v1 EURUSD,M5: removed
0	22:01:49.813	Custom indicator Max_Pivot EURUSD,M5: removed
0	22:01:49.813	Custom indicator Max_Line EURUSD,M5: removed
0	22:01:49.813	Custom indicator Otyame001_Ichimoku_Shift EURUSD,M5: removed
0	22:01:49.829	Custom indicator Otyame005_Super_Bollinger EURUSD,M5: removed
0	22:01:49.829	Custom indicator Otyame005_Super_Bollinger EURJPY,H1: removed
0	22:01:49.829	Custom indicator 23Signal_Price-v1 EURJPY,H1: removed
0	22:01:49.829	Custom indicator chikou_span_attacker EURJPY,H1: removed
0	22:01:49.829	Custom indicator PZ_Harmonic EURJPY,H1: removed
0	22:01:49.829	Custom indicator 23Signal_Price-v1 EURJPY,M5: removed
0	22:01:49.829	Custom indicator Max_Pivot EURJPY,M5: removed
0	22:01:49.829	Custom indicator Max_Line EURJPY,M5: removed
0	22:01:49.829	Custom indicator Otyame001_Ichimoku_Shift EURJPY,M5: removed
0	22:01:49.829	Custom indicator Otyame005_Super_Bollinger EURJPY,M5: removed
0	22:01:49.844	Custom indicator Otyame005_Super_Bollinger GBPUSD,H1: removed
0	22:01:49.844	Custom indicator 23Signal_Price-v1 GBPUSD,H1: removed
0	22:01:49.844	Custom indicator chikou_span_attacker GBPUSD,H1: removed
0	22:01:49.844	Custom indicator PZ_Harmonic GBPUSD,H1: removed
0	22:01:49.844	Custom indicator 23Signal_Price-v1 GBPUSD,M5: removed
0	22:01:49.860	Custom indicator Max_Pivot GBPUSD,M5: removed
0	22:01:49.860	Custom indicator Max_Line GBPUSD,M5: removed
0	22:01:49.860	Custom indicator Otyame001_Ichimoku_Shift GBPUSD,M5: removed
0	22:01:49.860	Custom indicator Otyame005_Super_Bollinger GBPUSD,M5: removed
0	22:01:49.860	Custom indicator Otyame005_Super_Bollinger GBPJPY,H1: removed
0	22:01:49.860	Custom indicator 23Signal_Price-v1 GBPJPY,H1: removed
0	22:01:49.860	Custom indicator chikou_span_attacker GBPJPY,H1: removed
0	22:01:49.860	Custom indicator PZ_Harmonic GBPJPY,H1: removed
0	22:01:49.875	Custom indicator 23Signal_Price-v1 GBPJPY,M1: removed
0	22:01:49.875	Custom indicator Max_Pivot GBPJPY,M1: removed
0	22:01:49.875	Custom indicator Max_Line GBPJPY,M1: removed
0	22:01:49.875	Custom indicator Otyame001_Ichimoku_Shift GBPJPY,M1: removed
0	22:01:49.875	Custom indicator Otyame005_Super_Bollinger GBPJPY,M1: removed
0	22:01:49.891	Custom indicator Otyame005_Super_Bollinger AUDUSD,H1: removed
0	22:01:49.891	Custom indicator 23Signal_Price-v1 AUDUSD,H1: removed
0	22:01:49.891	Custom indicator chikou_span_attacker AUDUSD,H1: removed
0	22:01:49.891	Custom indicator PZ_Harmonic AUDUSD,H1: removed
0	22:01:49.907	Custom indicator 23Signal_Price-v1 AUDUSD,M5: removed
0	22:01:49.907	Custom indicator Max_Pivot AUDUSD,M5: removed
0	22:01:49.907	Custom indicator Max_Line AUDUSD,M5: removed
0	22:01:49.907	Custom indicator Otyame001_Ichimoku_Shift AUDUSD,M5: removed
0	22:01:49.907	Custom indicator Otyame005_Super_Bollinger AUDUSD,M5: removed
0	22:01:49.922	Custom indicator Otyame005_Super_Bollinger GBPAUD,H1: removed
0	22:01:49.922	Custom indicator 23Signal_Price-v1 GBPAUD,H1: removed
0	22:01:49.922	Custom indicator chikou_span_attacker GBPAUD,H1: removed
0	22:01:49.922	Custom indicator PZ_Harmonic GBPAUD,H1: removed
0	22:01:49.938	Custom indicator 23Signal_Price-v1 GBPAUD,M5: removed
0	22:01:49.938	Custom indicator Max_Pivot GBPAUD,M5: removed
0	22:01:49.938	Custom indicator Max_Line GBPAUD,M5: removed
0	22:01:49.938	Custom indicator Otyame001_Ichimoku_Shift GBPAUD,M5: removed
0	22:01:49.938	Custom indicator Otyame005_Super_Bollinger GBPAUD,M5: removed
0	22:02:18.117	Custom indicator Otyame005_Super_Bollinger USDJPY,H1: loaded successfully
0	22:02:18.163	Custom indicator 23Signal_Price-v1 USDJPY,H1: loaded successfully
0	22:02:18.179	Custom indicator chikou_span_attacker USDJPY,H1: loaded successfully
0	22:02:18.179	Custom indicator PZ_Harmonic USDJPY,H1: loaded successfully
0	22:02:18.195	Otyame005_Super_Bollinger USDJPY,H1: initialized
0	22:02:18.195	23Signal_Price-v1 USDJPY,H1: initialized
0	22:02:18.210	chikou_span_attacker USDJPY,H1: initialized
0	22:02:18.226	PZ_Harmonic USDJPY,H1: initialized
0	22:02:18.320	Custom indicator 23Signal_Price-v1 USDJPY,M5: loaded successfully
0	22:02:18.320	Custom indicator Max_Pivot USDJPY,M5: loaded successfully
0	22:02:18.320	Custom indicator Max_Line USDJPY,M5: loaded successfully
0	22:02:18.335	Custom indicator Otyame001_Ichimoku_Shift USDJPY,M5: loaded successfully
0	22:02:18.351	Custom indicator Otyame005_Super_Bollinger USDJPY,M5: loaded successfully
0	22:02:18.351	23Signal_Price-v1 USDJPY,M5: initialized
0	22:02:18.351	Max_Pivot USDJPY,M5: initialized
0	22:02:18.367	Max_Line USDJPY,M5: initialized
0	22:02:18.382	Otyame001_Ichimoku_Shift USDJPY,M5: initialized
0	22:02:18.382	Otyame005_Super_Bollinger USDJPY,M5: initialized
0	22:02:18.570	Custom indicator Otyame005_Super_Bollinger EURUSD,H1: loaded successfully
0	22:02:18.601	Custom indicator 23Signal_Price-v1 EURUSD,H1: loaded successfully
0	22:02:18.617	Custom indicator chikou_span_attacker EURUSD,H1: loaded successfully
0	22:02:18.632	Custom indicator PZ_Harmonic EURUSD,H1: loaded successfully
0	22:02:18.648	Otyame005_Super_Bollinger EURUSD,H1: initialized
0	22:02:18.648	23Signal_Price-v1 EURUSD,H1: initialized
0	22:02:18.648	chikou_span_attacker EURUSD,H1: initialized
0	22:02:18.679	PZ_Harmonic EURUSD,H1: initialized
0	22:02:18.757	Custom indicator 23Signal_Price-v1 EURUSD,M5: loaded successfully
0	22:02:18.773	Custom indicator Max_Pivot EURUSD,M5: loaded successfully
0	22:02:18.773	Custom indicator Max_Line EURUSD,M5: loaded successfully
0	22:02:18.788	Custom indicator Otyame001_Ichimoku_Shift EURUSD,M5: loaded successfully
0	22:02:18.804	Custom indicator Otyame005_Super_Bollinger EURUSD,M5: loaded successfully
0	22:02:18.804	23Signal_Price-v1 EURUSD,M5: initialized
0	22:02:18.804	Max_Pivot EURUSD,M5: initialized
0	22:02:18.820	Max_Line EURUSD,M5: initialized
0	22:02:18.820	Otyame001_Ichimoku_Shift EURUSD,M5: initialized
0	22:02:18.835	Otyame005_Super_Bollinger EURUSD,M5: initialized
0	22:02:19.023	Custom indicator Otyame005_Super_Bollinger EURJPY,H1: loaded successfully
0	22:02:19.054	Custom indicator 23Signal_Price-v1 EURJPY,H1: loaded successfully
0	22:02:19.070	Custom indicator chikou_span_attacker EURJPY,H1: loaded successfully
0	22:02:19.085	Custom indicator PZ_Harmonic EURJPY,H1: loaded successfully
0	22:02:19.085	Otyame005_Super_Bollinger EURJPY,H1: initialized
0	22:02:19.085	23Signal_Price-v1 EURJPY,H1: initialized
0	22:02:19.101	chikou_span_attacker EURJPY,H1: initialized
0	22:02:19.132	PZ_Harmonic EURJPY,H1: initialized
0	22:02:19.210	Custom indicator 23Signal_Price-v1 EURJPY,M5: loaded successfully
0	22:02:19.210	Custom indicator Max_Pivot EURJPY,M5: loaded successfully
0	22:02:19.226	Custom indicator Max_Line EURJPY,M5: loaded successfully
0	22:02:19.242	Custom indicator Otyame001_Ichimoku_Shift EURJPY,M5: loaded successfully
0	22:02:19.257	Custom indicator Otyame005_Super_Bollinger EURJPY,M5: loaded successfully
0	22:02:19.257	23Signal_Price-v1 EURJPY,M5: initialized
0	22:02:19.257	Max_Pivot EURJPY,M5: initialized
0	22:02:19.257	Max_Line EURJPY,M5: initialized
0	22:02:19.273	Otyame001_Ichimoku_Shift EURJPY,M5: initialized
0	22:02:19.288	Otyame005_Super_Bollinger EURJPY,M5: initialized
0	22:02:19.460	Custom indicator Otyame005_Super_Bollinger GBPUSD,H1: loaded successfully
0	22:02:19.507	Custom indicator 23Signal_Price-v1 GBPUSD,H1: loaded successfully
0	22:02:19.523	Custom indicator chikou_span_attacker GBPUSD,H1: loaded successfully
0	22:02:19.538	Custom indicator PZ_Harmonic GBPUSD,H1: loaded successfully
0	22:02:19.538	Otyame005_Super_Bollinger GBPUSD,H1: initialized
0	22:02:19.538	23Signal_Price-v1 GBPUSD,H1: initialized
0	22:02:19.554	chikou_span_attacker GBPUSD,H1: initialized
0	22:02:19.585	PZ_Harmonic GBPUSD,H1: initialized
0	22:02:19.663	Custom indicator 23Signal_Price-v1 GBPUSD,M5: loaded successfully
0	22:02:19.679	Custom indicator Max_Pivot GBPUSD,M5: loaded successfully
0	22:02:19.679	Custom indicator Max_Line GBPUSD,M5: loaded successfully
0	22:02:19.695	Custom indicator Otyame001_Ichimoku_Shift GBPUSD,M5: loaded successfully
0	22:02:19.710	Custom indicator Otyame005_Super_Bollinger GBPUSD,M5: loaded successfully
0	22:02:19.710	23Signal_Price-v1 GBPUSD,M5: initialized
0	22:02:19.710	Max_Pivot GBPUSD,M5: initialized
0	22:02:19.726	Max_Line GBPUSD,M5: initialized
0	22:02:19.726	Otyame001_Ichimoku_Shift GBPUSD,M5: initialized
0	22:02:19.742	Otyame005_Super_Bollinger GBPUSD,M5: initialized
0	22:02:19.929	Custom indicator Otyame005_Super_Bollinger GBPJPY,H1: loaded successfully
0	22:02:19.976	Custom indicator 23Signal_Price-v1 GBPJPY,H1: loaded successfully
0	22:02:19.976	Custom indicator chikou_span_attacker GBPJPY,H1: loaded successfully
0	22:02:19.992	Custom indicator PZ_Harmonic GBPJPY,H1: loaded successfully
0	22:02:20.007	Otyame005_Super_Bollinger GBPJPY,H1: initialized
0	22:02:20.007	23Signal_Price-v1 GBPJPY,H1: initialized
0	22:02:20.023	chikou_span_attacker GBPJPY,H1: initialized
0	22:02:20.038	PZ_Harmonic GBPJPY,H1: initialized
0	22:02:20.132	Custom indicator 23Signal_Price-v1 GBPJPY,M1: loaded successfully
0	22:02:20.132	Custom indicator Max_Pivot GBPJPY,M1: loaded successfully
0	22:02:20.148	Custom indicator Max_Line GBPJPY,M1: loaded successfully
0	22:02:20.163	Custom indicator Otyame001_Ichimoku_Shift GBPJPY,M1: loaded successfully
0	22:02:20.179	Custom indicator Otyame005_Super_Bollinger GBPJPY,M1: loaded successfully
0	22:02:20.179	23Signal_Price-v1 GBPJPY,M1: initialized
0	22:02:20.179	Max_Pivot GBPJPY,M1: initialized
0	22:02:20.179	Max_Line GBPJPY,M1: initialized
0	22:02:20.195	Otyame001_Ichimoku_Shift GBPJPY,M1: initialized
0	22:02:20.210	Otyame005_Super_Bollinger GBPJPY,M1: initialized
0	22:02:20.726	Custom indicator Otyame005_Super_Bollinger AUDUSD,H1: loaded successfully
0	22:02:20.773	Custom indicator 23Signal_Price-v1 AUDUSD,H1: loaded successfully
0	22:02:20.773	Custom indicator chikou_span_attacker AUDUSD,H1: loaded successfully
0	22:02:20.788	Custom indicator PZ_Harmonic AUDUSD,H1: loaded successfully
0	22:02:20.804	Otyame005_Super_Bollinger AUDUSD,H1: initialized
0	22:02:20.804	23Signal_Price-v1 AUDUSD,H1: initialized
0	22:02:20.820	chikou_span_attacker AUDUSD,H1: initialized
0	22:02:20.835	PZ_Harmonic AUDUSD,H1: initialized
0	22:02:20.929	Custom indicator 23Signal_Price-v1 AUDUSD,M5: loaded successfully
0	22:02:20.929	Custom indicator Max_Pivot AUDUSD,M5: loaded successfully
0	22:02:20.945	Custom indicator Max_Line AUDUSD,M5: loaded successfully
0	22:02:20.960	Custom indicator Otyame001_Ichimoku_Shift AUDUSD,M5: loaded successfully
0	22:02:20.976	Custom indicator Otyame005_Super_Bollinger AUDUSD,M5: loaded successfully
0	22:02:20.976	23Signal_Price-v1 AUDUSD,M5: initialized
0	22:02:20.976	Max_Pivot AUDUSD,M5: initialized
0	22:02:20.976	Max_Line AUDUSD,M5: initialized
0	22:02:20.992	Otyame001_Ichimoku_Shift AUDUSD,M5: initialized
0	22:02:21.007	Otyame005_Super_Bollinger AUDUSD,M5: initialized
0	22:02:21.210	Custom indicator Otyame005_Super_Bollinger GBPAUD,H1: loaded successfully
0	22:02:21.242	Custom indicator 23Signal_Price-v1 GBPAUD,H1: loaded successfully
0	22:02:21.257	Custom indicator chikou_span_attacker GBPAUD,H1: loaded successfully
0	22:02:21.273	Custom indicator PZ_Harmonic GBPAUD,H1: loaded successfully
0	22:02:21.273	Otyame005_Super_Bollinger GBPAUD,H1: initialized
0	22:02:21.273	23Signal_Price-v1 GBPAUD,H1: initialized
0	22:02:21.288	chikou_span_attacker GBPAUD,H1: initialized
0	22:02:21.320	PZ_Harmonic GBPAUD,H1: initialized
0	22:02:21.413	Custom indicator 23Signal_Price-v1 GBPAUD,M5: loaded successfully
0	22:02:21.413	Custom indicator Max_Pivot GBPAUD,M5: loaded successfully
0	22:02:21.429	Custom indicator Max_Line GBPAUD,M5: loaded successfully
0	22:02:21.445	Custom indicator Otyame001_Ichimoku_Shift GBPAUD,M5: loaded successfully
0	22:02:21.460	Custom indicator Otyame005_Super_Bollinger GBPAUD,M5: loaded successfully
0	22:02:21.460	23Signal_Price-v1 GBPAUD,M5: initialized
0	22:02:21.460	Max_Pivot GBPAUD,M5: initialized
0	22:02:21.476	Max_Line GBPAUD,M5: initialized
0	22:02:21.476	Otyame001_Ichimoku_Shift GBPAUD,M5: initialized
0	22:02:21.492	Otyame005_Super_Bollinger GBPAUD,M5: initialized
0	22:02:33.179	Otyame005_Super_Bollinger USDJPY,H1: uninit reason 9
0	22:02:33.179	23Signal_Price-v1 USDJPY,H1: deinitialized
0	22:02:33.179	23Signal_Price-v1 USDJPY,H1: uninit reason 9
0	22:02:33.179	chikou_span_attacker USDJPY,H1: uninit reason 9
0	22:02:33.179	PZ_Harmonic USDJPY,H1: uninit reason 9
0	22:02:33.179	23Signal_Price-v1 USDJPY,M5: deinitialized
0	22:02:33.179	23Signal_Price-v1 USDJPY,M5: uninit reason 9
0	22:02:33.179	Max_Pivot USDJPY,M5: deinitialized
0	22:02:33.179	Max_Pivot USDJPY,M5: uninit reason 9
0	22:02:33.179	Max_Line USDJPY,M5: uninit reason 9
0	22:02:33.179	Otyame001_Ichimoku_Shift USDJPY,M5: uninit reason 9
0	22:02:33.179	Otyame005_Super_Bollinger USDJPY,M5: uninit reason 9
0	22:02:33.179	Otyame005_Super_Bollinger EURUSD,H1: uninit reason 9
0	22:02:33.179	23Signal_Price-v1 EURUSD,H1: deinitialized
0	22:02:33.179	23Signal_Price-v1 EURUSD,H1: uninit reason 9
0	22:02:33.179	chikou_span_attacker EURUSD,H1: uninit reason 9
0	22:02:33.179	PZ_Harmonic EURUSD,H1: uninit reason 9
0	22:02:33.179	23Signal_Price-v1 EURUSD,M5: deinitialized
0	22:02:33.179	23Signal_Price-v1 EURUSD,M5: uninit reason 9
0	22:02:33.179	Max_Pivot EURUSD,M5: deinitialized
0	22:02:33.179	Max_Pivot EURUSD,M5: uninit reason 9
0	22:02:33.179	Max_Line EURUSD,M5: uninit reason 9
0	22:02:33.179	Otyame001_Ichimoku_Shift EURUSD,M5: uninit reason 9
0	22:02:33.179	Otyame005_Super_Bollinger EURUSD,M5: uninit reason 9
0	22:02:33.179	Otyame005_Super_Bollinger EURJPY,H1: uninit reason 9
0	22:02:33.179	23Signal_Price-v1 EURJPY,H1: deinitialized
0	22:02:33.179	23Signal_Price-v1 EURJPY,H1: uninit reason 9
0	22:02:33.179	chikou_span_attacker EURJPY,H1: uninit reason 9
0	22:02:33.179	PZ_Harmonic EURJPY,H1: uninit reason 9
0	22:02:33.179	23Signal_Price-v1 EURJPY,M5: deinitialized
0	22:02:33.179	23Signal_Price-v1 EURJPY,M5: uninit reason 9
0	22:02:33.179	Max_Pivot EURJPY,M5: deinitialized
0	22:02:33.179	Max_Pivot EURJPY,M5: uninit reason 9
0	22:02:33.179	Max_Line EURJPY,M5: uninit reason 9
0	22:02:33.179	Otyame001_Ichimoku_Shift EURJPY,M5: uninit reason 9
0	22:02:33.179	Otyame005_Super_Bollinger EURJPY,M5: uninit reason 9
0	22:02:33.179	Otyame005_Super_Bollinger GBPUSD,H1: uninit reason 9
0	22:02:33.179	23Signal_Price-v1 GBPUSD,H1: deinitialized
0	22:02:33.179	23Signal_Price-v1 GBPUSD,H1: uninit reason 9
0	22:02:33.195	chikou_span_attacker GBPUSD,H1: uninit reason 9
0	22:02:33.195	PZ_Harmonic GBPUSD,H1: uninit reason 9
0	22:02:33.195	23Signal_Price-v1 GBPUSD,M5: deinitialized
0	22:02:33.195	23Signal_Price-v1 GBPUSD,M5: uninit reason 9
0	22:02:33.195	Max_Pivot GBPUSD,M5: deinitialized
0	22:02:33.195	Max_Pivot GBPUSD,M5: uninit reason 9
0	22:02:33.195	Max_Line GBPUSD,M5: uninit reason 9
0	22:02:33.195	Otyame001_Ichimoku_Shift GBPUSD,M5: uninit reason 9
0	22:02:33.195	Otyame005_Super_Bollinger GBPUSD,M5: uninit reason 9
0	22:02:33.195	Otyame005_Super_Bollinger GBPJPY,H1: uninit reason 9
0	22:02:33.195	23Signal_Price-v1 GBPJPY,H1: deinitialized
0	22:02:33.195	23Signal_Price-v1 GBPJPY,H1: uninit reason 9
0	22:02:33.195	chikou_span_attacker GBPJPY,H1: uninit reason 9
0	22:02:33.195	PZ_Harmonic GBPJPY,H1: uninit reason 9
0	22:02:33.195	23Signal_Price-v1 GBPJPY,M1: deinitialized
0	22:02:33.195	23Signal_Price-v1 GBPJPY,M1: uninit reason 9
0	22:02:33.195	Max_Pivot GBPJPY,M1: deinitialized
0	22:02:33.195	Max_Pivot GBPJPY,M1: uninit reason 9
0	22:02:33.195	Max_Line GBPJPY,M1: uninit reason 9
0	22:02:33.195	Otyame001_Ichimoku_Shift GBPJPY,M1: uninit reason 9
0	22:02:33.195	Otyame005_Super_Bollinger GBPJPY,M1: uninit reason 9
0	22:02:33.195	Otyame005_Super_Bollinger AUDUSD,H1: uninit reason 9
0	22:02:33.195	23Signal_Price-v1 AUDUSD,H1: deinitialized
0	22:02:33.195	23Signal_Price-v1 AUDUSD,H1: uninit reason 9
0	22:02:33.195	chikou_span_attacker AUDUSD,H1: uninit reason 9
0	22:02:33.195	PZ_Harmonic AUDUSD,H1: uninit reason 9
0	22:02:33.195	23Signal_Price-v1 AUDUSD,M5: deinitialized
0	22:02:33.195	23Signal_Price-v1 AUDUSD,M5: uninit reason 9
0	22:02:33.195	Max_Pivot AUDUSD,M5: deinitialized
0	22:02:33.195	Max_Pivot AUDUSD,M5: uninit reason 9
0	22:02:33.195	Max_Line AUDUSD,M5: uninit reason 9
0	22:02:33.195	Otyame001_Ichimoku_Shift AUDUSD,M5: uninit reason 9
0	22:02:33.195	Otyame005_Super_Bollinger AUDUSD,M5: uninit reason 9
0	22:02:33.195	Otyame005_Super_Bollinger GBPAUD,H1: uninit reason 9
0	22:02:33.195	23Signal_Price-v1 GBPAUD,H1: deinitialized
0	22:02:33.195	23Signal_Price-v1 GBPAUD,H1: uninit reason 9
0	22:02:33.195	chikou_span_attacker GBPAUD,H1: uninit reason 9
0	22:02:33.195	PZ_Harmonic GBPAUD,H1: uninit reason 9
0	22:02:33.195	23Signal_Price-v1 GBPAUD,M5: deinitialized
0	22:02:33.195	23Signal_Price-v1 GBPAUD,M5: uninit reason 9
0	22:02:33.195	Max_Pivot GBPAUD,M5: deinitialized
0	22:02:33.195	Max_Pivot GBPAUD,M5: uninit reason 9
0	22:02:33.195	Max_Line GBPAUD,M5: uninit reason 9
0	22:02:33.195	Otyame001_Ichimoku_Shift GBPAUD,M5: uninit reason 9
0	22:02:33.195	Otyame005_Super_Bollinger GBPAUD,M5: uninit reason 9
0	22:02:33.273	Custom indicator Otyame005_Super_Bollinger USDJPY,H1: removed
0	22:02:33.273	Custom indicator 23Signal_Price-v1 USDJPY,H1: removed
0	22:02:33.273	Custom indicator chikou_span_attacker USDJPY,H1: removed
0	22:02:33.288	Custom indicator PZ_Harmonic USDJPY,H1: removed
0	22:02:33.288	Custom indicator 23Signal_Price-v1 USDJPY,M5: removed
0	22:02:33.288	Custom indicator Max_Pivot USDJPY,M5: removed
0	22:02:33.288	Custom indicator Max_Line USDJPY,M5: removed
0	22:02:33.288	Custom indicator Otyame001_Ichimoku_Shift USDJPY,M5: removed
0	22:02:33.288	Custom indicator Otyame005_Super_Bollinger USDJPY,M5: removed
0	22:02:33.304	Custom indicator Otyame005_Super_Bollinger EURUSD,H1: removed
0	22:02:33.304	Custom indicator 23Signal_Price-v1 EURUSD,H1: removed
0	22:02:33.304	Custom indicator chikou_span_attacker EURUSD,H1: removed
0	22:02:33.304	Custom indicator PZ_Harmonic EURUSD,H1: removed
0	22:02:33.304	Custom indicator 23Signal_Price-v1 EURUSD,M5: removed
0	22:02:33.304	Custom indicator Max_Pivot EURUSD,M5: removed
0	22:02:33.304	Custom indicator Max_Line EURUSD,M5: removed
0	22:02:33.320	Custom indicator Otyame001_Ichimoku_Shift EURUSD,M5: removed
0	22:02:33.320	Custom indicator Otyame005_Super_Bollinger EURUSD,M5: removed
0	22:02:33.320	Custom indicator Otyame005_Super_Bollinger EURJPY,H1: removed
0	22:02:33.320	Custom indicator 23Signal_Price-v1 EURJPY,H1: removed
0	22:02:33.320	Custom indicator chikou_span_attacker EURJPY,H1: removed
0	22:02:33.320	Custom indicator PZ_Harmonic EURJPY,H1: removed
0	22:02:33.320	Custom indicator 23Signal_Price-v1 EURJPY,M5: removed
0	22:02:33.320	Custom indicator Max_Pivot EURJPY,M5: removed
0	22:02:33.335	Custom indicator Max_Line EURJPY,M5: removed
0	22:02:33.335	Custom indicator Otyame001_Ichimoku_Shift EURJPY,M5: removed
0	22:02:33.335	Custom indicator Otyame005_Super_Bollinger EURJPY,M5: removed
0	22:02:33.335	Custom indicator Otyame005_Super_Bollinger GBPUSD,H1: removed
0	22:02:33.335	Custom indicator 23Signal_Price-v1 GBPUSD,H1: removed
0	22:02:33.335	Custom indicator chikou_span_attacker GBPUSD,H1: removed
0	22:02:33.335	Custom indicator PZ_Harmonic GBPUSD,H1: removed
0	22:02:33.351	Custom indicator 23Signal_Price-v1 GBPUSD,M5: removed
0	22:02:33.351	Custom indicator Max_Pivot GBPUSD,M5: removed
0	22:02:33.351	Custom indicator Max_Line GBPUSD,M5: removed
0	22:02:33.351	Custom indicator Otyame001_Ichimoku_Shift GBPUSD,M5: removed
0	22:02:33.351	Custom indicator Otyame005_Super_Bollinger GBPUSD,M5: removed
0	22:02:33.351	Custom indicator Otyame005_Super_Bollinger GBPJPY,H1: removed
0	22:02:33.351	Custom indicator 23Signal_Price-v1 GBPJPY,H1: removed
0	22:02:33.367	Custom indicator chikou_span_attacker GBPJPY,H1: removed
0	22:02:33.367	Custom indicator PZ_Harmonic GBPJPY,H1: removed
0	22:02:33.367	Custom indicator 23Signal_Price-v1 GBPJPY,M1: removed
0	22:02:33.367	Custom indicator Max_Pivot GBPJPY,M1: removed
0	22:02:33.367	Custom indicator Max_Line GBPJPY,M1: removed
0	22:02:33.367	Custom indicator Otyame001_Ichimoku_Shift GBPJPY,M1: removed
0	22:02:33.382	Custom indicator Otyame005_Super_Bollinger GBPJPY,M1: removed
0	22:02:33.382	Custom indicator Otyame005_Super_Bollinger AUDUSD,H1: removed
0	22:02:33.382	Custom indicator 23Signal_Price-v1 AUDUSD,H1: removed
0	22:02:33.382	Custom indicator chikou_span_attacker AUDUSD,H1: removed
0	22:02:33.382	Custom indicator PZ_Harmonic AUDUSD,H1: removed
0	22:02:33.398	Custom indicator 23Signal_Price-v1 AUDUSD,M5: removed
0	22:02:33.398	Custom indicator Max_Pivot AUDUSD,M5: removed
0	22:02:33.398	Custom indicator Max_Line AUDUSD,M5: removed
0	22:02:33.398	Custom indicator Otyame001_Ichimoku_Shift AUDUSD,M5: removed
0	22:02:33.398	Custom indicator Otyame005_Super_Bollinger AUDUSD,M5: removed
0	22:02:33.413	Custom indicator Otyame005_Super_Bollinger GBPAUD,H1: removed
0	22:02:33.413	Custom indicator 23Signal_Price-v1 GBPAUD,H1: removed
0	22:02:33.413	Custom indicator chikou_span_attacker GBPAUD,H1: removed
0	22:02:33.413	Custom indicator PZ_Harmonic GBPAUD,H1: removed
0	22:02:33.429	Custom indicator 23Signal_Price-v1 GBPAUD,M5: removed
0	22:02:33.429	Custom indicator Max_Pivot GBPAUD,M5: removed
0	22:02:33.429	Custom indicator Max_Line GBPAUD,M5: removed
0	22:02:33.429	Custom indicator Otyame001_Ichimoku_Shift GBPAUD,M5: removed
0	22:02:33.429	Custom indicator Otyame005_Super_Bollinger GBPAUD,M5: removed
