0	22:22:26.487	Custom indicator Otyame005_Super_Bollinger USDJPY,H1: loaded successfully
0	22:22:26.541	Custom indicator 23Signal_Price-v1 USDJPY,H1: loaded successfully
0	22:22:26.562	Custom indicator chikou_span_attacker USDJPY,H1: loaded successfully
0	22:22:26.577	Custom indicator PZ_Harmonic USDJPY,H1: loaded successfully
0	22:22:26.596	Otyame005_Super_Bollinger USDJPY,H1: initialized
0	22:22:26.596	23Signal_Price-v1 USDJPY,H1: initialized
0	22:22:26.615	chikou_span_attacker USDJPY,H1: initialized
0	22:22:26.652	PZ_Harmonic USDJPY,H1: initialized
0	22:22:26.845	Custom indicator 23Signal_Price-v1 USDJPY,M5: loaded successfully
0	22:22:26.847	Custom indicator Max_Pivot USDJPY,M5: loaded successfully
0	22:22:26.867	Custom indicator Max_Line USDJPY,M5: loaded successfully
0	22:22:26.889	Custom indicator Otyame001_Ichimoku_Shift USDJPY,M5: loaded successfully
0	22:22:26.909	Custom indicator Otyame005_Super_Bollinger USDJPY,M5: loaded successfully
0	22:22:26.910	23Signal_Price-v1 USDJPY,M5: initialized
0	22:22:26.910	Max_Pivot USDJPY,M5: initialized
0	22:22:26.931	Max_Line USDJPY,M5: initialized
0	22:22:26.948	Otyame001_Ichimoku_Shift USDJPY,M5: initialized
0	22:22:26.966	Otyame005_Super_Bollinger USDJPY,M5: initialized
0	22:22:27.247	Custom indicator Otyame005_Super_Bollinger EURUSD,H1: loaded successfully
0	22:22:27.314	Custom indicator 23Signal_Price-v1 EURUSD,H1: loaded successfully
0	22:22:27.334	Custom indicator chikou_span_attacker EURUSD,H1: loaded successfully
0	22:22:27.352	Custom indicator PZ_Harmonic EURUSD,H1: loaded successfully
0	22:22:27.372	Otyame005_Super_Bollinger EURUSD,H1: initialized
0	22:22:27.372	23Signal_Price-v1 EURUSD,H1: initialized
0	22:22:27.393	chikou_span_attacker EURUSD,H1: initialized
0	22:22:27.428	PZ_Harmonic EURUSD,H1: initialized
0	22:22:27.604	Custom indicator 23Signal_Price-v1 EURUSD,M5: loaded successfully
0	22:22:27.607	Custom indicator Max_Pivot EURUSD,M5: loaded successfully
0	22:22:27.622	Custom indicator Max_Line EURUSD,M5: loaded successfully
0	22:22:27.640	Custom indicator Otyame001_Ichimoku_Shift EURUSD,M5: loaded successfully
0	22:22:27.656	Custom indicator Otyame005_Super_Bollinger EURUSD,M5: loaded successfully
0	22:22:27.657	23Signal_Price-v1 EURUSD,M5: initialized
0	22:22:27.657	Max_Pivot EURUSD,M5: initialized
0	22:22:27.672	Max_Line EURUSD,M5: initialized
0	22:22:27.684	Otyame001_Ichimoku_Shift EURUSD,M5: initialized
0	22:22:27.697	Otyame005_Super_Bollinger EURUSD,M5: initialized
0	22:22:27.906	Custom indicator Otyame005_Super_Bollinger EURJPY,H1: loaded successfully
0	22:22:27.953	Custom indicator 23Signal_Price-v1 EURJPY,H1: loaded successfully
0	22:22:27.967	Custom indicator chikou_span_attacker EURJPY,H1: loaded successfully
0	22:22:27.980	Custom indicator PZ_Harmonic EURJPY,H1: loaded successfully
0	22:22:27.996	Otyame005_Super_Bollinger EURJPY,H1: initialized
0	22:22:27.996	23Signal_Price-v1 EURJPY,H1: initialized
0	22:22:28.010	chikou_span_attacker EURJPY,H1: initialized
0	22:22:28.034	PZ_Harmonic EURJPY,H1: initialized
0	22:22:28.170	Custom indicator 23Signal_Price-v1 EURJPY,M5: loaded successfully
0	22:22:28.172	Custom indicator Max_Pivot EURJPY,M5: loaded successfully
0	22:22:28.184	Custom indicator Max_Line EURJPY,M5: loaded successfully
0	22:22:28.196	Custom indicator Otyame001_Ichimoku_Shift EURJPY,M5: loaded successfully
0	22:22:28.208	Custom indicator Otyame005_Super_Bollinger EURJPY,M5: loaded successfully
0	22:22:28.210	23Signal_Price-v1 EURJPY,M5: initialized
0	22:22:28.210	Max_Pivot EURJPY,M5: initialized
0	22:22:28.224	Max_Line EURJPY,M5: initialized
0	22:22:28.238	Otyame001_Ichimoku_Shift EURJPY,M5: initialized
0	22:22:28.249	Otyame005_Super_Bollinger EURJPY,M5: initialized
0	22:22:28.433	Custom indicator Otyame005_Super_Bollinger GBPUSD,H1: loaded successfully
0	22:22:28.476	Custom indicator 23Signal_Price-v1 GBPUSD,H1: loaded successfully
0	22:22:28.489	Custom indicator chikou_span_attacker GBPUSD,H1: loaded successfully
0	22:22:28.502	Custom indicator PZ_Harmonic GBPUSD,H1: loaded successfully
0	22:22:28.517	Otyame005_Super_Bollinger GBPUSD,H1: initialized
0	22:22:28.517	23Signal_Price-v1 GBPUSD,H1: initialized
0	22:22:28.530	chikou_span_attacker GBPUSD,H1: initialized
0	22:22:28.552	PZ_Harmonic GBPUSD,H1: initialized
0	22:22:28.691	Custom indicator 23Signal_Price-v1 GBPUSD,M5: loaded successfully
0	22:22:28.693	Custom indicator Max_Pivot GBPUSD,M5: loaded successfully
0	22:22:28.705	Custom indicator Max_Line GBPUSD,M5: loaded successfully
0	22:22:28.717	Custom indicator Otyame001_Ichimoku_Shift GBPUSD,M5: loaded successfully
0	22:22:28.730	Custom indicator Otyame005_Super_Bollinger GBPUSD,M5: loaded successfully
0	22:22:28.731	23Signal_Price-v1 GBPUSD,M5: initialized
0	22:22:28.731	Max_Pivot GBPUSD,M5: initialized
0	22:22:28.746	Max_Line GBPUSD,M5: initialized
0	22:22:28.757	Otyame001_Ichimoku_Shift GBPUSD,M5: initialized
0	22:22:28.769	Otyame005_Super_Bollinger GBPUSD,M5: initialized
0	22:22:28.955	Custom indicator Otyame005_Super_Bollinger GBPJPY,H1: loaded successfully
0	22:22:28.997	Custom indicator 23Signal_Price-v1 GBPJPY,H1: loaded successfully
0	22:22:29.009	Custom indicator chikou_span_attacker GBPJPY,H1: loaded successfully
0	22:22:29.022	Custom indicator PZ_Harmonic GBPJPY,H1: loaded successfully
0	22:22:29.038	Otyame005_Super_Bollinger GBPJPY,H1: initialized
0	22:22:29.039	23Signal_Price-v1 GBPJPY,H1: initialized
0	22:22:29.052	chikou_span_attacker GBPJPY,H1: initialized
0	22:22:29.074	PZ_Harmonic GBPJPY,H1: initialized
0	22:22:29.209	Custom indicator 23Signal_Price-v1 GBPJPY,M1: loaded successfully
0	22:22:29.211	Custom indicator Max_Pivot GBPJPY,M1: loaded successfully
0	22:22:29.226	Custom indicator Max_Line GBPJPY,M1: loaded successfully
0	22:22:29.242	Custom indicator Otyame001_Ichimoku_Shift GBPJPY,M1: loaded successfully
0	22:22:29.255	Custom indicator Otyame005_Super_Bollinger GBPJPY,M1: loaded successfully
0	22:22:29.257	23Signal_Price-v1 GBPJPY,M1: initialized
0	22:22:29.257	Max_Pivot GBPJPY,M1: initialized
0	22:22:29.270	Max_Line GBPJPY,M1: initialized
0	22:22:29.281	Otyame001_Ichimoku_Shift GBPJPY,M1: initialized
0	22:22:29.292	Otyame005_Super_Bollinger GBPJPY,M1: initialized
0	22:22:29.829	Custom indicator Otyame005_Super_Bollinger AUDUSD,H1: loaded successfully
0	22:22:29.871	Custom indicator 23Signal_Price-v1 AUDUSD,H1: loaded successfully
0	22:22:29.884	Custom indicator chikou_span_attacker AUDUSD,H1: loaded successfully
0	22:22:29.897	Custom indicator PZ_Harmonic AUDUSD,H1: loaded successfully
0	22:22:29.912	Otyame005_Super_Bollinger AUDUSD,H1: initialized
0	22:22:29.912	23Signal_Price-v1 AUDUSD,H1: initialized
0	22:22:29.925	chikou_span_attacker AUDUSD,H1: initialized
0	22:22:29.948	PZ_Harmonic AUDUSD,H1: initialized
0	22:22:30.083	Custom indicator 23Signal_Price-v1 AUDUSD,M5: loaded successfully
0	22:22:30.085	Custom indicator Max_Pivot AUDUSD,M5: loaded successfully
0	22:22:30.098	Custom indicator Max_Line AUDUSD,M5: loaded successfully
0	22:22:30.110	Custom indicator Otyame001_Ichimoku_Shift AUDUSD,M5: loaded successfully
0	22:22:30.123	Custom indicator Otyame005_Super_Bollinger AUDUSD,M5: loaded successfully
0	22:22:30.124	23Signal_Price-v1 AUDUSD,M5: initialized
0	22:22:30.124	Max_Pivot AUDUSD,M5: initialized
0	22:22:30.138	Max_Line AUDUSD,M5: initialized
0	22:22:30.149	Otyame001_Ichimoku_Shift AUDUSD,M5: initialized
0	22:22:30.161	Otyame005_Super_Bollinger AUDUSD,M5: initialized
0	22:22:30.353	Custom indicator Otyame005_Super_Bollinger GBPAUD,H1: loaded successfully
0	22:22:30.395	Custom indicator 23Signal_Price-v1 GBPAUD,H1: loaded successfully
0	22:22:30.408	Custom indicator chikou_span_attacker GBPAUD,H1: loaded successfully
0	22:22:30.421	Custom indicator PZ_Harmonic GBPAUD,H1: loaded successfully
0	22:22:30.437	Otyame005_Super_Bollinger GBPAUD,H1: initialized
0	22:22:30.437	23Signal_Price-v1 GBPAUD,H1: initialized
0	22:22:30.451	chikou_span_attacker GBPAUD,H1: initialized
0	22:22:30.473	PZ_Harmonic GBPAUD,H1: initialized
0	22:22:30.598	Custom indicator 23Signal_Price-v1 GBPAUD,M5: loaded successfully
0	22:22:30.599	Custom indicator Max_Pivot GBPAUD,M5: loaded successfully
0	22:22:30.612	Custom indicator Max_Line GBPAUD,M5: loaded successfully
0	22:22:30.624	Custom indicator Otyame001_Ichimoku_Shift GBPAUD,M5: loaded successfully
0	22:22:30.637	Custom indicator Otyame005_Super_Bollinger GBPAUD,M5: loaded successfully
0	22:22:30.638	23Signal_Price-v1 GBPAUD,M5: initialized
0	22:22:30.638	Max_Pivot GBPAUD,M5: initialized
0	22:22:30.651	Max_Line GBPAUD,M5: initialized
0	22:22:30.661	Otyame001_Ichimoku_Shift GBPAUD,M5: initialized
0	22:22:30.672	Otyame005_Super_Bollinger GBPAUD,M5: initialized
