0	00:15:28.149	Max_Sign EURJPY,M1: uninit reason 9
0	00:15:28.150	Max_ColorMA EURJPY,M1: uninit reason 9
0	00:15:28.150	Max_ColorMA EURJPY,M1: uninit reason 9
0	00:15:28.150	Max_Pivot EURJPY,M1: deinitialized
0	00:15:28.150	Max_Pivot EURJPY,M1: uninit reason 9
0	00:15:28.150	MAX_MTFMA_ƒ¿ EURJPY,M1: uninit reason 9
0	00:15:28.150	Max_Line EURJPY,M1: uninit reason 9
0	00:15:28.150	Max_Sign USDJPY,M15: uninit reason 9
0	00:15:28.150	Max_ColorMA USDJPY,M15: uninit reason 9
0	00:15:28.150	Max_ColorMA USDJPY,M15: uninit reason 9
0	00:15:28.150	Max_Pivot USDJPY,M15: deinitialized
0	00:15:28.150	Max_Pivot USDJPY,M15: uninit reason 9
0	00:15:28.150	MAX_MTFMA_ƒ¿ USDJPY,M15: uninit reason 9
0	00:15:28.150	Max_Line USDJPY,M15: uninit reason 9
0	00:15:28.150	Max_Sign EURUSD,M5: uninit reason 9
0	00:15:28.150	Max_ColorMA EURUSD,M5: uninit reason 9
0	00:15:28.150	Max_ColorMA EURUSD,M5: uninit reason 9
0	00:15:28.150	Max_Pivot EURUSD,M5: deinitialized
0	00:15:28.150	Max_Pivot EURUSD,M5: uninit reason 9
0	00:15:28.150	MAX_MTFMA_ƒ¿ EURUSD,M5: uninit reason 9
0	00:15:28.150	Max_Line EURUSD,M5: uninit reason 9
0	00:15:28.150	23Signal_Price-v1 EURUSD,M5: deinitialized
0	00:15:28.150	23Signal_Price-v1 EURUSD,M5: uninit reason 9
0	00:15:28.158	Max_Sign GBPUSD,M1: uninit reason 9
0	00:15:28.158	Max_ColorMA GBPUSD,M1: uninit reason 9
0	00:15:28.158	Max_ColorMA GBPUSD,M1: uninit reason 9
0	00:15:28.158	Max_Pivot GBPUSD,M1: deinitialized
0	00:15:28.158	Max_Pivot GBPUSD,M1: uninit reason 9
0	00:15:28.158	MAX_MTFMA_ƒ¿ GBPUSD,M1: uninit reason 9
0	00:15:28.158	Max_Line GBPUSD,M1: uninit reason 9
0	00:15:28.158	Max_Sign GBPJPY,M15: uninit reason 9
0	00:15:28.158	Max_ColorMA GBPJPY,M15: uninit reason 9
0	00:15:28.158	Max_ColorMA GBPJPY,M15: uninit reason 9
0	00:15:28.158	Max_Pivot GBPJPY,M15: deinitialized
0	00:15:28.158	Max_Pivot GBPJPY,M15: uninit reason 9
0	00:15:28.158	MAX_MTFMA_ƒ¿ GBPJPY,M15: uninit reason 9
0	00:15:28.158	Max_Line GBPJPY,M15: uninit reason 9
0	00:15:28.159	Max_Sign AUDUSD,M15: uninit reason 9
0	00:15:28.159	Max_ColorMA AUDUSD,M15: uninit reason 9
0	00:15:28.159	Max_ColorMA AUDUSD,M15: uninit reason 9
0	00:15:28.159	Max_Pivot AUDUSD,M15: deinitialized
0	00:15:28.159	Max_Pivot AUDUSD,M15: uninit reason 9
0	00:15:28.159	MAX_MTFMA_ƒ¿ AUDUSD,M15: uninit reason 9
0	00:15:28.159	Max_Line AUDUSD,M15: uninit reason 9
0	00:15:28.159	Max_Sign EURGBP,M15: uninit reason 9
0	00:15:28.159	Max_ColorMA EURGBP,M15: uninit reason 9
0	00:15:28.159	Max_ColorMA EURGBP,M15: uninit reason 9
0	00:15:28.159	Max_Pivot EURGBP,M15: deinitialized
0	00:15:28.159	Max_Pivot EURGBP,M15: uninit reason 9
0	00:15:28.159	Max_Line EURGBP,M15: uninit reason 9
0	00:15:28.159	23Signal_Price-v1 EURGBP,M15: deinitialized
0	00:15:28.159	23Signal_Price-v1 EURGBP,M15: uninit reason 9
0	00:15:28.166	00-DispTrade_v102 EURGBP,M15: uninit reason 9
0	00:15:28.216	Custom indicator Max_Sign EURJPY,M1: removed
0	00:15:28.216	Custom indicator Max_ColorMA EURJPY,M1: removed
0	00:15:28.216	Custom indicator Max_ColorMA EURJPY,M1: removed
0	00:15:28.217	Custom indicator Max_Pivot EURJPY,M1: removed
0	00:15:28.220	Custom indicator MAX_MTFMA_ƒ¿ EURJPY,M1: removed
0	00:15:28.223	Custom indicator Max_Line EURJPY,M1: removed
0	00:15:28.226	Custom indicator Max_Sign USDJPY,M15: removed
0	00:15:28.227	Custom indicator Max_ColorMA USDJPY,M15: removed
0	00:15:28.227	Custom indicator Max_ColorMA USDJPY,M15: removed
0	00:15:28.227	Custom indicator Max_Pivot USDJPY,M15: removed
0	00:15:28.230	Custom indicator MAX_MTFMA_ƒ¿ USDJPY,M15: removed
0	00:15:28.232	Custom indicator Max_Line USDJPY,M15: removed
0	00:15:28.248	Custom indicator Max_Sign EURUSD,M5: removed
0	00:15:28.248	Custom indicator Max_ColorMA EURUSD,M5: removed
0	00:15:28.248	Custom indicator Max_ColorMA EURUSD,M5: removed
0	00:15:28.249	Custom indicator Max_Pivot EURUSD,M5: removed
0	00:15:28.252	Custom indicator MAX_MTFMA_ƒ¿ EURUSD,M5: removed
0	00:15:28.254	Custom indicator Max_Line EURUSD,M5: removed
0	00:15:28.254	Custom indicator 23Signal_Price-v1 EURUSD,M5: removed
0	00:15:28.258	Custom indicator Max_Sign GBPUSD,M1: removed
0	00:15:28.258	Custom indicator Max_ColorMA GBPUSD,M1: removed
0	00:15:28.258	Custom indicator Max_ColorMA GBPUSD,M1: removed
0	00:15:28.259	Custom indicator Max_Pivot GBPUSD,M1: removed
0	00:15:28.261	Custom indicator MAX_MTFMA_ƒ¿ GBPUSD,M1: removed
0	00:15:28.264	Custom indicator Max_Line GBPUSD,M1: removed
0	00:15:28.274	Custom indicator Max_Sign GBPJPY,M15: removed
0	00:15:28.275	Custom indicator Max_ColorMA GBPJPY,M15: removed
0	00:15:28.275	Custom indicator Max_ColorMA GBPJPY,M15: removed
0	00:15:28.275	Custom indicator Max_Pivot GBPJPY,M15: removed
0	00:15:28.278	Custom indicator MAX_MTFMA_ƒ¿ GBPJPY,M15: removed
0	00:15:28.280	Custom indicator Max_Line GBPJPY,M15: removed
0	00:15:28.289	Custom indicator Max_Sign AUDUSD,M15: removed
0	00:15:28.289	Custom indicator Max_ColorMA AUDUSD,M15: removed
0	00:15:28.289	Custom indicator Max_ColorMA AUDUSD,M15: removed
0	00:15:28.290	Custom indicator Max_Pivot AUDUSD,M15: removed
0	00:15:28.293	Custom indicator MAX_MTFMA_ƒ¿ AUDUSD,M15: removed
0	00:15:28.295	Custom indicator Max_Line AUDUSD,M15: removed
0	00:15:28.299	Custom indicator Max_Sign EURGBP,M15: removed
0	00:15:28.300	Custom indicator Max_ColorMA EURGBP,M15: removed
0	00:15:28.300	Custom indicator Max_ColorMA EURGBP,M15: removed
0	00:15:28.300	Custom indicator Max_Pivot EURGBP,M15: removed
0	00:15:28.303	Custom indicator Max_Line EURGBP,M15: removed
0	00:15:28.303	Custom indicator 23Signal_Price-v1 EURGBP,M15: removed
0	00:15:28.306	Custom indicator 00-DispTrade_v102 EURGBP,M15: removed
