0	22:01:44.347	Custom indicator Max_Sign EURJPY,M1: loaded successfully
0	22:01:44.368	Custom indicator Max_ColorMA EURJPY,M1: loaded successfully
0	22:01:44.388	Custom indicator Max_ColorMA EURJPY,M1: loaded successfully
0	22:01:44.407	Custom indicator Max_Pivot EURJPY,M1: loaded successfully
0	22:01:44.419	Custom indicator MAX_MTFMA_ƒ¿ EURJPY,M1: loaded successfully
0	22:01:44.429	Custom indicator Max_Line EURJPY,M1: loaded successfully
0	22:01:44.453	Max_Sign EURJPY,M1: initialized
0	22:01:44.453	Max_ColorMA EURJPY,M1: initialized
0	22:01:44.453	Max_ColorMA EURJPY,M1: initialized
0	22:01:44.453	Max_Pivot EURJPY,M1: initialized
0	22:01:44.469	MAX_MTFMA_ƒ¿ EURJPY,M1: initialized
0	22:01:44.484	Max_Line EURJPY,M1: initialized
0	22:01:44.793	Custom indicator Max_Sign USDJPY,M15: loaded successfully
0	22:01:44.814	Custom indicator Max_ColorMA USDJPY,M15: loaded successfully
0	22:01:44.834	Custom indicator Max_ColorMA USDJPY,M15: loaded successfully
0	22:01:44.854	Custom indicator Max_Pivot USDJPY,M15: loaded successfully
0	22:01:44.866	Custom indicator MAX_MTFMA_ƒ¿ USDJPY,M15: loaded successfully
0	22:01:44.876	Custom indicator Max_Line USDJPY,M15: loaded successfully
0	22:01:44.894	Max_Sign USDJPY,M15: initialized
0	22:01:44.894	Max_ColorMA USDJPY,M15: initialized
0	22:01:44.894	Max_ColorMA USDJPY,M15: initialized
0	22:01:44.894	Max_Pivot USDJPY,M15: initialized
0	22:01:44.911	MAX_MTFMA_ƒ¿ USDJPY,M15: initialized
0	22:01:44.930	Max_Line USDJPY,M15: initialized
0	22:01:45.086	Custom indicator Max_Sign EURUSD,M5: loaded successfully
0	22:01:45.107	Custom indicator Max_ColorMA EURUSD,M5: loaded successfully
0	22:01:45.127	Custom indicator Max_ColorMA EURUSD,M5: loaded successfully
0	22:01:45.147	Custom indicator Max_Pivot EURUSD,M5: loaded successfully
0	22:01:45.159	Custom indicator MAX_MTFMA_ƒ¿ EURUSD,M5: loaded successfully
0	22:01:45.169	Custom indicator Max_Line EURUSD,M5: loaded successfully
0	22:01:45.260	Custom indicator 23Signal_Price-v1 EURUSD,M5: loaded successfully
0	22:01:45.283	Max_Sign EURUSD,M5: initialized
0	22:01:45.283	Max_ColorMA EURUSD,M5: initialized
0	22:01:45.283	Max_ColorMA EURUSD,M5: initialized
0	22:01:45.283	Max_Pivot EURUSD,M5: initialized
0	22:01:45.299	MAX_MTFMA_ƒ¿ EURUSD,M5: initialized
0	22:01:45.314	Max_Line EURUSD,M5: initialized
0	22:01:45.314	23Signal_Price-v1 EURUSD,M5: initialized
0	22:01:45.627	Custom indicator Max_Sign GBPUSD,M1: loaded successfully
0	22:01:45.648	Custom indicator Max_ColorMA GBPUSD,M1: loaded successfully
0	22:01:45.670	Custom indicator Max_ColorMA GBPUSD,M1: loaded successfully
0	22:01:45.691	Custom indicator Max_Pivot GBPUSD,M1: loaded successfully
0	22:01:45.705	Custom indicator MAX_MTFMA_ƒ¿ GBPUSD,M1: loaded successfully
0	22:01:45.715	Custom indicator Max_Line GBPUSD,M1: loaded successfully
0	22:01:45.739	Max_Sign GBPUSD,M1: initialized
0	22:01:45.739	Max_ColorMA GBPUSD,M1: initialized
0	22:01:45.739	Max_ColorMA GBPUSD,M1: initialized
0	22:01:45.739	Max_Pivot GBPUSD,M1: initialized
0	22:01:45.757	MAX_MTFMA_ƒ¿ GBPUSD,M1: initialized
0	22:01:45.774	Max_Line GBPUSD,M1: initialized
0	22:01:46.100	Custom indicator Max_Sign GBPJPY,M15: loaded successfully
0	22:01:46.121	Custom indicator Max_ColorMA GBPJPY,M15: loaded successfully
0	22:01:46.141	Custom indicator Max_ColorMA GBPJPY,M15: loaded successfully
0	22:01:46.161	Custom indicator Max_Pivot GBPJPY,M15: loaded successfully
0	22:01:46.173	Custom indicator MAX_MTFMA_ƒ¿ GBPJPY,M15: loaded successfully
0	22:01:46.183	Custom indicator Max_Line GBPJPY,M15: loaded successfully
0	22:01:46.200	Max_Sign GBPJPY,M15: initialized
0	22:01:46.200	Max_ColorMA GBPJPY,M15: initialized
0	22:01:46.200	Max_ColorMA GBPJPY,M15: initialized
0	22:01:46.200	Max_Pivot GBPJPY,M15: initialized
0	22:01:46.218	MAX_MTFMA_ƒ¿ GBPJPY,M15: initialized
0	22:01:46.234	Max_Line GBPJPY,M15: initialized
0	22:01:46.401	Custom indicator Max_Sign AUDUSD,M15: loaded successfully
0	22:01:46.422	Custom indicator Max_ColorMA AUDUSD,M15: loaded successfully
0	22:01:46.443	Custom indicator Max_ColorMA AUDUSD,M15: loaded successfully
0	22:01:46.462	Custom indicator Max_Pivot AUDUSD,M15: loaded successfully
0	22:01:46.474	Custom indicator MAX_MTFMA_ƒ¿ AUDUSD,M15: loaded successfully
0	22:01:46.484	Custom indicator Max_Line AUDUSD,M15: loaded successfully
0	22:01:46.502	Max_Sign AUDUSD,M15: initialized
0	22:01:46.502	Max_ColorMA AUDUSD,M15: initialized
0	22:01:46.502	Max_ColorMA AUDUSD,M15: initialized
0	22:01:46.502	Max_Pivot AUDUSD,M15: initialized
0	22:01:46.520	MAX_MTFMA_ƒ¿ AUDUSD,M15: initialized
0	22:01:46.536	Max_Line AUDUSD,M15: initialized
0	22:01:46.692	Custom indicator Max_Sign EURGBP,M15: loaded successfully
0	22:01:46.716	Custom indicator Max_ColorMA EURGBP,M15: loaded successfully
0	22:01:46.736	Custom indicator Max_ColorMA EURGBP,M15: loaded successfully
0	22:01:46.756	Custom indicator Max_Pivot EURGBP,M15: loaded successfully
0	22:01:46.766	Custom indicator Max_Line EURGBP,M15: loaded successfully
0	22:01:46.855	Custom indicator 23Signal_Price-v1 EURGBP,M15: loaded successfully
0	22:01:46.865	Custom indicator 00-DispTrade_v102 EURGBP,M15: loaded successfully
0	22:01:46.881	Max_Sign EURGBP,M15: initialized
0	22:01:46.881	Max_ColorMA EURGBP,M15: initialized
0	22:01:46.881	Max_ColorMA EURGBP,M15: initialized
0	22:01:46.881	Max_Pivot EURGBP,M15: initialized
0	22:01:46.896	Max_Line EURGBP,M15: initialized
0	22:01:46.896	23Signal_Price-v1 EURGBP,M15: initialized
0	22:01:46.919	00-DispTrade_v102 EURGBP,M15: addData from parameters
0	22:01:46.921	00-DispTrade_v102 EURGBP,M15: addData from file: trade.txt
0	22:01:46.921	00-DispTrade_v102 EURGBP,M15: addData: 0 entry= 2015.06.10 13:02 -0.7305, exit= 2015.06.10 13:07 0.7302
0	22:01:46.921	00-DispTrade_v102 EURGBP,M15: addData: 1 entry= 2015.06.10 17:24 -0.7278, exit= 2015.06.10 17:25 0.7277
0	22:01:46.921	00-DispTrade_v102 EURGBP,M15: initialized
0	22:05:50.000	Max_Sign EURJPY,M1: uninit reason 9
0	22:05:50.000	Max_ColorMA EURJPY,M1: uninit reason 9
0	22:05:50.000	Max_ColorMA EURJPY,M1: uninit reason 9
0	22:05:50.000	Max_Pivot EURJPY,M1: deinitialized
0	22:05:50.000	Max_Pivot EURJPY,M1: uninit reason 9
0	22:05:50.000	MAX_MTFMA_ƒ¿ EURJPY,M1: uninit reason 9
0	22:05:50.000	Max_Line EURJPY,M1: uninit reason 9
0	22:05:50.000	Max_Sign USDJPY,M15: uninit reason 9
0	22:05:50.000	Max_ColorMA USDJPY,M15: uninit reason 9
0	22:05:50.000	Max_ColorMA USDJPY,M15: uninit reason 9
0	22:05:50.000	Max_Pivot USDJPY,M15: deinitialized
0	22:05:50.000	Max_Pivot USDJPY,M15: uninit reason 9
0	22:05:50.000	MAX_MTFMA_ƒ¿ USDJPY,M15: uninit reason 9
0	22:05:50.000	Max_Line USDJPY,M15: uninit reason 9
0	22:05:50.001	Max_Sign EURUSD,M5: uninit reason 9
0	22:05:50.001	Max_ColorMA EURUSD,M5: uninit reason 9
0	22:05:50.001	Max_ColorMA EURUSD,M5: uninit reason 9
0	22:05:50.001	Max_Pivot EURUSD,M5: deinitialized
0	22:05:50.001	Max_Pivot EURUSD,M5: uninit reason 9
0	22:05:50.001	MAX_MTFMA_ƒ¿ EURUSD,M5: uninit reason 9
0	22:05:50.001	Max_Line EURUSD,M5: uninit reason 9
0	22:05:50.001	23Signal_Price-v1 EURUSD,M5: deinitialized
0	22:05:50.001	23Signal_Price-v1 EURUSD,M5: uninit reason 9
0	22:05:50.015	Max_Sign GBPUSD,M1: uninit reason 9
0	22:05:50.016	Max_ColorMA GBPUSD,M1: uninit reason 9
0	22:05:50.016	Max_ColorMA GBPUSD,M1: uninit reason 9
0	22:05:50.016	Max_Pivot GBPUSD,M1: deinitialized
0	22:05:50.016	Max_Pivot GBPUSD,M1: uninit reason 9
0	22:05:50.016	MAX_MTFMA_ƒ¿ GBPUSD,M1: uninit reason 9
0	22:05:50.016	Max_Line GBPUSD,M1: uninit reason 9
0	22:05:50.016	Max_Sign GBPJPY,M15: uninit reason 9
0	22:05:50.016	Max_ColorMA GBPJPY,M15: uninit reason 9
0	22:05:50.016	Max_ColorMA GBPJPY,M15: uninit reason 9
0	22:05:50.016	Max_Pivot GBPJPY,M15: deinitialized
0	22:05:50.016	Max_Pivot GBPJPY,M15: uninit reason 9
0	22:05:50.016	MAX_MTFMA_ƒ¿ GBPJPY,M15: uninit reason 9
0	22:05:50.016	Max_Line GBPJPY,M15: uninit reason 9
0	22:05:50.016	Max_Sign AUDUSD,M15: uninit reason 9
0	22:05:50.016	Max_ColorMA AUDUSD,M15: uninit reason 9
0	22:05:50.016	Max_ColorMA AUDUSD,M15: uninit reason 9
0	22:05:50.016	Max_Pivot AUDUSD,M15: deinitialized
0	22:05:50.016	Max_Pivot AUDUSD,M15: uninit reason 9
0	22:05:50.016	MAX_MTFMA_ƒ¿ AUDUSD,M15: uninit reason 9
0	22:05:50.016	Max_Line AUDUSD,M15: uninit reason 9
0	22:05:50.017	Max_Sign EURGBP,M15: uninit reason 9
0	22:05:50.017	Max_ColorMA EURGBP,M15: uninit reason 9
0	22:05:50.017	Max_ColorMA EURGBP,M15: uninit reason 9
0	22:05:50.017	Max_Pivot EURGBP,M15: deinitialized
0	22:05:50.017	Max_Pivot EURGBP,M15: uninit reason 9
0	22:05:50.017	Max_Line EURGBP,M15: uninit reason 9
0	22:05:50.017	23Signal_Price-v1 EURGBP,M15: deinitialized
0	22:05:50.017	23Signal_Price-v1 EURGBP,M15: uninit reason 9
0	22:05:50.025	00-DispTrade_v102 EURGBP,M15: uninit reason 9
0	22:05:50.090	Custom indicator Max_Sign EURJPY,M1: removed
0	22:05:50.090	Custom indicator Max_ColorMA EURJPY,M1: removed
0	22:05:50.092	Custom indicator Max_ColorMA EURJPY,M1: removed
0	22:05:50.093	Custom indicator Max_Pivot EURJPY,M1: removed
0	22:05:50.099	Custom indicator MAX_MTFMA_ƒ¿ EURJPY,M1: removed
0	22:05:50.101	Custom indicator Max_Line EURJPY,M1: removed
0	22:05:50.116	Custom indicator Max_Sign USDJPY,M15: removed
0	22:05:50.116	Custom indicator Max_ColorMA USDJPY,M15: removed
0	22:05:50.117	Custom indicator Max_ColorMA USDJPY,M15: removed
0	22:05:50.117	Custom indicator Max_Pivot USDJPY,M15: removed
0	22:05:50.120	Custom indicator MAX_MTFMA_ƒ¿ USDJPY,M15: removed
0	22:05:50.123	Custom indicator Max_Line USDJPY,M15: removed
0	22:05:50.134	Custom indicator Max_Sign EURUSD,M5: removed
0	22:05:50.135	Custom indicator Max_ColorMA EURUSD,M5: removed
0	22:05:50.135	Custom indicator Max_ColorMA EURUSD,M5: removed
0	22:05:50.136	Custom indicator Max_Pivot EURUSD,M5: removed
0	22:05:50.139	Custom indicator MAX_MTFMA_ƒ¿ EURUSD,M5: removed
0	22:05:50.142	Custom indicator Max_Line EURUSD,M5: removed
0	22:05:50.142	Custom indicator 23Signal_Price-v1 EURUSD,M5: removed
0	22:05:50.152	Custom indicator Max_Sign GBPUSD,M1: removed
0	22:05:50.152	Custom indicator Max_ColorMA GBPUSD,M1: removed
0	22:05:50.153	Custom indicator Max_ColorMA GBPUSD,M1: removed
0	22:05:50.153	Custom indicator Max_Pivot GBPUSD,M1: removed
0	22:05:50.157	Custom indicator MAX_MTFMA_ƒ¿ GBPUSD,M1: removed
0	22:05:50.160	Custom indicator Max_Line GBPUSD,M1: removed
0	22:05:50.171	Custom indicator Max_Sign GBPJPY,M15: removed
0	22:05:50.172	Custom indicator Max_ColorMA GBPJPY,M15: removed
0	22:05:50.172	Custom indicator Max_ColorMA GBPJPY,M15: removed
0	22:05:50.172	Custom indicator Max_Pivot GBPJPY,M15: removed
0	22:05:50.175	Custom indicator MAX_MTFMA_ƒ¿ GBPJPY,M15: removed
0	22:05:50.178	Custom indicator Max_Line GBPJPY,M15: removed
0	22:05:50.187	Custom indicator Max_Sign AUDUSD,M15: removed
0	22:05:50.188	Custom indicator Max_ColorMA AUDUSD,M15: removed
0	22:05:50.188	Custom indicator Max_ColorMA AUDUSD,M15: removed
0	22:05:50.189	Custom indicator Max_Pivot AUDUSD,M15: removed
0	22:05:50.192	Custom indicator MAX_MTFMA_ƒ¿ AUDUSD,M15: removed
0	22:05:50.195	Custom indicator Max_Line AUDUSD,M15: removed
0	22:05:50.200	Custom indicator Max_Sign EURGBP,M15: removed
0	22:05:50.200	Custom indicator Max_ColorMA EURGBP,M15: removed
0	22:05:50.200	Custom indicator Max_ColorMA EURGBP,M15: removed
0	22:05:50.201	Custom indicator Max_Pivot EURGBP,M15: removed
0	22:05:50.203	Custom indicator Max_Line EURGBP,M15: removed
0	22:05:50.204	Custom indicator 23Signal_Price-v1 EURGBP,M15: removed
0	22:05:50.206	Custom indicator 00-DispTrade_v102 EURGBP,M15: removed
